2024-10-20 10:03:51,942 [INFO] Activator:176 - 


2024-10-20 10:03:51,964 [INFO] Activator:177 - !SESSION log4j initialized
2024-10-20 10:04:17,211 [INFO] LogOutputStream:77 - [STDOUT_REDIRECT] 
2024-10-20 10:04:33,054 [INFO] ApplicationProperties:184 - Using Application install path: D:\ST\STM32CubeIDE_1.16.0\STM32CubeIDE\plugins\com.st.stm32cube.common.mx_6.12.0.202406281431
2024-10-20 10:04:33,147 [INFO] DbMcusXml:78 - Set database path to: D:\ST\STM32CubeIDE_1.16.0\STM32CubeIDE\plugins\com.st.stm32cube.common.mx_6.12.0.202406281431\\db\/mcu/
2024-10-20 10:04:33,148 [INFO] ApiDb:274 - Set plugin database path to: D:\ST\STM32CubeIDE_1.16.0\STM32CubeIDE\plugins\com.st.stm32cube.common.mx_6.12.0.202406281431\\db\/plugins/boardmanager/
2024-10-20 10:04:33,150 [WARN] ApiDb:259 - Overriding images path with different value:  => D:\ST\STM32CubeIDE_1.16.0\STM32CubeIDE\plugins\com.st.stm32cube.common.mx_6.12.0.202406281431\\db\/plugins/mcufinder/images/
2024-10-20 10:04:33,408 [INFO] ApiDb:250 - Set database path to: C:\Users\Asus\.stmcufinder\plugins\mcufinder//mcu/
2024-10-20 10:04:33,410 [INFO] DbMcusAds:125 - Set database path to: C:\Users\Asus\.stmcufinder\plugins\mcufinder//mcu/
2024-10-20 10:04:33,421 [INFO] CrossReferenceDbSqlite:203 - Set database path to: C:\Users\Asus\.stmcufinder\plugins\mcufinder//mcu/cs/
2024-10-20 10:04:33,878 [INFO] RulesReader:64 - Compatibility file has been processed (297 Rules)
2024-10-20 10:04:34,191 [INFO] DbMcusXml:78 - Set database path to: D:\ST\STM32CubeIDE_1.16.0\STM32CubeIDE\plugins\com.st.stm32cube.common.mx_6.12.0.202406281431\\db\/mcu/
2024-10-20 10:04:34,192 [INFO] ApiDb:274 - Set plugin database path to: D:\ST\STM32CubeIDE_1.16.0\STM32CubeIDE\plugins\com.st.stm32cube.common.mx_6.12.0.202406281431\\db\/plugins/boardmanager/
2024-10-20 10:04:34,192 [INFO] ApiDb:261 - Set plugin images path to: D:\ST\STM32CubeIDE_1.16.0\STM32CubeIDE\plugins\com.st.stm32cube.common.mx_6.12.0.202406281431\\db\/plugins/mcufinder/images/
2024-10-20 10:04:34,192 [WARN] DbFile:41 - Overriding database path with different value: C:\Users\Asus\.stmcufinder\plugins\mcufinder/ => C:\Users\Asus\.stmcufinder\plugins\mcufinder
2024-10-20 10:04:34,193 [INFO] ApiDb:250 - Set database path to: C:\Users\Asus\.stmcufinder\plugins\mcufinder//mcu/
2024-10-20 10:04:34,193 [WARN] DbFile:41 - Overriding database path with different value: C:\Users\Asus\.stmcufinder\plugins\mcufinder/ => C:\Users\Asus\.stmcufinder\plugins\mcufinder
2024-10-20 10:04:34,193 [INFO] DbMcusAds:125 - Set database path to: C:\Users\Asus\.stmcufinder\plugins\mcufinder//mcu/
2024-10-20 10:04:34,193 [WARN] DbFile:41 - Overriding database path with different value: C:\Users\Asus\.stmcufinder\plugins\mcufinder/ => C:\Users\Asus\.stmcufinder\plugins\mcufinder
2024-10-20 10:04:34,194 [WARN] DbFile:41 - Overriding database path with different value: C:\Users\Asus\.stmcufinder\plugins\mcufinder/ => C:\Users\Asus\.stmcufinder\plugins\mcufinder
2024-10-20 10:04:34,194 [INFO] CrossReferenceDbSqlite:203 - Set database path to: C:\Users\Asus\.stmcufinder\plugins\mcufinder//mcu/cs/
2024-10-20 10:04:34,479 [INFO] MainPanel:268 - HeapMemory: 268435456
2024-10-20 10:04:34,964 [INFO] DbMcusXml:78 - Set database path to: D:\ST\STM32CubeIDE_1.16.0\STM32CubeIDE\plugins\com.st.stm32cube.common.mx_6.12.0.202406281431\\db\/mcu/
2024-10-20 10:04:34,965 [INFO] ApiDb:274 - Set plugin database path to: D:\ST\STM32CubeIDE_1.16.0\STM32CubeIDE\plugins\com.st.stm32cube.common.mx_6.12.0.202406281431\\db\/plugins/boardmanager/
2024-10-20 10:04:34,966 [INFO] ApiDb:261 - Set plugin images path to: D:\ST\STM32CubeIDE_1.16.0\STM32CubeIDE\plugins\com.st.stm32cube.common.mx_6.12.0.202406281431\\db\/plugins/mcufinder/images/
2024-10-20 10:04:34,967 [WARN] DbFile:41 - Overriding database path with different value: C:\Users\Asus\.stmcufinder\plugins\mcufinder/ => C:\Users\Asus\.stmcufinder\plugins\mcufinder
2024-10-20 10:04:34,967 [INFO] ApiDb:250 - Set database path to: C:\Users\Asus\.stmcufinder\plugins\mcufinder//mcu/
2024-10-20 10:04:34,968 [WARN] DbFile:41 - Overriding database path with different value: C:\Users\Asus\.stmcufinder\plugins\mcufinder/ => C:\Users\Asus\.stmcufinder\plugins\mcufinder
2024-10-20 10:04:34,968 [INFO] DbMcusAds:125 - Set database path to: C:\Users\Asus\.stmcufinder\plugins\mcufinder//mcu/
2024-10-20 10:04:34,969 [WARN] DbFile:41 - Overriding database path with different value: C:\Users\Asus\.stmcufinder\plugins\mcufinder/ => C:\Users\Asus\.stmcufinder\plugins\mcufinder
2024-10-20 10:04:34,969 [WARN] DbFile:41 - Overriding database path with different value: C:\Users\Asus\.stmcufinder\plugins\mcufinder/ => C:\Users\Asus\.stmcufinder\plugins\mcufinder
2024-10-20 10:04:34,970 [INFO] CrossReferenceDbSqlite:203 - Set database path to: C:\Users\Asus\.stmcufinder\plugins\mcufinder//mcu/cs/
2024-10-20 10:04:35,040 [INFO] ApplicationProperties:184 - Using Application install path: D:\ST\STM32CubeIDE_1.16.0\STM32CubeIDE\plugins\com.st.stm32cube.common.mx_6.12.0.202406281431
2024-10-20 10:04:35,044 [INFO] PluginManage:196 - Search for loadable plugins [exclusion list=, ]
2024-10-20 10:04:35,048 [INFO] PluginManage:310 - Check plugin analytics
2024-10-20 10:04:45,278 [INFO] AnalyticsPlugin:253 - Accepted Software Licenses: 
2024-10-20 10:04:45,279 [INFO] AnalyticsPlugin:255 - Accepted CMSIS Pack Licenses: 
2024-10-20 10:04:45,279 [INFO] AnalyticsPlugin:257 - Accepted Firmware Licenses: 
2024-10-20 10:04:45,288 [INFO] PluginManage:359 - Loaded plugin analytics (category:tool,tabindex:-1)
2024-10-20 10:04:45,290 [INFO] PluginManage:310 - Check plugin cadmodel
2024-10-20 10:04:45,354 [INFO] CADModel:105 - Init CAD model plugin
2024-10-20 10:04:45,356 [INFO] PluginManage:359 - Loaded plugin cadmodel (category:power,tabindex:5)
2024-10-20 10:04:45,356 [INFO] PluginManage:310 - Check plugin clock
2024-10-20 10:04:45,424 [INFO] PluginManage:359 - Loaded plugin clock (category:base,tabindex:2)
2024-10-20 10:04:45,425 [INFO] PluginManage:310 - Check plugin ddr
2024-10-20 10:04:45,436 [INFO] PluginManage:359 - Loaded plugin ddr (category:tool,tabindex:6)
2024-10-20 10:04:45,436 [INFO] PluginManage:310 - Check plugin filemanager
2024-10-20 10:04:45,893 [INFO] PluginManage:359 - Loaded plugin filemanager (category:base,tabindex:10)
2024-10-20 10:04:45,893 [INFO] PluginManage:310 - Check plugin ipmanager
2024-10-20 10:04:45,910 [INFO] PluginManage:359 - Loaded plugin ipmanager (category:base,tabindex:5)
2024-10-20 10:04:45,910 [INFO] PluginManage:310 - Check plugin lpbam
2024-10-20 10:04:45,973 [INFO] PluginManage:359 - Loaded plugin lpbam (category:base,tabindex:0)
2024-10-20 10:04:45,974 [INFO] PluginManage:310 - Check plugin memorymap
2024-10-20 10:04:46,075 [INFO] PluginManage:359 - Loaded plugin memorymap (category:base,tabindex:4)
2024-10-20 10:04:46,077 [INFO] PluginManage:310 - Check plugin pinoutandconfiguration
2024-10-20 10:04:46,112 [INFO] PluginManage:359 - Loaded plugin pinoutandconfiguration (category:base,tabindex:1)
2024-10-20 10:04:46,113 [INFO] PluginManage:310 - Check plugin pinoutconfig
2024-10-20 10:04:46,425 [WARN] SupportedApi:132 - Cannot load RTOS API schema: s4s-elt-must-match.1: The content of 'definitions' must match (annotation?, (simpleType | complexType)?, (unique | key | keyref)*)). A problem was found starting at: attribute.
2024-10-20 10:04:46,810 [INFO] PluginManage:359 - Loaded plugin pinoutconfig (category:base,tabindex:0)
2024-10-20 10:04:46,810 [INFO] PluginManage:310 - Check plugin power
2024-10-20 10:04:46,931 [INFO] PluginManage:359 - Loaded plugin power (category:power,tabindex:4)
2024-10-20 10:04:46,932 [INFO] PluginManage:310 - Check plugin projectmanager
2024-10-20 10:04:47,009 [INFO] PluginManage:359 - Loaded plugin projectmanager (category:projectmanager,tabindex:4)
2024-10-20 10:04:47,009 [INFO] PluginManage:310 - Check plugin rif
2024-10-20 10:04:47,050 [INFO] PluginManage:359 - Loaded plugin rif (category:base,tabindex:3)
2024-10-20 10:04:47,051 [INFO] PluginManage:310 - Check plugin thirdparty
2024-10-20 10:04:48,126 [INFO] PluginManage:359 - Loaded plugin thirdparty (category:base,tabindex:-1)
2024-10-20 10:04:48,145 [INFO] PluginManage:310 - Check plugin tools
2024-10-20 10:04:48,128 [WARN] IntegrityCheckThread:84 - waiting for thirdparty lock release [integrity check]
2024-10-20 10:04:48,148 [INFO] IntegrityCheckThread:86 - entering critical section [integrity check]
2024-10-20 10:04:48,149 [INFO] ThirdPartyUpdaterWithRetryManager:70 - Updater plugin not ready yet. [1/15]
2024-10-20 10:04:48,274 [INFO] PluginManage:359 - Loaded plugin tools (category:base,tabindex:7)
2024-10-20 10:04:48,274 [INFO] PluginManage:310 - Check plugin tutovideos
2024-10-20 10:04:49,081 [INFO] PluginManage:359 - Loaded plugin tutovideos (category:base,tabindex:-1)
2024-10-20 10:04:49,081 [INFO] PluginManage:310 - Check plugin updater
2024-10-20 10:04:49,150 [INFO] PluginManage:359 - Loaded plugin updater (category:base,tabindex:12)
2024-10-20 10:04:49,152 [INFO] PluginManage:310 - Check plugin userauth
2024-10-20 10:04:49,192 [INFO] UserAuth:113 - Init User Auth plugin
2024-10-20 10:04:49,192 [INFO] PluginManage:359 - Loaded plugin userauth (category:base,tabindex:14)
2024-10-20 10:04:49,194 [INFO] PluginManage:283 - PluginManage : Loaded plugins [18]
2024-10-20 10:04:49,956 [INFO] PinOutPanel:1561 - setPackage(No Configuration,No Configuration)
2024-10-20 10:04:50,228 [INFO] CADModel:165 - CPN selected for project level
2024-10-20 10:04:50,228 [INFO] CADModel:114 - Register for checkConnection events
2024-10-20 10:04:50,332 [INFO] IPUIPlugin:80 - create IPUIPlugin
2024-10-20 10:04:50,332 [INFO] PluginManager:220 - loadIPPluginJar : add adc
2024-10-20 10:04:50,478 [INFO] IPUIPlugin:80 - create IPUIPlugin
2024-10-20 10:04:50,478 [INFO] PluginManager:220 - loadIPPluginJar : add aes
2024-10-20 10:04:50,686 [INFO] IPUIPlugin:80 - create IPUIPlugin
2024-10-20 10:04:50,686 [INFO] PluginManager:220 - loadIPPluginJar : add can
2024-10-20 10:04:50,812 [INFO] IPUIPlugin:80 - create IPUIPlugin
2024-10-20 10:04:50,813 [INFO] PluginManager:220 - loadIPPluginJar : add comp
2024-10-20 10:04:50,969 [INFO] IPUIPlugin:80 - create IPUIPlugin
2024-10-20 10:04:50,969 [INFO] PluginManager:220 - loadIPPluginJar : add cryp
2024-10-20 10:04:51,076 [INFO] IPUIPlugin:80 - create IPUIPlugin
2024-10-20 10:04:51,077 [INFO] PluginManager:220 - loadIPPluginJar : add ddr_ctrl_phy
2024-10-20 10:04:51,158 [INFO] ThirdPartyUpdaterWithRetryManager:70 - Updater plugin not ready yet. [2/15]
2024-10-20 10:04:51,170 [INFO] IPUIPlugin:80 - create IPUIPlugin
2024-10-20 10:04:51,170 [INFO] PluginManager:220 - loadIPPluginJar : add dfsdm
2024-10-20 10:04:51,229 [INFO] IPUIPlugin:80 - create IPUIPlugin
2024-10-20 10:04:51,230 [INFO] PluginManager:220 - loadIPPluginJar : add dma
2024-10-20 10:04:51,334 [INFO] IPUIPlugin:80 - create IPUIPlugin
2024-10-20 10:04:51,335 [INFO] PluginManager:220 - loadIPPluginJar : add dma3
2024-10-20 10:04:51,477 [INFO] IPUIPlugin:80 - create IPUIPlugin
2024-10-20 10:04:51,478 [INFO] PluginManager:220 - loadIPPluginJar : add extmemmanager
2024-10-20 10:04:51,550 [INFO] IPUIPlugin:80 - create IPUIPlugin
2024-10-20 10:04:51,550 [INFO] PluginManager:220 - loadIPPluginJar : add fatfs
2024-10-20 10:04:51,669 [INFO] IPUIPlugin:80 - create IPUIPlugin
2024-10-20 10:04:51,670 [INFO] PluginManager:220 - loadIPPluginJar : add fmc
2024-10-20 10:04:51,710 [INFO] IPUIPlugin:80 - create IPUIPlugin
2024-10-20 10:04:51,710 [INFO] PluginManager:220 - loadIPPluginJar : add freertos
2024-10-20 10:04:51,762 [INFO] IPUIPlugin:80 - create IPUIPlugin
2024-10-20 10:04:51,763 [INFO] PluginManager:220 - loadIPPluginJar : add genericplugin
2024-10-20 10:04:52,010 [INFO] IPUIPlugin:80 - create IPUIPlugin
2024-10-20 10:04:52,011 [INFO] PluginManager:220 - loadIPPluginJar : add gfxmmu
2024-10-20 10:04:52,631 [INFO] IPUIPlugin:80 - create IPUIPlugin
2024-10-20 10:04:52,631 [INFO] PluginManager:220 - loadIPPluginJar : add gic
2024-10-20 10:04:52,703 [INFO] IPUIPlugin:80 - create IPUIPlugin
2024-10-20 10:04:52,703 [INFO] PluginManager:220 - loadIPPluginJar : add gpio
2024-10-20 10:04:52,974 [INFO] IPUIPlugin:80 - create IPUIPlugin
2024-10-20 10:04:52,974 [INFO] PluginManager:220 - loadIPPluginJar : add gtzc
2024-10-20 10:04:53,043 [INFO] IPUIPlugin:80 - create IPUIPlugin
2024-10-20 10:04:53,044 [INFO] PluginManager:220 - loadIPPluginJar : add hash
2024-10-20 10:04:53,177 [INFO] IPUIPlugin:80 - create IPUIPlugin
2024-10-20 10:04:53,177 [INFO] PluginManager:220 - loadIPPluginJar : add i2c
2024-10-20 10:04:53,352 [INFO] IPUIPlugin:80 - create IPUIPlugin
2024-10-20 10:04:53,354 [INFO] PluginManager:220 - loadIPPluginJar : add i2s
2024-10-20 10:04:53,515 [INFO] IPUIPlugin:80 - create IPUIPlugin
2024-10-20 10:04:53,516 [INFO] PluginManager:220 - loadIPPluginJar : add i3c
2024-10-20 10:04:53,907 [INFO] IPUIPlugin:80 - create IPUIPlugin
2024-10-20 10:04:53,907 [INFO] PluginManager:220 - loadIPPluginJar : add ipddr
2024-10-20 10:04:54,170 [INFO] ThirdPartyUpdaterWithRetryManager:70 - Updater plugin not ready yet. [3/15]
2024-10-20 10:04:54,254 [INFO] IPUIPlugin:80 - create IPUIPlugin
2024-10-20 10:04:54,254 [INFO] PluginManager:220 - loadIPPluginJar : add linkedlist
2024-10-20 10:04:54,362 [INFO] IPUIPlugin:80 - create IPUIPlugin
2024-10-20 10:04:54,362 [INFO] PluginManager:220 - loadIPPluginJar : add lorawan
2024-10-20 10:04:54,466 [INFO] IPUIPlugin:80 - create IPUIPlugin
2024-10-20 10:04:54,466 [INFO] PluginManager:220 - loadIPPluginJar : add ltdc
2024-10-20 10:04:54,525 [INFO] IPUIPlugin:80 - create IPUIPlugin
2024-10-20 10:04:54,525 [INFO] PluginManager:220 - loadIPPluginJar : add mdma
2024-10-20 10:04:54,563 [INFO] IPUIPlugin:80 - create IPUIPlugin
2024-10-20 10:04:54,563 [INFO] PluginManager:220 - loadIPPluginJar : add nvic
2024-10-20 10:04:54,680 [INFO] IPUIPlugin:80 - create IPUIPlugin
2024-10-20 10:04:54,680 [INFO] PluginManager:220 - loadIPPluginJar : add opamp
2024-10-20 10:04:54,874 [INFO] IPUIPlugin:80 - create IPUIPlugin
2024-10-20 10:04:54,874 [INFO] PluginManager:220 - loadIPPluginJar : add openamp
2024-10-20 10:04:54,980 [INFO] IPUIPlugin:80 - create IPUIPlugin
2024-10-20 10:04:54,981 [INFO] PluginManager:220 - loadIPPluginJar : add pdm2pcm
2024-10-20 10:04:55,046 [INFO] IPUIPlugin:80 - create IPUIPlugin
2024-10-20 10:04:55,051 [INFO] PluginManager:220 - loadIPPluginJar : add plateformsettings
2024-10-20 10:04:55,115 [INFO] IPUIPlugin:80 - create IPUIPlugin
2024-10-20 10:04:55,116 [INFO] PluginManager:220 - loadIPPluginJar : add quadspi
2024-10-20 10:04:55,185 [INFO] IPUIPlugin:80 - create IPUIPlugin
2024-10-20 10:04:55,187 [INFO] PluginManager:220 - loadIPPluginJar : add radio
2024-10-20 10:04:55,235 [INFO] IPUIPlugin:80 - create IPUIPlugin
2024-10-20 10:04:55,235 [INFO] PluginManager:220 - loadIPPluginJar : add resmgrutility
2024-10-20 10:04:55,376 [INFO] IPUIPlugin:80 - create IPUIPlugin
2024-10-20 10:04:55,377 [INFO] PluginManager:220 - loadIPPluginJar : add sai
2024-10-20 10:04:55,467 [INFO] IPUIPlugin:80 - create IPUIPlugin
2024-10-20 10:04:55,468 [INFO] PluginManager:220 - loadIPPluginJar : add spi
2024-10-20 10:04:55,722 [INFO] IPUIPlugin:80 - create IPUIPlugin
2024-10-20 10:04:55,723 [INFO] PluginManager:220 - loadIPPluginJar : add stm32_wpan
2024-10-20 10:04:55,808 [INFO] IPUIPlugin:80 - create IPUIPlugin
2024-10-20 10:04:55,808 [INFO] PluginManager:220 - loadIPPluginJar : add tim
2024-10-20 10:04:55,971 [INFO] IPUIPlugin:80 - create IPUIPlugin
2024-10-20 10:04:55,971 [INFO] PluginManager:220 - loadIPPluginJar : add touchsensing
2024-10-20 10:04:56,059 [INFO] IPUIPlugin:80 - create IPUIPlugin
2024-10-20 10:04:56,059 [INFO] PluginManager:220 - loadIPPluginJar : add tracer_emb
2024-10-20 10:04:56,112 [INFO] IPUIPlugin:80 - create IPUIPlugin
2024-10-20 10:04:56,112 [INFO] PluginManager:220 - loadIPPluginJar : add ts
2024-10-20 10:04:56,165 [INFO] IPUIPlugin:80 - create IPUIPlugin
2024-10-20 10:04:56,165 [INFO] PluginManager:220 - loadIPPluginJar : add tsc
2024-10-20 10:04:56,233 [INFO] IPUIPlugin:80 - create IPUIPlugin
2024-10-20 10:04:56,234 [INFO] PluginManager:220 - loadIPPluginJar : add ucpd
2024-10-20 10:04:56,360 [INFO] IPUIPlugin:80 - create IPUIPlugin
2024-10-20 10:04:56,361 [INFO] PluginManager:220 - loadIPPluginJar : add usart
2024-10-20 10:04:56,490 [INFO] IPUIPlugin:80 - create IPUIPlugin
2024-10-20 10:04:56,490 [INFO] PluginManager:220 - loadIPPluginJar : add usbx
2024-10-20 10:04:56,749 [INFO] CADModel:165 - CPN selected for project level
2024-10-20 10:04:56,749 [INFO] CADModel:114 - Register for checkConnection events
2024-10-20 10:04:56,750 [FATAL] Updater:334 - Updater called before beeing initialized
2024-10-20 10:04:56,751 [ERROR] CADModel:125 - Updater not yet initialized, retry later 
2024-10-20 10:04:57,175 [INFO] ThirdPartyUpdaterWithRetryManager:70 - Updater plugin not ready yet. [4/15]
2024-10-20 10:04:57,572 [INFO] CADModel:165 - CPN selected for project level
2024-10-20 10:04:57,573 [INFO] CADModel:114 - Register for checkConnection events
2024-10-20 10:04:57,573 [FATAL] Updater:334 - Updater called before beeing initialized
2024-10-20 10:04:57,573 [ERROR] CADModel:125 - Updater not yet initialized, retry later 
2024-10-20 10:04:57,582 [FATAL] Updater:334 - Updater called before beeing initialized
2024-10-20 10:04:57,885 [FATAL] Updater:334 - Updater called before beeing initialized
2024-10-20 10:04:57,916 [INFO] DbMcusAds:53 - JSON generation date=Fri Sep 20 20:04:23 ICT 2024 (1726837463113)
2024-10-20 10:04:57,916 [FATAL] Updater:334 - Updater called before beeing initialized
2024-10-20 10:04:58,334 [WARN] DetailPanel:346 - Failed to get advertising image, set to default
2024-10-20 10:04:58,610 [FATAL] Updater:334 - Updater called before beeing initialized
2024-10-20 10:04:58,616 [FATAL] Updater:334 - Updater called before beeing initialized
2024-10-20 10:04:58,616 [FATAL] Updater:334 - Updater called before beeing initialized
2024-10-20 10:04:58,616 [WARN] DetailPanel:346 - Failed to get advertising image, set to default
2024-10-20 10:04:58,618 [FATAL] Updater:334 - Updater called before beeing initialized
2024-10-20 10:04:58,911 [ERROR] Updater:1164 - MainUpdater not yet initialized. External WinMGr cannot be set.
2024-10-20 10:04:58,976 [INFO] Updater:1100 - Updater Version found : 6.12.0
2024-10-20 10:04:59,048 [INFO] ApplicationProperties:184 - Using Application install path: D:\ST\STM32CubeIDE_1.16.0\STM32CubeIDE\plugins\com.st.stm32cube.common.mx_6.12.0.202406281431
2024-10-20 10:05:00,188 [FATAL] Updater:334 - Updater called before beeing initialized
2024-10-20 10:05:00,190 [ERROR] IntegrityCheckThread:130 - Cannot retrieve database content from updater: error 21
2024-10-20 10:05:00,190 [INFO] ThirdParty:978 - Integrity check success = false
2024-10-20 10:05:00,190 [INFO] IntegrityCheckThread:100 - exiting critical section [integrity check]
2024-10-20 10:05:00,191 [INFO] IntegrityCheckThread:103 - End integrity checks thread
2024-10-20 10:05:00,752 [ERROR] LogOutputStream:75 - [STDERR_REDIRECT] Oct 20, 2024 10:05:00 AM java.util.prefs.WindowsPreferences <init>
2024-10-20 10:05:00,758 [ERROR] LogOutputStream:75 - [STDERR_REDIRECT] WARNING: Could not open/create prefs root node Software\JavaSoft\Prefs at root 0xffffffff80000002. Windows RegCreateKeyEx(...) returned error code 5.
2024-10-20 10:05:00,759 [ERROR] LogOutputStream:75 - [STDERR_REDIRECT] 
2024-10-20 10:05:01,690 [INFO] MainUpdater:2873 - connection check result : 10
2024-10-20 10:05:01,691 [INFO] MainUpdater:290 - Updater Check For Update Now.
2024-10-20 10:05:01,691 [INFO] MicroXplorer:498 - Change Database Version : DB.6.0.120
2024-10-20 10:05:01,737 [INFO] McuFinderGlobals:63 - Set McuFinder mode to 2 (CubeIDE integrated)
2024-10-20 10:05:01,738 [INFO] UserAuth:179 - activating auth plugin
2024-10-20 10:05:01,764 [INFO] UserAuth:417 - Internet connection configuration mode: 1
2024-10-20 10:05:01,897 [INFO] JxBrowserEngine:152 - Initiate JxBrowser Engine with user profile folder
2024-10-20 10:05:02,200 [INFO] CheckServerUpdateThread:120 - End of CheckServer Thread
2024-10-20 10:05:21,121 [INFO] WebApp:167 - Instantiating new browser for Auth
2024-10-20 10:05:23,146 [INFO] WebApp:448 - Apply proxy settings
2024-10-20 10:05:23,147 [INFO] WebApp:533 - Chromium requires no authentication
2024-10-20 10:05:23,206 [INFO] WebApp:476 - Direct internet connection detected
2024-10-20 10:05:23,275 [INFO] WebApp:869 - Register for checkConnection events
2024-10-20 10:05:23,276 [INFO] WebApp:448 - Apply proxy settings
2024-10-20 10:05:23,277 [INFO] WebApp:533 - Chromium requires no authentication
2024-10-20 10:05:23,278 [INFO] WebApp:476 - Direct internet connection detected
2024-10-20 10:05:23,817 [INFO] WebApp:186 - Connection restablished
2024-10-20 10:05:23,948 [INFO] WebApp:220 - Starting web application
2024-10-20 10:05:23,948 [INFO] WebApp:578 - Web application path used D:\ST\STM32CubeIDE_1.16.0\STM32CubeIDE\plugins\com.st.stm32cube.common.mx_6.12.0.202406281431\db\plugins\mcufinder\reactClient1\index.html
2024-10-20 22:09:32,765 [INFO] WebApp:189 - Connection lost
2024-10-20 22:09:53,128 [INFO] WebApp:186 - Connection restablished
2024-10-20 22:09:54,763 [INFO] WebApp:189 - Connection lost
2024-10-20 22:09:54,974 [INFO] WebApp:186 - Connection restablished
