2024-10-14 09:08:01,893 [INFO] Activator:176 - 


2024-10-14 09:08:01,911 [INFO] Activator:177 - !SESSION log4j initialized
2024-10-14 09:08:20,055 [INFO] LogOutputStream:77 - [STDOUT_REDIRECT] 
2024-10-14 09:08:33,129 [INFO] ApplicationProperties:184 - Using Application install path: D:\ST\STM32CubeIDE_1.16.0\STM32CubeIDE\plugins\com.st.stm32cube.common.mx_6.12.0.202406281431
2024-10-14 09:08:33,196 [INFO] DbMcusXml:78 - Set database path to: D:\ST\STM32CubeIDE_1.16.0\STM32CubeIDE\plugins\com.st.stm32cube.common.mx_6.12.0.202406281431\\db\/mcu/
2024-10-14 09:08:33,196 [INFO] ApiDb:274 - Set plugin database path to: D:\ST\STM32CubeIDE_1.16.0\STM32CubeIDE\plugins\com.st.stm32cube.common.mx_6.12.0.202406281431\\db\/plugins/boardmanager/
2024-10-14 09:08:33,197 [WARN] ApiDb:259 - Overriding images path with different value:  => D:\ST\STM32CubeIDE_1.16.0\STM32CubeIDE\plugins\com.st.stm32cube.common.mx_6.12.0.202406281431\\db\/plugins/mcufinder/images/
2024-10-14 09:08:33,367 [INFO] ApiDb:250 - Set database path to: C:\Users\Asus\.stmcufinder\plugins\mcufinder//mcu/
2024-10-14 09:08:33,371 [INFO] DbMcusAds:125 - Set database path to: C:\Users\Asus\.stmcufinder\plugins\mcufinder//mcu/
2024-10-14 09:08:33,385 [INFO] CrossReferenceDbSqlite:203 - Set database path to: C:\Users\Asus\.stmcufinder\plugins\mcufinder//mcu/cs/
2024-10-14 09:08:33,702 [INFO] RulesReader:64 - Compatibility file has been processed (297 Rules)
2024-10-14 09:08:33,968 [INFO] DbMcusXml:78 - Set database path to: D:\ST\STM32CubeIDE_1.16.0\STM32CubeIDE\plugins\com.st.stm32cube.common.mx_6.12.0.202406281431\\db\/mcu/
2024-10-14 09:08:33,968 [INFO] ApiDb:274 - Set plugin database path to: D:\ST\STM32CubeIDE_1.16.0\STM32CubeIDE\plugins\com.st.stm32cube.common.mx_6.12.0.202406281431\\db\/plugins/boardmanager/
2024-10-14 09:08:33,968 [INFO] ApiDb:261 - Set plugin images path to: D:\ST\STM32CubeIDE_1.16.0\STM32CubeIDE\plugins\com.st.stm32cube.common.mx_6.12.0.202406281431\\db\/plugins/mcufinder/images/
2024-10-14 09:08:33,968 [WARN] DbFile:41 - Overriding database path with different value: C:\Users\Asus\.stmcufinder\plugins\mcufinder/ => C:\Users\Asus\.stmcufinder\plugins\mcufinder
2024-10-14 09:08:33,968 [INFO] ApiDb:250 - Set database path to: C:\Users\Asus\.stmcufinder\plugins\mcufinder//mcu/
2024-10-14 09:08:33,969 [WARN] DbFile:41 - Overriding database path with different value: C:\Users\Asus\.stmcufinder\plugins\mcufinder/ => C:\Users\Asus\.stmcufinder\plugins\mcufinder
2024-10-14 09:08:33,969 [INFO] DbMcusAds:125 - Set database path to: C:\Users\Asus\.stmcufinder\plugins\mcufinder//mcu/
2024-10-14 09:08:33,969 [WARN] DbFile:41 - Overriding database path with different value: C:\Users\Asus\.stmcufinder\plugins\mcufinder/ => C:\Users\Asus\.stmcufinder\plugins\mcufinder
2024-10-14 09:08:33,969 [WARN] DbFile:41 - Overriding database path with different value: C:\Users\Asus\.stmcufinder\plugins\mcufinder/ => C:\Users\Asus\.stmcufinder\plugins\mcufinder
2024-10-14 09:08:33,969 [INFO] CrossReferenceDbSqlite:203 - Set database path to: C:\Users\Asus\.stmcufinder\plugins\mcufinder//mcu/cs/
2024-10-14 09:08:34,154 [INFO] MainPanel:268 - HeapMemory: 268435456
2024-10-14 09:08:34,465 [INFO] DbMcusXml:78 - Set database path to: D:\ST\STM32CubeIDE_1.16.0\STM32CubeIDE\plugins\com.st.stm32cube.common.mx_6.12.0.202406281431\\db\/mcu/
2024-10-14 09:08:34,465 [INFO] ApiDb:274 - Set plugin database path to: D:\ST\STM32CubeIDE_1.16.0\STM32CubeIDE\plugins\com.st.stm32cube.common.mx_6.12.0.202406281431\\db\/plugins/boardmanager/
2024-10-14 09:08:34,465 [INFO] ApiDb:261 - Set plugin images path to: D:\ST\STM32CubeIDE_1.16.0\STM32CubeIDE\plugins\com.st.stm32cube.common.mx_6.12.0.202406281431\\db\/plugins/mcufinder/images/
2024-10-14 09:08:34,466 [WARN] DbFile:41 - Overriding database path with different value: C:\Users\Asus\.stmcufinder\plugins\mcufinder/ => C:\Users\Asus\.stmcufinder\plugins\mcufinder
2024-10-14 09:08:34,466 [INFO] ApiDb:250 - Set database path to: C:\Users\Asus\.stmcufinder\plugins\mcufinder//mcu/
2024-10-14 09:08:34,466 [WARN] DbFile:41 - Overriding database path with different value: C:\Users\Asus\.stmcufinder\plugins\mcufinder/ => C:\Users\Asus\.stmcufinder\plugins\mcufinder
2024-10-14 09:08:34,466 [INFO] DbMcusAds:125 - Set database path to: C:\Users\Asus\.stmcufinder\plugins\mcufinder//mcu/
2024-10-14 09:08:34,466 [WARN] DbFile:41 - Overriding database path with different value: C:\Users\Asus\.stmcufinder\plugins\mcufinder/ => C:\Users\Asus\.stmcufinder\plugins\mcufinder
2024-10-14 09:08:34,466 [WARN] DbFile:41 - Overriding database path with different value: C:\Users\Asus\.stmcufinder\plugins\mcufinder/ => C:\Users\Asus\.stmcufinder\plugins\mcufinder
2024-10-14 09:08:34,466 [INFO] CrossReferenceDbSqlite:203 - Set database path to: C:\Users\Asus\.stmcufinder\plugins\mcufinder//mcu/cs/
2024-10-14 09:08:34,497 [INFO] ApplicationProperties:184 - Using Application install path: D:\ST\STM32CubeIDE_1.16.0\STM32CubeIDE\plugins\com.st.stm32cube.common.mx_6.12.0.202406281431
2024-10-14 09:08:34,498 [INFO] PluginManage:196 - Search for loadable plugins [exclusion list=, ]
2024-10-14 09:08:34,501 [INFO] PluginManage:310 - Check plugin analytics
2024-10-14 09:08:44,405 [INFO] AnalyticsPlugin:253 - Accepted Software Licenses: 
2024-10-14 09:08:44,406 [INFO] AnalyticsPlugin:255 - Accepted CMSIS Pack Licenses: 
2024-10-14 09:08:44,406 [INFO] AnalyticsPlugin:257 - Accepted Firmware Licenses: 
2024-10-14 09:08:44,410 [INFO] PluginManage:359 - Loaded plugin analytics (category:tool,tabindex:-1)
2024-10-14 09:08:44,412 [INFO] PluginManage:310 - Check plugin cadmodel
2024-10-14 09:08:44,478 [INFO] CADModel:105 - Init CAD model plugin
2024-10-14 09:08:44,480 [INFO] PluginManage:359 - Loaded plugin cadmodel (category:power,tabindex:5)
2024-10-14 09:08:44,480 [INFO] PluginManage:310 - Check plugin clock
2024-10-14 09:08:44,521 [INFO] PluginManage:359 - Loaded plugin clock (category:base,tabindex:2)
2024-10-14 09:08:44,521 [INFO] PluginManage:310 - Check plugin ddr
2024-10-14 09:08:44,538 [INFO] PluginManage:359 - Loaded plugin ddr (category:tool,tabindex:6)
2024-10-14 09:08:44,538 [INFO] PluginManage:310 - Check plugin filemanager
2024-10-14 09:08:44,838 [INFO] PluginManage:359 - Loaded plugin filemanager (category:base,tabindex:10)
2024-10-14 09:08:44,838 [INFO] PluginManage:310 - Check plugin ipmanager
2024-10-14 09:08:44,848 [INFO] PluginManage:359 - Loaded plugin ipmanager (category:base,tabindex:5)
2024-10-14 09:08:44,849 [INFO] PluginManage:310 - Check plugin lpbam
2024-10-14 09:08:44,898 [INFO] PluginManage:359 - Loaded plugin lpbam (category:base,tabindex:0)
2024-10-14 09:08:44,898 [INFO] PluginManage:310 - Check plugin memorymap
2024-10-14 09:08:44,956 [INFO] PluginManage:359 - Loaded plugin memorymap (category:base,tabindex:4)
2024-10-14 09:08:44,956 [INFO] PluginManage:310 - Check plugin pinoutandconfiguration
2024-10-14 09:08:44,986 [INFO] PluginManage:359 - Loaded plugin pinoutandconfiguration (category:base,tabindex:1)
2024-10-14 09:08:44,986 [INFO] PluginManage:310 - Check plugin pinoutconfig
2024-10-14 09:08:45,154 [WARN] SupportedApi:132 - Cannot load RTOS API schema: s4s-elt-must-match.1: The content of 'definitions' must match (annotation?, (simpleType | complexType)?, (unique | key | keyref)*)). A problem was found starting at: attribute.
2024-10-14 09:08:45,446 [INFO] PluginManage:359 - Loaded plugin pinoutconfig (category:base,tabindex:0)
2024-10-14 09:08:45,446 [INFO] PluginManage:310 - Check plugin power
2024-10-14 09:08:45,533 [INFO] PluginManage:359 - Loaded plugin power (category:power,tabindex:4)
2024-10-14 09:08:45,533 [INFO] PluginManage:310 - Check plugin projectmanager
2024-10-14 09:08:45,574 [INFO] PluginManage:359 - Loaded plugin projectmanager (category:projectmanager,tabindex:4)
2024-10-14 09:08:45,575 [INFO] PluginManage:310 - Check plugin rif
2024-10-14 09:08:45,606 [INFO] PluginManage:359 - Loaded plugin rif (category:base,tabindex:3)
2024-10-14 09:08:45,606 [INFO] PluginManage:310 - Check plugin thirdparty
2024-10-14 09:08:46,259 [INFO] PluginManage:359 - Loaded plugin thirdparty (category:base,tabindex:-1)
2024-10-14 09:08:46,258 [WARN] IntegrityCheckThread:84 - waiting for thirdparty lock release [integrity check]
2024-10-14 09:08:46,259 [INFO] PluginManage:310 - Check plugin tools
2024-10-14 09:08:46,259 [INFO] IntegrityCheckThread:86 - entering critical section [integrity check]
2024-10-14 09:08:46,259 [INFO] ThirdPartyUpdaterWithRetryManager:70 - Updater plugin not ready yet. [1/15]
2024-10-14 09:08:46,317 [INFO] PluginManage:359 - Loaded plugin tools (category:base,tabindex:7)
2024-10-14 09:08:46,317 [INFO] PluginManage:310 - Check plugin tutovideos
2024-10-14 09:08:46,786 [INFO] PluginManage:359 - Loaded plugin tutovideos (category:base,tabindex:-1)
2024-10-14 09:08:46,786 [INFO] PluginManage:310 - Check plugin updater
2024-10-14 09:08:46,844 [INFO] PluginManage:359 - Loaded plugin updater (category:base,tabindex:12)
2024-10-14 09:08:46,845 [INFO] PluginManage:310 - Check plugin userauth
2024-10-14 09:08:46,871 [INFO] UserAuth:113 - Init User Auth plugin
2024-10-14 09:08:46,872 [INFO] PluginManage:359 - Loaded plugin userauth (category:base,tabindex:14)
2024-10-14 09:08:46,872 [INFO] PluginManage:283 - PluginManage : Loaded plugins [18]
2024-10-14 09:08:47,368 [INFO] PinOutPanel:1561 - setPackage(No Configuration,No Configuration)
2024-10-14 09:08:47,582 [INFO] CADModel:165 - CPN selected for project level
2024-10-14 09:08:47,582 [INFO] CADModel:114 - Register for checkConnection events
2024-10-14 09:08:47,683 [INFO] IPUIPlugin:80 - create IPUIPlugin
2024-10-14 09:08:47,683 [INFO] PluginManager:220 - loadIPPluginJar : add adc
2024-10-14 09:08:47,731 [INFO] IPUIPlugin:80 - create IPUIPlugin
2024-10-14 09:08:47,731 [INFO] PluginManager:220 - loadIPPluginJar : add aes
2024-10-14 09:08:47,785 [INFO] IPUIPlugin:80 - create IPUIPlugin
2024-10-14 09:08:47,785 [INFO] PluginManager:220 - loadIPPluginJar : add can
2024-10-14 09:08:47,831 [INFO] IPUIPlugin:80 - create IPUIPlugin
2024-10-14 09:08:47,831 [INFO] PluginManager:220 - loadIPPluginJar : add comp
2024-10-14 09:08:47,872 [INFO] IPUIPlugin:80 - create IPUIPlugin
2024-10-14 09:08:47,873 [INFO] PluginManager:220 - loadIPPluginJar : add cryp
2024-10-14 09:08:47,944 [INFO] IPUIPlugin:80 - create IPUIPlugin
2024-10-14 09:08:47,944 [INFO] PluginManager:220 - loadIPPluginJar : add ddr_ctrl_phy
2024-10-14 09:08:47,985 [INFO] IPUIPlugin:80 - create IPUIPlugin
2024-10-14 09:08:47,986 [INFO] PluginManager:220 - loadIPPluginJar : add dfsdm
2024-10-14 09:08:48,024 [INFO] IPUIPlugin:80 - create IPUIPlugin
2024-10-14 09:08:48,024 [INFO] PluginManager:220 - loadIPPluginJar : add dma
2024-10-14 09:08:48,077 [INFO] IPUIPlugin:80 - create IPUIPlugin
2024-10-14 09:08:48,077 [INFO] PluginManager:220 - loadIPPluginJar : add dma3
2024-10-14 09:08:48,135 [INFO] IPUIPlugin:80 - create IPUIPlugin
2024-10-14 09:08:48,135 [INFO] PluginManager:220 - loadIPPluginJar : add extmemmanager
2024-10-14 09:08:48,168 [INFO] IPUIPlugin:80 - create IPUIPlugin
2024-10-14 09:08:48,168 [INFO] PluginManager:220 - loadIPPluginJar : add fatfs
2024-10-14 09:08:48,280 [INFO] IPUIPlugin:80 - create IPUIPlugin
2024-10-14 09:08:48,280 [INFO] PluginManager:220 - loadIPPluginJar : add fmc
2024-10-14 09:08:48,330 [INFO] IPUIPlugin:80 - create IPUIPlugin
2024-10-14 09:08:48,330 [INFO] PluginManager:220 - loadIPPluginJar : add freertos
2024-10-14 09:08:48,371 [INFO] IPUIPlugin:80 - create IPUIPlugin
2024-10-14 09:08:48,371 [INFO] PluginManager:220 - loadIPPluginJar : add genericplugin
2024-10-14 09:08:48,491 [INFO] IPUIPlugin:80 - create IPUIPlugin
2024-10-14 09:08:48,491 [INFO] PluginManager:220 - loadIPPluginJar : add gfxmmu
2024-10-14 09:08:48,671 [INFO] IPUIPlugin:80 - create IPUIPlugin
2024-10-14 09:08:48,671 [INFO] PluginManager:220 - loadIPPluginJar : add gic
2024-10-14 09:08:48,709 [INFO] IPUIPlugin:80 - create IPUIPlugin
2024-10-14 09:08:48,709 [INFO] PluginManager:220 - loadIPPluginJar : add gpio
2024-10-14 09:08:48,831 [INFO] IPUIPlugin:80 - create IPUIPlugin
2024-10-14 09:08:48,831 [INFO] PluginManager:220 - loadIPPluginJar : add gtzc
2024-10-14 09:08:48,900 [INFO] IPUIPlugin:80 - create IPUIPlugin
2024-10-14 09:08:48,900 [INFO] PluginManager:220 - loadIPPluginJar : add hash
2024-10-14 09:08:48,970 [INFO] IPUIPlugin:80 - create IPUIPlugin
2024-10-14 09:08:48,970 [INFO] PluginManager:220 - loadIPPluginJar : add i2c
2024-10-14 09:08:49,046 [INFO] IPUIPlugin:80 - create IPUIPlugin
2024-10-14 09:08:49,046 [INFO] PluginManager:220 - loadIPPluginJar : add i2s
2024-10-14 09:08:49,098 [INFO] IPUIPlugin:80 - create IPUIPlugin
2024-10-14 09:08:49,098 [INFO] PluginManager:220 - loadIPPluginJar : add i3c
2024-10-14 09:08:49,260 [INFO] ThirdPartyUpdaterWithRetryManager:70 - Updater plugin not ready yet. [2/15]
2024-10-14 09:08:49,263 [INFO] IPUIPlugin:80 - create IPUIPlugin
2024-10-14 09:08:49,263 [INFO] PluginManager:220 - loadIPPluginJar : add ipddr
2024-10-14 09:08:49,446 [INFO] IPUIPlugin:80 - create IPUIPlugin
2024-10-14 09:08:49,447 [INFO] PluginManager:220 - loadIPPluginJar : add linkedlist
2024-10-14 09:08:49,536 [INFO] IPUIPlugin:80 - create IPUIPlugin
2024-10-14 09:08:49,536 [INFO] PluginManager:220 - loadIPPluginJar : add lorawan
2024-10-14 09:08:49,583 [INFO] IPUIPlugin:80 - create IPUIPlugin
2024-10-14 09:08:49,583 [INFO] PluginManager:220 - loadIPPluginJar : add ltdc
2024-10-14 09:08:49,620 [INFO] IPUIPlugin:80 - create IPUIPlugin
2024-10-14 09:08:49,620 [INFO] PluginManager:220 - loadIPPluginJar : add mdma
2024-10-14 09:08:49,648 [INFO] IPUIPlugin:80 - create IPUIPlugin
2024-10-14 09:08:49,648 [INFO] PluginManager:220 - loadIPPluginJar : add nvic
2024-10-14 09:08:49,695 [INFO] IPUIPlugin:80 - create IPUIPlugin
2024-10-14 09:08:49,695 [INFO] PluginManager:220 - loadIPPluginJar : add opamp
2024-10-14 09:08:49,775 [INFO] IPUIPlugin:80 - create IPUIPlugin
2024-10-14 09:08:49,775 [INFO] PluginManager:220 - loadIPPluginJar : add openamp
2024-10-14 09:08:49,829 [INFO] IPUIPlugin:80 - create IPUIPlugin
2024-10-14 09:08:49,829 [INFO] PluginManager:220 - loadIPPluginJar : add pdm2pcm
2024-10-14 09:08:49,863 [INFO] IPUIPlugin:80 - create IPUIPlugin
2024-10-14 09:08:49,865 [INFO] PluginManager:220 - loadIPPluginJar : add plateformsettings
2024-10-14 09:08:49,925 [INFO] IPUIPlugin:80 - create IPUIPlugin
2024-10-14 09:08:49,925 [INFO] PluginManager:220 - loadIPPluginJar : add quadspi
2024-10-14 09:08:49,959 [INFO] IPUIPlugin:80 - create IPUIPlugin
2024-10-14 09:08:49,960 [INFO] PluginManager:220 - loadIPPluginJar : add radio
2024-10-14 09:08:49,994 [INFO] IPUIPlugin:80 - create IPUIPlugin
2024-10-14 09:08:49,994 [INFO] PluginManager:220 - loadIPPluginJar : add resmgrutility
2024-10-14 09:08:50,086 [INFO] IPUIPlugin:80 - create IPUIPlugin
2024-10-14 09:08:50,087 [INFO] PluginManager:220 - loadIPPluginJar : add sai
2024-10-14 09:08:50,131 [INFO] IPUIPlugin:80 - create IPUIPlugin
2024-10-14 09:08:50,131 [INFO] PluginManager:220 - loadIPPluginJar : add spi
2024-10-14 09:08:50,217 [INFO] IPUIPlugin:80 - create IPUIPlugin
2024-10-14 09:08:50,217 [INFO] PluginManager:220 - loadIPPluginJar : add stm32_wpan
2024-10-14 09:08:50,247 [INFO] IPUIPlugin:80 - create IPUIPlugin
2024-10-14 09:08:50,247 [INFO] PluginManager:220 - loadIPPluginJar : add tim
2024-10-14 09:08:50,347 [INFO] IPUIPlugin:80 - create IPUIPlugin
2024-10-14 09:08:50,347 [INFO] PluginManager:220 - loadIPPluginJar : add touchsensing
2024-10-14 09:08:50,393 [INFO] IPUIPlugin:80 - create IPUIPlugin
2024-10-14 09:08:50,393 [INFO] PluginManager:220 - loadIPPluginJar : add tracer_emb
2024-10-14 09:08:50,419 [INFO] IPUIPlugin:80 - create IPUIPlugin
2024-10-14 09:08:50,419 [INFO] PluginManager:220 - loadIPPluginJar : add ts
2024-10-14 09:08:50,443 [INFO] IPUIPlugin:80 - create IPUIPlugin
2024-10-14 09:08:50,443 [INFO] PluginManager:220 - loadIPPluginJar : add tsc
2024-10-14 09:08:50,471 [INFO] IPUIPlugin:80 - create IPUIPlugin
2024-10-14 09:08:50,471 [INFO] PluginManager:220 - loadIPPluginJar : add ucpd
2024-10-14 09:08:50,527 [INFO] IPUIPlugin:80 - create IPUIPlugin
2024-10-14 09:08:50,527 [INFO] PluginManager:220 - loadIPPluginJar : add usart
2024-10-14 09:08:50,601 [INFO] IPUIPlugin:80 - create IPUIPlugin
2024-10-14 09:08:50,616 [INFO] PluginManager:220 - loadIPPluginJar : add usbx
2024-10-14 09:08:50,774 [INFO] CADModel:165 - CPN selected for project level
2024-10-14 09:08:50,774 [INFO] CADModel:114 - Register for checkConnection events
2024-10-14 09:08:50,775 [FATAL] Updater:334 - Updater called before beeing initialized
2024-10-14 09:08:50,775 [ERROR] CADModel:125 - Updater not yet initialized, retry later 
2024-10-14 09:08:51,143 [INFO] CADModel:165 - CPN selected for project level
2024-10-14 09:08:51,143 [INFO] CADModel:114 - Register for checkConnection events
2024-10-14 09:08:51,143 [FATAL] Updater:334 - Updater called before beeing initialized
2024-10-14 09:08:51,144 [ERROR] CADModel:125 - Updater not yet initialized, retry later 
2024-10-14 09:08:51,152 [FATAL] Updater:334 - Updater called before beeing initialized
2024-10-14 09:08:51,309 [FATAL] Updater:334 - Updater called before beeing initialized
2024-10-14 09:08:51,319 [INFO] DbMcusAds:53 - JSON generation date=Fri Sep 20 20:04:23 ICT 2024 (1726837463113)
2024-10-14 09:08:51,320 [FATAL] Updater:334 - Updater called before beeing initialized
2024-10-14 09:08:51,591 [WARN] DetailPanel:346 - Failed to get advertising image, set to default
2024-10-14 09:08:51,721 [FATAL] Updater:334 - Updater called before beeing initialized
2024-10-14 09:08:51,724 [FATAL] Updater:334 - Updater called before beeing initialized
2024-10-14 09:08:51,725 [FATAL] Updater:334 - Updater called before beeing initialized
2024-10-14 09:08:51,725 [WARN] DetailPanel:346 - Failed to get advertising image, set to default
2024-10-14 09:08:51,726 [FATAL] Updater:334 - Updater called before beeing initialized
2024-10-14 09:08:51,900 [ERROR] Updater:1164 - MainUpdater not yet initialized. External WinMGr cannot be set.
2024-10-14 09:08:51,922 [INFO] Updater:1100 - Updater Version found : 6.12.0
2024-10-14 09:08:51,952 [INFO] ApplicationProperties:184 - Using Application install path: D:\ST\STM32CubeIDE_1.16.0\STM32CubeIDE\plugins\com.st.stm32cube.common.mx_6.12.0.202406281431
2024-10-14 09:08:52,262 [INFO] ThirdPartyUpdaterWithRetryManager:70 - Updater plugin not ready yet. [3/15]
2024-10-14 09:08:53,600 [ERROR] LogOutputStream:75 - [STDERR_REDIRECT] Oct 14, 2024 9:08:53 AM java.util.prefs.WindowsPreferences <init>
2024-10-14 09:08:53,603 [ERROR] LogOutputStream:75 - [STDERR_REDIRECT] WARNING: Could not open/create prefs root node Software\JavaSoft\Prefs at root 0xffffffff80000002. Windows RegCreateKeyEx(...) returned error code 5.
2024-10-14 09:08:53,603 [ERROR] LogOutputStream:75 - [STDERR_REDIRECT] 
2024-10-14 09:08:54,274 [INFO] MainUpdater:2873 - connection check result : 10
2024-10-14 09:08:54,275 [INFO] MainUpdater:3567 - Updater definition file requires update
2024-10-14 09:08:54,276 [INFO] MainUpdater:290 - Updater Check For Update Now.
2024-10-14 09:08:54,277 [INFO] MicroXplorer:498 - Change Database Version : DB.6.0.120
2024-10-14 09:08:54,315 [INFO] McuFinderGlobals:63 - Set McuFinder mode to 2 (CubeIDE integrated)
2024-10-14 09:08:54,316 [INFO] UserAuth:179 - activating auth plugin
2024-10-14 09:08:54,317 [INFO] ServerAccessManage:473 - Download File updaters.zip
2024-10-14 09:08:54,334 [INFO] UserAuth:417 - Internet connection configuration mode: 1
2024-10-14 09:08:54,443 [INFO] FileExtend:240 - Unzip File : updaters.zip
2024-10-14 09:08:54,443 [INFO] FileExtend:255 - Standard Zip Deflate
2024-10-14 09:08:54,493 [INFO] JxBrowserEngine:152 - Initiate JxBrowser Engine with user profile folder
2024-10-14 09:08:54,960 [INFO] ServerAccessManage:473 - Download File PacksControlFlags.xml
2024-10-14 09:08:55,146 [INFO] ServerAccessManage:473 - Download File cubemx.pidx
2024-10-14 09:08:55,263 [WARN] MainUpdater:1194 - Updater busy. Cannot search thirdparties
2024-10-14 09:08:55,263 [INFO] ThirdPartyUpdaterWithRetryManager:96 - Updater plugin is busy. [1/15]
2024-10-14 09:08:55,429 [INFO] LoadServerUpdatesThread:375 - End of LoadServerUpdate Thread
2024-10-14 09:08:55,804 [INFO] CheckServerUpdateThread:120 - End of CheckServer Thread
2024-10-14 09:08:58,570 [WARN] PackLoader:240 - Cannot read IP mode file for STMicroelectronics.FP-SNS-MOTENVWB1.1.4.0
2024-10-14 09:08:58,596 [WARN] PackLoader:240 - Cannot read IP mode file for STMicroelectronics.X-CUBE-SMBUS.2.1.0
2024-10-14 09:08:58,622 [WARN] PackLoader:240 - Cannot read IP mode file for STMicroelectronics.X-CUBE-WB05N.1.1.0
2024-10-14 09:08:58,692 [WARN] PackLoader:240 - Cannot read IP mode file for STMicroelectronics.X-CUBE-AZRTOS-F7.1.1.0
2024-10-14 09:08:58,875 [WARN] PackLoader:240 - Cannot read IP mode file for STMicroelectronics.X-CUBE-MEMS1.11.0.0
2024-10-14 09:08:59,208 [WARN] PackLoader:240 - Cannot read IP mode file for STMicroelectronics.FP-SNS-FLIGHT1.5.0.2
2024-10-14 09:08:59,236 [WARN] PackLoader:240 - Cannot read IP mode file for STMicroelectronics.X-CUBE-DISPLAY.3.0.0
2024-10-14 09:08:59,271 [WARN] PackLoader:240 - Cannot read IP mode file for STMicroelectronics.X-CUBE-BLE1.7.0.0
2024-10-14 09:08:59,300 [WARN] PackLoader:240 - Cannot read IP mode file for STMicroelectronics.X-CUBE-NFC10.1.0.0
2024-10-14 09:08:59,330 [WARN] PackLoader:240 - Cannot read IP mode file for emotas.I-CUBE-CANOPEN.1.3.0
2024-10-14 09:08:59,360 [WARN] PackLoader:240 - Cannot read IP mode file for STMicroelectronics.X-CUBE-BLEMGR.3.1.0
2024-10-14 09:08:59,387 [WARN] PackLoader:240 - Cannot read IP mode file for STMicroelectronics.FP-SNS-SMARTAG2.1.2.0
2024-10-14 09:08:59,424 [INFO] LogOutputStream:77 - [STDOUT_REDIRECT] 1 : Invalid condition id : UX_CORESTACK_Condition cause : null
2024-10-14 09:08:59,425 [INFO] LogOutputStream:77 - [STDOUT_REDIRECT] 1 : Invalid condition id : UX_CORESTACK_Condition cause : null
2024-10-14 09:08:59,428 [INFO] LogOutputStream:77 - [STDOUT_REDIRECT] 1 : Invalid condition id : UX_CORESTACK_Condition cause : null
2024-10-14 09:08:59,430 [INFO] LogOutputStream:77 - [STDOUT_REDIRECT] 1 : Invalid condition id : UX_CORESTACK_Condition cause : null
2024-10-14 09:08:59,433 [INFO] LogOutputStream:77 - [STDOUT_REDIRECT] 1 : Invalid condition id : UX_CORESTACK_Condition cause : null
2024-10-14 09:08:59,438 [WARN] PackLoader:240 - Cannot read IP mode file for STMicroelectronics.X-CUBE-AZRTOS-WL.2.0.0
2024-10-14 09:08:59,461 [WARN] PackLoader:240 - Cannot read IP mode file for STMicroelectronics.FP-SNS-MOTENV1.5.0.0
2024-10-14 09:08:59,482 [WARN] PackLoader:240 - Cannot read IP mode file for wolfSSL.I-CUBE-wolfMQTT.1.19.0
2024-10-14 09:08:59,506 [WARN] PackLoader:240 - Cannot read IP mode file for WES.I-CUBE-Cesium.1.3.0
2024-10-14 09:08:59,531 [WARN] PackLoader:240 - Cannot read IP mode file for STMicroelectronics.X-CUBE-BLE2.3.3.0
2024-10-14 09:08:59,559 [WARN] PackLoader:240 - Cannot read IP mode file for STMicroelectronics.X-CUBE-NFC9.1.0.0
2024-10-14 09:08:59,581 [WARN] PackLoader:240 - Cannot read IP mode file for STMicroelectronics.X-CUBE-TCPP.4.1.0
2024-10-14 09:08:59,628 [WARN] PackLoader:240 - Cannot read IP mode file for STMicroelectronics.X-CUBE-AZRTOS-G0.1.1.0
2024-10-14 09:08:59,661 [WARN] PackLoader:240 - Cannot read IP mode file for STMicroelectronics.X-CUBE-SAFEA1.1.2.2
2024-10-14 09:08:59,691 [WARN] PackLoader:240 - Cannot read IP mode file for STMicroelectronics.X-CUBE-NFC4.3.0.0
2024-10-14 09:08:59,725 [WARN] PackLoader:240 - Cannot read IP mode file for EmbeddedOffice.I-CUBE-FS-RTOS.1.0.1
2024-10-14 09:08:59,726 [ERROR] ConditionMgr:805 - Attr not supported : Dmpu
2024-10-14 09:08:59,726 [ERROR] ConditionMgr:805 - Attr not supported : Dmpu
2024-10-14 09:08:59,726 [ERROR] ConditionMgr:805 - Attr not supported : Dmpu
2024-10-14 09:08:59,726 [ERROR] ConditionMgr:805 - Attr not supported : Dmpu
2024-10-14 09:08:59,726 [ERROR] ConditionMgr:805 - Attr not supported : Dmpu
2024-10-14 09:08:59,727 [ERROR] ConditionMgr:805 - Attr not supported : Dmpu
2024-10-14 09:08:59,727 [ERROR] ConditionMgr:805 - Attr not supported : Dmpu
2024-10-14 09:08:59,727 [ERROR] ConditionMgr:805 - Attr not supported : Dmpu
2024-10-14 09:08:59,727 [ERROR] ConditionMgr:805 - Attr not supported : Dmpu
2024-10-14 09:08:59,727 [ERROR] ConditionMgr:805 - Attr not supported : Dmpu
2024-10-14 09:08:59,727 [ERROR] ConditionMgr:805 - Attr not supported : Dmpu
2024-10-14 09:08:59,727 [ERROR] ConditionMgr:805 - Attr not supported : Dmpu
2024-10-14 09:08:59,727 [ERROR] ConditionMgr:805 - Attr not supported : Dmpu
2024-10-14 09:08:59,728 [ERROR] ConditionMgr:805 - Attr not supported : Dmpu
2024-10-14 09:08:59,728 [ERROR] ConditionMgr:805 - Attr not supported : Dmpu
2024-10-14 09:08:59,728 [ERROR] ConditionMgr:805 - Attr not supported : Dmpu
2024-10-14 09:08:59,728 [ERROR] ConditionMgr:805 - Attr not supported : Dmpu
2024-10-14 09:08:59,728 [ERROR] ConditionMgr:805 - Attr not supported : Dmpu
2024-10-14 09:08:59,728 [ERROR] ConditionMgr:805 - Attr not supported : Dmpu
2024-10-14 09:08:59,728 [ERROR] ConditionMgr:805 - Attr not supported : Dmpu
2024-10-14 09:08:59,728 [ERROR] ConditionMgr:805 - Attr not supported : Dmpu
2024-10-14 09:08:59,729 [ERROR] ConditionMgr:805 - Attr not supported : Dmpu
2024-10-14 09:08:59,729 [ERROR] ConditionMgr:805 - Attr not supported : Dmpu
2024-10-14 09:08:59,729 [ERROR] ConditionMgr:805 - Attr not supported : Dmpu
2024-10-14 09:08:59,729 [ERROR] ConditionMgr:805 - Attr not supported : Dmpu
2024-10-14 09:08:59,729 [ERROR] ConditionMgr:805 - Attr not supported : Dmpu
2024-10-14 09:08:59,729 [ERROR] ConditionMgr:805 - Attr not supported : Dmpu
2024-10-14 09:08:59,729 [ERROR] ConditionMgr:805 - Attr not supported : Dmpu
2024-10-14 09:08:59,729 [ERROR] ConditionMgr:805 - Attr not supported : Dmpu
2024-10-14 09:08:59,729 [ERROR] ConditionMgr:805 - Attr not supported : Dmpu
2024-10-14 09:08:59,730 [ERROR] ConditionMgr:805 - Attr not supported : Dmpu
2024-10-14 09:08:59,730 [ERROR] ConditionMgr:805 - Attr not supported : Dmpu
2024-10-14 09:08:59,730 [ERROR] ConditionMgr:805 - Attr not supported : Dmpu
2024-10-14 09:08:59,730 [ERROR] ConditionMgr:805 - Attr not supported : Dmpu
2024-10-14 09:08:59,730 [ERROR] ConditionMgr:805 - Attr not supported : Dmpu
2024-10-14 09:08:59,730 [ERROR] ConditionMgr:805 - Attr not supported : Dmpu
2024-10-14 09:08:59,730 [ERROR] ConditionMgr:805 - Attr not supported : Dmpu
2024-10-14 09:08:59,730 [ERROR] ConditionMgr:805 - Attr not supported : Dmpu
2024-10-14 09:08:59,731 [ERROR] ConditionMgr:805 - Attr not supported : Dmpu
2024-10-14 09:08:59,731 [ERROR] ConditionMgr:805 - Attr not supported : Dmpu
2024-10-14 09:08:59,731 [ERROR] ConditionMgr:805 - Attr not supported : Dmpu
2024-10-14 09:08:59,731 [ERROR] ConditionMgr:805 - Attr not supported : Dmpu
2024-10-14 09:08:59,731 [ERROR] ConditionMgr:805 - Attr not supported : Dmpu
2024-10-14 09:08:59,731 [ERROR] ConditionMgr:805 - Attr not supported : Dmpu
2024-10-14 09:08:59,731 [ERROR] ConditionMgr:805 - Attr not supported : Dmpu
2024-10-14 09:08:59,731 [ERROR] ConditionMgr:805 - Attr not supported : Dmpu
2024-10-14 09:08:59,732 [ERROR] ConditionMgr:805 - Attr not supported : Dmpu
2024-10-14 09:08:59,732 [ERROR] ConditionMgr:805 - Attr not supported : Dmpu
2024-10-14 09:08:59,732 [ERROR] ConditionMgr:805 - Attr not supported : Dmpu
2024-10-14 09:08:59,732 [ERROR] ConditionMgr:805 - Attr not supported : Dmpu
2024-10-14 09:08:59,732 [ERROR] ConditionMgr:805 - Attr not supported : Dmpu
2024-10-14 09:08:59,732 [ERROR] ConditionMgr:805 - Attr not supported : Dmpu
2024-10-14 09:08:59,732 [ERROR] ConditionMgr:805 - Attr not supported : Dmpu
2024-10-14 09:08:59,732 [ERROR] ConditionMgr:805 - Attr not supported : Dmpu
2024-10-14 09:08:59,732 [ERROR] ConditionMgr:805 - Attr not supported : Dmpu
2024-10-14 09:08:59,732 [ERROR] ConditionMgr:805 - Attr not supported : Dmpu
2024-10-14 09:08:59,732 [ERROR] ConditionMgr:805 - Attr not supported : Dmpu
2024-10-14 09:08:59,732 [ERROR] ConditionMgr:805 - Attr not supported : Dmpu
2024-10-14 09:08:59,732 [ERROR] ConditionMgr:805 - Attr not supported : Dmpu
2024-10-14 09:08:59,733 [ERROR] ConditionMgr:805 - Attr not supported : Dmpu
2024-10-14 09:08:59,733 [ERROR] ConditionMgr:805 - Attr not supported : Dmpu
2024-10-14 09:08:59,733 [ERROR] ConditionMgr:805 - Attr not supported : Dmpu
2024-10-14 09:08:59,733 [ERROR] ConditionMgr:805 - Attr not supported : Dmpu
2024-10-14 09:08:59,733 [ERROR] ConditionMgr:805 - Attr not supported : Dmpu
2024-10-14 09:08:59,756 [WARN] PackLoader:240 - Cannot read IP mode file for RealThread.X-CUBE-RT-Thread_Nano.4.1.1
2024-10-14 09:08:59,777 [WARN] PackLoader:240 - Cannot read IP mode file for STMicroelectronics.FP-ATR-SIGFOX1.3.2.0
2024-10-14 09:08:59,794 [WARN] PackLoader:240 - Cannot read IP mode file for wolfSSL.I-CUBE-wolfSSL.5.7.2
2024-10-14 09:08:59,818 [WARN] PackLoader:240 - Cannot read IP mode file for STMicroelectronics.X-CUBE-EEPRMA1.5.1.0
2024-10-14 09:08:59,846 [WARN] PackLoader:240 - Cannot read IP mode file for ITTIA_DB.I-CUBE-ITTIADB.8.9.0
2024-10-14 09:08:59,924 [WARN] PackLoader:240 - Cannot read IP mode file for SEGGER.I-CUBE-embOS.1.3.1
2024-10-14 09:09:00,059 [WARN] PackLoader:240 - Cannot read IP mode file for STMicroelectronics.X-CUBE-ALGOBUILD.1.4.0
2024-10-14 09:09:00,097 [WARN] PackLoader:240 - Cannot read IP mode file for STMicroelectronics.X-CUBE-AI.9.1.0
2024-10-14 09:09:00,125 [WARN] PackLoader:240 - Cannot read IP mode file for STMicroelectronics.X-CUBE-GNSS1.6.0.0
2024-10-14 09:09:00,174 [WARN] PackLoader:240 - Cannot read IP mode file for STMicroelectronics.X-CUBE-AZRTOS-F4.1.1.0
2024-10-14 09:09:00,194 [WARN] PackLoader:240 - Cannot read IP mode file for STMicroelectronics.X-CUBE-ISPU.2.1.0
2024-10-14 09:09:00,213 [WARN] PackLoader:240 - Cannot read IP mode file for STMicroelectronics.X-CUBE-FREERTOS.1.2.0
2024-10-14 09:09:00,252 [WARN] PackLoader:240 - Cannot read IP mode file for STMicroelectronics.X-CUBE-AZRTOS-L5.2.0.0
2024-10-14 09:09:00,284 [WARN] PackLoader:240 - Cannot read IP mode file for STMicroelectronics.X-CUBE-NFC6.3.1.0
2024-10-14 09:09:00,306 [WARN] PackLoader:240 - Cannot read IP mode file for STMicroelectronics.X-CUBE-DPower.1.2.0
2024-10-14 09:09:00,325 [WARN] PackLoader:240 - Cannot read IP mode file for STMicroelectronics.X-CUBE-AI.9.0.0
2024-10-14 09:09:00,348 [WARN] PackLoader:240 - Cannot read IP mode file for STMicroelectronics.X-CUBE-NFC7.1.0.1
2024-10-14 09:09:00,364 [WARN] PackLoader:240 - Cannot read IP mode file for wolfSSL.I-CUBE-wolfTPM.3.2.0
2024-10-14 09:09:00,410 [WARN] ConditionMgr:438 - getConditionDescription Invalid condition id : LAN8742 Phy interface Condition cause : null
2024-10-14 09:09:00,411 [WARN] PackLoader:240 - Cannot read IP mode file for STMicroelectronics.X-CUBE-AZRTOS-L4.2.0.0
2024-10-14 09:09:00,412 [WARN] ConditionMgr:1039 - genDependencies : Invalid condition id : LAN8742 Phy interface Condition cause : null
2024-10-14 09:09:00,413 [WARN] ConditionMgr:1039 - genDependencies : Invalid condition id : LAN8742 Phy interface Condition cause : null
2024-10-14 09:09:00,414 [WARN] ConditionMgr:1039 - genDependencies : Invalid condition id : LAN8742 Phy interface Condition cause : null
2024-10-14 09:09:00,437 [WARN] PackLoader:240 - Cannot read IP mode file for STMicroelectronics.X-CUBE-SFXS2LP1.4.0.0
2024-10-14 09:09:00,488 [WARN] PackLoader:240 - Cannot read IP mode file for STMicroelectronics.X-CUBE-AZRTOS-H7.3.3.0
2024-10-14 09:09:00,519 [WARN] PackLoader:240 - Cannot read IP mode file for STMicroelectronics.X-CUBE-IPS.3.0.0
2024-10-14 09:09:00,574 [WARN] ConditionMgr:438 - getConditionDescription Invalid condition id : UX DEVICE CLASS RTOS Condition cause : null
2024-10-14 09:09:00,575 [WARN] ConditionMgr:438 - getConditionDescription Invalid condition id : UX DEVICE CLASS RTOS Condition cause : null
2024-10-14 09:09:00,579 [WARN] PackLoader:240 - Cannot read IP mode file for STMicroelectronics.X-CUBE-AZRTOS-WB.2.0.0
2024-10-14 09:09:00,580 [WARN] ConditionMgr:1039 - genDependencies : Invalid condition id : UX DEVICE CLASS RTOS Condition cause : null
2024-10-14 09:09:00,580 [WARN] ConditionMgr:1039 - genDependencies : Invalid condition id : UX DEVICE CLASS RTOS Condition cause : null
2024-10-14 09:09:00,581 [WARN] ConditionMgr:1039 - genDependencies : Invalid condition id : UX DEVICE CLASS RTOS Condition cause : null
2024-10-14 09:09:00,582 [WARN] ConditionMgr:1039 - genDependencies : Invalid condition id : UX DEVICE CLASS RTOS Condition cause : null
2024-10-14 09:09:00,622 [WARN] ConditionMgr:1039 - genDependencies : Invalid condition id : UX DEVICE CLASS RTOS Condition cause : null
2024-10-14 09:09:00,648 [WARN] PackLoader:240 - Cannot read IP mode file for STMicroelectronics.X-CUBE-GNSS1.7.0.0
2024-10-14 09:09:00,673 [WARN] PackLoader:240 - Cannot read IP mode file for STMicroelectronics.FP-SNS-STBOX1.2.0.0
2024-10-14 09:09:00,708 [WARN] PackLoader:240 - Cannot read IP mode file for STMicroelectronics.X-CUBE-SUBG2.5.0.0
2024-10-14 09:09:00,733 [WARN] PackLoader:240 - Cannot read IP mode file for Cesanta.I-CUBE-Mongoose.7.13.0
2024-10-14 09:09:00,770 [WARN] PackLoader:240 - Cannot read IP mode file for STMicroelectronics.X-CUBE-AZRTOS-G4.2.0.0
2024-10-14 09:09:00,794 [WARN] PackLoader:240 - Cannot read IP mode file for STMicroelectronics.X-CUBE-ISPU.2.0.0
2024-10-14 09:09:00,813 [WARN] PackLoader:240 - Cannot read IP mode file for STMicroelectronics.X-CUBE-ALS.1.0.2
2024-10-14 09:09:00,906 [WARN] PackLoader:240 - Cannot read IP mode file for STMicroelectronics.X-CUBE-MEMS1.10.0.0
2024-10-14 09:09:01,106 [WARN] PackLoader:240 - Cannot read IP mode file for STMicroelectronics.X-CUBE-TOUCHGFX.4.24.0
2024-10-14 09:09:01,126 [WARN] PackLoader:240 - Cannot read IP mode file for STMicroelectronics.X-CUBE-TOUCHGFX.4.24.1
2024-10-14 09:09:01,150 [WARN] PackLoader:240 - Cannot read IP mode file for portGmbH.I-Cube-SoM-uGOAL.1.1.0
2024-10-14 09:09:01,212 [WARN] PackLoader:240 - Cannot read IP mode file for STMicroelectronics.X-CUBE-AZRTOS-H7RS.1.0.0
2024-10-14 09:09:01,250 [WARN] PackLoader:240 - Cannot read IP mode file for STMicroelectronics.FP-ATR-ASTRA1.2.0.0
2024-10-14 09:09:01,296 [WARN] PackLoader:240 - Cannot read IP mode file for STMicroelectronics.X-CUBE-TOF1.3.4.2
2024-10-14 09:09:01,373 [WARN] PackLoader:240 - Cannot read IP mode file for STMicroelectronics.X-CUBE-AZRTOS-H7.3.2.0
2024-10-14 09:09:01,427 [WARN] PackLoader:240 - Cannot read IP mode file for Infineon.AIROC-Wi-Fi-Bluetooth-STM32.1.6.0
2024-10-14 09:09:01,449 [WARN] PackLoader:240 - Cannot read IP mode file for wolfSSL.I-CUBE-wolfSSH.1.4.17
2024-10-14 09:09:01,450 [INFO] ThirdParty:978 - Integrity check success = true
2024-10-14 09:09:01,450 [INFO] IntegrityCheckThread:100 - exiting critical section [integrity check]
2024-10-14 09:09:01,450 [INFO] IntegrityCheckThread:103 - End integrity checks thread
2024-10-14 09:09:06,207 [INFO] WebApp:167 - Instantiating new browser for Auth
2024-10-14 09:09:07,436 [INFO] WebApp:448 - Apply proxy settings
2024-10-14 09:09:07,436 [INFO] WebApp:533 - Chromium requires no authentication
2024-10-14 09:09:07,462 [INFO] WebApp:476 - Direct internet connection detected
2024-10-14 09:09:07,517 [INFO] WebApp:869 - Register for checkConnection events
2024-10-14 09:09:07,517 [INFO] WebApp:448 - Apply proxy settings
2024-10-14 09:09:07,518 [INFO] WebApp:533 - Chromium requires no authentication
2024-10-14 09:09:07,518 [INFO] WebApp:476 - Direct internet connection detected
2024-10-14 09:09:07,815 [INFO] WebApp:220 - Starting web application
2024-10-14 09:09:07,815 [INFO] WebApp:578 - Web application path used D:\ST\STM32CubeIDE_1.16.0\STM32CubeIDE\plugins\com.st.stm32cube.common.mx_6.12.0.202406281431\db\plugins\mcufinder\reactClient1\index.html
2024-10-14 09:09:07,864 [INFO] WebApp:186 - Connection restablished
2024-10-14 17:06:31,714 [ERROR] ConfigurationRetriever:142 - IOException on connection: Read timed out
2024-10-14 23:30:35,275 [ERROR] LogOutputStream:75 - [STDERR_REDIRECT] 
