2024-09-29 10:01:04,940 [INFO] Activator:176 - 


2024-09-29 10:01:04,971 [INFO] Activator:177 - !SESSION log4j initialized
2024-09-29 10:01:24,528 [INFO] LogOutputStream:77 - [STDOUT_REDIRECT] 
2024-09-29 10:01:38,218 [INFO] ApplicationProperties:184 - Using Application install path: D:\ST\STM32CubeIDE_1.16.0\STM32CubeIDE\plugins\com.st.stm32cube.common.mx_6.12.0.202406281431
2024-09-29 10:01:38,304 [INFO] DbMcusXml:78 - Set database path to: D:\ST\STM32CubeIDE_1.16.0\STM32CubeIDE\plugins\com.st.stm32cube.common.mx_6.12.0.202406281431\\db\/mcu/
2024-09-29 10:01:38,306 [INFO] ApiDb:274 - Set plugin database path to: D:\ST\STM32CubeIDE_1.16.0\STM32CubeIDE\plugins\com.st.stm32cube.common.mx_6.12.0.202406281431\\db\/plugins/boardmanager/
2024-09-29 10:01:38,307 [WARN] ApiDb:259 - Overriding images path with different value:  => D:\ST\STM32CubeIDE_1.16.0\STM32CubeIDE\plugins\com.st.stm32cube.common.mx_6.12.0.202406281431\\db\/plugins/mcufinder/images/
2024-09-29 10:01:38,451 [INFO] ApiDb:250 - Set database path to: C:\Users\Asus\.stmcufinder\plugins\mcufinder//mcu/
2024-09-29 10:01:38,453 [INFO] DbMcusAds:125 - Set database path to: C:\Users\Asus\.stmcufinder\plugins\mcufinder//mcu/
2024-09-29 10:01:38,473 [INFO] CrossReferenceDbSqlite:203 - Set database path to: C:\Users\Asus\.stmcufinder\plugins\mcufinder//mcu/cs/
2024-09-29 10:01:38,828 [INFO] RulesReader:64 - Compatibility file has been processed (297 Rules)
2024-09-29 10:01:39,089 [INFO] DbMcusXml:78 - Set database path to: D:\ST\STM32CubeIDE_1.16.0\STM32CubeIDE\plugins\com.st.stm32cube.common.mx_6.12.0.202406281431\\db\/mcu/
2024-09-29 10:01:39,089 [INFO] ApiDb:274 - Set plugin database path to: D:\ST\STM32CubeIDE_1.16.0\STM32CubeIDE\plugins\com.st.stm32cube.common.mx_6.12.0.202406281431\\db\/plugins/boardmanager/
2024-09-29 10:01:39,090 [INFO] ApiDb:261 - Set plugin images path to: D:\ST\STM32CubeIDE_1.16.0\STM32CubeIDE\plugins\com.st.stm32cube.common.mx_6.12.0.202406281431\\db\/plugins/mcufinder/images/
2024-09-29 10:01:39,090 [WARN] DbFile:41 - Overriding database path with different value: C:\Users\Asus\.stmcufinder\plugins\mcufinder/ => C:\Users\Asus\.stmcufinder\plugins\mcufinder
2024-09-29 10:01:39,090 [INFO] ApiDb:250 - Set database path to: C:\Users\Asus\.stmcufinder\plugins\mcufinder//mcu/
2024-09-29 10:01:39,090 [WARN] DbFile:41 - Overriding database path with different value: C:\Users\Asus\.stmcufinder\plugins\mcufinder/ => C:\Users\Asus\.stmcufinder\plugins\mcufinder
2024-09-29 10:01:39,090 [INFO] DbMcusAds:125 - Set database path to: C:\Users\Asus\.stmcufinder\plugins\mcufinder//mcu/
2024-09-29 10:01:39,090 [WARN] DbFile:41 - Overriding database path with different value: C:\Users\Asus\.stmcufinder\plugins\mcufinder/ => C:\Users\Asus\.stmcufinder\plugins\mcufinder
2024-09-29 10:01:39,091 [WARN] DbFile:41 - Overriding database path with different value: C:\Users\Asus\.stmcufinder\plugins\mcufinder/ => C:\Users\Asus\.stmcufinder\plugins\mcufinder
2024-09-29 10:01:39,091 [INFO] CrossReferenceDbSqlite:203 - Set database path to: C:\Users\Asus\.stmcufinder\plugins\mcufinder//mcu/cs/
2024-09-29 10:01:39,364 [INFO] MainPanel:268 - HeapMemory: 268435456
2024-09-29 10:01:39,822 [INFO] DbMcusXml:78 - Set database path to: D:\ST\STM32CubeIDE_1.16.0\STM32CubeIDE\plugins\com.st.stm32cube.common.mx_6.12.0.202406281431\\db\/mcu/
2024-09-29 10:01:39,823 [INFO] ApiDb:274 - Set plugin database path to: D:\ST\STM32CubeIDE_1.16.0\STM32CubeIDE\plugins\com.st.stm32cube.common.mx_6.12.0.202406281431\\db\/plugins/boardmanager/
2024-09-29 10:01:39,824 [INFO] ApiDb:261 - Set plugin images path to: D:\ST\STM32CubeIDE_1.16.0\STM32CubeIDE\plugins\com.st.stm32cube.common.mx_6.12.0.202406281431\\db\/plugins/mcufinder/images/
2024-09-29 10:01:39,825 [WARN] DbFile:41 - Overriding database path with different value: C:\Users\Asus\.stmcufinder\plugins\mcufinder/ => C:\Users\Asus\.stmcufinder\plugins\mcufinder
2024-09-29 10:01:39,826 [INFO] ApiDb:250 - Set database path to: C:\Users\Asus\.stmcufinder\plugins\mcufinder//mcu/
2024-09-29 10:01:39,826 [WARN] DbFile:41 - Overriding database path with different value: C:\Users\Asus\.stmcufinder\plugins\mcufinder/ => C:\Users\Asus\.stmcufinder\plugins\mcufinder
2024-09-29 10:01:39,826 [INFO] DbMcusAds:125 - Set database path to: C:\Users\Asus\.stmcufinder\plugins\mcufinder//mcu/
2024-09-29 10:01:39,826 [WARN] DbFile:41 - Overriding database path with different value: C:\Users\Asus\.stmcufinder\plugins\mcufinder/ => C:\Users\Asus\.stmcufinder\plugins\mcufinder
2024-09-29 10:01:39,826 [WARN] DbFile:41 - Overriding database path with different value: C:\Users\Asus\.stmcufinder\plugins\mcufinder/ => C:\Users\Asus\.stmcufinder\plugins\mcufinder
2024-09-29 10:01:39,826 [INFO] CrossReferenceDbSqlite:203 - Set database path to: C:\Users\Asus\.stmcufinder\plugins\mcufinder//mcu/cs/
2024-09-29 10:01:39,852 [INFO] ApplicationProperties:184 - Using Application install path: D:\ST\STM32CubeIDE_1.16.0\STM32CubeIDE\plugins\com.st.stm32cube.common.mx_6.12.0.202406281431
2024-09-29 10:01:39,854 [INFO] PluginManage:196 - Search for loadable plugins [exclusion list=, ]
2024-09-29 10:01:39,858 [INFO] PluginManage:310 - Check plugin analytics
2024-09-29 10:01:49,882 [INFO] AnalyticsPlugin:253 - Accepted Software Licenses: 
2024-09-29 10:01:49,882 [INFO] AnalyticsPlugin:255 - Accepted CMSIS Pack Licenses: 
2024-09-29 10:01:49,883 [INFO] AnalyticsPlugin:257 - Accepted Firmware Licenses: 
2024-09-29 10:01:49,888 [INFO] PluginManage:359 - Loaded plugin analytics (category:tool,tabindex:-1)
2024-09-29 10:01:49,888 [INFO] PluginManage:310 - Check plugin cadmodel
2024-09-29 10:01:49,941 [INFO] CADModel:105 - Init CAD model plugin
2024-09-29 10:01:49,942 [INFO] PluginManage:359 - Loaded plugin cadmodel (category:power,tabindex:5)
2024-09-29 10:01:49,942 [INFO] PluginManage:310 - Check plugin clock
2024-09-29 10:01:49,975 [INFO] PluginManage:359 - Loaded plugin clock (category:base,tabindex:2)
2024-09-29 10:01:49,975 [INFO] PluginManage:310 - Check plugin ddr
2024-09-29 10:01:49,998 [INFO] PluginManage:359 - Loaded plugin ddr (category:tool,tabindex:6)
2024-09-29 10:01:49,998 [INFO] PluginManage:310 - Check plugin filemanager
2024-09-29 10:01:50,395 [INFO] PluginManage:359 - Loaded plugin filemanager (category:base,tabindex:10)
2024-09-29 10:01:50,396 [INFO] PluginManage:310 - Check plugin ipmanager
2024-09-29 10:01:50,407 [INFO] PluginManage:359 - Loaded plugin ipmanager (category:base,tabindex:5)
2024-09-29 10:01:50,408 [INFO] PluginManage:310 - Check plugin lpbam
2024-09-29 10:01:50,460 [INFO] PluginManage:359 - Loaded plugin lpbam (category:base,tabindex:0)
2024-09-29 10:01:50,461 [INFO] PluginManage:310 - Check plugin memorymap
2024-09-29 10:01:50,505 [INFO] PluginManage:359 - Loaded plugin memorymap (category:base,tabindex:4)
2024-09-29 10:01:50,505 [INFO] PluginManage:310 - Check plugin pinoutandconfiguration
2024-09-29 10:01:50,525 [INFO] PluginManage:359 - Loaded plugin pinoutandconfiguration (category:base,tabindex:1)
2024-09-29 10:01:50,525 [INFO] PluginManage:310 - Check plugin pinoutconfig
2024-09-29 10:01:50,741 [WARN] SupportedApi:132 - Cannot load RTOS API schema: s4s-elt-must-match.1: The content of 'definitions' must match (annotation?, (simpleType | complexType)?, (unique | key | keyref)*)). A problem was found starting at: attribute.
2024-09-29 10:01:51,058 [INFO] PluginManage:359 - Loaded plugin pinoutconfig (category:base,tabindex:0)
2024-09-29 10:01:51,058 [INFO] PluginManage:310 - Check plugin power
2024-09-29 10:01:51,171 [INFO] PluginManage:359 - Loaded plugin power (category:power,tabindex:4)
2024-09-29 10:01:51,171 [INFO] PluginManage:310 - Check plugin projectmanager
2024-09-29 10:01:51,226 [INFO] PluginManage:359 - Loaded plugin projectmanager (category:projectmanager,tabindex:4)
2024-09-29 10:01:51,226 [INFO] PluginManage:310 - Check plugin rif
2024-09-29 10:01:51,270 [INFO] PluginManage:359 - Loaded plugin rif (category:base,tabindex:3)
2024-09-29 10:01:51,271 [INFO] PluginManage:310 - Check plugin thirdparty
2024-09-29 10:01:51,979 [INFO] PluginManage:359 - Loaded plugin thirdparty (category:base,tabindex:-1)
2024-09-29 10:01:51,979 [WARN] IntegrityCheckThread:84 - waiting for thirdparty lock release [integrity check]
2024-09-29 10:01:51,996 [INFO] IntegrityCheckThread:86 - entering critical section [integrity check]
2024-09-29 10:01:51,996 [INFO] PluginManage:310 - Check plugin tools
2024-09-29 10:01:51,997 [INFO] ThirdPartyUpdaterWithRetryManager:70 - Updater plugin not ready yet. [1/15]
2024-09-29 10:01:52,054 [INFO] PluginManage:359 - Loaded plugin tools (category:base,tabindex:7)
2024-09-29 10:01:52,054 [INFO] PluginManage:310 - Check plugin tutovideos
2024-09-29 10:01:52,641 [INFO] PluginManage:359 - Loaded plugin tutovideos (category:base,tabindex:-1)
2024-09-29 10:01:52,641 [INFO] PluginManage:310 - Check plugin updater
2024-09-29 10:01:52,702 [INFO] PluginManage:359 - Loaded plugin updater (category:base,tabindex:12)
2024-09-29 10:01:52,702 [INFO] PluginManage:310 - Check plugin userauth
2024-09-29 10:01:52,748 [INFO] UserAuth:113 - Init User Auth plugin
2024-09-29 10:01:52,748 [INFO] PluginManage:359 - Loaded plugin userauth (category:base,tabindex:14)
2024-09-29 10:01:52,749 [INFO] PluginManage:283 - PluginManage : Loaded plugins [18]
2024-09-29 10:01:53,337 [INFO] PinOutPanel:1561 - setPackage(No Configuration,No Configuration)
2024-09-29 10:01:53,535 [INFO] CADModel:165 - CPN selected for project level
2024-09-29 10:01:53,537 [INFO] CADModel:114 - Register for checkConnection events
2024-09-29 10:01:53,620 [INFO] IPUIPlugin:80 - create IPUIPlugin
2024-09-29 10:01:53,621 [INFO] PluginManager:220 - loadIPPluginJar : add adc
2024-09-29 10:01:53,673 [INFO] IPUIPlugin:80 - create IPUIPlugin
2024-09-29 10:01:53,673 [INFO] PluginManager:220 - loadIPPluginJar : add aes
2024-09-29 10:01:53,735 [INFO] IPUIPlugin:80 - create IPUIPlugin
2024-09-29 10:01:53,735 [INFO] PluginManager:220 - loadIPPluginJar : add can
2024-09-29 10:01:53,784 [INFO] IPUIPlugin:80 - create IPUIPlugin
2024-09-29 10:01:53,784 [INFO] PluginManager:220 - loadIPPluginJar : add comp
2024-09-29 10:01:53,866 [INFO] IPUIPlugin:80 - create IPUIPlugin
2024-09-29 10:01:53,867 [INFO] PluginManager:220 - loadIPPluginJar : add cryp
2024-09-29 10:01:53,927 [INFO] IPUIPlugin:80 - create IPUIPlugin
2024-09-29 10:01:53,928 [INFO] PluginManager:220 - loadIPPluginJar : add ddr_ctrl_phy
2024-09-29 10:01:53,976 [INFO] IPUIPlugin:80 - create IPUIPlugin
2024-09-29 10:01:53,977 [INFO] PluginManager:220 - loadIPPluginJar : add dfsdm
2024-09-29 10:01:54,012 [INFO] IPUIPlugin:80 - create IPUIPlugin
2024-09-29 10:01:54,012 [INFO] PluginManager:220 - loadIPPluginJar : add dma
2024-09-29 10:01:54,076 [INFO] IPUIPlugin:80 - create IPUIPlugin
2024-09-29 10:01:54,077 [INFO] PluginManager:220 - loadIPPluginJar : add dma3
2024-09-29 10:01:54,200 [INFO] IPUIPlugin:80 - create IPUIPlugin
2024-09-29 10:01:54,200 [INFO] PluginManager:220 - loadIPPluginJar : add extmemmanager
2024-09-29 10:01:54,259 [INFO] IPUIPlugin:80 - create IPUIPlugin
2024-09-29 10:01:54,259 [INFO] PluginManager:220 - loadIPPluginJar : add fatfs
2024-09-29 10:01:54,358 [INFO] IPUIPlugin:80 - create IPUIPlugin
2024-09-29 10:01:54,358 [INFO] PluginManager:220 - loadIPPluginJar : add fmc
2024-09-29 10:01:54,416 [INFO] IPUIPlugin:80 - create IPUIPlugin
2024-09-29 10:01:54,417 [INFO] PluginManager:220 - loadIPPluginJar : add freertos
2024-09-29 10:01:54,467 [INFO] IPUIPlugin:80 - create IPUIPlugin
2024-09-29 10:01:54,468 [INFO] PluginManager:220 - loadIPPluginJar : add genericplugin
2024-09-29 10:01:54,652 [INFO] IPUIPlugin:80 - create IPUIPlugin
2024-09-29 10:01:54,653 [INFO] PluginManager:220 - loadIPPluginJar : add gfxmmu
2024-09-29 10:01:54,955 [INFO] IPUIPlugin:80 - create IPUIPlugin
2024-09-29 10:01:54,955 [INFO] PluginManager:220 - loadIPPluginJar : add gic
2024-09-29 10:01:55,003 [INFO] ThirdPartyUpdaterWithRetryManager:70 - Updater plugin not ready yet. [2/15]
2024-09-29 10:01:55,022 [INFO] IPUIPlugin:80 - create IPUIPlugin
2024-09-29 10:01:55,022 [INFO] PluginManager:220 - loadIPPluginJar : add gpio
2024-09-29 10:01:55,157 [INFO] IPUIPlugin:80 - create IPUIPlugin
2024-09-29 10:01:55,157 [INFO] PluginManager:220 - loadIPPluginJar : add gtzc
2024-09-29 10:01:55,244 [INFO] IPUIPlugin:80 - create IPUIPlugin
2024-09-29 10:01:55,245 [INFO] PluginManager:220 - loadIPPluginJar : add hash
2024-09-29 10:01:55,363 [INFO] IPUIPlugin:80 - create IPUIPlugin
2024-09-29 10:01:55,364 [INFO] PluginManager:220 - loadIPPluginJar : add i2c
2024-09-29 10:01:55,469 [INFO] IPUIPlugin:80 - create IPUIPlugin
2024-09-29 10:01:55,469 [INFO] PluginManager:220 - loadIPPluginJar : add i2s
2024-09-29 10:01:55,530 [INFO] IPUIPlugin:80 - create IPUIPlugin
2024-09-29 10:01:55,530 [INFO] PluginManager:220 - loadIPPluginJar : add i3c
2024-09-29 10:01:55,712 [INFO] IPUIPlugin:80 - create IPUIPlugin
2024-09-29 10:01:55,712 [INFO] PluginManager:220 - loadIPPluginJar : add ipddr
2024-09-29 10:01:55,917 [INFO] IPUIPlugin:80 - create IPUIPlugin
2024-09-29 10:01:55,917 [INFO] PluginManager:220 - loadIPPluginJar : add linkedlist
2024-09-29 10:01:55,988 [INFO] IPUIPlugin:80 - create IPUIPlugin
2024-09-29 10:01:55,988 [INFO] PluginManager:220 - loadIPPluginJar : add lorawan
2024-09-29 10:01:56,037 [INFO] IPUIPlugin:80 - create IPUIPlugin
2024-09-29 10:01:56,037 [INFO] PluginManager:220 - loadIPPluginJar : add ltdc
2024-09-29 10:01:56,108 [INFO] IPUIPlugin:80 - create IPUIPlugin
2024-09-29 10:01:56,109 [INFO] PluginManager:220 - loadIPPluginJar : add mdma
2024-09-29 10:01:56,154 [INFO] IPUIPlugin:80 - create IPUIPlugin
2024-09-29 10:01:56,155 [INFO] PluginManager:220 - loadIPPluginJar : add nvic
2024-09-29 10:01:56,225 [INFO] IPUIPlugin:80 - create IPUIPlugin
2024-09-29 10:01:56,225 [INFO] PluginManager:220 - loadIPPluginJar : add opamp
2024-09-29 10:01:56,354 [INFO] IPUIPlugin:80 - create IPUIPlugin
2024-09-29 10:01:56,354 [INFO] PluginManager:220 - loadIPPluginJar : add openamp
2024-09-29 10:01:56,495 [INFO] IPUIPlugin:80 - create IPUIPlugin
2024-09-29 10:01:56,495 [INFO] PluginManager:220 - loadIPPluginJar : add pdm2pcm
2024-09-29 10:01:56,557 [INFO] IPUIPlugin:80 - create IPUIPlugin
2024-09-29 10:01:56,562 [INFO] PluginManager:220 - loadIPPluginJar : add plateformsettings
2024-09-29 10:01:56,630 [INFO] IPUIPlugin:80 - create IPUIPlugin
2024-09-29 10:01:56,631 [INFO] PluginManager:220 - loadIPPluginJar : add quadspi
2024-09-29 10:01:56,690 [INFO] IPUIPlugin:80 - create IPUIPlugin
2024-09-29 10:01:56,692 [INFO] PluginManager:220 - loadIPPluginJar : add radio
2024-09-29 10:01:56,733 [INFO] IPUIPlugin:80 - create IPUIPlugin
2024-09-29 10:01:56,733 [INFO] PluginManager:220 - loadIPPluginJar : add resmgrutility
2024-09-29 10:01:56,842 [INFO] IPUIPlugin:80 - create IPUIPlugin
2024-09-29 10:01:56,843 [INFO] PluginManager:220 - loadIPPluginJar : add sai
2024-09-29 10:01:56,900 [INFO] IPUIPlugin:80 - create IPUIPlugin
2024-09-29 10:01:56,900 [INFO] PluginManager:220 - loadIPPluginJar : add spi
2024-09-29 10:01:56,987 [INFO] IPUIPlugin:80 - create IPUIPlugin
2024-09-29 10:01:56,987 [INFO] PluginManager:220 - loadIPPluginJar : add stm32_wpan
2024-09-29 10:01:57,017 [INFO] IPUIPlugin:80 - create IPUIPlugin
2024-09-29 10:01:57,017 [INFO] PluginManager:220 - loadIPPluginJar : add tim
2024-09-29 10:01:57,152 [INFO] IPUIPlugin:80 - create IPUIPlugin
2024-09-29 10:01:57,153 [INFO] PluginManager:220 - loadIPPluginJar : add touchsensing
2024-09-29 10:01:57,201 [INFO] IPUIPlugin:80 - create IPUIPlugin
2024-09-29 10:01:57,201 [INFO] PluginManager:220 - loadIPPluginJar : add tracer_emb
2024-09-29 10:01:57,238 [INFO] IPUIPlugin:80 - create IPUIPlugin
2024-09-29 10:01:57,238 [INFO] PluginManager:220 - loadIPPluginJar : add ts
2024-09-29 10:01:57,317 [INFO] IPUIPlugin:80 - create IPUIPlugin
2024-09-29 10:01:57,317 [INFO] PluginManager:220 - loadIPPluginJar : add tsc
2024-09-29 10:01:57,362 [INFO] IPUIPlugin:80 - create IPUIPlugin
2024-09-29 10:01:57,362 [INFO] PluginManager:220 - loadIPPluginJar : add ucpd
2024-09-29 10:01:57,427 [INFO] IPUIPlugin:80 - create IPUIPlugin
2024-09-29 10:01:57,427 [INFO] PluginManager:220 - loadIPPluginJar : add usart
2024-09-29 10:01:57,517 [INFO] IPUIPlugin:80 - create IPUIPlugin
2024-09-29 10:01:57,518 [INFO] PluginManager:220 - loadIPPluginJar : add usbx
2024-09-29 10:01:57,698 [INFO] CADModel:165 - CPN selected for project level
2024-09-29 10:01:57,699 [INFO] CADModel:114 - Register for checkConnection events
2024-09-29 10:01:57,699 [FATAL] Updater:334 - Updater called before beeing initialized
2024-09-29 10:01:57,700 [ERROR] CADModel:125 - Updater not yet initialized, retry later 
2024-09-29 10:01:58,020 [INFO] ThirdPartyUpdaterWithRetryManager:70 - Updater plugin not ready yet. [3/15]
2024-09-29 10:01:58,057 [INFO] CADModel:165 - CPN selected for project level
2024-09-29 10:01:58,058 [INFO] CADModel:114 - Register for checkConnection events
2024-09-29 10:01:58,058 [FATAL] Updater:334 - Updater called before beeing initialized
2024-09-29 10:01:58,058 [ERROR] CADModel:125 - Updater not yet initialized, retry later 
2024-09-29 10:01:58,064 [FATAL] Updater:334 - Updater called before beeing initialized
2024-09-29 10:01:58,240 [FATAL] Updater:334 - Updater called before beeing initialized
2024-09-29 10:01:58,265 [INFO] DbMcusAds:53 - JSON generation date=Fri Sep 20 20:04:23 ICT 2024 (1726837463113)
2024-09-29 10:01:58,265 [FATAL] Updater:334 - Updater called before beeing initialized
2024-09-29 10:01:58,466 [WARN] DetailPanel:346 - Failed to get advertising image, set to default
2024-09-29 10:01:58,624 [FATAL] Updater:334 - Updater called before beeing initialized
2024-09-29 10:01:58,627 [FATAL] Updater:334 - Updater called before beeing initialized
2024-09-29 10:01:58,627 [FATAL] Updater:334 - Updater called before beeing initialized
2024-09-29 10:01:58,627 [WARN] DetailPanel:346 - Failed to get advertising image, set to default
2024-09-29 10:01:58,629 [FATAL] Updater:334 - Updater called before beeing initialized
2024-09-29 10:01:58,803 [ERROR] Updater:1164 - MainUpdater not yet initialized. External WinMGr cannot be set.
2024-09-29 10:01:58,842 [INFO] Updater:1100 - Updater Version found : 6.12.0
2024-09-29 10:01:58,912 [INFO] ApplicationProperties:184 - Using Application install path: D:\ST\STM32CubeIDE_1.16.0\STM32CubeIDE\plugins\com.st.stm32cube.common.mx_6.12.0.202406281431
2024-09-29 10:02:00,588 [ERROR] LogOutputStream:75 - [STDERR_REDIRECT] Sep 29, 2024 10:02:00 AM java.util.prefs.WindowsPreferences <init>
2024-09-29 10:02:00,592 [ERROR] LogOutputStream:75 - [STDERR_REDIRECT] WARNING: Could not open/create prefs root node Software\JavaSoft\Prefs at root 0xffffffff80000002. Windows RegCreateKeyEx(...) returned error code 5.
2024-09-29 10:02:00,593 [ERROR] LogOutputStream:75 - [STDERR_REDIRECT] 
2024-09-29 10:02:01,036 [FATAL] Updater:334 - Updater called before beeing initialized
2024-09-29 10:02:01,037 [ERROR] IntegrityCheckThread:130 - Cannot retrieve database content from updater: error 21
2024-09-29 10:02:01,038 [INFO] ThirdParty:978 - Integrity check success = false
2024-09-29 10:02:01,038 [INFO] IntegrityCheckThread:100 - exiting critical section [integrity check]
2024-09-29 10:02:01,038 [INFO] IntegrityCheckThread:103 - End integrity checks thread
2024-09-29 10:02:01,397 [INFO] MainUpdater:2873 - connection check result : 10
2024-09-29 10:02:01,401 [INFO] MainUpdater:290 - Updater Check For Update Now.
2024-09-29 10:02:01,401 [INFO] MicroXplorer:498 - Change Database Version : DB.6.0.120
2024-09-29 10:02:01,489 [INFO] McuFinderGlobals:63 - Set McuFinder mode to 2 (CubeIDE integrated)
2024-09-29 10:02:01,490 [INFO] UserAuth:179 - activating auth plugin
2024-09-29 10:02:01,494 [INFO] UserAuth:417 - Internet connection configuration mode: 1
2024-09-29 10:02:01,622 [INFO] JxBrowserEngine:152 - Initiate JxBrowser Engine with user profile folder
2024-09-29 10:02:01,768 [INFO] CheckServerUpdateThread:120 - End of CheckServer Thread
2024-09-29 10:02:07,751 [INFO] WebApp:167 - Instantiating new browser for Auth
2024-09-29 10:02:09,363 [INFO] WebApp:448 - Apply proxy settings
2024-09-29 10:02:09,364 [INFO] WebApp:533 - Chromium requires no authentication
2024-09-29 10:02:09,393 [INFO] WebApp:476 - Direct internet connection detected
2024-09-29 10:02:09,444 [INFO] WebApp:869 - Register for checkConnection events
2024-09-29 10:02:09,445 [INFO] WebApp:448 - Apply proxy settings
2024-09-29 10:02:09,445 [INFO] WebApp:533 - Chromium requires no authentication
2024-09-29 10:02:09,446 [INFO] WebApp:476 - Direct internet connection detected
2024-09-29 10:02:09,834 [INFO] WebApp:220 - Starting web application
2024-09-29 10:02:09,835 [INFO] WebApp:578 - Web application path used D:\ST\STM32CubeIDE_1.16.0\STM32CubeIDE\plugins\com.st.stm32cube.common.mx_6.12.0.202406281431\db\plugins\mcufinder\reactClient1\index.html
2024-09-29 10:02:10,635 [INFO] WebApp:186 - Connection restablished
2024-09-29 22:19:30,794 [INFO] Activator:176 - 


2024-09-29 22:19:30,798 [INFO] Activator:177 - !SESSION log4j initialized
2024-09-29 22:19:49,103 [INFO] LogOutputStream:77 - [STDOUT_REDIRECT] 
2024-09-29 22:20:03,585 [INFO] ApplicationProperties:184 - Using Application install path: D:\ST\STM32CubeIDE_1.16.0\STM32CubeIDE\plugins\com.st.stm32cube.common.mx_6.12.0.202406281431
2024-09-29 22:20:03,660 [INFO] DbMcusXml:78 - Set database path to: D:\ST\STM32CubeIDE_1.16.0\STM32CubeIDE\plugins\com.st.stm32cube.common.mx_6.12.0.202406281431\\db\/mcu/
2024-09-29 22:20:03,661 [INFO] ApiDb:274 - Set plugin database path to: D:\ST\STM32CubeIDE_1.16.0\STM32CubeIDE\plugins\com.st.stm32cube.common.mx_6.12.0.202406281431\\db\/plugins/boardmanager/
2024-09-29 22:20:03,661 [WARN] ApiDb:259 - Overriding images path with different value:  => D:\ST\STM32CubeIDE_1.16.0\STM32CubeIDE\plugins\com.st.stm32cube.common.mx_6.12.0.202406281431\\db\/plugins/mcufinder/images/
2024-09-29 22:20:03,823 [INFO] ApiDb:250 - Set database path to: C:\Users\Asus\.stmcufinder\plugins\mcufinder//mcu/
2024-09-29 22:20:03,825 [INFO] DbMcusAds:125 - Set database path to: C:\Users\Asus\.stmcufinder\plugins\mcufinder//mcu/
2024-09-29 22:20:03,844 [INFO] CrossReferenceDbSqlite:203 - Set database path to: C:\Users\Asus\.stmcufinder\plugins\mcufinder//mcu/cs/
2024-09-29 22:20:04,203 [INFO] RulesReader:64 - Compatibility file has been processed (297 Rules)
2024-09-29 22:20:04,544 [INFO] DbMcusXml:78 - Set database path to: D:\ST\STM32CubeIDE_1.16.0\STM32CubeIDE\plugins\com.st.stm32cube.common.mx_6.12.0.202406281431\\db\/mcu/
2024-09-29 22:20:04,545 [INFO] ApiDb:274 - Set plugin database path to: D:\ST\STM32CubeIDE_1.16.0\STM32CubeIDE\plugins\com.st.stm32cube.common.mx_6.12.0.202406281431\\db\/plugins/boardmanager/
2024-09-29 22:20:04,545 [INFO] ApiDb:261 - Set plugin images path to: D:\ST\STM32CubeIDE_1.16.0\STM32CubeIDE\plugins\com.st.stm32cube.common.mx_6.12.0.202406281431\\db\/plugins/mcufinder/images/
2024-09-29 22:20:04,545 [WARN] DbFile:41 - Overriding database path with different value: C:\Users\Asus\.stmcufinder\plugins\mcufinder/ => C:\Users\Asus\.stmcufinder\plugins\mcufinder
2024-09-29 22:20:04,546 [INFO] ApiDb:250 - Set database path to: C:\Users\Asus\.stmcufinder\plugins\mcufinder//mcu/
2024-09-29 22:20:04,546 [WARN] DbFile:41 - Overriding database path with different value: C:\Users\Asus\.stmcufinder\plugins\mcufinder/ => C:\Users\Asus\.stmcufinder\plugins\mcufinder
2024-09-29 22:20:04,546 [INFO] DbMcusAds:125 - Set database path to: C:\Users\Asus\.stmcufinder\plugins\mcufinder//mcu/
2024-09-29 22:20:04,546 [WARN] DbFile:41 - Overriding database path with different value: C:\Users\Asus\.stmcufinder\plugins\mcufinder/ => C:\Users\Asus\.stmcufinder\plugins\mcufinder
2024-09-29 22:20:04,546 [WARN] DbFile:41 - Overriding database path with different value: C:\Users\Asus\.stmcufinder\plugins\mcufinder/ => C:\Users\Asus\.stmcufinder\plugins\mcufinder
2024-09-29 22:20:04,546 [INFO] CrossReferenceDbSqlite:203 - Set database path to: C:\Users\Asus\.stmcufinder\plugins\mcufinder//mcu/cs/
2024-09-29 22:20:04,767 [INFO] MainPanel:268 - HeapMemory: 268435456
2024-09-29 22:20:05,137 [INFO] DbMcusXml:78 - Set database path to: D:\ST\STM32CubeIDE_1.16.0\STM32CubeIDE\plugins\com.st.stm32cube.common.mx_6.12.0.202406281431\\db\/mcu/
2024-09-29 22:20:05,137 [INFO] ApiDb:274 - Set plugin database path to: D:\ST\STM32CubeIDE_1.16.0\STM32CubeIDE\plugins\com.st.stm32cube.common.mx_6.12.0.202406281431\\db\/plugins/boardmanager/
2024-09-29 22:20:05,138 [INFO] ApiDb:261 - Set plugin images path to: D:\ST\STM32CubeIDE_1.16.0\STM32CubeIDE\plugins\com.st.stm32cube.common.mx_6.12.0.202406281431\\db\/plugins/mcufinder/images/
2024-09-29 22:20:05,139 [WARN] DbFile:41 - Overriding database path with different value: C:\Users\Asus\.stmcufinder\plugins\mcufinder/ => C:\Users\Asus\.stmcufinder\plugins\mcufinder
2024-09-29 22:20:05,139 [INFO] ApiDb:250 - Set database path to: C:\Users\Asus\.stmcufinder\plugins\mcufinder//mcu/
2024-09-29 22:20:05,139 [WARN] DbFile:41 - Overriding database path with different value: C:\Users\Asus\.stmcufinder\plugins\mcufinder/ => C:\Users\Asus\.stmcufinder\plugins\mcufinder
2024-09-29 22:20:05,139 [INFO] DbMcusAds:125 - Set database path to: C:\Users\Asus\.stmcufinder\plugins\mcufinder//mcu/
2024-09-29 22:20:05,139 [WARN] DbFile:41 - Overriding database path with different value: C:\Users\Asus\.stmcufinder\plugins\mcufinder/ => C:\Users\Asus\.stmcufinder\plugins\mcufinder
2024-09-29 22:20:05,141 [WARN] DbFile:41 - Overriding database path with different value: C:\Users\Asus\.stmcufinder\plugins\mcufinder/ => C:\Users\Asus\.stmcufinder\plugins\mcufinder
2024-09-29 22:20:05,141 [INFO] CrossReferenceDbSqlite:203 - Set database path to: C:\Users\Asus\.stmcufinder\plugins\mcufinder//mcu/cs/
2024-09-29 22:20:05,182 [INFO] ApplicationProperties:184 - Using Application install path: D:\ST\STM32CubeIDE_1.16.0\STM32CubeIDE\plugins\com.st.stm32cube.common.mx_6.12.0.202406281431
2024-09-29 22:20:05,185 [INFO] PluginManage:196 - Search for loadable plugins [exclusion list=, ]
2024-09-29 22:20:05,202 [INFO] PluginManage:310 - Check plugin analytics
2024-09-29 22:20:15,246 [INFO] AnalyticsPlugin:253 - Accepted Software Licenses: 
2024-09-29 22:20:15,246 [INFO] AnalyticsPlugin:255 - Accepted CMSIS Pack Licenses: 
2024-09-29 22:20:15,246 [INFO] AnalyticsPlugin:257 - Accepted Firmware Licenses: 
2024-09-29 22:20:15,252 [INFO] PluginManage:359 - Loaded plugin analytics (category:tool,tabindex:-1)
2024-09-29 22:20:15,253 [INFO] PluginManage:310 - Check plugin cadmodel
2024-09-29 22:20:15,327 [INFO] CADModel:105 - Init CAD model plugin
2024-09-29 22:20:15,327 [INFO] PluginManage:359 - Loaded plugin cadmodel (category:power,tabindex:5)
2024-09-29 22:20:15,328 [INFO] PluginManage:310 - Check plugin clock
2024-09-29 22:20:15,391 [INFO] PluginManage:359 - Loaded plugin clock (category:base,tabindex:2)
2024-09-29 22:20:15,391 [INFO] PluginManage:310 - Check plugin ddr
2024-09-29 22:20:15,412 [INFO] PluginManage:359 - Loaded plugin ddr (category:tool,tabindex:6)
2024-09-29 22:20:15,412 [INFO] PluginManage:310 - Check plugin filemanager
2024-09-29 22:20:15,747 [INFO] PluginManage:359 - Loaded plugin filemanager (category:base,tabindex:10)
2024-09-29 22:20:15,748 [INFO] PluginManage:310 - Check plugin ipmanager
2024-09-29 22:20:15,764 [INFO] PluginManage:359 - Loaded plugin ipmanager (category:base,tabindex:5)
2024-09-29 22:20:15,764 [INFO] PluginManage:310 - Check plugin lpbam
2024-09-29 22:20:15,823 [INFO] PluginManage:359 - Loaded plugin lpbam (category:base,tabindex:0)
2024-09-29 22:20:15,823 [INFO] PluginManage:310 - Check plugin memorymap
2024-09-29 22:20:15,895 [INFO] PluginManage:359 - Loaded plugin memorymap (category:base,tabindex:4)
2024-09-29 22:20:15,896 [INFO] PluginManage:310 - Check plugin pinoutandconfiguration
2024-09-29 22:20:15,929 [INFO] PluginManage:359 - Loaded plugin pinoutandconfiguration (category:base,tabindex:1)
2024-09-29 22:20:15,929 [INFO] PluginManage:310 - Check plugin pinoutconfig
2024-09-29 22:20:16,177 [WARN] SupportedApi:132 - Cannot load RTOS API schema: s4s-elt-must-match.1: The content of 'definitions' must match (annotation?, (simpleType | complexType)?, (unique | key | keyref)*)). A problem was found starting at: attribute.
2024-09-29 22:20:16,585 [INFO] PluginManage:359 - Loaded plugin pinoutconfig (category:base,tabindex:0)
2024-09-29 22:20:16,585 [INFO] PluginManage:310 - Check plugin power
2024-09-29 22:20:16,675 [INFO] PluginManage:359 - Loaded plugin power (category:power,tabindex:4)
2024-09-29 22:20:16,675 [INFO] PluginManage:310 - Check plugin projectmanager
2024-09-29 22:20:16,740 [INFO] PluginManage:359 - Loaded plugin projectmanager (category:projectmanager,tabindex:4)
2024-09-29 22:20:16,740 [INFO] PluginManage:310 - Check plugin rif
2024-09-29 22:20:16,779 [INFO] PluginManage:359 - Loaded plugin rif (category:base,tabindex:3)
2024-09-29 22:20:16,779 [INFO] PluginManage:310 - Check plugin thirdparty
2024-09-29 22:20:17,492 [WARN] IntegrityCheckThread:84 - waiting for thirdparty lock release [integrity check]
2024-09-29 22:20:17,492 [INFO] IntegrityCheckThread:86 - entering critical section [integrity check]
2024-09-29 22:20:17,493 [INFO] PluginManage:359 - Loaded plugin thirdparty (category:base,tabindex:-1)
2024-09-29 22:20:17,493 [INFO] ThirdPartyUpdaterWithRetryManager:70 - Updater plugin not ready yet. [1/15]
2024-09-29 22:20:17,493 [INFO] PluginManage:310 - Check plugin tools
2024-09-29 22:20:17,564 [INFO] PluginManage:359 - Loaded plugin tools (category:base,tabindex:7)
2024-09-29 22:20:17,565 [INFO] PluginManage:310 - Check plugin tutovideos
2024-09-29 22:20:18,215 [INFO] PluginManage:359 - Loaded plugin tutovideos (category:base,tabindex:-1)
2024-09-29 22:20:18,215 [INFO] PluginManage:310 - Check plugin updater
2024-09-29 22:20:18,331 [INFO] PluginManage:359 - Loaded plugin updater (category:base,tabindex:12)
2024-09-29 22:20:18,332 [INFO] PluginManage:310 - Check plugin userauth
2024-09-29 22:20:18,377 [INFO] UserAuth:113 - Init User Auth plugin
2024-09-29 22:20:18,378 [INFO] PluginManage:359 - Loaded plugin userauth (category:base,tabindex:14)
2024-09-29 22:20:18,380 [INFO] PluginManage:283 - PluginManage : Loaded plugins [18]
2024-09-29 22:20:19,024 [INFO] PinOutPanel:1561 - setPackage(No Configuration,No Configuration)
2024-09-29 22:20:19,251 [INFO] CADModel:165 - CPN selected for project level
2024-09-29 22:20:19,252 [INFO] CADModel:114 - Register for checkConnection events
2024-09-29 22:20:19,368 [INFO] IPUIPlugin:80 - create IPUIPlugin
2024-09-29 22:20:19,368 [INFO] PluginManager:220 - loadIPPluginJar : add adc
2024-09-29 22:20:19,436 [INFO] IPUIPlugin:80 - create IPUIPlugin
2024-09-29 22:20:19,437 [INFO] PluginManager:220 - loadIPPluginJar : add aes
2024-09-29 22:20:19,540 [INFO] IPUIPlugin:80 - create IPUIPlugin
2024-09-29 22:20:19,541 [INFO] PluginManager:220 - loadIPPluginJar : add can
2024-09-29 22:20:19,621 [INFO] IPUIPlugin:80 - create IPUIPlugin
2024-09-29 22:20:19,622 [INFO] PluginManager:220 - loadIPPluginJar : add comp
2024-09-29 22:20:19,692 [INFO] IPUIPlugin:80 - create IPUIPlugin
2024-09-29 22:20:19,692 [INFO] PluginManager:220 - loadIPPluginJar : add cryp
2024-09-29 22:20:19,742 [INFO] IPUIPlugin:80 - create IPUIPlugin
2024-09-29 22:20:19,743 [INFO] PluginManager:220 - loadIPPluginJar : add ddr_ctrl_phy
2024-09-29 22:20:19,803 [INFO] IPUIPlugin:80 - create IPUIPlugin
2024-09-29 22:20:19,803 [INFO] PluginManager:220 - loadIPPluginJar : add dfsdm
2024-09-29 22:20:19,841 [INFO] IPUIPlugin:80 - create IPUIPlugin
2024-09-29 22:20:19,842 [INFO] PluginManager:220 - loadIPPluginJar : add dma
2024-09-29 22:20:19,905 [INFO] IPUIPlugin:80 - create IPUIPlugin
2024-09-29 22:20:19,906 [INFO] PluginManager:220 - loadIPPluginJar : add dma3
2024-09-29 22:20:20,015 [INFO] IPUIPlugin:80 - create IPUIPlugin
2024-09-29 22:20:20,016 [INFO] PluginManager:220 - loadIPPluginJar : add extmemmanager
2024-09-29 22:20:20,109 [INFO] IPUIPlugin:80 - create IPUIPlugin
2024-09-29 22:20:20,109 [INFO] PluginManager:220 - loadIPPluginJar : add fatfs
2024-09-29 22:20:20,213 [INFO] IPUIPlugin:80 - create IPUIPlugin
2024-09-29 22:20:20,214 [INFO] PluginManager:220 - loadIPPluginJar : add fmc
2024-09-29 22:20:20,270 [INFO] IPUIPlugin:80 - create IPUIPlugin
2024-09-29 22:20:20,270 [INFO] PluginManager:220 - loadIPPluginJar : add freertos
2024-09-29 22:20:20,314 [INFO] IPUIPlugin:80 - create IPUIPlugin
2024-09-29 22:20:20,314 [INFO] PluginManager:220 - loadIPPluginJar : add genericplugin
2024-09-29 22:20:20,495 [INFO] ThirdPartyUpdaterWithRetryManager:70 - Updater plugin not ready yet. [2/15]
2024-09-29 22:20:20,554 [INFO] IPUIPlugin:80 - create IPUIPlugin
2024-09-29 22:20:20,554 [INFO] PluginManager:220 - loadIPPluginJar : add gfxmmu
2024-09-29 22:20:20,879 [INFO] IPUIPlugin:80 - create IPUIPlugin
2024-09-29 22:20:20,879 [INFO] PluginManager:220 - loadIPPluginJar : add gic
2024-09-29 22:20:20,945 [INFO] IPUIPlugin:80 - create IPUIPlugin
2024-09-29 22:20:20,946 [INFO] PluginManager:220 - loadIPPluginJar : add gpio
2024-09-29 22:20:21,138 [INFO] IPUIPlugin:80 - create IPUIPlugin
2024-09-29 22:20:21,138 [INFO] PluginManager:220 - loadIPPluginJar : add gtzc
2024-09-29 22:20:21,238 [INFO] IPUIPlugin:80 - create IPUIPlugin
2024-09-29 22:20:21,239 [INFO] PluginManager:220 - loadIPPluginJar : add hash
2024-09-29 22:20:21,356 [INFO] IPUIPlugin:80 - create IPUIPlugin
2024-09-29 22:20:21,356 [INFO] PluginManager:220 - loadIPPluginJar : add i2c
2024-09-29 22:20:21,461 [INFO] IPUIPlugin:80 - create IPUIPlugin
2024-09-29 22:20:21,461 [INFO] PluginManager:220 - loadIPPluginJar : add i2s
2024-09-29 22:20:21,558 [INFO] IPUIPlugin:80 - create IPUIPlugin
2024-09-29 22:20:21,558 [INFO] PluginManager:220 - loadIPPluginJar : add i3c
2024-09-29 22:20:21,858 [INFO] IPUIPlugin:80 - create IPUIPlugin
2024-09-29 22:20:21,859 [INFO] PluginManager:220 - loadIPPluginJar : add ipddr
2024-09-29 22:20:22,074 [INFO] IPUIPlugin:80 - create IPUIPlugin
2024-09-29 22:20:22,075 [INFO] PluginManager:220 - loadIPPluginJar : add linkedlist
2024-09-29 22:20:22,156 [INFO] IPUIPlugin:80 - create IPUIPlugin
2024-09-29 22:20:22,156 [INFO] PluginManager:220 - loadIPPluginJar : add lorawan
2024-09-29 22:20:22,227 [INFO] IPUIPlugin:80 - create IPUIPlugin
2024-09-29 22:20:22,228 [INFO] PluginManager:220 - loadIPPluginJar : add ltdc
2024-09-29 22:20:22,278 [INFO] IPUIPlugin:80 - create IPUIPlugin
2024-09-29 22:20:22,278 [INFO] PluginManager:220 - loadIPPluginJar : add mdma
2024-09-29 22:20:22,315 [INFO] IPUIPlugin:80 - create IPUIPlugin
2024-09-29 22:20:22,316 [INFO] PluginManager:220 - loadIPPluginJar : add nvic
2024-09-29 22:20:22,376 [INFO] IPUIPlugin:80 - create IPUIPlugin
2024-09-29 22:20:22,376 [INFO] PluginManager:220 - loadIPPluginJar : add opamp
2024-09-29 22:20:22,522 [INFO] IPUIPlugin:80 - create IPUIPlugin
2024-09-29 22:20:22,522 [INFO] PluginManager:220 - loadIPPluginJar : add openamp
2024-09-29 22:20:22,646 [INFO] IPUIPlugin:80 - create IPUIPlugin
2024-09-29 22:20:22,646 [INFO] PluginManager:220 - loadIPPluginJar : add pdm2pcm
2024-09-29 22:20:22,698 [INFO] IPUIPlugin:80 - create IPUIPlugin
2024-09-29 22:20:22,702 [INFO] PluginManager:220 - loadIPPluginJar : add plateformsettings
2024-09-29 22:20:22,764 [INFO] IPUIPlugin:80 - create IPUIPlugin
2024-09-29 22:20:22,765 [INFO] PluginManager:220 - loadIPPluginJar : add quadspi
2024-09-29 22:20:22,844 [INFO] IPUIPlugin:80 - create IPUIPlugin
2024-09-29 22:20:22,846 [INFO] PluginManager:220 - loadIPPluginJar : add radio
2024-09-29 22:20:22,886 [INFO] IPUIPlugin:80 - create IPUIPlugin
2024-09-29 22:20:22,886 [INFO] PluginManager:220 - loadIPPluginJar : add resmgrutility
2024-09-29 22:20:23,022 [INFO] IPUIPlugin:80 - create IPUIPlugin
2024-09-29 22:20:23,022 [INFO] PluginManager:220 - loadIPPluginJar : add sai
2024-09-29 22:20:23,113 [INFO] IPUIPlugin:80 - create IPUIPlugin
2024-09-29 22:20:23,113 [INFO] PluginManager:220 - loadIPPluginJar : add spi
2024-09-29 22:20:23,252 [INFO] IPUIPlugin:80 - create IPUIPlugin
2024-09-29 22:20:23,252 [INFO] PluginManager:220 - loadIPPluginJar : add stm32_wpan
2024-09-29 22:20:23,297 [INFO] IPUIPlugin:80 - create IPUIPlugin
2024-09-29 22:20:23,297 [INFO] PluginManager:220 - loadIPPluginJar : add tim
2024-09-29 22:20:23,444 [INFO] IPUIPlugin:80 - create IPUIPlugin
2024-09-29 22:20:23,445 [INFO] PluginManager:220 - loadIPPluginJar : add touchsensing
2024-09-29 22:20:23,504 [INFO] ThirdPartyUpdaterWithRetryManager:70 - Updater plugin not ready yet. [3/15]
2024-09-29 22:20:23,511 [INFO] IPUIPlugin:80 - create IPUIPlugin
2024-09-29 22:20:23,511 [INFO] PluginManager:220 - loadIPPluginJar : add tracer_emb
2024-09-29 22:20:23,561 [INFO] IPUIPlugin:80 - create IPUIPlugin
2024-09-29 22:20:23,561 [INFO] PluginManager:220 - loadIPPluginJar : add ts
2024-09-29 22:20:23,627 [INFO] IPUIPlugin:80 - create IPUIPlugin
2024-09-29 22:20:23,627 [INFO] PluginManager:220 - loadIPPluginJar : add tsc
2024-09-29 22:20:23,682 [INFO] IPUIPlugin:80 - create IPUIPlugin
2024-09-29 22:20:23,682 [INFO] PluginManager:220 - loadIPPluginJar : add ucpd
2024-09-29 22:20:23,743 [INFO] IPUIPlugin:80 - create IPUIPlugin
2024-09-29 22:20:23,743 [INFO] PluginManager:220 - loadIPPluginJar : add usart
2024-09-29 22:20:23,830 [INFO] IPUIPlugin:80 - create IPUIPlugin
2024-09-29 22:20:23,831 [INFO] PluginManager:220 - loadIPPluginJar : add usbx
2024-09-29 22:20:24,025 [INFO] CADModel:165 - CPN selected for project level
2024-09-29 22:20:24,025 [INFO] CADModel:114 - Register for checkConnection events
2024-09-29 22:20:24,026 [FATAL] Updater:334 - Updater called before beeing initialized
2024-09-29 22:20:24,026 [ERROR] CADModel:125 - Updater not yet initialized, retry later 
2024-09-29 22:20:24,421 [INFO] CADModel:165 - CPN selected for project level
2024-09-29 22:20:24,421 [INFO] CADModel:114 - Register for checkConnection events
2024-09-29 22:20:24,421 [FATAL] Updater:334 - Updater called before beeing initialized
2024-09-29 22:20:24,421 [ERROR] CADModel:125 - Updater not yet initialized, retry later 
2024-09-29 22:20:24,427 [FATAL] Updater:334 - Updater called before beeing initialized
2024-09-29 22:20:24,689 [FATAL] Updater:334 - Updater called before beeing initialized
2024-09-29 22:20:24,704 [INFO] DbMcusAds:53 - JSON generation date=Fri Sep 20 20:04:23 ICT 2024 (1726837463113)
2024-09-29 22:20:24,704 [FATAL] Updater:334 - Updater called before beeing initialized
2024-09-29 22:20:24,966 [WARN] DetailPanel:346 - Failed to get advertising image, set to default
2024-09-29 22:20:25,143 [FATAL] Updater:334 - Updater called before beeing initialized
2024-09-29 22:20:25,148 [FATAL] Updater:334 - Updater called before beeing initialized
2024-09-29 22:20:25,148 [FATAL] Updater:334 - Updater called before beeing initialized
2024-09-29 22:20:25,149 [WARN] DetailPanel:346 - Failed to get advertising image, set to default
2024-09-29 22:20:25,152 [FATAL] Updater:334 - Updater called before beeing initialized
2024-09-29 22:20:25,324 [ERROR] Updater:1164 - MainUpdater not yet initialized. External WinMGr cannot be set.
2024-09-29 22:20:25,351 [INFO] Updater:1100 - Updater Version found : 6.12.0
2024-09-29 22:20:25,376 [INFO] ApplicationProperties:184 - Using Application install path: D:\ST\STM32CubeIDE_1.16.0\STM32CubeIDE\plugins\com.st.stm32cube.common.mx_6.12.0.202406281431
2024-09-29 22:20:26,520 [INFO] ThirdPartyUpdaterWithRetryManager:70 - Updater plugin not ready yet. [4/15]
2024-09-29 22:20:27,070 [ERROR] LogOutputStream:75 - [STDERR_REDIRECT] Sep 29, 2024 10:20:27 PM java.util.prefs.WindowsPreferences <init>
2024-09-29 22:20:27,073 [ERROR] LogOutputStream:75 - [STDERR_REDIRECT] WARNING: Could not open/create prefs root node Software\JavaSoft\Prefs at root 0xffffffff80000002. Windows RegCreateKeyEx(...) returned error code 5.
2024-09-29 22:20:27,075 [ERROR] LogOutputStream:75 - [STDERR_REDIRECT] 
2024-09-29 22:20:27,915 [INFO] MainUpdater:2873 - connection check result : 10
2024-09-29 22:20:27,917 [INFO] MainUpdater:290 - Updater Check For Update Now.
2024-09-29 22:20:27,918 [INFO] MicroXplorer:498 - Change Database Version : DB.6.0.120
2024-09-29 22:20:27,962 [INFO] McuFinderGlobals:63 - Set McuFinder mode to 2 (CubeIDE integrated)
2024-09-29 22:20:27,963 [INFO] UserAuth:179 - activating auth plugin
2024-09-29 22:20:27,979 [INFO] UserAuth:417 - Internet connection configuration mode: 1
2024-09-29 22:20:28,096 [INFO] JxBrowserEngine:152 - Initiate JxBrowser Engine with user profile folder
2024-09-29 22:20:28,292 [INFO] CheckServerUpdateThread:120 - End of CheckServer Thread
2024-09-29 22:20:29,976 [WARN] PackLoader:240 - Cannot read IP mode file for STMicroelectronics.FP-SNS-MOTENVWB1.1.4.0
2024-09-29 22:20:30,010 [WARN] PackLoader:240 - Cannot read IP mode file for STMicroelectronics.X-CUBE-SMBUS.2.1.0
2024-09-29 22:20:30,073 [WARN] PackLoader:240 - Cannot read IP mode file for STMicroelectronics.X-CUBE-AZRTOS-F7.1.1.0
2024-09-29 22:20:30,227 [WARN] PackLoader:240 - Cannot read IP mode file for STMicroelectronics.X-CUBE-MEMS1.11.0.0
2024-09-29 22:20:30,464 [WARN] PackLoader:240 - Cannot read IP mode file for STMicroelectronics.FP-SNS-FLIGHT1.5.0.2
2024-09-29 22:20:30,497 [WARN] PackLoader:240 - Cannot read IP mode file for STMicroelectronics.X-CUBE-DISPLAY.3.0.0
2024-09-29 22:20:30,525 [WARN] PackLoader:240 - Cannot read IP mode file for STMicroelectronics.X-CUBE-BLE1.7.0.0
2024-09-29 22:20:30,553 [WARN] PackLoader:240 - Cannot read IP mode file for STMicroelectronics.X-CUBE-NFC10.1.0.0
2024-09-29 22:20:30,579 [WARN] PackLoader:240 - Cannot read IP mode file for emotas.I-CUBE-CANOPEN.1.3.0
2024-09-29 22:20:30,606 [WARN] PackLoader:240 - Cannot read IP mode file for STMicroelectronics.X-CUBE-BLEMGR.3.1.0
2024-09-29 22:20:30,629 [WARN] PackLoader:240 - Cannot read IP mode file for STMicroelectronics.FP-SNS-SMARTAG2.1.2.0
2024-09-29 22:20:30,667 [INFO] LogOutputStream:77 - [STDOUT_REDIRECT] 1 : Invalid condition id : UX_CORESTACK_Condition cause : null
2024-09-29 22:20:30,668 [INFO] LogOutputStream:77 - [STDOUT_REDIRECT] 1 : Invalid condition id : UX_CORESTACK_Condition cause : null
2024-09-29 22:20:30,671 [INFO] LogOutputStream:77 - [STDOUT_REDIRECT] 1 : Invalid condition id : UX_CORESTACK_Condition cause : null
2024-09-29 22:20:30,673 [INFO] LogOutputStream:77 - [STDOUT_REDIRECT] 1 : Invalid condition id : UX_CORESTACK_Condition cause : null
2024-09-29 22:20:30,676 [INFO] LogOutputStream:77 - [STDOUT_REDIRECT] 1 : Invalid condition id : UX_CORESTACK_Condition cause : null
2024-09-29 22:20:30,685 [WARN] PackLoader:240 - Cannot read IP mode file for STMicroelectronics.X-CUBE-AZRTOS-WL.2.0.0
2024-09-29 22:20:30,716 [WARN] PackLoader:240 - Cannot read IP mode file for STMicroelectronics.FP-SNS-MOTENV1.5.0.0
2024-09-29 22:20:30,747 [WARN] PackLoader:240 - Cannot read IP mode file for wolfSSL.I-CUBE-wolfMQTT.1.19.0
2024-09-29 22:20:30,782 [WARN] PackLoader:240 - Cannot read IP mode file for WES.I-CUBE-Cesium.1.3.0
2024-09-29 22:20:30,817 [WARN] PackLoader:240 - Cannot read IP mode file for STMicroelectronics.X-CUBE-BLE2.3.3.0
2024-09-29 22:20:30,836 [WARN] PackLoader:240 - Cannot read IP mode file for STMicroelectronics.X-CUBE-NFC9.1.0.0
2024-09-29 22:20:30,858 [WARN] PackLoader:240 - Cannot read IP mode file for STMicroelectronics.X-CUBE-TCPP.4.1.0
2024-09-29 22:20:30,920 [WARN] PackLoader:240 - Cannot read IP mode file for STMicroelectronics.X-CUBE-AZRTOS-G0.1.1.0
2024-09-29 22:20:30,951 [WARN] PackLoader:240 - Cannot read IP mode file for STMicroelectronics.X-CUBE-SAFEA1.1.2.2
2024-09-29 22:20:30,977 [WARN] PackLoader:240 - Cannot read IP mode file for STMicroelectronics.X-CUBE-NFC4.3.0.0
2024-09-29 22:20:31,013 [WARN] PackLoader:240 - Cannot read IP mode file for EmbeddedOffice.I-CUBE-FS-RTOS.1.0.1
2024-09-29 22:20:31,014 [ERROR] ConditionMgr:805 - Attr not supported : Dmpu
2024-09-29 22:20:31,014 [ERROR] ConditionMgr:805 - Attr not supported : Dmpu
2024-09-29 22:20:31,015 [ERROR] ConditionMgr:805 - Attr not supported : Dmpu
2024-09-29 22:20:31,015 [ERROR] ConditionMgr:805 - Attr not supported : Dmpu
2024-09-29 22:20:31,015 [ERROR] ConditionMgr:805 - Attr not supported : Dmpu
2024-09-29 22:20:31,016 [ERROR] ConditionMgr:805 - Attr not supported : Dmpu
2024-09-29 22:20:31,016 [ERROR] ConditionMgr:805 - Attr not supported : Dmpu
2024-09-29 22:20:31,017 [ERROR] ConditionMgr:805 - Attr not supported : Dmpu
2024-09-29 22:20:31,017 [ERROR] ConditionMgr:805 - Attr not supported : Dmpu
2024-09-29 22:20:31,017 [ERROR] ConditionMgr:805 - Attr not supported : Dmpu
2024-09-29 22:20:31,019 [ERROR] ConditionMgr:805 - Attr not supported : Dmpu
2024-09-29 22:20:31,019 [ERROR] ConditionMgr:805 - Attr not supported : Dmpu
2024-09-29 22:20:31,019 [ERROR] ConditionMgr:805 - Attr not supported : Dmpu
2024-09-29 22:20:31,020 [ERROR] ConditionMgr:805 - Attr not supported : Dmpu
2024-09-29 22:20:31,020 [ERROR] ConditionMgr:805 - Attr not supported : Dmpu
2024-09-29 22:20:31,020 [ERROR] ConditionMgr:805 - Attr not supported : Dmpu
2024-09-29 22:20:31,020 [ERROR] ConditionMgr:805 - Attr not supported : Dmpu
2024-09-29 22:20:31,021 [ERROR] ConditionMgr:805 - Attr not supported : Dmpu
2024-09-29 22:20:31,021 [ERROR] ConditionMgr:805 - Attr not supported : Dmpu
2024-09-29 22:20:31,021 [ERROR] ConditionMgr:805 - Attr not supported : Dmpu
2024-09-29 22:20:31,021 [ERROR] ConditionMgr:805 - Attr not supported : Dmpu
2024-09-29 22:20:31,021 [ERROR] ConditionMgr:805 - Attr not supported : Dmpu
2024-09-29 22:20:31,021 [ERROR] ConditionMgr:805 - Attr not supported : Dmpu
2024-09-29 22:20:31,021 [ERROR] ConditionMgr:805 - Attr not supported : Dmpu
2024-09-29 22:20:31,021 [ERROR] ConditionMgr:805 - Attr not supported : Dmpu
2024-09-29 22:20:31,022 [ERROR] ConditionMgr:805 - Attr not supported : Dmpu
2024-09-29 22:20:31,022 [ERROR] ConditionMgr:805 - Attr not supported : Dmpu
2024-09-29 22:20:31,022 [ERROR] ConditionMgr:805 - Attr not supported : Dmpu
2024-09-29 22:20:31,022 [ERROR] ConditionMgr:805 - Attr not supported : Dmpu
2024-09-29 22:20:31,022 [ERROR] ConditionMgr:805 - Attr not supported : Dmpu
2024-09-29 22:20:31,022 [ERROR] ConditionMgr:805 - Attr not supported : Dmpu
2024-09-29 22:20:31,023 [ERROR] ConditionMgr:805 - Attr not supported : Dmpu
2024-09-29 22:20:31,023 [ERROR] ConditionMgr:805 - Attr not supported : Dmpu
2024-09-29 22:20:31,023 [ERROR] ConditionMgr:805 - Attr not supported : Dmpu
2024-09-29 22:20:31,023 [ERROR] ConditionMgr:805 - Attr not supported : Dmpu
2024-09-29 22:20:31,023 [ERROR] ConditionMgr:805 - Attr not supported : Dmpu
2024-09-29 22:20:31,023 [ERROR] ConditionMgr:805 - Attr not supported : Dmpu
2024-09-29 22:20:31,024 [ERROR] ConditionMgr:805 - Attr not supported : Dmpu
2024-09-29 22:20:31,024 [ERROR] ConditionMgr:805 - Attr not supported : Dmpu
2024-09-29 22:20:31,024 [ERROR] ConditionMgr:805 - Attr not supported : Dmpu
2024-09-29 22:20:31,024 [ERROR] ConditionMgr:805 - Attr not supported : Dmpu
2024-09-29 22:20:31,024 [ERROR] ConditionMgr:805 - Attr not supported : Dmpu
2024-09-29 22:20:31,024 [ERROR] ConditionMgr:805 - Attr not supported : Dmpu
2024-09-29 22:20:31,024 [ERROR] ConditionMgr:805 - Attr not supported : Dmpu
2024-09-29 22:20:31,025 [ERROR] ConditionMgr:805 - Attr not supported : Dmpu
2024-09-29 22:20:31,025 [ERROR] ConditionMgr:805 - Attr not supported : Dmpu
2024-09-29 22:20:31,025 [ERROR] ConditionMgr:805 - Attr not supported : Dmpu
2024-09-29 22:20:31,025 [ERROR] ConditionMgr:805 - Attr not supported : Dmpu
2024-09-29 22:20:31,025 [ERROR] ConditionMgr:805 - Attr not supported : Dmpu
2024-09-29 22:20:31,026 [ERROR] ConditionMgr:805 - Attr not supported : Dmpu
2024-09-29 22:20:31,026 [ERROR] ConditionMgr:805 - Attr not supported : Dmpu
2024-09-29 22:20:31,026 [ERROR] ConditionMgr:805 - Attr not supported : Dmpu
2024-09-29 22:20:31,026 [ERROR] ConditionMgr:805 - Attr not supported : Dmpu
2024-09-29 22:20:31,026 [ERROR] ConditionMgr:805 - Attr not supported : Dmpu
2024-09-29 22:20:31,026 [ERROR] ConditionMgr:805 - Attr not supported : Dmpu
2024-09-29 22:20:31,027 [ERROR] ConditionMgr:805 - Attr not supported : Dmpu
2024-09-29 22:20:31,027 [ERROR] ConditionMgr:805 - Attr not supported : Dmpu
2024-09-29 22:20:31,027 [ERROR] ConditionMgr:805 - Attr not supported : Dmpu
2024-09-29 22:20:31,027 [ERROR] ConditionMgr:805 - Attr not supported : Dmpu
2024-09-29 22:20:31,027 [ERROR] ConditionMgr:805 - Attr not supported : Dmpu
2024-09-29 22:20:31,028 [ERROR] ConditionMgr:805 - Attr not supported : Dmpu
2024-09-29 22:20:31,028 [ERROR] ConditionMgr:805 - Attr not supported : Dmpu
2024-09-29 22:20:31,028 [ERROR] ConditionMgr:805 - Attr not supported : Dmpu
2024-09-29 22:20:31,028 [ERROR] ConditionMgr:805 - Attr not supported : Dmpu
2024-09-29 22:20:31,057 [WARN] PackLoader:240 - Cannot read IP mode file for RealThread.X-CUBE-RT-Thread_Nano.4.1.1
2024-09-29 22:20:31,082 [WARN] PackLoader:240 - Cannot read IP mode file for STMicroelectronics.FP-ATR-SIGFOX1.3.2.0
2024-09-29 22:20:31,104 [WARN] PackLoader:240 - Cannot read IP mode file for wolfSSL.I-CUBE-wolfSSL.5.7.2
2024-09-29 22:20:31,128 [WARN] PackLoader:240 - Cannot read IP mode file for STMicroelectronics.X-CUBE-EEPRMA1.5.1.0
2024-09-29 22:20:31,154 [WARN] PackLoader:240 - Cannot read IP mode file for ITTIA_DB.I-CUBE-ITTIADB.8.9.0
2024-09-29 22:20:31,226 [WARN] PackLoader:240 - Cannot read IP mode file for SEGGER.I-CUBE-embOS.1.3.1
2024-09-29 22:20:31,328 [WARN] PackLoader:240 - Cannot read IP mode file for STMicroelectronics.X-CUBE-ALGOBUILD.1.4.0
2024-09-29 22:20:31,354 [WARN] PackLoader:240 - Cannot read IP mode file for STMicroelectronics.X-CUBE-GNSS1.6.0.0
2024-09-29 22:20:31,411 [WARN] PackLoader:240 - Cannot read IP mode file for STMicroelectronics.X-CUBE-AZRTOS-F4.1.1.0
2024-09-29 22:20:31,439 [WARN] PackLoader:240 - Cannot read IP mode file for STMicroelectronics.X-CUBE-ISPU.2.1.0
2024-09-29 22:20:31,465 [WARN] PackLoader:240 - Cannot read IP mode file for STMicroelectronics.X-CUBE-FREERTOS.1.2.0
2024-09-29 22:20:31,522 [WARN] PackLoader:240 - Cannot read IP mode file for STMicroelectronics.X-CUBE-AZRTOS-L5.2.0.0
2024-09-29 22:20:31,554 [WARN] PackLoader:240 - Cannot read IP mode file for STMicroelectronics.X-CUBE-NFC6.3.1.0
2024-09-29 22:20:31,587 [WARN] PackLoader:240 - Cannot read IP mode file for STMicroelectronics.X-CUBE-DPower.1.2.0
2024-09-29 22:20:31,609 [WARN] PackLoader:240 - Cannot read IP mode file for STMicroelectronics.X-CUBE-AI.9.0.0
2024-09-29 22:20:31,630 [WARN] PackLoader:240 - Cannot read IP mode file for STMicroelectronics.X-CUBE-NFC7.1.0.1
2024-09-29 22:20:31,649 [WARN] PackLoader:240 - Cannot read IP mode file for wolfSSL.I-CUBE-wolfTPM.3.2.0
2024-09-29 22:20:31,754 [WARN] ConditionMgr:438 - getConditionDescription Invalid condition id : LAN8742 Phy interface Condition cause : null
2024-09-29 22:20:31,756 [WARN] PackLoader:240 - Cannot read IP mode file for STMicroelectronics.X-CUBE-AZRTOS-L4.2.0.0
2024-09-29 22:20:31,758 [WARN] ConditionMgr:1039 - genDependencies : Invalid condition id : LAN8742 Phy interface Condition cause : null
2024-09-29 22:20:31,759 [WARN] ConditionMgr:1039 - genDependencies : Invalid condition id : LAN8742 Phy interface Condition cause : null
2024-09-29 22:20:31,760 [WARN] ConditionMgr:1039 - genDependencies : Invalid condition id : LAN8742 Phy interface Condition cause : null
2024-09-29 22:20:31,788 [WARN] PackLoader:240 - Cannot read IP mode file for STMicroelectronics.X-CUBE-SFXS2LP1.4.0.0
2024-09-29 22:20:31,874 [WARN] PackLoader:240 - Cannot read IP mode file for STMicroelectronics.X-CUBE-AZRTOS-H7.3.3.0
2024-09-29 22:20:31,955 [WARN] ConditionMgr:438 - getConditionDescription Invalid condition id : UX DEVICE CLASS RTOS Condition cause : null
2024-09-29 22:20:31,955 [WARN] ConditionMgr:438 - getConditionDescription Invalid condition id : UX DEVICE CLASS RTOS Condition cause : null
2024-09-29 22:20:31,958 [WARN] PackLoader:240 - Cannot read IP mode file for STMicroelectronics.X-CUBE-AZRTOS-WB.2.0.0
2024-09-29 22:20:31,960 [WARN] ConditionMgr:1039 - genDependencies : Invalid condition id : UX DEVICE CLASS RTOS Condition cause : null
2024-09-29 22:20:31,960 [WARN] ConditionMgr:1039 - genDependencies : Invalid condition id : UX DEVICE CLASS RTOS Condition cause : null
2024-09-29 22:20:31,961 [WARN] ConditionMgr:1039 - genDependencies : Invalid condition id : UX DEVICE CLASS RTOS Condition cause : null
2024-09-29 22:20:31,961 [WARN] ConditionMgr:1039 - genDependencies : Invalid condition id : UX DEVICE CLASS RTOS Condition cause : null
2024-09-29 22:20:31,961 [WARN] ConditionMgr:1039 - genDependencies : Invalid condition id : UX DEVICE CLASS RTOS Condition cause : null
2024-09-29 22:20:31,984 [WARN] PackLoader:240 - Cannot read IP mode file for STMicroelectronics.X-CUBE-GNSS1.7.0.0
2024-09-29 22:20:32,005 [WARN] PackLoader:240 - Cannot read IP mode file for STMicroelectronics.FP-SNS-STBOX1.2.0.0
2024-09-29 22:20:32,032 [WARN] PackLoader:240 - Cannot read IP mode file for STMicroelectronics.X-CUBE-SUBG2.5.0.0
2024-09-29 22:20:32,052 [WARN] PackLoader:240 - Cannot read IP mode file for Cesanta.I-CUBE-Mongoose.7.13.0
2024-09-29 22:20:32,089 [WARN] PackLoader:240 - Cannot read IP mode file for STMicroelectronics.X-CUBE-AZRTOS-G4.2.0.0
2024-09-29 22:20:32,110 [WARN] PackLoader:240 - Cannot read IP mode file for STMicroelectronics.X-CUBE-ISPU.2.0.0
2024-09-29 22:20:32,128 [WARN] PackLoader:240 - Cannot read IP mode file for STMicroelectronics.X-CUBE-ALS.1.0.2
2024-09-29 22:20:32,219 [WARN] PackLoader:240 - Cannot read IP mode file for STMicroelectronics.X-CUBE-MEMS1.10.0.0
2024-09-29 22:20:32,497 [WARN] PackLoader:240 - Cannot read IP mode file for STMicroelectronics.X-CUBE-TOUCHGFX.4.24.0
2024-09-29 22:20:32,515 [WARN] PackLoader:240 - Cannot read IP mode file for STMicroelectronics.X-CUBE-TOUCHGFX.4.24.1
2024-09-29 22:20:32,533 [WARN] PackLoader:240 - Cannot read IP mode file for portGmbH.I-Cube-SoM-uGOAL.1.1.0
2024-09-29 22:20:32,575 [WARN] PackLoader:240 - Cannot read IP mode file for STMicroelectronics.X-CUBE-AZRTOS-H7RS.1.0.0
2024-09-29 22:20:32,596 [WARN] PackLoader:240 - Cannot read IP mode file for STMicroelectronics.FP-ATR-ASTRA1.2.0.0
2024-09-29 22:20:32,628 [WARN] PackLoader:240 - Cannot read IP mode file for STMicroelectronics.X-CUBE-TOF1.3.4.2
2024-09-29 22:20:32,697 [WARN] PackLoader:240 - Cannot read IP mode file for STMicroelectronics.X-CUBE-AZRTOS-H7.3.2.0
2024-09-29 22:20:32,743 [WARN] PackLoader:240 - Cannot read IP mode file for Infineon.AIROC-Wi-Fi-Bluetooth-STM32.1.6.0
2024-09-29 22:20:32,772 [WARN] PackLoader:240 - Cannot read IP mode file for wolfSSL.I-CUBE-wolfSSH.1.4.17
2024-09-29 22:20:32,773 [INFO] ThirdParty:978 - Integrity check success = true
2024-09-29 22:20:32,773 [INFO] IntegrityCheckThread:100 - exiting critical section [integrity check]
2024-09-29 22:20:32,773 [INFO] IntegrityCheckThread:103 - End integrity checks thread
2024-09-29 22:20:36,807 [INFO] WebApp:167 - Instantiating new browser for Auth
2024-09-29 22:20:38,770 [INFO] WebApp:448 - Apply proxy settings
2024-09-29 22:20:38,771 [INFO] WebApp:533 - Chromium requires no authentication
2024-09-29 22:20:38,804 [INFO] WebApp:476 - Direct internet connection detected
2024-09-29 22:20:38,878 [INFO] WebApp:869 - Register for checkConnection events
2024-09-29 22:20:38,878 [INFO] WebApp:448 - Apply proxy settings
2024-09-29 22:20:38,878 [INFO] WebApp:533 - Chromium requires no authentication
2024-09-29 22:20:38,879 [INFO] WebApp:476 - Direct internet connection detected
2024-09-29 22:20:39,202 [INFO] WebApp:186 - Connection restablished
2024-09-29 22:20:39,355 [INFO] WebApp:220 - Starting web application
2024-09-29 22:20:39,355 [INFO] WebApp:578 - Web application path used D:\ST\STM32CubeIDE_1.16.0\STM32CubeIDE\plugins\com.st.stm32cube.common.mx_6.12.0.202406281431\db\plugins\mcufinder\reactClient1\index.html
