2024-10-08 00:11:13,177 [INFO] LogOutputStream:77 - [STDOUT_REDIRECT] StartTraceHandler.execute(), success : Collect=false
2024-10-08 00:11:14,600 [INFO] LogOutputStream:77 - [STDOUT_REDIRECT] StartTraceHandler.execute(), success : Collect=true
2024-10-08 10:02:13,680 [INFO] Activator:176 - 


2024-10-08 10:02:13,688 [INFO] Activator:177 - !SESSION log4j initialized
2024-10-08 10:02:37,227 [INFO] LogOutputStream:77 - [STDOUT_REDIRECT] 
2024-10-08 10:02:51,539 [INFO] ApplicationProperties:184 - Using Application install path: D:\ST\STM32CubeIDE_1.16.0\STM32CubeIDE\plugins\com.st.stm32cube.common.mx_6.12.0.202406281431
2024-10-08 10:02:51,630 [INFO] DbMcusXml:78 - Set database path to: D:\ST\STM32CubeIDE_1.16.0\STM32CubeIDE\plugins\com.st.stm32cube.common.mx_6.12.0.202406281431\\db\/mcu/
2024-10-08 10:02:51,630 [INFO] ApiDb:274 - Set plugin database path to: D:\ST\STM32CubeIDE_1.16.0\STM32CubeIDE\plugins\com.st.stm32cube.common.mx_6.12.0.202406281431\\db\/plugins/boardmanager/
2024-10-08 10:02:51,630 [WARN] ApiDb:259 - Overriding images path with different value:  => D:\ST\STM32CubeIDE_1.16.0\STM32CubeIDE\plugins\com.st.stm32cube.common.mx_6.12.0.202406281431\\db\/plugins/mcufinder/images/
2024-10-08 10:02:51,725 [INFO] ApiDb:250 - Set database path to: C:\Users\Asus\.stmcufinder\plugins\mcufinder//mcu/
2024-10-08 10:02:51,728 [INFO] DbMcusAds:125 - Set database path to: C:\Users\Asus\.stmcufinder\plugins\mcufinder//mcu/
2024-10-08 10:02:51,739 [INFO] CrossReferenceDbSqlite:203 - Set database path to: C:\Users\Asus\.stmcufinder\plugins\mcufinder//mcu/cs/
2024-10-08 10:02:52,125 [INFO] RulesReader:64 - Compatibility file has been processed (297 Rules)
2024-10-08 10:02:52,398 [INFO] DbMcusXml:78 - Set database path to: D:\ST\STM32CubeIDE_1.16.0\STM32CubeIDE\plugins\com.st.stm32cube.common.mx_6.12.0.202406281431\\db\/mcu/
2024-10-08 10:02:52,398 [INFO] ApiDb:274 - Set plugin database path to: D:\ST\STM32CubeIDE_1.16.0\STM32CubeIDE\plugins\com.st.stm32cube.common.mx_6.12.0.202406281431\\db\/plugins/boardmanager/
2024-10-08 10:02:52,398 [INFO] ApiDb:261 - Set plugin images path to: D:\ST\STM32CubeIDE_1.16.0\STM32CubeIDE\plugins\com.st.stm32cube.common.mx_6.12.0.202406281431\\db\/plugins/mcufinder/images/
2024-10-08 10:02:52,398 [WARN] DbFile:41 - Overriding database path with different value: C:\Users\Asus\.stmcufinder\plugins\mcufinder/ => C:\Users\Asus\.stmcufinder\plugins\mcufinder
2024-10-08 10:02:52,398 [INFO] ApiDb:250 - Set database path to: C:\Users\Asus\.stmcufinder\plugins\mcufinder//mcu/
2024-10-08 10:02:52,399 [WARN] DbFile:41 - Overriding database path with different value: C:\Users\Asus\.stmcufinder\plugins\mcufinder/ => C:\Users\Asus\.stmcufinder\plugins\mcufinder
2024-10-08 10:02:52,399 [INFO] DbMcusAds:125 - Set database path to: C:\Users\Asus\.stmcufinder\plugins\mcufinder//mcu/
2024-10-08 10:02:52,399 [WARN] DbFile:41 - Overriding database path with different value: C:\Users\Asus\.stmcufinder\plugins\mcufinder/ => C:\Users\Asus\.stmcufinder\plugins\mcufinder
2024-10-08 10:02:52,400 [WARN] DbFile:41 - Overriding database path with different value: C:\Users\Asus\.stmcufinder\plugins\mcufinder/ => C:\Users\Asus\.stmcufinder\plugins\mcufinder
2024-10-08 10:02:52,400 [INFO] CrossReferenceDbSqlite:203 - Set database path to: C:\Users\Asus\.stmcufinder\plugins\mcufinder//mcu/cs/
2024-10-08 10:02:52,663 [INFO] MainPanel:268 - HeapMemory: 268435456
2024-10-08 10:02:52,994 [INFO] DbMcusXml:78 - Set database path to: D:\ST\STM32CubeIDE_1.16.0\STM32CubeIDE\plugins\com.st.stm32cube.common.mx_6.12.0.202406281431\\db\/mcu/
2024-10-08 10:02:52,994 [INFO] ApiDb:274 - Set plugin database path to: D:\ST\STM32CubeIDE_1.16.0\STM32CubeIDE\plugins\com.st.stm32cube.common.mx_6.12.0.202406281431\\db\/plugins/boardmanager/
2024-10-08 10:02:52,994 [INFO] ApiDb:261 - Set plugin images path to: D:\ST\STM32CubeIDE_1.16.0\STM32CubeIDE\plugins\com.st.stm32cube.common.mx_6.12.0.202406281431\\db\/plugins/mcufinder/images/
2024-10-08 10:02:53,004 [WARN] DbFile:41 - Overriding database path with different value: C:\Users\Asus\.stmcufinder\plugins\mcufinder/ => C:\Users\Asus\.stmcufinder\plugins\mcufinder
2024-10-08 10:02:53,022 [INFO] ApiDb:250 - Set database path to: C:\Users\Asus\.stmcufinder\plugins\mcufinder//mcu/
2024-10-08 10:02:53,022 [WARN] DbFile:41 - Overriding database path with different value: C:\Users\Asus\.stmcufinder\plugins\mcufinder/ => C:\Users\Asus\.stmcufinder\plugins\mcufinder
2024-10-08 10:02:53,022 [INFO] DbMcusAds:125 - Set database path to: C:\Users\Asus\.stmcufinder\plugins\mcufinder//mcu/
2024-10-08 10:02:53,022 [WARN] DbFile:41 - Overriding database path with different value: C:\Users\Asus\.stmcufinder\plugins\mcufinder/ => C:\Users\Asus\.stmcufinder\plugins\mcufinder
2024-10-08 10:02:53,022 [WARN] DbFile:41 - Overriding database path with different value: C:\Users\Asus\.stmcufinder\plugins\mcufinder/ => C:\Users\Asus\.stmcufinder\plugins\mcufinder
2024-10-08 10:02:53,023 [INFO] CrossReferenceDbSqlite:203 - Set database path to: C:\Users\Asus\.stmcufinder\plugins\mcufinder//mcu/cs/
2024-10-08 10:02:53,050 [INFO] ApplicationProperties:184 - Using Application install path: D:\ST\STM32CubeIDE_1.16.0\STM32CubeIDE\plugins\com.st.stm32cube.common.mx_6.12.0.202406281431
2024-10-08 10:02:53,051 [INFO] PluginManage:196 - Search for loadable plugins [exclusion list=, ]
2024-10-08 10:02:53,054 [INFO] PluginManage:310 - Check plugin analytics
2024-10-08 10:03:03,052 [INFO] AnalyticsPlugin:253 - Accepted Software Licenses: 
2024-10-08 10:03:03,052 [INFO] AnalyticsPlugin:255 - Accepted CMSIS Pack Licenses: 
2024-10-08 10:03:03,053 [INFO] AnalyticsPlugin:257 - Accepted Firmware Licenses: 
2024-10-08 10:03:03,057 [INFO] PluginManage:359 - Loaded plugin analytics (category:tool,tabindex:-1)
2024-10-08 10:03:03,057 [INFO] PluginManage:310 - Check plugin cadmodel
2024-10-08 10:03:03,110 [INFO] CADModel:105 - Init CAD model plugin
2024-10-08 10:03:03,110 [INFO] PluginManage:359 - Loaded plugin cadmodel (category:power,tabindex:5)
2024-10-08 10:03:03,111 [INFO] PluginManage:310 - Check plugin clock
2024-10-08 10:03:03,147 [INFO] PluginManage:359 - Loaded plugin clock (category:base,tabindex:2)
2024-10-08 10:03:03,147 [INFO] PluginManage:310 - Check plugin ddr
2024-10-08 10:03:03,173 [INFO] PluginManage:359 - Loaded plugin ddr (category:tool,tabindex:6)
2024-10-08 10:03:03,173 [INFO] PluginManage:310 - Check plugin filemanager
2024-10-08 10:03:03,697 [INFO] PluginManage:359 - Loaded plugin filemanager (category:base,tabindex:10)
2024-10-08 10:03:03,697 [INFO] PluginManage:310 - Check plugin ipmanager
2024-10-08 10:03:03,713 [INFO] PluginManage:359 - Loaded plugin ipmanager (category:base,tabindex:5)
2024-10-08 10:03:03,713 [INFO] PluginManage:310 - Check plugin lpbam
2024-10-08 10:03:03,759 [INFO] PluginManage:359 - Loaded plugin lpbam (category:base,tabindex:0)
2024-10-08 10:03:03,759 [INFO] PluginManage:310 - Check plugin memorymap
2024-10-08 10:03:03,838 [INFO] PluginManage:359 - Loaded plugin memorymap (category:base,tabindex:4)
2024-10-08 10:03:03,838 [INFO] PluginManage:310 - Check plugin pinoutandconfiguration
2024-10-08 10:03:03,868 [INFO] PluginManage:359 - Loaded plugin pinoutandconfiguration (category:base,tabindex:1)
2024-10-08 10:03:03,869 [INFO] PluginManage:310 - Check plugin pinoutconfig
2024-10-08 10:03:04,110 [WARN] SupportedApi:132 - Cannot load RTOS API schema: s4s-elt-must-match.1: The content of 'definitions' must match (annotation?, (simpleType | complexType)?, (unique | key | keyref)*)). A problem was found starting at: attribute.
2024-10-08 10:03:04,425 [INFO] PluginManage:359 - Loaded plugin pinoutconfig (category:base,tabindex:0)
2024-10-08 10:03:04,425 [INFO] PluginManage:310 - Check plugin power
2024-10-08 10:03:04,513 [INFO] PluginManage:359 - Loaded plugin power (category:power,tabindex:4)
2024-10-08 10:03:04,513 [INFO] PluginManage:310 - Check plugin projectmanager
2024-10-08 10:03:04,585 [INFO] PluginManage:359 - Loaded plugin projectmanager (category:projectmanager,tabindex:4)
2024-10-08 10:03:04,586 [INFO] PluginManage:310 - Check plugin rif
2024-10-08 10:03:04,626 [INFO] PluginManage:359 - Loaded plugin rif (category:base,tabindex:3)
2024-10-08 10:03:04,627 [INFO] PluginManage:310 - Check plugin thirdparty
2024-10-08 10:03:05,459 [INFO] PluginManage:359 - Loaded plugin thirdparty (category:base,tabindex:-1)
2024-10-08 10:03:05,459 [WARN] IntegrityCheckThread:84 - waiting for thirdparty lock release [integrity check]
2024-10-08 10:03:05,460 [INFO] PluginManage:310 - Check plugin tools
2024-10-08 10:03:05,460 [INFO] IntegrityCheckThread:86 - entering critical section [integrity check]
2024-10-08 10:03:05,461 [INFO] ThirdPartyUpdaterWithRetryManager:70 - Updater plugin not ready yet. [1/15]
2024-10-08 10:03:05,561 [INFO] PluginManage:359 - Loaded plugin tools (category:base,tabindex:7)
2024-10-08 10:03:05,561 [INFO] PluginManage:310 - Check plugin tutovideos
2024-10-08 10:03:06,284 [INFO] PluginManage:359 - Loaded plugin tutovideos (category:base,tabindex:-1)
2024-10-08 10:03:06,285 [INFO] PluginManage:310 - Check plugin updater
2024-10-08 10:03:06,355 [INFO] PluginManage:359 - Loaded plugin updater (category:base,tabindex:12)
2024-10-08 10:03:06,355 [INFO] PluginManage:310 - Check plugin userauth
2024-10-08 10:03:06,393 [INFO] UserAuth:113 - Init User Auth plugin
2024-10-08 10:03:06,393 [INFO] PluginManage:359 - Loaded plugin userauth (category:base,tabindex:14)
2024-10-08 10:03:06,394 [INFO] PluginManage:283 - PluginManage : Loaded plugins [18]
2024-10-08 10:03:07,031 [INFO] PinOutPanel:1561 - setPackage(No Configuration,No Configuration)
2024-10-08 10:03:07,285 [INFO] CADModel:165 - CPN selected for project level
2024-10-08 10:03:07,286 [INFO] CADModel:114 - Register for checkConnection events
2024-10-08 10:03:07,395 [INFO] IPUIPlugin:80 - create IPUIPlugin
2024-10-08 10:03:07,395 [INFO] PluginManager:220 - loadIPPluginJar : add adc
2024-10-08 10:03:07,461 [INFO] IPUIPlugin:80 - create IPUIPlugin
2024-10-08 10:03:07,461 [INFO] PluginManager:220 - loadIPPluginJar : add aes
2024-10-08 10:03:07,567 [INFO] IPUIPlugin:80 - create IPUIPlugin
2024-10-08 10:03:07,568 [INFO] PluginManager:220 - loadIPPluginJar : add can
2024-10-08 10:03:07,647 [INFO] IPUIPlugin:80 - create IPUIPlugin
2024-10-08 10:03:07,648 [INFO] PluginManager:220 - loadIPPluginJar : add comp
2024-10-08 10:03:07,730 [INFO] IPUIPlugin:80 - create IPUIPlugin
2024-10-08 10:03:07,730 [INFO] PluginManager:220 - loadIPPluginJar : add cryp
2024-10-08 10:03:07,780 [INFO] IPUIPlugin:80 - create IPUIPlugin
2024-10-08 10:03:07,781 [INFO] PluginManager:220 - loadIPPluginJar : add ddr_ctrl_phy
2024-10-08 10:03:07,839 [INFO] IPUIPlugin:80 - create IPUIPlugin
2024-10-08 10:03:07,839 [INFO] PluginManager:220 - loadIPPluginJar : add dfsdm
2024-10-08 10:03:07,907 [INFO] IPUIPlugin:80 - create IPUIPlugin
2024-10-08 10:03:07,909 [INFO] PluginManager:220 - loadIPPluginJar : add dma
2024-10-08 10:03:08,004 [INFO] IPUIPlugin:80 - create IPUIPlugin
2024-10-08 10:03:08,004 [INFO] PluginManager:220 - loadIPPluginJar : add dma3
2024-10-08 10:03:08,177 [INFO] IPUIPlugin:80 - create IPUIPlugin
2024-10-08 10:03:08,178 [INFO] PluginManager:220 - loadIPPluginJar : add extmemmanager
2024-10-08 10:03:08,279 [INFO] IPUIPlugin:80 - create IPUIPlugin
2024-10-08 10:03:08,279 [INFO] PluginManager:220 - loadIPPluginJar : add fatfs
2024-10-08 10:03:08,388 [INFO] IPUIPlugin:80 - create IPUIPlugin
2024-10-08 10:03:08,388 [INFO] PluginManager:220 - loadIPPluginJar : add fmc
2024-10-08 10:03:08,472 [INFO] ThirdPartyUpdaterWithRetryManager:70 - Updater plugin not ready yet. [2/15]
2024-10-08 10:03:08,481 [INFO] IPUIPlugin:80 - create IPUIPlugin
2024-10-08 10:03:08,481 [INFO] PluginManager:220 - loadIPPluginJar : add freertos
2024-10-08 10:03:08,541 [INFO] IPUIPlugin:80 - create IPUIPlugin
2024-10-08 10:03:08,541 [INFO] PluginManager:220 - loadIPPluginJar : add genericplugin
2024-10-08 10:03:08,723 [INFO] IPUIPlugin:80 - create IPUIPlugin
2024-10-08 10:03:08,724 [INFO] PluginManager:220 - loadIPPluginJar : add gfxmmu
2024-10-08 10:03:09,064 [INFO] IPUIPlugin:80 - create IPUIPlugin
2024-10-08 10:03:09,065 [INFO] PluginManager:220 - loadIPPluginJar : add gic
2024-10-08 10:03:09,114 [INFO] IPUIPlugin:80 - create IPUIPlugin
2024-10-08 10:03:09,114 [INFO] PluginManager:220 - loadIPPluginJar : add gpio
2024-10-08 10:03:09,230 [INFO] IPUIPlugin:80 - create IPUIPlugin
2024-10-08 10:03:09,249 [INFO] PluginManager:220 - loadIPPluginJar : add gtzc
2024-10-08 10:03:09,292 [INFO] IPUIPlugin:80 - create IPUIPlugin
2024-10-08 10:03:09,292 [INFO] PluginManager:220 - loadIPPluginJar : add hash
2024-10-08 10:03:09,362 [INFO] IPUIPlugin:80 - create IPUIPlugin
2024-10-08 10:03:09,362 [INFO] PluginManager:220 - loadIPPluginJar : add i2c
2024-10-08 10:03:09,426 [INFO] IPUIPlugin:80 - create IPUIPlugin
2024-10-08 10:03:09,426 [INFO] PluginManager:220 - loadIPPluginJar : add i2s
2024-10-08 10:03:09,552 [INFO] IPUIPlugin:80 - create IPUIPlugin
2024-10-08 10:03:09,553 [INFO] PluginManager:220 - loadIPPluginJar : add i3c
2024-10-08 10:03:09,760 [INFO] IPUIPlugin:80 - create IPUIPlugin
2024-10-08 10:03:09,761 [INFO] PluginManager:220 - loadIPPluginJar : add ipddr
2024-10-08 10:03:09,957 [INFO] IPUIPlugin:80 - create IPUIPlugin
2024-10-08 10:03:09,957 [INFO] PluginManager:220 - loadIPPluginJar : add linkedlist
2024-10-08 10:03:10,029 [INFO] IPUIPlugin:80 - create IPUIPlugin
2024-10-08 10:03:10,029 [INFO] PluginManager:220 - loadIPPluginJar : add lorawan
2024-10-08 10:03:10,086 [INFO] IPUIPlugin:80 - create IPUIPlugin
2024-10-08 10:03:10,086 [INFO] PluginManager:220 - loadIPPluginJar : add ltdc
2024-10-08 10:03:10,132 [INFO] IPUIPlugin:80 - create IPUIPlugin
2024-10-08 10:03:10,133 [INFO] PluginManager:220 - loadIPPluginJar : add mdma
2024-10-08 10:03:10,163 [INFO] IPUIPlugin:80 - create IPUIPlugin
2024-10-08 10:03:10,163 [INFO] PluginManager:220 - loadIPPluginJar : add nvic
2024-10-08 10:03:10,238 [INFO] IPUIPlugin:80 - create IPUIPlugin
2024-10-08 10:03:10,239 [INFO] PluginManager:220 - loadIPPluginJar : add opamp
2024-10-08 10:03:10,372 [INFO] IPUIPlugin:80 - create IPUIPlugin
2024-10-08 10:03:10,372 [INFO] PluginManager:220 - loadIPPluginJar : add openamp
2024-10-08 10:03:10,463 [INFO] IPUIPlugin:80 - create IPUIPlugin
2024-10-08 10:03:10,463 [INFO] PluginManager:220 - loadIPPluginJar : add pdm2pcm
2024-10-08 10:03:10,515 [INFO] IPUIPlugin:80 - create IPUIPlugin
2024-10-08 10:03:10,519 [INFO] PluginManager:220 - loadIPPluginJar : add plateformsettings
2024-10-08 10:03:10,573 [INFO] IPUIPlugin:80 - create IPUIPlugin
2024-10-08 10:03:10,573 [INFO] PluginManager:220 - loadIPPluginJar : add quadspi
2024-10-08 10:03:10,647 [INFO] IPUIPlugin:80 - create IPUIPlugin
2024-10-08 10:03:10,648 [INFO] PluginManager:220 - loadIPPluginJar : add radio
2024-10-08 10:03:10,702 [INFO] IPUIPlugin:80 - create IPUIPlugin
2024-10-08 10:03:10,703 [INFO] PluginManager:220 - loadIPPluginJar : add resmgrutility
2024-10-08 10:03:10,836 [INFO] IPUIPlugin:80 - create IPUIPlugin
2024-10-08 10:03:10,836 [INFO] PluginManager:220 - loadIPPluginJar : add sai
2024-10-08 10:03:10,915 [INFO] IPUIPlugin:80 - create IPUIPlugin
2024-10-08 10:03:10,916 [INFO] PluginManager:220 - loadIPPluginJar : add spi
2024-10-08 10:03:11,077 [INFO] IPUIPlugin:80 - create IPUIPlugin
2024-10-08 10:03:11,077 [INFO] PluginManager:220 - loadIPPluginJar : add stm32_wpan
2024-10-08 10:03:11,128 [INFO] IPUIPlugin:80 - create IPUIPlugin
2024-10-08 10:03:11,128 [INFO] PluginManager:220 - loadIPPluginJar : add tim
2024-10-08 10:03:11,311 [INFO] IPUIPlugin:80 - create IPUIPlugin
2024-10-08 10:03:11,311 [INFO] PluginManager:220 - loadIPPluginJar : add touchsensing
2024-10-08 10:03:11,337 [INFO] IPUIPlugin:80 - create IPUIPlugin
2024-10-08 10:03:11,337 [INFO] PluginManager:220 - loadIPPluginJar : add tracer_emb
2024-10-08 10:03:11,378 [INFO] IPUIPlugin:80 - create IPUIPlugin
2024-10-08 10:03:11,378 [INFO] PluginManager:220 - loadIPPluginJar : add ts
2024-10-08 10:03:11,423 [INFO] IPUIPlugin:80 - create IPUIPlugin
2024-10-08 10:03:11,423 [INFO] PluginManager:220 - loadIPPluginJar : add tsc
2024-10-08 10:03:11,468 [INFO] IPUIPlugin:80 - create IPUIPlugin
2024-10-08 10:03:11,468 [INFO] PluginManager:220 - loadIPPluginJar : add ucpd
2024-10-08 10:03:11,479 [INFO] ThirdPartyUpdaterWithRetryManager:70 - Updater plugin not ready yet. [3/15]
2024-10-08 10:03:11,540 [INFO] IPUIPlugin:80 - create IPUIPlugin
2024-10-08 10:03:11,540 [INFO] PluginManager:220 - loadIPPluginJar : add usart
2024-10-08 10:03:11,669 [INFO] IPUIPlugin:80 - create IPUIPlugin
2024-10-08 10:03:11,669 [INFO] PluginManager:220 - loadIPPluginJar : add usbx
2024-10-08 10:03:11,882 [INFO] CADModel:165 - CPN selected for project level
2024-10-08 10:03:11,883 [INFO] CADModel:114 - Register for checkConnection events
2024-10-08 10:03:11,884 [FATAL] Updater:334 - Updater called before beeing initialized
2024-10-08 10:03:11,884 [ERROR] CADModel:125 - Updater not yet initialized, retry later 
2024-10-08 10:03:12,358 [INFO] CADModel:165 - CPN selected for project level
2024-10-08 10:03:12,358 [INFO] CADModel:114 - Register for checkConnection events
2024-10-08 10:03:12,358 [FATAL] Updater:334 - Updater called before beeing initialized
2024-10-08 10:03:12,358 [ERROR] CADModel:125 - Updater not yet initialized, retry later 
2024-10-08 10:03:12,363 [FATAL] Updater:334 - Updater called before beeing initialized
2024-10-08 10:03:12,620 [FATAL] Updater:334 - Updater called before beeing initialized
2024-10-08 10:03:12,661 [INFO] DbMcusAds:53 - JSON generation date=Fri Sep 20 20:04:23 ICT 2024 (1726837463113)
2024-10-08 10:03:12,662 [FATAL] Updater:334 - Updater called before beeing initialized
2024-10-08 10:03:12,953 [WARN] DetailPanel:346 - Failed to get advertising image, set to default
2024-10-08 10:03:13,193 [FATAL] Updater:334 - Updater called before beeing initialized
2024-10-08 10:03:13,197 [FATAL] Updater:334 - Updater called before beeing initialized
2024-10-08 10:03:13,197 [FATAL] Updater:334 - Updater called before beeing initialized
2024-10-08 10:03:13,197 [WARN] DetailPanel:346 - Failed to get advertising image, set to default
2024-10-08 10:03:13,199 [FATAL] Updater:334 - Updater called before beeing initialized
2024-10-08 10:03:13,415 [ERROR] Updater:1164 - MainUpdater not yet initialized. External WinMGr cannot be set.
2024-10-08 10:03:13,448 [INFO] Updater:1100 - Updater Version found : 6.12.0
2024-10-08 10:03:13,487 [INFO] ApplicationProperties:184 - Using Application install path: D:\ST\STM32CubeIDE_1.16.0\STM32CubeIDE\plugins\com.st.stm32cube.common.mx_6.12.0.202406281431
2024-10-08 10:03:14,481 [INFO] ThirdPartyUpdaterWithRetryManager:70 - Updater plugin not ready yet. [4/15]
2024-10-08 10:03:15,199 [ERROR] LogOutputStream:75 - [STDERR_REDIRECT] Oct 08, 2024 10:03:15 AM java.util.prefs.WindowsPreferences <init>
2024-10-08 10:03:15,205 [ERROR] LogOutputStream:75 - [STDERR_REDIRECT] WARNING: Could not open/create prefs root node Software\JavaSoft\Prefs at root 0xffffffff80000002. Windows RegCreateKeyEx(...) returned error code 5.
2024-10-08 10:03:15,206 [ERROR] LogOutputStream:75 - [STDERR_REDIRECT] 
2024-10-08 10:03:16,072 [INFO] MainUpdater:2873 - connection check result : 10
2024-10-08 10:03:16,075 [INFO] MainUpdater:290 - Updater Check For Update Now.
2024-10-08 10:03:16,075 [INFO] MicroXplorer:498 - Change Database Version : DB.6.0.120
2024-10-08 10:03:16,132 [INFO] McuFinderGlobals:63 - Set McuFinder mode to 2 (CubeIDE integrated)
2024-10-08 10:03:16,132 [INFO] UserAuth:179 - activating auth plugin
2024-10-08 10:03:16,156 [INFO] UserAuth:417 - Internet connection configuration mode: 1
2024-10-08 10:03:16,293 [INFO] JxBrowserEngine:152 - Initiate JxBrowser Engine with user profile folder
2024-10-08 10:03:16,522 [INFO] CheckServerUpdateThread:120 - End of CheckServer Thread
2024-10-08 10:03:17,915 [WARN] PackLoader:240 - Cannot read IP mode file for STMicroelectronics.FP-SNS-MOTENVWB1.1.4.0
2024-10-08 10:03:17,939 [WARN] PackLoader:240 - Cannot read IP mode file for STMicroelectronics.X-CUBE-SMBUS.2.1.0
2024-10-08 10:03:17,967 [WARN] PackLoader:240 - Cannot read IP mode file for STMicroelectronics.X-CUBE-WB05N.1.1.0
2024-10-08 10:03:18,038 [WARN] PackLoader:240 - Cannot read IP mode file for STMicroelectronics.X-CUBE-AZRTOS-F7.1.1.0
2024-10-08 10:03:18,303 [WARN] PackLoader:240 - Cannot read IP mode file for STMicroelectronics.X-CUBE-MEMS1.11.0.0
2024-10-08 10:03:18,741 [WARN] PackLoader:240 - Cannot read IP mode file for STMicroelectronics.FP-SNS-FLIGHT1.5.0.2
2024-10-08 10:03:18,801 [WARN] PackLoader:240 - Cannot read IP mode file for STMicroelectronics.X-CUBE-DISPLAY.3.0.0
2024-10-08 10:03:18,852 [WARN] PackLoader:240 - Cannot read IP mode file for STMicroelectronics.X-CUBE-BLE1.7.0.0
2024-10-08 10:03:18,891 [WARN] PackLoader:240 - Cannot read IP mode file for STMicroelectronics.X-CUBE-NFC10.1.0.0
2024-10-08 10:03:18,932 [WARN] PackLoader:240 - Cannot read IP mode file for emotas.I-CUBE-CANOPEN.1.3.0
2024-10-08 10:03:18,963 [WARN] PackLoader:240 - Cannot read IP mode file for STMicroelectronics.X-CUBE-BLEMGR.3.1.0
2024-10-08 10:03:18,990 [WARN] PackLoader:240 - Cannot read IP mode file for STMicroelectronics.FP-SNS-SMARTAG2.1.2.0
2024-10-08 10:03:19,045 [INFO] LogOutputStream:77 - [STDOUT_REDIRECT] 1 : Invalid condition id : UX_CORESTACK_Condition cause : null
2024-10-08 10:03:19,049 [INFO] LogOutputStream:77 - [STDOUT_REDIRECT] 1 : Invalid condition id : UX_CORESTACK_Condition cause : null
2024-10-08 10:03:19,052 [INFO] LogOutputStream:77 - [STDOUT_REDIRECT] 1 : Invalid condition id : UX_CORESTACK_Condition cause : null
2024-10-08 10:03:19,056 [INFO] LogOutputStream:77 - [STDOUT_REDIRECT] 1 : Invalid condition id : UX_CORESTACK_Condition cause : null
2024-10-08 10:03:19,062 [INFO] LogOutputStream:77 - [STDOUT_REDIRECT] 1 : Invalid condition id : UX_CORESTACK_Condition cause : null
2024-10-08 10:03:19,073 [WARN] PackLoader:240 - Cannot read IP mode file for STMicroelectronics.X-CUBE-AZRTOS-WL.2.0.0
2024-10-08 10:03:19,105 [WARN] PackLoader:240 - Cannot read IP mode file for STMicroelectronics.FP-SNS-MOTENV1.5.0.0
2024-10-08 10:03:19,131 [WARN] PackLoader:240 - Cannot read IP mode file for wolfSSL.I-CUBE-wolfMQTT.1.19.0
2024-10-08 10:03:19,168 [WARN] PackLoader:240 - Cannot read IP mode file for WES.I-CUBE-Cesium.1.3.0
2024-10-08 10:03:19,196 [WARN] PackLoader:240 - Cannot read IP mode file for STMicroelectronics.X-CUBE-BLE2.3.3.0
2024-10-08 10:03:19,229 [WARN] PackLoader:240 - Cannot read IP mode file for STMicroelectronics.X-CUBE-NFC9.1.0.0
2024-10-08 10:03:19,261 [WARN] PackLoader:240 - Cannot read IP mode file for STMicroelectronics.X-CUBE-TCPP.4.1.0
2024-10-08 10:03:19,334 [WARN] PackLoader:240 - Cannot read IP mode file for STMicroelectronics.X-CUBE-AZRTOS-G0.1.1.0
2024-10-08 10:03:19,375 [WARN] PackLoader:240 - Cannot read IP mode file for STMicroelectronics.X-CUBE-SAFEA1.1.2.2
2024-10-08 10:03:19,399 [WARN] PackLoader:240 - Cannot read IP mode file for STMicroelectronics.X-CUBE-NFC4.3.0.0
2024-10-08 10:03:19,430 [WARN] PackLoader:240 - Cannot read IP mode file for EmbeddedOffice.I-CUBE-FS-RTOS.1.0.1
2024-10-08 10:03:19,430 [ERROR] ConditionMgr:805 - Attr not supported : Dmpu
2024-10-08 10:03:19,431 [ERROR] ConditionMgr:805 - Attr not supported : Dmpu
2024-10-08 10:03:19,431 [ERROR] ConditionMgr:805 - Attr not supported : Dmpu
2024-10-08 10:03:19,431 [ERROR] ConditionMgr:805 - Attr not supported : Dmpu
2024-10-08 10:03:19,431 [ERROR] ConditionMgr:805 - Attr not supported : Dmpu
2024-10-08 10:03:19,431 [ERROR] ConditionMgr:805 - Attr not supported : Dmpu
2024-10-08 10:03:19,431 [ERROR] ConditionMgr:805 - Attr not supported : Dmpu
2024-10-08 10:03:19,431 [ERROR] ConditionMgr:805 - Attr not supported : Dmpu
2024-10-08 10:03:19,432 [ERROR] ConditionMgr:805 - Attr not supported : Dmpu
2024-10-08 10:03:19,432 [ERROR] ConditionMgr:805 - Attr not supported : Dmpu
2024-10-08 10:03:19,432 [ERROR] ConditionMgr:805 - Attr not supported : Dmpu
2024-10-08 10:03:19,432 [ERROR] ConditionMgr:805 - Attr not supported : Dmpu
2024-10-08 10:03:19,432 [ERROR] ConditionMgr:805 - Attr not supported : Dmpu
2024-10-08 10:03:19,432 [ERROR] ConditionMgr:805 - Attr not supported : Dmpu
2024-10-08 10:03:19,432 [ERROR] ConditionMgr:805 - Attr not supported : Dmpu
2024-10-08 10:03:19,432 [ERROR] ConditionMgr:805 - Attr not supported : Dmpu
2024-10-08 10:03:19,433 [ERROR] ConditionMgr:805 - Attr not supported : Dmpu
2024-10-08 10:03:19,433 [ERROR] ConditionMgr:805 - Attr not supported : Dmpu
2024-10-08 10:03:19,433 [ERROR] ConditionMgr:805 - Attr not supported : Dmpu
2024-10-08 10:03:19,433 [ERROR] ConditionMgr:805 - Attr not supported : Dmpu
2024-10-08 10:03:19,433 [ERROR] ConditionMgr:805 - Attr not supported : Dmpu
2024-10-08 10:03:19,433 [ERROR] ConditionMgr:805 - Attr not supported : Dmpu
2024-10-08 10:03:19,433 [ERROR] ConditionMgr:805 - Attr not supported : Dmpu
2024-10-08 10:03:19,433 [ERROR] ConditionMgr:805 - Attr not supported : Dmpu
2024-10-08 10:03:19,434 [ERROR] ConditionMgr:805 - Attr not supported : Dmpu
2024-10-08 10:03:19,434 [ERROR] ConditionMgr:805 - Attr not supported : Dmpu
2024-10-08 10:03:19,434 [ERROR] ConditionMgr:805 - Attr not supported : Dmpu
2024-10-08 10:03:19,434 [ERROR] ConditionMgr:805 - Attr not supported : Dmpu
2024-10-08 10:03:19,434 [ERROR] ConditionMgr:805 - Attr not supported : Dmpu
2024-10-08 10:03:19,434 [ERROR] ConditionMgr:805 - Attr not supported : Dmpu
2024-10-08 10:03:19,434 [ERROR] ConditionMgr:805 - Attr not supported : Dmpu
2024-10-08 10:03:19,434 [ERROR] ConditionMgr:805 - Attr not supported : Dmpu
2024-10-08 10:03:19,434 [ERROR] ConditionMgr:805 - Attr not supported : Dmpu
2024-10-08 10:03:19,435 [ERROR] ConditionMgr:805 - Attr not supported : Dmpu
2024-10-08 10:03:19,435 [ERROR] ConditionMgr:805 - Attr not supported : Dmpu
2024-10-08 10:03:19,435 [ERROR] ConditionMgr:805 - Attr not supported : Dmpu
2024-10-08 10:03:19,435 [ERROR] ConditionMgr:805 - Attr not supported : Dmpu
2024-10-08 10:03:19,435 [ERROR] ConditionMgr:805 - Attr not supported : Dmpu
2024-10-08 10:03:19,435 [ERROR] ConditionMgr:805 - Attr not supported : Dmpu
2024-10-08 10:03:19,435 [ERROR] ConditionMgr:805 - Attr not supported : Dmpu
2024-10-08 10:03:19,435 [ERROR] ConditionMgr:805 - Attr not supported : Dmpu
2024-10-08 10:03:19,436 [ERROR] ConditionMgr:805 - Attr not supported : Dmpu
2024-10-08 10:03:19,436 [ERROR] ConditionMgr:805 - Attr not supported : Dmpu
2024-10-08 10:03:19,436 [ERROR] ConditionMgr:805 - Attr not supported : Dmpu
2024-10-08 10:03:19,436 [ERROR] ConditionMgr:805 - Attr not supported : Dmpu
2024-10-08 10:03:19,436 [ERROR] ConditionMgr:805 - Attr not supported : Dmpu
2024-10-08 10:03:19,436 [ERROR] ConditionMgr:805 - Attr not supported : Dmpu
2024-10-08 10:03:19,436 [ERROR] ConditionMgr:805 - Attr not supported : Dmpu
2024-10-08 10:03:19,436 [ERROR] ConditionMgr:805 - Attr not supported : Dmpu
2024-10-08 10:03:19,437 [ERROR] ConditionMgr:805 - Attr not supported : Dmpu
2024-10-08 10:03:19,437 [ERROR] ConditionMgr:805 - Attr not supported : Dmpu
2024-10-08 10:03:19,437 [ERROR] ConditionMgr:805 - Attr not supported : Dmpu
2024-10-08 10:03:19,437 [ERROR] ConditionMgr:805 - Attr not supported : Dmpu
2024-10-08 10:03:19,437 [ERROR] ConditionMgr:805 - Attr not supported : Dmpu
2024-10-08 10:03:19,437 [ERROR] ConditionMgr:805 - Attr not supported : Dmpu
2024-10-08 10:03:19,437 [ERROR] ConditionMgr:805 - Attr not supported : Dmpu
2024-10-08 10:03:19,437 [ERROR] ConditionMgr:805 - Attr not supported : Dmpu
2024-10-08 10:03:19,438 [ERROR] ConditionMgr:805 - Attr not supported : Dmpu
2024-10-08 10:03:19,438 [ERROR] ConditionMgr:805 - Attr not supported : Dmpu
2024-10-08 10:03:19,438 [ERROR] ConditionMgr:805 - Attr not supported : Dmpu
2024-10-08 10:03:19,438 [ERROR] ConditionMgr:805 - Attr not supported : Dmpu
2024-10-08 10:03:19,438 [ERROR] ConditionMgr:805 - Attr not supported : Dmpu
2024-10-08 10:03:19,439 [ERROR] ConditionMgr:805 - Attr not supported : Dmpu
2024-10-08 10:03:19,439 [ERROR] ConditionMgr:805 - Attr not supported : Dmpu
2024-10-08 10:03:19,465 [WARN] PackLoader:240 - Cannot read IP mode file for RealThread.X-CUBE-RT-Thread_Nano.4.1.1
2024-10-08 10:03:19,485 [WARN] PackLoader:240 - Cannot read IP mode file for STMicroelectronics.FP-ATR-SIGFOX1.3.2.0
2024-10-08 10:03:19,503 [WARN] PackLoader:240 - Cannot read IP mode file for wolfSSL.I-CUBE-wolfSSL.5.7.2
2024-10-08 10:03:19,535 [WARN] PackLoader:240 - Cannot read IP mode file for STMicroelectronics.X-CUBE-EEPRMA1.5.1.0
2024-10-08 10:03:19,572 [WARN] PackLoader:240 - Cannot read IP mode file for ITTIA_DB.I-CUBE-ITTIADB.8.9.0
2024-10-08 10:03:19,648 [WARN] PackLoader:240 - Cannot read IP mode file for SEGGER.I-CUBE-embOS.1.3.1
2024-10-08 10:03:19,741 [WARN] PackLoader:240 - Cannot read IP mode file for STMicroelectronics.X-CUBE-ALGOBUILD.1.4.0
2024-10-08 10:03:19,768 [WARN] PackLoader:240 - Cannot read IP mode file for STMicroelectronics.X-CUBE-AI.9.1.0
2024-10-08 10:03:19,794 [WARN] PackLoader:240 - Cannot read IP mode file for STMicroelectronics.X-CUBE-GNSS1.6.0.0
2024-10-08 10:03:19,839 [WARN] PackLoader:240 - Cannot read IP mode file for STMicroelectronics.X-CUBE-AZRTOS-F4.1.1.0
2024-10-08 10:03:19,863 [WARN] PackLoader:240 - Cannot read IP mode file for STMicroelectronics.X-CUBE-ISPU.2.1.0
2024-10-08 10:03:19,880 [WARN] PackLoader:240 - Cannot read IP mode file for STMicroelectronics.X-CUBE-FREERTOS.1.2.0
2024-10-08 10:03:19,933 [WARN] PackLoader:240 - Cannot read IP mode file for STMicroelectronics.X-CUBE-AZRTOS-L5.2.0.0
2024-10-08 10:03:19,970 [WARN] PackLoader:240 - Cannot read IP mode file for STMicroelectronics.X-CUBE-NFC6.3.1.0
2024-10-08 10:03:19,998 [WARN] PackLoader:240 - Cannot read IP mode file for STMicroelectronics.X-CUBE-DPower.1.2.0
2024-10-08 10:03:20,018 [WARN] PackLoader:240 - Cannot read IP mode file for STMicroelectronics.X-CUBE-AI.9.0.0
2024-10-08 10:03:20,041 [WARN] PackLoader:240 - Cannot read IP mode file for STMicroelectronics.X-CUBE-NFC7.1.0.1
2024-10-08 10:03:20,076 [WARN] PackLoader:240 - Cannot read IP mode file for wolfSSL.I-CUBE-wolfTPM.3.2.0
2024-10-08 10:03:20,143 [WARN] ConditionMgr:438 - getConditionDescription Invalid condition id : LAN8742 Phy interface Condition cause : null
2024-10-08 10:03:20,144 [WARN] PackLoader:240 - Cannot read IP mode file for STMicroelectronics.X-CUBE-AZRTOS-L4.2.0.0
2024-10-08 10:03:20,147 [WARN] ConditionMgr:1039 - genDependencies : Invalid condition id : LAN8742 Phy interface Condition cause : null
2024-10-08 10:03:20,147 [WARN] ConditionMgr:1039 - genDependencies : Invalid condition id : LAN8742 Phy interface Condition cause : null
2024-10-08 10:03:20,148 [WARN] ConditionMgr:1039 - genDependencies : Invalid condition id : LAN8742 Phy interface Condition cause : null
2024-10-08 10:03:20,179 [WARN] PackLoader:240 - Cannot read IP mode file for STMicroelectronics.X-CUBE-SFXS2LP1.4.0.0
2024-10-08 10:03:20,242 [WARN] PackLoader:240 - Cannot read IP mode file for STMicroelectronics.X-CUBE-AZRTOS-H7.3.3.0
2024-10-08 10:03:20,278 [WARN] PackLoader:240 - Cannot read IP mode file for STMicroelectronics.X-CUBE-IPS.3.0.0
2024-10-08 10:03:20,319 [WARN] ConditionMgr:438 - getConditionDescription Invalid condition id : UX DEVICE CLASS RTOS Condition cause : null
2024-10-08 10:03:20,320 [WARN] ConditionMgr:438 - getConditionDescription Invalid condition id : UX DEVICE CLASS RTOS Condition cause : null
2024-10-08 10:03:20,324 [WARN] PackLoader:240 - Cannot read IP mode file for STMicroelectronics.X-CUBE-AZRTOS-WB.2.0.0
2024-10-08 10:03:20,325 [WARN] ConditionMgr:1039 - genDependencies : Invalid condition id : UX DEVICE CLASS RTOS Condition cause : null
2024-10-08 10:03:20,325 [WARN] ConditionMgr:1039 - genDependencies : Invalid condition id : UX DEVICE CLASS RTOS Condition cause : null
2024-10-08 10:03:20,326 [WARN] ConditionMgr:1039 - genDependencies : Invalid condition id : UX DEVICE CLASS RTOS Condition cause : null
2024-10-08 10:03:20,327 [WARN] ConditionMgr:1039 - genDependencies : Invalid condition id : UX DEVICE CLASS RTOS Condition cause : null
2024-10-08 10:03:20,327 [WARN] ConditionMgr:1039 - genDependencies : Invalid condition id : UX DEVICE CLASS RTOS Condition cause : null
2024-10-08 10:03:20,358 [WARN] PackLoader:240 - Cannot read IP mode file for STMicroelectronics.X-CUBE-GNSS1.7.0.0
2024-10-08 10:03:20,394 [WARN] PackLoader:240 - Cannot read IP mode file for STMicroelectronics.FP-SNS-STBOX1.2.0.0
2024-10-08 10:03:20,445 [WARN] PackLoader:240 - Cannot read IP mode file for STMicroelectronics.X-CUBE-SUBG2.5.0.0
2024-10-08 10:03:20,483 [WARN] PackLoader:240 - Cannot read IP mode file for Cesanta.I-CUBE-Mongoose.7.13.0
2024-10-08 10:03:20,533 [WARN] PackLoader:240 - Cannot read IP mode file for STMicroelectronics.X-CUBE-AZRTOS-G4.2.0.0
2024-10-08 10:03:20,557 [WARN] PackLoader:240 - Cannot read IP mode file for STMicroelectronics.X-CUBE-ISPU.2.0.0
2024-10-08 10:03:20,575 [WARN] PackLoader:240 - Cannot read IP mode file for STMicroelectronics.X-CUBE-ALS.1.0.2
2024-10-08 10:03:20,682 [WARN] PackLoader:240 - Cannot read IP mode file for STMicroelectronics.X-CUBE-MEMS1.10.0.0
2024-10-08 10:03:20,944 [WARN] PackLoader:240 - Cannot read IP mode file for STMicroelectronics.X-CUBE-TOUCHGFX.4.24.0
2024-10-08 10:03:20,961 [WARN] PackLoader:240 - Cannot read IP mode file for STMicroelectronics.X-CUBE-TOUCHGFX.4.24.1
2024-10-08 10:03:20,978 [WARN] PackLoader:240 - Cannot read IP mode file for portGmbH.I-Cube-SoM-uGOAL.1.1.0
2024-10-08 10:03:21,030 [WARN] PackLoader:240 - Cannot read IP mode file for STMicroelectronics.X-CUBE-AZRTOS-H7RS.1.0.0
2024-10-08 10:03:21,053 [WARN] PackLoader:240 - Cannot read IP mode file for STMicroelectronics.FP-ATR-ASTRA1.2.0.0
2024-10-08 10:03:21,085 [WARN] PackLoader:240 - Cannot read IP mode file for STMicroelectronics.X-CUBE-TOF1.3.4.2
2024-10-08 10:03:21,145 [WARN] PackLoader:240 - Cannot read IP mode file for STMicroelectronics.X-CUBE-AZRTOS-H7.3.2.0
2024-10-08 10:03:21,196 [WARN] PackLoader:240 - Cannot read IP mode file for Infineon.AIROC-Wi-Fi-Bluetooth-STM32.1.6.0
2024-10-08 10:03:21,220 [WARN] PackLoader:240 - Cannot read IP mode file for wolfSSL.I-CUBE-wolfSSH.1.4.17
2024-10-08 10:03:21,221 [INFO] ThirdParty:978 - Integrity check success = true
2024-10-08 10:03:21,221 [INFO] IntegrityCheckThread:100 - exiting critical section [integrity check]
2024-10-08 10:03:21,221 [INFO] IntegrityCheckThread:103 - End integrity checks thread
2024-10-08 10:03:29,253 [INFO] WebApp:167 - Instantiating new browser for Auth
2024-10-08 10:03:30,984 [INFO] WebApp:448 - Apply proxy settings
2024-10-08 10:03:30,985 [INFO] WebApp:533 - Chromium requires no authentication
2024-10-08 10:03:31,017 [INFO] WebApp:476 - Direct internet connection detected
2024-10-08 10:03:31,086 [INFO] WebApp:869 - Register for checkConnection events
2024-10-08 10:03:31,086 [INFO] WebApp:448 - Apply proxy settings
2024-10-08 10:03:31,086 [INFO] WebApp:533 - Chromium requires no authentication
2024-10-08 10:03:31,087 [INFO] WebApp:476 - Direct internet connection detected
2024-10-08 10:03:31,433 [INFO] WebApp:186 - Connection restablished
2024-10-08 10:03:31,509 [INFO] WebApp:220 - Starting web application
2024-10-08 10:03:31,509 [INFO] WebApp:578 - Web application path used D:\ST\STM32CubeIDE_1.16.0\STM32CubeIDE\plugins\com.st.stm32cube.common.mx_6.12.0.202406281431\db\plugins\mcufinder\reactClient1\index.html
2024-10-08 14:30:25,427 [ERROR] LogOutputStream:75 - [STDERR_REDIRECT] Exception in thread "SWV client thread" java.lang.NullPointerException: Cannot invoke "com.st.stm32cube.ide.mcu.debug.swv.core.SWVPlugin.isDebugging()" because "com.st.stm32cube.ide.mcu.debug.swv.core.SWVPlugin.plugin" is null
2024-10-08 14:30:25,583 [ERROR] LogOutputStream:75 - [STDERR_REDIRECT] 	at com.st.stm32cube.ide.mcu.debug.swv.core.SWVPlugin.debugTrace(SWVPlugin.java:85)
2024-10-08 14:30:25,588 [ERROR] LogOutputStream:75 - [STDERR_REDIRECT] 	at com.st.stm32cube.ide.mcu.debug.swv.core.SWVClient.TRACE(SWVClient.java:768)
2024-10-08 14:30:25,592 [ERROR] LogOutputStream:75 - [STDERR_REDIRECT] 	at com.st.stm32cube.ide.mcu.debug.swv.core.SWVClient.createProtocolPacket(SWVClient.java:472)
2024-10-08 14:30:25,595 [ERROR] LogOutputStream:75 - [STDERR_REDIRECT] 	at com.st.stm32cube.ide.mcu.debug.swv.core.SWVClient.run(SWVClient.java:370)
2024-10-08 14:30:32,140 [ERROR] LogOutputStream:75 - [STDERR_REDIRECT] 
2024-10-08 14:30:32,147 [ERROR] LogOutputStream:75 - [STDERR_REDIRECT] 
2024-10-08 14:31:37,219 [INFO] Activator:176 - 


2024-10-08 14:31:37,230 [INFO] Activator:177 - !SESSION log4j initialized
2024-10-08 14:31:54,486 [INFO] LogOutputStream:77 - [STDOUT_REDIRECT] 
2024-10-08 14:32:08,961 [INFO] ApplicationProperties:184 - Using Application install path: D:\ST\STM32CubeIDE_1.16.0\STM32CubeIDE\plugins\com.st.stm32cube.common.mx_6.12.0.202406281431
2024-10-08 14:32:09,039 [INFO] DbMcusXml:78 - Set database path to: D:\ST\STM32CubeIDE_1.16.0\STM32CubeIDE\plugins\com.st.stm32cube.common.mx_6.12.0.202406281431\\db\/mcu/
2024-10-08 14:32:09,040 [INFO] ApiDb:274 - Set plugin database path to: D:\ST\STM32CubeIDE_1.16.0\STM32CubeIDE\plugins\com.st.stm32cube.common.mx_6.12.0.202406281431\\db\/plugins/boardmanager/
2024-10-08 14:32:09,040 [WARN] ApiDb:259 - Overriding images path with different value:  => D:\ST\STM32CubeIDE_1.16.0\STM32CubeIDE\plugins\com.st.stm32cube.common.mx_6.12.0.202406281431\\db\/plugins/mcufinder/images/
2024-10-08 14:32:09,139 [INFO] ApiDb:250 - Set database path to: C:\Users\Asus\.stmcufinder\plugins\mcufinder//mcu/
2024-10-08 14:32:09,141 [INFO] DbMcusAds:125 - Set database path to: C:\Users\Asus\.stmcufinder\plugins\mcufinder//mcu/
2024-10-08 14:32:09,157 [INFO] CrossReferenceDbSqlite:203 - Set database path to: C:\Users\Asus\.stmcufinder\plugins\mcufinder//mcu/cs/
2024-10-08 14:32:09,589 [INFO] RulesReader:64 - Compatibility file has been processed (297 Rules)
2024-10-08 14:32:09,888 [INFO] DbMcusXml:78 - Set database path to: D:\ST\STM32CubeIDE_1.16.0\STM32CubeIDE\plugins\com.st.stm32cube.common.mx_6.12.0.202406281431\\db\/mcu/
2024-10-08 14:32:09,888 [INFO] ApiDb:274 - Set plugin database path to: D:\ST\STM32CubeIDE_1.16.0\STM32CubeIDE\plugins\com.st.stm32cube.common.mx_6.12.0.202406281431\\db\/plugins/boardmanager/
2024-10-08 14:32:09,888 [INFO] ApiDb:261 - Set plugin images path to: D:\ST\STM32CubeIDE_1.16.0\STM32CubeIDE\plugins\com.st.stm32cube.common.mx_6.12.0.202406281431\\db\/plugins/mcufinder/images/
2024-10-08 14:32:09,889 [WARN] DbFile:41 - Overriding database path with different value: C:\Users\Asus\.stmcufinder\plugins\mcufinder/ => C:\Users\Asus\.stmcufinder\plugins\mcufinder
2024-10-08 14:32:09,889 [INFO] ApiDb:250 - Set database path to: C:\Users\Asus\.stmcufinder\plugins\mcufinder//mcu/
2024-10-08 14:32:09,889 [WARN] DbFile:41 - Overriding database path with different value: C:\Users\Asus\.stmcufinder\plugins\mcufinder/ => C:\Users\Asus\.stmcufinder\plugins\mcufinder
2024-10-08 14:32:09,889 [INFO] DbMcusAds:125 - Set database path to: C:\Users\Asus\.stmcufinder\plugins\mcufinder//mcu/
2024-10-08 14:32:09,889 [WARN] DbFile:41 - Overriding database path with different value: C:\Users\Asus\.stmcufinder\plugins\mcufinder/ => C:\Users\Asus\.stmcufinder\plugins\mcufinder
2024-10-08 14:32:09,890 [WARN] DbFile:41 - Overriding database path with different value: C:\Users\Asus\.stmcufinder\plugins\mcufinder/ => C:\Users\Asus\.stmcufinder\plugins\mcufinder
2024-10-08 14:32:09,890 [INFO] CrossReferenceDbSqlite:203 - Set database path to: C:\Users\Asus\.stmcufinder\plugins\mcufinder//mcu/cs/
2024-10-08 14:32:10,096 [INFO] MainPanel:268 - HeapMemory: 268435456
2024-10-08 14:32:10,519 [INFO] DbMcusXml:78 - Set database path to: D:\ST\STM32CubeIDE_1.16.0\STM32CubeIDE\plugins\com.st.stm32cube.common.mx_6.12.0.202406281431\\db\/mcu/
2024-10-08 14:32:10,519 [INFO] ApiDb:274 - Set plugin database path to: D:\ST\STM32CubeIDE_1.16.0\STM32CubeIDE\plugins\com.st.stm32cube.common.mx_6.12.0.202406281431\\db\/plugins/boardmanager/
2024-10-08 14:32:10,519 [INFO] ApiDb:261 - Set plugin images path to: D:\ST\STM32CubeIDE_1.16.0\STM32CubeIDE\plugins\com.st.stm32cube.common.mx_6.12.0.202406281431\\db\/plugins/mcufinder/images/
2024-10-08 14:32:10,520 [WARN] DbFile:41 - Overriding database path with different value: C:\Users\Asus\.stmcufinder\plugins\mcufinder/ => C:\Users\Asus\.stmcufinder\plugins\mcufinder
2024-10-08 14:32:10,520 [INFO] ApiDb:250 - Set database path to: C:\Users\Asus\.stmcufinder\plugins\mcufinder//mcu/
2024-10-08 14:32:10,520 [WARN] DbFile:41 - Overriding database path with different value: C:\Users\Asus\.stmcufinder\plugins\mcufinder/ => C:\Users\Asus\.stmcufinder\plugins\mcufinder
2024-10-08 14:32:10,520 [INFO] DbMcusAds:125 - Set database path to: C:\Users\Asus\.stmcufinder\plugins\mcufinder//mcu/
2024-10-08 14:32:10,521 [WARN] DbFile:41 - Overriding database path with different value: C:\Users\Asus\.stmcufinder\plugins\mcufinder/ => C:\Users\Asus\.stmcufinder\plugins\mcufinder
2024-10-08 14:32:10,521 [WARN] DbFile:41 - Overriding database path with different value: C:\Users\Asus\.stmcufinder\plugins\mcufinder/ => C:\Users\Asus\.stmcufinder\plugins\mcufinder
2024-10-08 14:32:10,521 [INFO] CrossReferenceDbSqlite:203 - Set database path to: C:\Users\Asus\.stmcufinder\plugins\mcufinder//mcu/cs/
2024-10-08 14:32:10,557 [INFO] ApplicationProperties:184 - Using Application install path: D:\ST\STM32CubeIDE_1.16.0\STM32CubeIDE\plugins\com.st.stm32cube.common.mx_6.12.0.202406281431
2024-10-08 14:32:10,560 [INFO] PluginManage:196 - Search for loadable plugins [exclusion list=, ]
2024-10-08 14:32:10,563 [INFO] PluginManage:310 - Check plugin analytics
2024-10-08 14:32:20,608 [INFO] AnalyticsPlugin:253 - Accepted Software Licenses: 
2024-10-08 14:32:20,608 [INFO] AnalyticsPlugin:255 - Accepted CMSIS Pack Licenses: 
2024-10-08 14:32:20,609 [INFO] AnalyticsPlugin:257 - Accepted Firmware Licenses: 
2024-10-08 14:32:20,612 [INFO] PluginManage:359 - Loaded plugin analytics (category:tool,tabindex:-1)
2024-10-08 14:32:20,614 [INFO] PluginManage:310 - Check plugin cadmodel
2024-10-08 14:32:20,666 [INFO] CADModel:105 - Init CAD model plugin
2024-10-08 14:32:20,666 [INFO] PluginManage:359 - Loaded plugin cadmodel (category:power,tabindex:5)
2024-10-08 14:32:20,667 [INFO] PluginManage:310 - Check plugin clock
2024-10-08 14:32:20,725 [INFO] PluginManage:359 - Loaded plugin clock (category:base,tabindex:2)
2024-10-08 14:32:20,725 [INFO] PluginManage:310 - Check plugin ddr
2024-10-08 14:32:20,738 [INFO] PluginManage:359 - Loaded plugin ddr (category:tool,tabindex:6)
2024-10-08 14:32:20,739 [INFO] PluginManage:310 - Check plugin filemanager
2024-10-08 14:32:21,419 [INFO] PluginManage:359 - Loaded plugin filemanager (category:base,tabindex:10)
2024-10-08 14:32:21,420 [INFO] PluginManage:310 - Check plugin ipmanager
2024-10-08 14:32:21,430 [INFO] PluginManage:359 - Loaded plugin ipmanager (category:base,tabindex:5)
2024-10-08 14:32:21,430 [INFO] PluginManage:310 - Check plugin lpbam
2024-10-08 14:32:21,493 [INFO] PluginManage:359 - Loaded plugin lpbam (category:base,tabindex:0)
2024-10-08 14:32:21,494 [INFO] PluginManage:310 - Check plugin memorymap
2024-10-08 14:32:21,570 [INFO] PluginManage:359 - Loaded plugin memorymap (category:base,tabindex:4)
2024-10-08 14:32:21,570 [INFO] PluginManage:310 - Check plugin pinoutandconfiguration
2024-10-08 14:32:21,616 [INFO] PluginManage:359 - Loaded plugin pinoutandconfiguration (category:base,tabindex:1)
2024-10-08 14:32:21,616 [INFO] PluginManage:310 - Check plugin pinoutconfig
2024-10-08 14:32:21,876 [WARN] SupportedApi:132 - Cannot load RTOS API schema: s4s-elt-must-match.1: The content of 'definitions' must match (annotation?, (simpleType | complexType)?, (unique | key | keyref)*)). A problem was found starting at: attribute.
2024-10-08 14:32:22,387 [INFO] PluginManage:359 - Loaded plugin pinoutconfig (category:base,tabindex:0)
2024-10-08 14:32:22,388 [INFO] PluginManage:310 - Check plugin power
2024-10-08 14:32:22,490 [INFO] PluginManage:359 - Loaded plugin power (category:power,tabindex:4)
2024-10-08 14:32:22,491 [INFO] PluginManage:310 - Check plugin projectmanager
2024-10-08 14:32:22,543 [INFO] PluginManage:359 - Loaded plugin projectmanager (category:projectmanager,tabindex:4)
2024-10-08 14:32:22,544 [INFO] PluginManage:310 - Check plugin rif
2024-10-08 14:32:22,589 [INFO] PluginManage:359 - Loaded plugin rif (category:base,tabindex:3)
2024-10-08 14:32:22,589 [INFO] PluginManage:310 - Check plugin thirdparty
2024-10-08 14:32:23,328 [INFO] PluginManage:359 - Loaded plugin thirdparty (category:base,tabindex:-1)
2024-10-08 14:32:23,328 [WARN] IntegrityCheckThread:84 - waiting for thirdparty lock release [integrity check]
2024-10-08 14:32:23,329 [INFO] PluginManage:310 - Check plugin tools
2024-10-08 14:32:23,329 [INFO] IntegrityCheckThread:86 - entering critical section [integrity check]
2024-10-08 14:32:23,330 [INFO] ThirdPartyUpdaterWithRetryManager:70 - Updater plugin not ready yet. [1/15]
2024-10-08 14:32:23,411 [INFO] PluginManage:359 - Loaded plugin tools (category:base,tabindex:7)
2024-10-08 14:32:23,411 [INFO] PluginManage:310 - Check plugin tutovideos
2024-10-08 14:32:23,958 [INFO] PluginManage:359 - Loaded plugin tutovideos (category:base,tabindex:-1)
2024-10-08 14:32:23,958 [INFO] PluginManage:310 - Check plugin updater
2024-10-08 14:32:24,010 [INFO] PluginManage:359 - Loaded plugin updater (category:base,tabindex:12)
2024-10-08 14:32:24,012 [INFO] PluginManage:310 - Check plugin userauth
2024-10-08 14:32:24,045 [INFO] UserAuth:113 - Init User Auth plugin
2024-10-08 14:32:24,045 [INFO] PluginManage:359 - Loaded plugin userauth (category:base,tabindex:14)
2024-10-08 14:32:24,046 [INFO] PluginManage:283 - PluginManage : Loaded plugins [18]
2024-10-08 14:32:24,738 [INFO] PinOutPanel:1561 - setPackage(No Configuration,No Configuration)
2024-10-08 14:32:24,989 [INFO] CADModel:165 - CPN selected for project level
2024-10-08 14:32:24,990 [INFO] CADModel:114 - Register for checkConnection events
2024-10-08 14:32:25,097 [INFO] IPUIPlugin:80 - create IPUIPlugin
2024-10-08 14:32:25,098 [INFO] PluginManager:220 - loadIPPluginJar : add adc
2024-10-08 14:32:25,154 [INFO] IPUIPlugin:80 - create IPUIPlugin
2024-10-08 14:32:25,155 [INFO] PluginManager:220 - loadIPPluginJar : add aes
2024-10-08 14:32:25,232 [INFO] IPUIPlugin:80 - create IPUIPlugin
2024-10-08 14:32:25,232 [INFO] PluginManager:220 - loadIPPluginJar : add can
2024-10-08 14:32:25,278 [INFO] IPUIPlugin:80 - create IPUIPlugin
2024-10-08 14:32:25,279 [INFO] PluginManager:220 - loadIPPluginJar : add comp
2024-10-08 14:32:25,353 [INFO] IPUIPlugin:80 - create IPUIPlugin
2024-10-08 14:32:25,353 [INFO] PluginManager:220 - loadIPPluginJar : add cryp
2024-10-08 14:32:25,421 [INFO] IPUIPlugin:80 - create IPUIPlugin
2024-10-08 14:32:25,421 [INFO] PluginManager:220 - loadIPPluginJar : add ddr_ctrl_phy
2024-10-08 14:32:25,478 [INFO] IPUIPlugin:80 - create IPUIPlugin
2024-10-08 14:32:25,478 [INFO] PluginManager:220 - loadIPPluginJar : add dfsdm
2024-10-08 14:32:25,525 [INFO] IPUIPlugin:80 - create IPUIPlugin
2024-10-08 14:32:25,526 [INFO] PluginManager:220 - loadIPPluginJar : add dma
2024-10-08 14:32:25,622 [INFO] IPUIPlugin:80 - create IPUIPlugin
2024-10-08 14:32:25,622 [INFO] PluginManager:220 - loadIPPluginJar : add dma3
2024-10-08 14:32:25,811 [INFO] IPUIPlugin:80 - create IPUIPlugin
2024-10-08 14:32:25,811 [INFO] PluginManager:220 - loadIPPluginJar : add extmemmanager
2024-10-08 14:32:25,871 [INFO] IPUIPlugin:80 - create IPUIPlugin
2024-10-08 14:32:25,872 [INFO] PluginManager:220 - loadIPPluginJar : add fatfs
2024-10-08 14:32:25,967 [INFO] IPUIPlugin:80 - create IPUIPlugin
2024-10-08 14:32:25,968 [INFO] PluginManager:220 - loadIPPluginJar : add fmc
2024-10-08 14:32:26,095 [INFO] IPUIPlugin:80 - create IPUIPlugin
2024-10-08 14:32:26,096 [INFO] PluginManager:220 - loadIPPluginJar : add freertos
2024-10-08 14:32:26,139 [INFO] IPUIPlugin:80 - create IPUIPlugin
2024-10-08 14:32:26,140 [INFO] PluginManager:220 - loadIPPluginJar : add genericplugin
2024-10-08 14:32:26,461 [INFO] ThirdPartyUpdaterWithRetryManager:70 - Updater plugin not ready yet. [2/15]
2024-10-08 14:32:26,464 [INFO] IPUIPlugin:80 - create IPUIPlugin
2024-10-08 14:32:26,464 [INFO] PluginManager:220 - loadIPPluginJar : add gfxmmu
2024-10-08 14:32:26,809 [INFO] IPUIPlugin:80 - create IPUIPlugin
2024-10-08 14:32:26,809 [INFO] PluginManager:220 - loadIPPluginJar : add gic
2024-10-08 14:32:26,964 [INFO] IPUIPlugin:80 - create IPUIPlugin
2024-10-08 14:32:26,965 [INFO] PluginManager:220 - loadIPPluginJar : add gpio
2024-10-08 14:32:27,113 [INFO] IPUIPlugin:80 - create IPUIPlugin
2024-10-08 14:32:27,113 [INFO] PluginManager:220 - loadIPPluginJar : add gtzc
2024-10-08 14:32:27,175 [INFO] IPUIPlugin:80 - create IPUIPlugin
2024-10-08 14:32:27,175 [INFO] PluginManager:220 - loadIPPluginJar : add hash
2024-10-08 14:32:27,284 [INFO] IPUIPlugin:80 - create IPUIPlugin
2024-10-08 14:32:27,284 [INFO] PluginManager:220 - loadIPPluginJar : add i2c
2024-10-08 14:32:27,421 [INFO] IPUIPlugin:80 - create IPUIPlugin
2024-10-08 14:32:27,421 [INFO] PluginManager:220 - loadIPPluginJar : add i2s
2024-10-08 14:32:27,487 [INFO] IPUIPlugin:80 - create IPUIPlugin
2024-10-08 14:32:27,487 [INFO] PluginManager:220 - loadIPPluginJar : add i3c
2024-10-08 14:32:27,688 [INFO] IPUIPlugin:80 - create IPUIPlugin
2024-10-08 14:32:27,689 [INFO] PluginManager:220 - loadIPPluginJar : add ipddr
2024-10-08 14:32:27,937 [INFO] IPUIPlugin:80 - create IPUIPlugin
2024-10-08 14:32:27,937 [INFO] PluginManager:220 - loadIPPluginJar : add linkedlist
2024-10-08 14:32:28,027 [INFO] IPUIPlugin:80 - create IPUIPlugin
2024-10-08 14:32:28,027 [INFO] PluginManager:220 - loadIPPluginJar : add lorawan
2024-10-08 14:32:28,126 [INFO] IPUIPlugin:80 - create IPUIPlugin
2024-10-08 14:32:28,127 [INFO] PluginManager:220 - loadIPPluginJar : add ltdc
2024-10-08 14:32:28,262 [INFO] IPUIPlugin:80 - create IPUIPlugin
2024-10-08 14:32:28,263 [INFO] PluginManager:220 - loadIPPluginJar : add mdma
2024-10-08 14:32:28,293 [INFO] IPUIPlugin:80 - create IPUIPlugin
2024-10-08 14:32:28,293 [INFO] PluginManager:220 - loadIPPluginJar : add nvic
2024-10-08 14:32:28,363 [INFO] IPUIPlugin:80 - create IPUIPlugin
2024-10-08 14:32:28,363 [INFO] PluginManager:220 - loadIPPluginJar : add opamp
2024-10-08 14:32:28,514 [INFO] IPUIPlugin:80 - create IPUIPlugin
2024-10-08 14:32:28,515 [INFO] PluginManager:220 - loadIPPluginJar : add openamp
2024-10-08 14:32:28,683 [INFO] IPUIPlugin:80 - create IPUIPlugin
2024-10-08 14:32:28,684 [INFO] PluginManager:220 - loadIPPluginJar : add pdm2pcm
2024-10-08 14:32:28,731 [INFO] IPUIPlugin:80 - create IPUIPlugin
2024-10-08 14:32:28,736 [INFO] PluginManager:220 - loadIPPluginJar : add plateformsettings
2024-10-08 14:32:28,790 [INFO] IPUIPlugin:80 - create IPUIPlugin
2024-10-08 14:32:28,790 [INFO] PluginManager:220 - loadIPPluginJar : add quadspi
2024-10-08 14:32:28,839 [INFO] IPUIPlugin:80 - create IPUIPlugin
2024-10-08 14:32:28,840 [INFO] PluginManager:220 - loadIPPluginJar : add radio
2024-10-08 14:32:28,888 [INFO] IPUIPlugin:80 - create IPUIPlugin
2024-10-08 14:32:28,889 [INFO] PluginManager:220 - loadIPPluginJar : add resmgrutility
2024-10-08 14:32:28,978 [INFO] IPUIPlugin:80 - create IPUIPlugin
2024-10-08 14:32:28,978 [INFO] PluginManager:220 - loadIPPluginJar : add sai
2024-10-08 14:32:29,047 [INFO] IPUIPlugin:80 - create IPUIPlugin
2024-10-08 14:32:29,047 [INFO] PluginManager:220 - loadIPPluginJar : add spi
2024-10-08 14:32:29,213 [INFO] IPUIPlugin:80 - create IPUIPlugin
2024-10-08 14:32:29,213 [INFO] PluginManager:220 - loadIPPluginJar : add stm32_wpan
2024-10-08 14:32:29,274 [INFO] IPUIPlugin:80 - create IPUIPlugin
2024-10-08 14:32:29,274 [INFO] PluginManager:220 - loadIPPluginJar : add tim
2024-10-08 14:32:29,441 [INFO] IPUIPlugin:80 - create IPUIPlugin
2024-10-08 14:32:29,441 [INFO] PluginManager:220 - loadIPPluginJar : add touchsensing
2024-10-08 14:32:29,463 [INFO] ThirdPartyUpdaterWithRetryManager:70 - Updater plugin not ready yet. [3/15]
2024-10-08 14:32:29,490 [INFO] IPUIPlugin:80 - create IPUIPlugin
2024-10-08 14:32:29,490 [INFO] PluginManager:220 - loadIPPluginJar : add tracer_emb
2024-10-08 14:32:29,529 [INFO] IPUIPlugin:80 - create IPUIPlugin
2024-10-08 14:32:29,529 [INFO] PluginManager:220 - loadIPPluginJar : add ts
2024-10-08 14:32:29,561 [INFO] IPUIPlugin:80 - create IPUIPlugin
2024-10-08 14:32:29,561 [INFO] PluginManager:220 - loadIPPluginJar : add tsc
2024-10-08 14:32:29,628 [INFO] IPUIPlugin:80 - create IPUIPlugin
2024-10-08 14:32:29,628 [INFO] PluginManager:220 - loadIPPluginJar : add ucpd
2024-10-08 14:32:29,721 [INFO] IPUIPlugin:80 - create IPUIPlugin
2024-10-08 14:32:29,721 [INFO] PluginManager:220 - loadIPPluginJar : add usart
2024-10-08 14:32:29,811 [INFO] IPUIPlugin:80 - create IPUIPlugin
2024-10-08 14:32:29,812 [INFO] PluginManager:220 - loadIPPluginJar : add usbx
2024-10-08 14:32:30,060 [INFO] CADModel:165 - CPN selected for project level
2024-10-08 14:32:30,062 [INFO] CADModel:114 - Register for checkConnection events
2024-10-08 14:32:30,062 [FATAL] Updater:334 - Updater called before beeing initialized
2024-10-08 14:32:30,062 [ERROR] CADModel:125 - Updater not yet initialized, retry later 
2024-10-08 14:32:30,497 [INFO] CADModel:165 - CPN selected for project level
2024-10-08 14:32:30,497 [INFO] CADModel:114 - Register for checkConnection events
2024-10-08 14:32:30,497 [FATAL] Updater:334 - Updater called before beeing initialized
2024-10-08 14:32:30,497 [ERROR] CADModel:125 - Updater not yet initialized, retry later 
2024-10-08 14:32:30,503 [FATAL] Updater:334 - Updater called before beeing initialized
2024-10-08 14:32:30,740 [FATAL] Updater:334 - Updater called before beeing initialized
2024-10-08 14:32:30,771 [INFO] DbMcusAds:53 - JSON generation date=Fri Sep 20 20:04:23 ICT 2024 (1726837463113)
2024-10-08 14:32:30,772 [FATAL] Updater:334 - Updater called before beeing initialized
2024-10-08 14:32:31,001 [WARN] DetailPanel:346 - Failed to get advertising image, set to default
2024-10-08 14:32:31,150 [FATAL] Updater:334 - Updater called before beeing initialized
2024-10-08 14:32:31,153 [FATAL] Updater:334 - Updater called before beeing initialized
2024-10-08 14:32:31,154 [FATAL] Updater:334 - Updater called before beeing initialized
2024-10-08 14:32:31,154 [WARN] DetailPanel:346 - Failed to get advertising image, set to default
2024-10-08 14:32:31,155 [FATAL] Updater:334 - Updater called before beeing initialized
2024-10-08 14:32:31,309 [ERROR] Updater:1164 - MainUpdater not yet initialized. External WinMGr cannot be set.
2024-10-08 14:32:31,331 [INFO] Updater:1100 - Updater Version found : 6.12.0
2024-10-08 14:32:31,388 [INFO] ApplicationProperties:184 - Using Application install path: D:\ST\STM32CubeIDE_1.16.0\STM32CubeIDE\plugins\com.st.stm32cube.common.mx_6.12.0.202406281431
2024-10-08 14:32:32,475 [INFO] ThirdPartyUpdaterWithRetryManager:70 - Updater plugin not ready yet. [4/15]
2024-10-08 14:32:33,085 [ERROR] LogOutputStream:75 - [STDERR_REDIRECT] Oct 08, 2024 2:32:33 PM java.util.prefs.WindowsPreferences <init>
2024-10-08 14:32:33,090 [ERROR] LogOutputStream:75 - [STDERR_REDIRECT] WARNING: Could not open/create prefs root node Software\JavaSoft\Prefs at root 0xffffffff80000002. Windows RegCreateKeyEx(...) returned error code 5.
2024-10-08 14:32:33,090 [ERROR] LogOutputStream:75 - [STDERR_REDIRECT] 
2024-10-08 14:32:33,902 [INFO] MainUpdater:2873 - connection check result : 10
2024-10-08 14:32:33,904 [INFO] MainUpdater:290 - Updater Check For Update Now.
2024-10-08 14:32:33,904 [INFO] MicroXplorer:498 - Change Database Version : DB.6.0.120
2024-10-08 14:32:33,972 [INFO] McuFinderGlobals:63 - Set McuFinder mode to 2 (CubeIDE integrated)
2024-10-08 14:32:33,973 [INFO] UserAuth:179 - activating auth plugin
2024-10-08 14:32:33,997 [INFO] UserAuth:417 - Internet connection configuration mode: 1
2024-10-08 14:32:34,132 [INFO] JxBrowserEngine:152 - Initiate JxBrowser Engine with user profile folder
2024-10-08 14:32:34,338 [INFO] CheckServerUpdateThread:120 - End of CheckServer Thread
2024-10-08 14:32:35,997 [WARN] PackLoader:240 - Cannot read IP mode file for STMicroelectronics.FP-SNS-MOTENVWB1.1.4.0
2024-10-08 14:32:36,037 [WARN] PackLoader:240 - Cannot read IP mode file for STMicroelectronics.X-CUBE-SMBUS.2.1.0
2024-10-08 14:32:36,062 [WARN] PackLoader:240 - Cannot read IP mode file for STMicroelectronics.X-CUBE-WB05N.1.1.0
2024-10-08 14:32:36,141 [WARN] PackLoader:240 - Cannot read IP mode file for STMicroelectronics.X-CUBE-AZRTOS-F7.1.1.0
2024-10-08 14:32:36,543 [WARN] PackLoader:240 - Cannot read IP mode file for STMicroelectronics.X-CUBE-MEMS1.11.0.0
2024-10-08 14:32:36,845 [WARN] PackLoader:240 - Cannot read IP mode file for STMicroelectronics.FP-SNS-FLIGHT1.5.0.2
2024-10-08 14:32:36,872 [WARN] PackLoader:240 - Cannot read IP mode file for STMicroelectronics.X-CUBE-DISPLAY.3.0.0
2024-10-08 14:32:36,904 [WARN] PackLoader:240 - Cannot read IP mode file for STMicroelectronics.X-CUBE-BLE1.7.0.0
2024-10-08 14:32:36,939 [WARN] PackLoader:240 - Cannot read IP mode file for STMicroelectronics.X-CUBE-NFC10.1.0.0
2024-10-08 14:32:36,959 [WARN] PackLoader:240 - Cannot read IP mode file for emotas.I-CUBE-CANOPEN.1.3.0
2024-10-08 14:32:36,987 [WARN] PackLoader:240 - Cannot read IP mode file for STMicroelectronics.X-CUBE-BLEMGR.3.1.0
2024-10-08 14:32:37,010 [WARN] PackLoader:240 - Cannot read IP mode file for STMicroelectronics.FP-SNS-SMARTAG2.1.2.0
2024-10-08 14:32:37,041 [INFO] LogOutputStream:77 - [STDOUT_REDIRECT] 1 : Invalid condition id : UX_CORESTACK_Condition cause : null
2024-10-08 14:32:37,042 [INFO] LogOutputStream:77 - [STDOUT_REDIRECT] 1 : Invalid condition id : UX_CORESTACK_Condition cause : null
2024-10-08 14:32:37,044 [INFO] LogOutputStream:77 - [STDOUT_REDIRECT] 1 : Invalid condition id : UX_CORESTACK_Condition cause : null
2024-10-08 14:32:37,046 [INFO] LogOutputStream:77 - [STDOUT_REDIRECT] 1 : Invalid condition id : UX_CORESTACK_Condition cause : null
2024-10-08 14:32:37,048 [INFO] LogOutputStream:77 - [STDOUT_REDIRECT] 1 : Invalid condition id : UX_CORESTACK_Condition cause : null
2024-10-08 14:32:37,058 [WARN] PackLoader:240 - Cannot read IP mode file for STMicroelectronics.X-CUBE-AZRTOS-WL.2.0.0
2024-10-08 14:32:37,083 [WARN] PackLoader:240 - Cannot read IP mode file for STMicroelectronics.FP-SNS-MOTENV1.5.0.0
2024-10-08 14:32:37,105 [WARN] PackLoader:240 - Cannot read IP mode file for wolfSSL.I-CUBE-wolfMQTT.1.19.0
2024-10-08 14:32:37,134 [WARN] PackLoader:240 - Cannot read IP mode file for WES.I-CUBE-Cesium.1.3.0
2024-10-08 14:32:37,169 [WARN] PackLoader:240 - Cannot read IP mode file for STMicroelectronics.X-CUBE-BLE2.3.3.0
2024-10-08 14:32:37,207 [WARN] PackLoader:240 - Cannot read IP mode file for STMicroelectronics.X-CUBE-NFC9.1.0.0
2024-10-08 14:32:37,239 [WARN] PackLoader:240 - Cannot read IP mode file for STMicroelectronics.X-CUBE-TCPP.4.1.0
2024-10-08 14:32:37,295 [WARN] PackLoader:240 - Cannot read IP mode file for STMicroelectronics.X-CUBE-AZRTOS-G0.1.1.0
2024-10-08 14:32:37,330 [WARN] PackLoader:240 - Cannot read IP mode file for STMicroelectronics.X-CUBE-SAFEA1.1.2.2
2024-10-08 14:32:37,357 [WARN] PackLoader:240 - Cannot read IP mode file for STMicroelectronics.X-CUBE-NFC4.3.0.0
2024-10-08 14:32:37,409 [WARN] PackLoader:240 - Cannot read IP mode file for EmbeddedOffice.I-CUBE-FS-RTOS.1.0.1
2024-10-08 14:32:37,410 [ERROR] ConditionMgr:805 - Attr not supported : Dmpu
2024-10-08 14:32:37,411 [ERROR] ConditionMgr:805 - Attr not supported : Dmpu
2024-10-08 14:32:37,411 [ERROR] ConditionMgr:805 - Attr not supported : Dmpu
2024-10-08 14:32:37,411 [ERROR] ConditionMgr:805 - Attr not supported : Dmpu
2024-10-08 14:32:37,411 [ERROR] ConditionMgr:805 - Attr not supported : Dmpu
2024-10-08 14:32:37,411 [ERROR] ConditionMgr:805 - Attr not supported : Dmpu
2024-10-08 14:32:37,411 [ERROR] ConditionMgr:805 - Attr not supported : Dmpu
2024-10-08 14:32:37,411 [ERROR] ConditionMgr:805 - Attr not supported : Dmpu
2024-10-08 14:32:37,411 [ERROR] ConditionMgr:805 - Attr not supported : Dmpu
2024-10-08 14:32:37,411 [ERROR] ConditionMgr:805 - Attr not supported : Dmpu
2024-10-08 14:32:37,412 [ERROR] ConditionMgr:805 - Attr not supported : Dmpu
2024-10-08 14:32:37,412 [ERROR] ConditionMgr:805 - Attr not supported : Dmpu
2024-10-08 14:32:37,414 [ERROR] ConditionMgr:805 - Attr not supported : Dmpu
2024-10-08 14:32:37,414 [ERROR] ConditionMgr:805 - Attr not supported : Dmpu
2024-10-08 14:32:37,414 [ERROR] ConditionMgr:805 - Attr not supported : Dmpu
2024-10-08 14:32:37,414 [ERROR] ConditionMgr:805 - Attr not supported : Dmpu
2024-10-08 14:32:37,414 [ERROR] ConditionMgr:805 - Attr not supported : Dmpu
2024-10-08 14:32:37,415 [ERROR] ConditionMgr:805 - Attr not supported : Dmpu
2024-10-08 14:32:37,415 [ERROR] ConditionMgr:805 - Attr not supported : Dmpu
2024-10-08 14:32:37,415 [ERROR] ConditionMgr:805 - Attr not supported : Dmpu
2024-10-08 14:32:37,415 [ERROR] ConditionMgr:805 - Attr not supported : Dmpu
2024-10-08 14:32:37,415 [ERROR] ConditionMgr:805 - Attr not supported : Dmpu
2024-10-08 14:32:37,415 [ERROR] ConditionMgr:805 - Attr not supported : Dmpu
2024-10-08 14:32:37,415 [ERROR] ConditionMgr:805 - Attr not supported : Dmpu
2024-10-08 14:32:37,416 [ERROR] ConditionMgr:805 - Attr not supported : Dmpu
2024-10-08 14:32:37,416 [ERROR] ConditionMgr:805 - Attr not supported : Dmpu
2024-10-08 14:32:37,416 [ERROR] ConditionMgr:805 - Attr not supported : Dmpu
2024-10-08 14:32:37,417 [ERROR] ConditionMgr:805 - Attr not supported : Dmpu
2024-10-08 14:32:37,422 [ERROR] ConditionMgr:805 - Attr not supported : Dmpu
2024-10-08 14:32:37,423 [ERROR] ConditionMgr:805 - Attr not supported : Dmpu
2024-10-08 14:32:37,424 [ERROR] ConditionMgr:805 - Attr not supported : Dmpu
2024-10-08 14:32:37,425 [ERROR] ConditionMgr:805 - Attr not supported : Dmpu
2024-10-08 14:32:37,425 [ERROR] ConditionMgr:805 - Attr not supported : Dmpu
2024-10-08 14:32:37,425 [ERROR] ConditionMgr:805 - Attr not supported : Dmpu
2024-10-08 14:32:37,425 [ERROR] ConditionMgr:805 - Attr not supported : Dmpu
2024-10-08 14:32:37,425 [ERROR] ConditionMgr:805 - Attr not supported : Dmpu
2024-10-08 14:32:37,426 [ERROR] ConditionMgr:805 - Attr not supported : Dmpu
2024-10-08 14:32:37,426 [ERROR] ConditionMgr:805 - Attr not supported : Dmpu
2024-10-08 14:32:37,426 [ERROR] ConditionMgr:805 - Attr not supported : Dmpu
2024-10-08 14:32:37,426 [ERROR] ConditionMgr:805 - Attr not supported : Dmpu
2024-10-08 14:32:37,426 [ERROR] ConditionMgr:805 - Attr not supported : Dmpu
2024-10-08 14:32:37,426 [ERROR] ConditionMgr:805 - Attr not supported : Dmpu
2024-10-08 14:32:37,426 [ERROR] ConditionMgr:805 - Attr not supported : Dmpu
2024-10-08 14:32:37,426 [ERROR] ConditionMgr:805 - Attr not supported : Dmpu
2024-10-08 14:32:37,427 [ERROR] ConditionMgr:805 - Attr not supported : Dmpu
2024-10-08 14:32:37,427 [ERROR] ConditionMgr:805 - Attr not supported : Dmpu
2024-10-08 14:32:37,427 [ERROR] ConditionMgr:805 - Attr not supported : Dmpu
2024-10-08 14:32:37,427 [ERROR] ConditionMgr:805 - Attr not supported : Dmpu
2024-10-08 14:32:37,427 [ERROR] ConditionMgr:805 - Attr not supported : Dmpu
2024-10-08 14:32:37,427 [ERROR] ConditionMgr:805 - Attr not supported : Dmpu
2024-10-08 14:32:37,428 [ERROR] ConditionMgr:805 - Attr not supported : Dmpu
2024-10-08 14:32:37,428 [ERROR] ConditionMgr:805 - Attr not supported : Dmpu
2024-10-08 14:32:37,428 [ERROR] ConditionMgr:805 - Attr not supported : Dmpu
2024-10-08 14:32:37,428 [ERROR] ConditionMgr:805 - Attr not supported : Dmpu
2024-10-08 14:32:37,428 [ERROR] ConditionMgr:805 - Attr not supported : Dmpu
2024-10-08 14:32:37,428 [ERROR] ConditionMgr:805 - Attr not supported : Dmpu
2024-10-08 14:32:37,429 [ERROR] ConditionMgr:805 - Attr not supported : Dmpu
2024-10-08 14:32:37,429 [ERROR] ConditionMgr:805 - Attr not supported : Dmpu
2024-10-08 14:32:37,429 [ERROR] ConditionMgr:805 - Attr not supported : Dmpu
2024-10-08 14:32:37,429 [ERROR] ConditionMgr:805 - Attr not supported : Dmpu
2024-10-08 14:32:37,429 [ERROR] ConditionMgr:805 - Attr not supported : Dmpu
2024-10-08 14:32:37,429 [ERROR] ConditionMgr:805 - Attr not supported : Dmpu
2024-10-08 14:32:37,429 [ERROR] ConditionMgr:805 - Attr not supported : Dmpu
2024-10-08 14:32:37,429 [ERROR] ConditionMgr:805 - Attr not supported : Dmpu
2024-10-08 14:32:37,459 [WARN] PackLoader:240 - Cannot read IP mode file for RealThread.X-CUBE-RT-Thread_Nano.4.1.1
2024-10-08 14:32:37,483 [WARN] PackLoader:240 - Cannot read IP mode file for STMicroelectronics.FP-ATR-SIGFOX1.3.2.0
2024-10-08 14:32:37,507 [WARN] PackLoader:240 - Cannot read IP mode file for wolfSSL.I-CUBE-wolfSSL.5.7.2
2024-10-08 14:32:37,535 [WARN] PackLoader:240 - Cannot read IP mode file for STMicroelectronics.X-CUBE-EEPRMA1.5.1.0
2024-10-08 14:32:37,556 [WARN] PackLoader:240 - Cannot read IP mode file for ITTIA_DB.I-CUBE-ITTIADB.8.9.0
2024-10-08 14:32:37,627 [WARN] PackLoader:240 - Cannot read IP mode file for SEGGER.I-CUBE-embOS.1.3.1
2024-10-08 14:32:37,725 [WARN] PackLoader:240 - Cannot read IP mode file for STMicroelectronics.X-CUBE-ALGOBUILD.1.4.0
2024-10-08 14:32:37,743 [WARN] PackLoader:240 - Cannot read IP mode file for STMicroelectronics.X-CUBE-AI.9.1.0
2024-10-08 14:32:37,769 [WARN] PackLoader:240 - Cannot read IP mode file for STMicroelectronics.X-CUBE-GNSS1.6.0.0
2024-10-08 14:32:37,820 [WARN] PackLoader:240 - Cannot read IP mode file for STMicroelectronics.X-CUBE-AZRTOS-F4.1.1.0
2024-10-08 14:32:37,846 [WARN] PackLoader:240 - Cannot read IP mode file for STMicroelectronics.X-CUBE-ISPU.2.1.0
2024-10-08 14:32:37,873 [WARN] PackLoader:240 - Cannot read IP mode file for STMicroelectronics.X-CUBE-FREERTOS.1.2.0
2024-10-08 14:32:37,913 [WARN] PackLoader:240 - Cannot read IP mode file for STMicroelectronics.X-CUBE-AZRTOS-L5.2.0.0
2024-10-08 14:32:37,966 [WARN] PackLoader:240 - Cannot read IP mode file for STMicroelectronics.X-CUBE-NFC6.3.1.0
2024-10-08 14:32:37,998 [WARN] PackLoader:240 - Cannot read IP mode file for STMicroelectronics.X-CUBE-DPower.1.2.0
2024-10-08 14:32:38,026 [WARN] PackLoader:240 - Cannot read IP mode file for STMicroelectronics.X-CUBE-AI.9.0.0
2024-10-08 14:32:38,054 [WARN] PackLoader:240 - Cannot read IP mode file for STMicroelectronics.X-CUBE-NFC7.1.0.1
2024-10-08 14:32:38,091 [WARN] PackLoader:240 - Cannot read IP mode file for wolfSSL.I-CUBE-wolfTPM.3.2.0
2024-10-08 14:32:38,159 [WARN] ConditionMgr:438 - getConditionDescription Invalid condition id : LAN8742 Phy interface Condition cause : null
2024-10-08 14:32:38,159 [WARN] PackLoader:240 - Cannot read IP mode file for STMicroelectronics.X-CUBE-AZRTOS-L4.2.0.0
2024-10-08 14:32:38,161 [WARN] ConditionMgr:1039 - genDependencies : Invalid condition id : LAN8742 Phy interface Condition cause : null
2024-10-08 14:32:38,162 [WARN] ConditionMgr:1039 - genDependencies : Invalid condition id : LAN8742 Phy interface Condition cause : null
2024-10-08 14:32:38,163 [WARN] ConditionMgr:1039 - genDependencies : Invalid condition id : LAN8742 Phy interface Condition cause : null
2024-10-08 14:32:38,192 [WARN] PackLoader:240 - Cannot read IP mode file for STMicroelectronics.X-CUBE-SFXS2LP1.4.0.0
2024-10-08 14:32:38,243 [WARN] PackLoader:240 - Cannot read IP mode file for STMicroelectronics.X-CUBE-AZRTOS-H7.3.3.0
2024-10-08 14:32:38,287 [WARN] PackLoader:240 - Cannot read IP mode file for STMicroelectronics.X-CUBE-IPS.3.0.0
2024-10-08 14:32:38,337 [WARN] ConditionMgr:438 - getConditionDescription Invalid condition id : UX DEVICE CLASS RTOS Condition cause : null
2024-10-08 14:32:38,338 [WARN] ConditionMgr:438 - getConditionDescription Invalid condition id : UX DEVICE CLASS RTOS Condition cause : null
2024-10-08 14:32:38,341 [WARN] PackLoader:240 - Cannot read IP mode file for STMicroelectronics.X-CUBE-AZRTOS-WB.2.0.0
2024-10-08 14:32:38,342 [WARN] ConditionMgr:1039 - genDependencies : Invalid condition id : UX DEVICE CLASS RTOS Condition cause : null
2024-10-08 14:32:38,342 [WARN] ConditionMgr:1039 - genDependencies : Invalid condition id : UX DEVICE CLASS RTOS Condition cause : null
2024-10-08 14:32:38,342 [WARN] ConditionMgr:1039 - genDependencies : Invalid condition id : UX DEVICE CLASS RTOS Condition cause : null
2024-10-08 14:32:38,343 [WARN] ConditionMgr:1039 - genDependencies : Invalid condition id : UX DEVICE CLASS RTOS Condition cause : null
2024-10-08 14:32:38,343 [WARN] ConditionMgr:1039 - genDependencies : Invalid condition id : UX DEVICE CLASS RTOS Condition cause : null
2024-10-08 14:32:38,362 [WARN] PackLoader:240 - Cannot read IP mode file for STMicroelectronics.X-CUBE-GNSS1.7.0.0
2024-10-08 14:32:38,385 [WARN] PackLoader:240 - Cannot read IP mode file for STMicroelectronics.FP-SNS-STBOX1.2.0.0
2024-10-08 14:32:38,425 [WARN] PackLoader:240 - Cannot read IP mode file for STMicroelectronics.X-CUBE-SUBG2.5.0.0
2024-10-08 14:32:38,457 [WARN] PackLoader:240 - Cannot read IP mode file for Cesanta.I-CUBE-Mongoose.7.13.0
2024-10-08 14:32:38,509 [WARN] PackLoader:240 - Cannot read IP mode file for STMicroelectronics.X-CUBE-AZRTOS-G4.2.0.0
2024-10-08 14:32:38,544 [WARN] PackLoader:240 - Cannot read IP mode file for STMicroelectronics.X-CUBE-ISPU.2.0.0
2024-10-08 14:32:38,575 [WARN] PackLoader:240 - Cannot read IP mode file for STMicroelectronics.X-CUBE-ALS.1.0.2
2024-10-08 14:32:38,728 [WARN] PackLoader:240 - Cannot read IP mode file for STMicroelectronics.X-CUBE-MEMS1.10.0.0
2024-10-08 14:32:39,023 [WARN] PackLoader:240 - Cannot read IP mode file for STMicroelectronics.X-CUBE-TOUCHGFX.4.24.0
2024-10-08 14:32:39,045 [WARN] PackLoader:240 - Cannot read IP mode file for STMicroelectronics.X-CUBE-TOUCHGFX.4.24.1
2024-10-08 14:32:39,070 [WARN] PackLoader:240 - Cannot read IP mode file for portGmbH.I-Cube-SoM-uGOAL.1.1.0
2024-10-08 14:32:39,127 [WARN] PackLoader:240 - Cannot read IP mode file for STMicroelectronics.X-CUBE-AZRTOS-H7RS.1.0.0
2024-10-08 14:32:39,146 [WARN] PackLoader:240 - Cannot read IP mode file for STMicroelectronics.FP-ATR-ASTRA1.2.0.0
2024-10-08 14:32:39,177 [WARN] PackLoader:240 - Cannot read IP mode file for STMicroelectronics.X-CUBE-TOF1.3.4.2
2024-10-08 14:32:39,248 [WARN] PackLoader:240 - Cannot read IP mode file for STMicroelectronics.X-CUBE-AZRTOS-H7.3.2.0
2024-10-08 14:32:39,326 [WARN] PackLoader:240 - Cannot read IP mode file for Infineon.AIROC-Wi-Fi-Bluetooth-STM32.1.6.0
2024-10-08 14:32:39,365 [WARN] PackLoader:240 - Cannot read IP mode file for wolfSSL.I-CUBE-wolfSSH.1.4.17
2024-10-08 14:32:39,367 [INFO] ThirdParty:978 - Integrity check success = true
2024-10-08 14:32:39,367 [INFO] IntegrityCheckThread:100 - exiting critical section [integrity check]
2024-10-08 14:32:39,367 [INFO] IntegrityCheckThread:103 - End integrity checks thread
2024-10-08 14:32:47,612 [INFO] WebApp:167 - Instantiating new browser for Auth
2024-10-08 14:32:49,298 [INFO] WebApp:448 - Apply proxy settings
2024-10-08 14:32:49,300 [INFO] WebApp:533 - Chromium requires no authentication
2024-10-08 14:32:49,330 [INFO] WebApp:476 - Direct internet connection detected
2024-10-08 14:32:49,393 [INFO] WebApp:869 - Register for checkConnection events
2024-10-08 14:32:49,393 [INFO] WebApp:448 - Apply proxy settings
2024-10-08 14:32:49,393 [INFO] WebApp:533 - Chromium requires no authentication
2024-10-08 14:32:49,394 [INFO] WebApp:476 - Direct internet connection detected
2024-10-08 14:32:49,742 [INFO] WebApp:186 - Connection restablished
2024-10-08 14:32:49,828 [INFO] WebApp:220 - Starting web application
2024-10-08 14:32:49,828 [INFO] WebApp:578 - Web application path used D:\ST\STM32CubeIDE_1.16.0\STM32CubeIDE\plugins\com.st.stm32cube.common.mx_6.12.0.202406281431\db\plugins\mcufinder\reactClient1\index.html
2024-10-08 14:48:47,059 [ERROR] ConfigurationRetriever:142 - IOException on connection: Read timed out
