2024-09-26 00:35:52,134 [ERROR] LogOutputStream:75 - [STDERR_REDIRECT] 
2024-09-26 00:40:46,141 [INFO] Activator:176 - 


2024-09-26 00:40:46,143 [INFO] Activator:177 - !SESSION log4j initialized
2024-09-26 00:40:55,062 [INFO] LogOutputStream:77 - [STDOUT_REDIRECT] 
2024-09-26 00:41:06,064 [INFO] ApplicationProperties:184 - Using Application install path: D:\ST\STM32CubeIDE_1.16.0\STM32CubeIDE\plugins\com.st.stm32cube.common.mx_6.12.0.202406281431
2024-09-26 00:41:06,084 [INFO] DbMcusXml:78 - Set database path to: D:\ST\STM32CubeIDE_1.16.0\STM32CubeIDE\plugins\com.st.stm32cube.common.mx_6.12.0.202406281431\\db\/mcu/
2024-09-26 00:41:06,085 [INFO] ApiDb:274 - Set plugin database path to: D:\ST\STM32CubeIDE_1.16.0\STM32CubeIDE\plugins\com.st.stm32cube.common.mx_6.12.0.202406281431\\db\/plugins/boardmanager/
2024-09-26 00:41:06,085 [WARN] ApiDb:259 - Overriding images path with different value:  => D:\ST\STM32CubeIDE_1.16.0\STM32CubeIDE\plugins\com.st.stm32cube.common.mx_6.12.0.202406281431\\db\/plugins/mcufinder/images/
2024-09-26 00:41:06,093 [INFO] ApiDb:250 - Set database path to: C:\Users\Asus\.stmcufinder\plugins\mcufinder//mcu/
2024-09-26 00:41:06,094 [INFO] DbMcusAds:125 - Set database path to: C:\Users\Asus\.stmcufinder\plugins\mcufinder//mcu/
2024-09-26 00:41:06,102 [INFO] CrossReferenceDbSqlite:203 - Set database path to: C:\Users\Asus\.stmcufinder\plugins\mcufinder//mcu/cs/
2024-09-26 00:41:06,247 [INFO] RulesReader:64 - Compatibility file has been processed (297 Rules)
2024-09-26 00:41:06,350 [INFO] DbMcusXml:78 - Set database path to: D:\ST\STM32CubeIDE_1.16.0\STM32CubeIDE\plugins\com.st.stm32cube.common.mx_6.12.0.202406281431\\db\/mcu/
2024-09-26 00:41:06,350 [INFO] ApiDb:274 - Set plugin database path to: D:\ST\STM32CubeIDE_1.16.0\STM32CubeIDE\plugins\com.st.stm32cube.common.mx_6.12.0.202406281431\\db\/plugins/boardmanager/
2024-09-26 00:41:06,351 [INFO] ApiDb:261 - Set plugin images path to: D:\ST\STM32CubeIDE_1.16.0\STM32CubeIDE\plugins\com.st.stm32cube.common.mx_6.12.0.202406281431\\db\/plugins/mcufinder/images/
2024-09-26 00:41:06,351 [WARN] DbFile:41 - Overriding database path with different value: C:\Users\Asus\.stmcufinder\plugins\mcufinder/ => C:\Users\Asus\.stmcufinder\plugins\mcufinder
2024-09-26 00:41:06,351 [INFO] ApiDb:250 - Set database path to: C:\Users\Asus\.stmcufinder\plugins\mcufinder//mcu/
2024-09-26 00:41:06,351 [WARN] DbFile:41 - Overriding database path with different value: C:\Users\Asus\.stmcufinder\plugins\mcufinder/ => C:\Users\Asus\.stmcufinder\plugins\mcufinder
2024-09-26 00:41:06,352 [INFO] DbMcusAds:125 - Set database path to: C:\Users\Asus\.stmcufinder\plugins\mcufinder//mcu/
2024-09-26 00:41:06,352 [WARN] DbFile:41 - Overriding database path with different value: C:\Users\Asus\.stmcufinder\plugins\mcufinder/ => C:\Users\Asus\.stmcufinder\plugins\mcufinder
2024-09-26 00:41:06,352 [WARN] DbFile:41 - Overriding database path with different value: C:\Users\Asus\.stmcufinder\plugins\mcufinder/ => C:\Users\Asus\.stmcufinder\plugins\mcufinder
2024-09-26 00:41:06,352 [INFO] CrossReferenceDbSqlite:203 - Set database path to: C:\Users\Asus\.stmcufinder\plugins\mcufinder//mcu/cs/
2024-09-26 00:41:06,447 [INFO] MainPanel:268 - HeapMemory: 268435456
2024-09-26 00:41:06,536 [INFO] DbMcusXml:78 - Set database path to: D:\ST\STM32CubeIDE_1.16.0\STM32CubeIDE\plugins\com.st.stm32cube.common.mx_6.12.0.202406281431\\db\/mcu/
2024-09-26 00:41:06,536 [INFO] ApiDb:274 - Set plugin database path to: D:\ST\STM32CubeIDE_1.16.0\STM32CubeIDE\plugins\com.st.stm32cube.common.mx_6.12.0.202406281431\\db\/plugins/boardmanager/
2024-09-26 00:41:06,536 [INFO] ApiDb:261 - Set plugin images path to: D:\ST\STM32CubeIDE_1.16.0\STM32CubeIDE\plugins\com.st.stm32cube.common.mx_6.12.0.202406281431\\db\/plugins/mcufinder/images/
2024-09-26 00:41:06,536 [WARN] DbFile:41 - Overriding database path with different value: C:\Users\Asus\.stmcufinder\plugins\mcufinder/ => C:\Users\Asus\.stmcufinder\plugins\mcufinder
2024-09-26 00:41:06,536 [INFO] ApiDb:250 - Set database path to: C:\Users\Asus\.stmcufinder\plugins\mcufinder//mcu/
2024-09-26 00:41:06,536 [WARN] DbFile:41 - Overriding database path with different value: C:\Users\Asus\.stmcufinder\plugins\mcufinder/ => C:\Users\Asus\.stmcufinder\plugins\mcufinder
2024-09-26 00:41:06,536 [INFO] DbMcusAds:125 - Set database path to: C:\Users\Asus\.stmcufinder\plugins\mcufinder//mcu/
2024-09-26 00:41:06,538 [WARN] DbFile:41 - Overriding database path with different value: C:\Users\Asus\.stmcufinder\plugins\mcufinder/ => C:\Users\Asus\.stmcufinder\plugins\mcufinder
2024-09-26 00:41:06,538 [WARN] DbFile:41 - Overriding database path with different value: C:\Users\Asus\.stmcufinder\plugins\mcufinder/ => C:\Users\Asus\.stmcufinder\plugins\mcufinder
2024-09-26 00:41:06,538 [INFO] CrossReferenceDbSqlite:203 - Set database path to: C:\Users\Asus\.stmcufinder\plugins\mcufinder//mcu/cs/
2024-09-26 00:41:06,559 [INFO] ApplicationProperties:184 - Using Application install path: D:\ST\STM32CubeIDE_1.16.0\STM32CubeIDE\plugins\com.st.stm32cube.common.mx_6.12.0.202406281431
2024-09-26 00:41:06,560 [INFO] PluginManage:196 - Search for loadable plugins [exclusion list=, ]
2024-09-26 00:41:06,563 [INFO] PluginManage:310 - Check plugin analytics
2024-09-26 00:41:16,269 [INFO] AnalyticsPlugin:253 - Accepted Software Licenses: 
2024-09-26 00:41:16,269 [INFO] AnalyticsPlugin:255 - Accepted CMSIS Pack Licenses: 
2024-09-26 00:41:16,270 [INFO] AnalyticsPlugin:257 - Accepted Firmware Licenses: 
2024-09-26 00:41:16,274 [INFO] PluginManage:359 - Loaded plugin analytics (category:tool,tabindex:-1)
2024-09-26 00:41:16,274 [INFO] PluginManage:310 - Check plugin cadmodel
2024-09-26 00:41:16,302 [INFO] CADModel:105 - Init CAD model plugin
2024-09-26 00:41:16,303 [INFO] PluginManage:359 - Loaded plugin cadmodel (category:power,tabindex:5)
2024-09-26 00:41:16,303 [INFO] PluginManage:310 - Check plugin clock
2024-09-26 00:41:16,331 [INFO] PluginManage:359 - Loaded plugin clock (category:base,tabindex:2)
2024-09-26 00:41:16,331 [INFO] PluginManage:310 - Check plugin ddr
2024-09-26 00:41:16,454 [INFO] PluginManage:359 - Loaded plugin ddr (category:tool,tabindex:6)
2024-09-26 00:41:16,454 [INFO] PluginManage:310 - Check plugin filemanager
2024-09-26 00:41:16,940 [INFO] PluginManage:359 - Loaded plugin filemanager (category:base,tabindex:10)
2024-09-26 00:41:16,940 [INFO] PluginManage:310 - Check plugin ipmanager
2024-09-26 00:41:16,970 [INFO] PluginManage:359 - Loaded plugin ipmanager (category:base,tabindex:5)
2024-09-26 00:41:16,971 [INFO] PluginManage:310 - Check plugin lpbam
2024-09-26 00:41:16,991 [INFO] PluginManage:359 - Loaded plugin lpbam (category:base,tabindex:0)
2024-09-26 00:41:16,991 [INFO] PluginManage:310 - Check plugin memorymap
2024-09-26 00:41:17,052 [INFO] PluginManage:359 - Loaded plugin memorymap (category:base,tabindex:4)
2024-09-26 00:41:17,053 [INFO] PluginManage:310 - Check plugin pinoutandconfiguration
2024-09-26 00:41:17,070 [INFO] PluginManage:359 - Loaded plugin pinoutandconfiguration (category:base,tabindex:1)
2024-09-26 00:41:17,070 [INFO] PluginManage:310 - Check plugin pinoutconfig
2024-09-26 00:41:17,248 [WARN] SupportedApi:132 - Cannot load RTOS API schema: s4s-elt-must-match.1: The content of 'definitions' must match (annotation?, (simpleType | complexType)?, (unique | key | keyref)*)). A problem was found starting at: attribute.
2024-09-26 00:41:17,524 [INFO] PluginManage:359 - Loaded plugin pinoutconfig (category:base,tabindex:0)
2024-09-26 00:41:17,525 [INFO] PluginManage:310 - Check plugin power
2024-09-26 00:41:17,555 [INFO] PluginManage:359 - Loaded plugin power (category:power,tabindex:4)
2024-09-26 00:41:17,555 [INFO] PluginManage:310 - Check plugin projectmanager
2024-09-26 00:41:17,580 [INFO] PluginManage:359 - Loaded plugin projectmanager (category:projectmanager,tabindex:4)
2024-09-26 00:41:17,580 [INFO] PluginManage:310 - Check plugin rif
2024-09-26 00:41:17,616 [INFO] PluginManage:359 - Loaded plugin rif (category:base,tabindex:3)
2024-09-26 00:41:17,617 [INFO] PluginManage:310 - Check plugin thirdparty
2024-09-26 00:41:17,937 [INFO] PluginManage:359 - Loaded plugin thirdparty (category:base,tabindex:-1)
2024-09-26 00:41:17,937 [WARN] IntegrityCheckThread:84 - waiting for thirdparty lock release [integrity check]
2024-09-26 00:41:17,938 [INFO] PluginManage:310 - Check plugin tools
2024-09-26 00:41:17,938 [INFO] IntegrityCheckThread:86 - entering critical section [integrity check]
2024-09-26 00:41:17,938 [INFO] ThirdPartyUpdaterWithRetryManager:70 - Updater plugin not ready yet. [1/15]
2024-09-26 00:41:17,941 [INFO] PluginManage:359 - Loaded plugin tools (category:base,tabindex:7)
2024-09-26 00:41:17,941 [INFO] PluginManage:310 - Check plugin tutovideos
2024-09-26 00:41:18,324 [INFO] PluginManage:359 - Loaded plugin tutovideos (category:base,tabindex:-1)
2024-09-26 00:41:18,324 [INFO] PluginManage:310 - Check plugin updater
2024-09-26 00:41:18,374 [INFO] PluginManage:359 - Loaded plugin updater (category:base,tabindex:12)
2024-09-26 00:41:18,374 [INFO] PluginManage:310 - Check plugin userauth
2024-09-26 00:41:18,383 [INFO] UserAuth:113 - Init User Auth plugin
2024-09-26 00:41:18,383 [INFO] PluginManage:359 - Loaded plugin userauth (category:base,tabindex:14)
2024-09-26 00:41:18,384 [INFO] PluginManage:283 - PluginManage : Loaded plugins [18]
2024-09-26 00:41:18,827 [INFO] PinOutPanel:1561 - setPackage(No Configuration,No Configuration)
2024-09-26 00:41:18,983 [INFO] CADModel:165 - CPN selected for project level
2024-09-26 00:41:18,984 [INFO] CADModel:114 - Register for checkConnection events
2024-09-26 00:41:19,008 [INFO] IPUIPlugin:80 - create IPUIPlugin
2024-09-26 00:41:19,008 [INFO] PluginManager:220 - loadIPPluginJar : add adc
2024-09-26 00:41:19,013 [INFO] IPUIPlugin:80 - create IPUIPlugin
2024-09-26 00:41:19,013 [INFO] PluginManager:220 - loadIPPluginJar : add aes
2024-09-26 00:41:19,016 [INFO] IPUIPlugin:80 - create IPUIPlugin
2024-09-26 00:41:19,017 [INFO] PluginManager:220 - loadIPPluginJar : add can
2024-09-26 00:41:19,019 [INFO] IPUIPlugin:80 - create IPUIPlugin
2024-09-26 00:41:19,019 [INFO] PluginManager:220 - loadIPPluginJar : add comp
2024-09-26 00:41:19,023 [INFO] IPUIPlugin:80 - create IPUIPlugin
2024-09-26 00:41:19,023 [INFO] PluginManager:220 - loadIPPluginJar : add cryp
2024-09-26 00:41:19,047 [INFO] IPUIPlugin:80 - create IPUIPlugin
2024-09-26 00:41:19,047 [INFO] PluginManager:220 - loadIPPluginJar : add ddr_ctrl_phy
2024-09-26 00:41:19,050 [INFO] IPUIPlugin:80 - create IPUIPlugin
2024-09-26 00:41:19,050 [INFO] PluginManager:220 - loadIPPluginJar : add dfsdm
2024-09-26 00:41:19,057 [INFO] IPUIPlugin:80 - create IPUIPlugin
2024-09-26 00:41:19,057 [INFO] PluginManager:220 - loadIPPluginJar : add dma
2024-09-26 00:41:19,061 [INFO] IPUIPlugin:80 - create IPUIPlugin
2024-09-26 00:41:19,061 [INFO] PluginManager:220 - loadIPPluginJar : add dma3
2024-09-26 00:41:19,065 [INFO] IPUIPlugin:80 - create IPUIPlugin
2024-09-26 00:41:19,066 [INFO] PluginManager:220 - loadIPPluginJar : add extmemmanager
2024-09-26 00:41:19,068 [INFO] IPUIPlugin:80 - create IPUIPlugin
2024-09-26 00:41:19,068 [INFO] PluginManager:220 - loadIPPluginJar : add fatfs
2024-09-26 00:41:19,073 [INFO] IPUIPlugin:80 - create IPUIPlugin
2024-09-26 00:41:19,073 [INFO] PluginManager:220 - loadIPPluginJar : add fmc
2024-09-26 00:41:19,079 [INFO] IPUIPlugin:80 - create IPUIPlugin
2024-09-26 00:41:19,080 [INFO] PluginManager:220 - loadIPPluginJar : add freertos
2024-09-26 00:41:19,084 [INFO] IPUIPlugin:80 - create IPUIPlugin
2024-09-26 00:41:19,084 [INFO] PluginManager:220 - loadIPPluginJar : add genericplugin
2024-09-26 00:41:19,087 [INFO] IPUIPlugin:80 - create IPUIPlugin
2024-09-26 00:41:19,087 [INFO] PluginManager:220 - loadIPPluginJar : add gfxmmu
2024-09-26 00:41:19,091 [INFO] IPUIPlugin:80 - create IPUIPlugin
2024-09-26 00:41:19,091 [INFO] PluginManager:220 - loadIPPluginJar : add gic
2024-09-26 00:41:19,097 [INFO] IPUIPlugin:80 - create IPUIPlugin
2024-09-26 00:41:19,097 [INFO] PluginManager:220 - loadIPPluginJar : add gpio
2024-09-26 00:41:19,099 [INFO] IPUIPlugin:80 - create IPUIPlugin
2024-09-26 00:41:19,101 [INFO] PluginManager:220 - loadIPPluginJar : add gtzc
2024-09-26 00:41:19,104 [INFO] IPUIPlugin:80 - create IPUIPlugin
2024-09-26 00:41:19,104 [INFO] PluginManager:220 - loadIPPluginJar : add hash
2024-09-26 00:41:19,107 [INFO] IPUIPlugin:80 - create IPUIPlugin
2024-09-26 00:41:19,107 [INFO] PluginManager:220 - loadIPPluginJar : add i2c
2024-09-26 00:41:19,110 [INFO] IPUIPlugin:80 - create IPUIPlugin
2024-09-26 00:41:19,111 [INFO] PluginManager:220 - loadIPPluginJar : add i2s
2024-09-26 00:41:19,115 [INFO] IPUIPlugin:80 - create IPUIPlugin
2024-09-26 00:41:19,115 [INFO] PluginManager:220 - loadIPPluginJar : add i3c
2024-09-26 00:41:19,127 [INFO] IPUIPlugin:80 - create IPUIPlugin
2024-09-26 00:41:19,127 [INFO] PluginManager:220 - loadIPPluginJar : add ipddr
2024-09-26 00:41:19,154 [INFO] IPUIPlugin:80 - create IPUIPlugin
2024-09-26 00:41:19,154 [INFO] PluginManager:220 - loadIPPluginJar : add linkedlist
2024-09-26 00:41:19,157 [INFO] IPUIPlugin:80 - create IPUIPlugin
2024-09-26 00:41:19,158 [INFO] PluginManager:220 - loadIPPluginJar : add lorawan
2024-09-26 00:41:19,161 [INFO] IPUIPlugin:80 - create IPUIPlugin
2024-09-26 00:41:19,161 [INFO] PluginManager:220 - loadIPPluginJar : add ltdc
2024-09-26 00:41:19,169 [INFO] IPUIPlugin:80 - create IPUIPlugin
2024-09-26 00:41:19,169 [INFO] PluginManager:220 - loadIPPluginJar : add mdma
2024-09-26 00:41:19,174 [INFO] IPUIPlugin:80 - create IPUIPlugin
2024-09-26 00:41:19,174 [INFO] PluginManager:220 - loadIPPluginJar : add nvic
2024-09-26 00:41:19,179 [INFO] IPUIPlugin:80 - create IPUIPlugin
2024-09-26 00:41:19,180 [INFO] PluginManager:220 - loadIPPluginJar : add opamp
2024-09-26 00:41:19,185 [INFO] IPUIPlugin:80 - create IPUIPlugin
2024-09-26 00:41:19,186 [INFO] PluginManager:220 - loadIPPluginJar : add openamp
2024-09-26 00:41:19,194 [INFO] IPUIPlugin:80 - create IPUIPlugin
2024-09-26 00:41:19,194 [INFO] PluginManager:220 - loadIPPluginJar : add pdm2pcm
2024-09-26 00:41:19,202 [INFO] IPUIPlugin:80 - create IPUIPlugin
2024-09-26 00:41:19,206 [INFO] PluginManager:220 - loadIPPluginJar : add plateformsettings
2024-09-26 00:41:19,210 [INFO] IPUIPlugin:80 - create IPUIPlugin
2024-09-26 00:41:19,210 [INFO] PluginManager:220 - loadIPPluginJar : add quadspi
2024-09-26 00:41:19,213 [INFO] IPUIPlugin:80 - create IPUIPlugin
2024-09-26 00:41:19,214 [INFO] PluginManager:220 - loadIPPluginJar : add radio
2024-09-26 00:41:19,218 [INFO] IPUIPlugin:80 - create IPUIPlugin
2024-09-26 00:41:19,218 [INFO] PluginManager:220 - loadIPPluginJar : add resmgrutility
2024-09-26 00:41:19,223 [INFO] IPUIPlugin:80 - create IPUIPlugin
2024-09-26 00:41:19,223 [INFO] PluginManager:220 - loadIPPluginJar : add sai
2024-09-26 00:41:19,226 [INFO] IPUIPlugin:80 - create IPUIPlugin
2024-09-26 00:41:19,227 [INFO] PluginManager:220 - loadIPPluginJar : add spi
2024-09-26 00:41:19,238 [INFO] IPUIPlugin:80 - create IPUIPlugin
2024-09-26 00:41:19,238 [INFO] PluginManager:220 - loadIPPluginJar : add stm32_wpan
2024-09-26 00:41:19,245 [INFO] IPUIPlugin:80 - create IPUIPlugin
2024-09-26 00:41:19,245 [INFO] PluginManager:220 - loadIPPluginJar : add tim
2024-09-26 00:41:19,255 [INFO] IPUIPlugin:80 - create IPUIPlugin
2024-09-26 00:41:19,255 [INFO] PluginManager:220 - loadIPPluginJar : add touchsensing
2024-09-26 00:41:19,260 [INFO] IPUIPlugin:80 - create IPUIPlugin
2024-09-26 00:41:19,261 [INFO] PluginManager:220 - loadIPPluginJar : add tracer_emb
2024-09-26 00:41:19,263 [INFO] IPUIPlugin:80 - create IPUIPlugin
2024-09-26 00:41:19,264 [INFO] PluginManager:220 - loadIPPluginJar : add ts
2024-09-26 00:41:19,266 [INFO] IPUIPlugin:80 - create IPUIPlugin
2024-09-26 00:41:19,266 [INFO] PluginManager:220 - loadIPPluginJar : add tsc
2024-09-26 00:41:19,269 [INFO] IPUIPlugin:80 - create IPUIPlugin
2024-09-26 00:41:19,269 [INFO] PluginManager:220 - loadIPPluginJar : add ucpd
2024-09-26 00:41:19,272 [INFO] IPUIPlugin:80 - create IPUIPlugin
2024-09-26 00:41:19,272 [INFO] PluginManager:220 - loadIPPluginJar : add usart
2024-09-26 00:41:19,276 [INFO] IPUIPlugin:80 - create IPUIPlugin
2024-09-26 00:41:19,277 [INFO] PluginManager:220 - loadIPPluginJar : add usbx
2024-09-26 00:41:19,434 [INFO] CADModel:165 - CPN selected for project level
2024-09-26 00:41:19,434 [INFO] CADModel:114 - Register for checkConnection events
2024-09-26 00:41:19,434 [FATAL] Updater:334 - Updater called before beeing initialized
2024-09-26 00:41:19,435 [ERROR] CADModel:125 - Updater not yet initialized, retry later 
2024-09-26 00:41:19,698 [INFO] CADModel:165 - CPN selected for project level
2024-09-26 00:41:19,698 [INFO] CADModel:114 - Register for checkConnection events
2024-09-26 00:41:19,699 [FATAL] Updater:334 - Updater called before beeing initialized
2024-09-26 00:41:19,699 [ERROR] CADModel:125 - Updater not yet initialized, retry later 
2024-09-26 00:41:19,702 [FATAL] Updater:334 - Updater called before beeing initialized
2024-09-26 00:41:19,856 [FATAL] Updater:334 - Updater called before beeing initialized
2024-09-26 00:41:19,861 [INFO] DbMcusAds:53 - JSON generation date=Fri Sep 20 20:04:23 ICT 2024 (1726837463113)
2024-09-26 00:41:19,861 [FATAL] Updater:334 - Updater called before beeing initialized
2024-09-26 00:41:20,053 [WARN] DetailPanel:346 - Failed to get advertising image, set to default
2024-09-26 00:41:20,186 [FATAL] Updater:334 - Updater called before beeing initialized
2024-09-26 00:41:20,189 [FATAL] Updater:334 - Updater called before beeing initialized
2024-09-26 00:41:20,189 [FATAL] Updater:334 - Updater called before beeing initialized
2024-09-26 00:41:20,189 [WARN] DetailPanel:346 - Failed to get advertising image, set to default
2024-09-26 00:41:20,190 [FATAL] Updater:334 - Updater called before beeing initialized
2024-09-26 00:41:20,286 [ERROR] Updater:1164 - MainUpdater not yet initialized. External WinMGr cannot be set.
2024-09-26 00:41:20,301 [INFO] Updater:1100 - Updater Version found : 6.12.0
2024-09-26 00:41:20,366 [INFO] ApplicationProperties:184 - Using Application install path: D:\ST\STM32CubeIDE_1.16.0\STM32CubeIDE\plugins\com.st.stm32cube.common.mx_6.12.0.202406281431
2024-09-26 00:41:20,940 [INFO] ThirdPartyUpdaterWithRetryManager:70 - Updater plugin not ready yet. [2/15]
2024-09-26 00:41:21,973 [ERROR] LogOutputStream:75 - [STDERR_REDIRECT] Sep 26, 2024 12:41:21 AM java.util.prefs.WindowsPreferences <init>
2024-09-26 00:41:21,976 [ERROR] LogOutputStream:75 - [STDERR_REDIRECT] WARNING: Could not open/create prefs root node Software\JavaSoft\Prefs at root 0xffffffff80000002. Windows RegCreateKeyEx(...) returned error code 5.
2024-09-26 00:41:21,977 [ERROR] LogOutputStream:75 - [STDERR_REDIRECT] 
2024-09-26 00:41:22,527 [INFO] MainUpdater:2873 - connection check result : 10
2024-09-26 00:41:22,529 [INFO] MainUpdater:290 - Updater Check For Update Now.
2024-09-26 00:41:22,530 [INFO] MicroXplorer:498 - Change Database Version : DB.6.0.120
2024-09-26 00:41:22,549 [INFO] McuFinderGlobals:63 - Set McuFinder mode to 2 (CubeIDE integrated)
2024-09-26 00:41:22,549 [INFO] UserAuth:179 - activating auth plugin
2024-09-26 00:41:22,554 [INFO] UserAuth:417 - Internet connection configuration mode: 1
2024-09-26 00:41:22,658 [INFO] JxBrowserEngine:152 - Initiate JxBrowser Engine with user profile folder
2024-09-26 00:41:22,813 [INFO] CheckServerUpdateThread:120 - End of CheckServer Thread
2024-09-26 00:41:24,247 [INFO] WebApp:167 - Instantiating new browser for Auth
2024-09-26 00:41:24,290 [WARN] PackLoader:240 - Cannot read IP mode file for STMicroelectronics.FP-SNS-MOTENVWB1.1.4.0
2024-09-26 00:41:24,313 [WARN] PackLoader:240 - Cannot read IP mode file for STMicroelectronics.X-CUBE-SMBUS.2.1.0
2024-09-26 00:41:24,396 [WARN] PackLoader:240 - Cannot read IP mode file for STMicroelectronics.X-CUBE-AZRTOS-F7.1.1.0
2024-09-26 00:41:24,572 [WARN] PackLoader:240 - Cannot read IP mode file for STMicroelectronics.X-CUBE-MEMS1.11.0.0
2024-09-26 00:41:24,907 [WARN] PackLoader:240 - Cannot read IP mode file for STMicroelectronics.FP-SNS-FLIGHT1.5.0.2
2024-09-26 00:41:24,925 [WARN] PackLoader:240 - Cannot read IP mode file for STMicroelectronics.X-CUBE-DISPLAY.3.0.0
2024-09-26 00:41:24,948 [WARN] PackLoader:240 - Cannot read IP mode file for STMicroelectronics.X-CUBE-BLE1.7.0.0
2024-09-26 00:41:24,971 [WARN] PackLoader:240 - Cannot read IP mode file for STMicroelectronics.X-CUBE-NFC10.1.0.0
2024-09-26 00:41:24,990 [WARN] PackLoader:240 - Cannot read IP mode file for emotas.I-CUBE-CANOPEN.1.3.0
2024-09-26 00:41:25,019 [WARN] PackLoader:240 - Cannot read IP mode file for STMicroelectronics.X-CUBE-BLEMGR.3.1.0
2024-09-26 00:41:25,042 [WARN] PackLoader:240 - Cannot read IP mode file for STMicroelectronics.FP-SNS-SMARTAG2.1.2.0
2024-09-26 00:41:25,077 [INFO] LogOutputStream:77 - [STDOUT_REDIRECT] 1 : Invalid condition id : UX_CORESTACK_Condition cause : null
2024-09-26 00:41:25,077 [INFO] LogOutputStream:77 - [STDOUT_REDIRECT] 1 : Invalid condition id : UX_CORESTACK_Condition cause : null
2024-09-26 00:41:25,080 [INFO] LogOutputStream:77 - [STDOUT_REDIRECT] 1 : Invalid condition id : UX_CORESTACK_Condition cause : null
2024-09-26 00:41:25,082 [INFO] LogOutputStream:77 - [STDOUT_REDIRECT] 1 : Invalid condition id : UX_CORESTACK_Condition cause : null
2024-09-26 00:41:25,085 [INFO] LogOutputStream:77 - [STDOUT_REDIRECT] 1 : Invalid condition id : UX_CORESTACK_Condition cause : null
2024-09-26 00:41:25,090 [WARN] PackLoader:240 - Cannot read IP mode file for STMicroelectronics.X-CUBE-AZRTOS-WL.2.0.0
2024-09-26 00:41:25,108 [WARN] PackLoader:240 - Cannot read IP mode file for STMicroelectronics.FP-SNS-MOTENV1.5.0.0
2024-09-26 00:41:25,132 [WARN] PackLoader:240 - Cannot read IP mode file for wolfSSL.I-CUBE-wolfMQTT.1.19.0
2024-09-26 00:41:25,155 [WARN] PackLoader:240 - Cannot read IP mode file for WES.I-CUBE-Cesium.1.3.0
2024-09-26 00:41:25,171 [WARN] PackLoader:240 - Cannot read IP mode file for STMicroelectronics.X-CUBE-BLE2.3.3.0
2024-09-26 00:41:25,189 [WARN] PackLoader:240 - Cannot read IP mode file for STMicroelectronics.X-CUBE-NFC9.1.0.0
2024-09-26 00:41:25,209 [WARN] PackLoader:240 - Cannot read IP mode file for STMicroelectronics.X-CUBE-TCPP.4.1.0
2024-09-26 00:41:25,263 [WARN] PackLoader:240 - Cannot read IP mode file for STMicroelectronics.X-CUBE-AZRTOS-G0.1.1.0
2024-09-26 00:41:25,281 [WARN] PackLoader:240 - Cannot read IP mode file for STMicroelectronics.X-CUBE-SAFEA1.1.2.2
2024-09-26 00:41:25,293 [WARN] PackLoader:240 - Cannot read IP mode file for STMicroelectronics.X-CUBE-NFC4.3.0.0
2024-09-26 00:41:25,320 [WARN] PackLoader:240 - Cannot read IP mode file for EmbeddedOffice.I-CUBE-FS-RTOS.1.0.1
2024-09-26 00:41:25,321 [ERROR] ConditionMgr:805 - Attr not supported : Dmpu
2024-09-26 00:41:25,321 [ERROR] ConditionMgr:805 - Attr not supported : Dmpu
2024-09-26 00:41:25,321 [ERROR] ConditionMgr:805 - Attr not supported : Dmpu
2024-09-26 00:41:25,321 [ERROR] ConditionMgr:805 - Attr not supported : Dmpu
2024-09-26 00:41:25,322 [ERROR] ConditionMgr:805 - Attr not supported : Dmpu
2024-09-26 00:41:25,322 [ERROR] ConditionMgr:805 - Attr not supported : Dmpu
2024-09-26 00:41:25,322 [ERROR] ConditionMgr:805 - Attr not supported : Dmpu
2024-09-26 00:41:25,322 [ERROR] ConditionMgr:805 - Attr not supported : Dmpu
2024-09-26 00:41:25,322 [ERROR] ConditionMgr:805 - Attr not supported : Dmpu
2024-09-26 00:41:25,322 [ERROR] ConditionMgr:805 - Attr not supported : Dmpu
2024-09-26 00:41:25,322 [ERROR] ConditionMgr:805 - Attr not supported : Dmpu
2024-09-26 00:41:25,322 [ERROR] ConditionMgr:805 - Attr not supported : Dmpu
2024-09-26 00:41:25,322 [ERROR] ConditionMgr:805 - Attr not supported : Dmpu
2024-09-26 00:41:25,324 [ERROR] ConditionMgr:805 - Attr not supported : Dmpu
2024-09-26 00:41:25,324 [ERROR] ConditionMgr:805 - Attr not supported : Dmpu
2024-09-26 00:41:25,324 [ERROR] ConditionMgr:805 - Attr not supported : Dmpu
2024-09-26 00:41:25,324 [ERROR] ConditionMgr:805 - Attr not supported : Dmpu
2024-09-26 00:41:25,324 [ERROR] ConditionMgr:805 - Attr not supported : Dmpu
2024-09-26 00:41:25,324 [ERROR] ConditionMgr:805 - Attr not supported : Dmpu
2024-09-26 00:41:25,324 [ERROR] ConditionMgr:805 - Attr not supported : Dmpu
2024-09-26 00:41:25,325 [ERROR] ConditionMgr:805 - Attr not supported : Dmpu
2024-09-26 00:41:25,325 [ERROR] ConditionMgr:805 - Attr not supported : Dmpu
2024-09-26 00:41:25,325 [ERROR] ConditionMgr:805 - Attr not supported : Dmpu
2024-09-26 00:41:25,325 [ERROR] ConditionMgr:805 - Attr not supported : Dmpu
2024-09-26 00:41:25,325 [ERROR] ConditionMgr:805 - Attr not supported : Dmpu
2024-09-26 00:41:25,325 [ERROR] ConditionMgr:805 - Attr not supported : Dmpu
2024-09-26 00:41:25,325 [ERROR] ConditionMgr:805 - Attr not supported : Dmpu
2024-09-26 00:41:25,325 [ERROR] ConditionMgr:805 - Attr not supported : Dmpu
2024-09-26 00:41:25,326 [ERROR] ConditionMgr:805 - Attr not supported : Dmpu
2024-09-26 00:41:25,326 [ERROR] ConditionMgr:805 - Attr not supported : Dmpu
2024-09-26 00:41:25,326 [ERROR] ConditionMgr:805 - Attr not supported : Dmpu
2024-09-26 00:41:25,326 [ERROR] ConditionMgr:805 - Attr not supported : Dmpu
2024-09-26 00:41:25,326 [ERROR] ConditionMgr:805 - Attr not supported : Dmpu
2024-09-26 00:41:25,326 [ERROR] ConditionMgr:805 - Attr not supported : Dmpu
2024-09-26 00:41:25,326 [ERROR] ConditionMgr:805 - Attr not supported : Dmpu
2024-09-26 00:41:25,327 [ERROR] ConditionMgr:805 - Attr not supported : Dmpu
2024-09-26 00:41:25,327 [ERROR] ConditionMgr:805 - Attr not supported : Dmpu
2024-09-26 00:41:25,327 [ERROR] ConditionMgr:805 - Attr not supported : Dmpu
2024-09-26 00:41:25,327 [ERROR] ConditionMgr:805 - Attr not supported : Dmpu
2024-09-26 00:41:25,327 [ERROR] ConditionMgr:805 - Attr not supported : Dmpu
2024-09-26 00:41:25,328 [ERROR] ConditionMgr:805 - Attr not supported : Dmpu
2024-09-26 00:41:25,328 [ERROR] ConditionMgr:805 - Attr not supported : Dmpu
2024-09-26 00:41:25,328 [ERROR] ConditionMgr:805 - Attr not supported : Dmpu
2024-09-26 00:41:25,328 [ERROR] ConditionMgr:805 - Attr not supported : Dmpu
2024-09-26 00:41:25,328 [ERROR] ConditionMgr:805 - Attr not supported : Dmpu
2024-09-26 00:41:25,328 [ERROR] ConditionMgr:805 - Attr not supported : Dmpu
2024-09-26 00:41:25,328 [ERROR] ConditionMgr:805 - Attr not supported : Dmpu
2024-09-26 00:41:25,328 [ERROR] ConditionMgr:805 - Attr not supported : Dmpu
2024-09-26 00:41:25,328 [ERROR] ConditionMgr:805 - Attr not supported : Dmpu
2024-09-26 00:41:25,328 [ERROR] ConditionMgr:805 - Attr not supported : Dmpu
2024-09-26 00:41:25,329 [ERROR] ConditionMgr:805 - Attr not supported : Dmpu
2024-09-26 00:41:25,329 [ERROR] ConditionMgr:805 - Attr not supported : Dmpu
2024-09-26 00:41:25,329 [ERROR] ConditionMgr:805 - Attr not supported : Dmpu
2024-09-26 00:41:25,329 [ERROR] ConditionMgr:805 - Attr not supported : Dmpu
2024-09-26 00:41:25,329 [ERROR] ConditionMgr:805 - Attr not supported : Dmpu
2024-09-26 00:41:25,329 [ERROR] ConditionMgr:805 - Attr not supported : Dmpu
2024-09-26 00:41:25,329 [ERROR] ConditionMgr:805 - Attr not supported : Dmpu
2024-09-26 00:41:25,329 [ERROR] ConditionMgr:805 - Attr not supported : Dmpu
2024-09-26 00:41:25,329 [ERROR] ConditionMgr:805 - Attr not supported : Dmpu
2024-09-26 00:41:25,329 [ERROR] ConditionMgr:805 - Attr not supported : Dmpu
2024-09-26 00:41:25,329 [ERROR] ConditionMgr:805 - Attr not supported : Dmpu
2024-09-26 00:41:25,329 [ERROR] ConditionMgr:805 - Attr not supported : Dmpu
2024-09-26 00:41:25,329 [ERROR] ConditionMgr:805 - Attr not supported : Dmpu
2024-09-26 00:41:25,330 [ERROR] ConditionMgr:805 - Attr not supported : Dmpu
2024-09-26 00:41:25,340 [WARN] PackLoader:240 - Cannot read IP mode file for RealThread.X-CUBE-RT-Thread_Nano.4.1.1
2024-09-26 00:41:25,350 [WARN] PackLoader:240 - Cannot read IP mode file for STMicroelectronics.FP-ATR-SIGFOX1.3.2.0
2024-09-26 00:41:25,357 [WARN] PackLoader:240 - Cannot read IP mode file for wolfSSL.I-CUBE-wolfSSL.5.7.2
2024-09-26 00:41:25,366 [WARN] PackLoader:240 - Cannot read IP mode file for STMicroelectronics.X-CUBE-EEPRMA1.5.1.0
2024-09-26 00:41:25,377 [WARN] PackLoader:240 - Cannot read IP mode file for ITTIA_DB.I-CUBE-ITTIADB.8.9.0
2024-09-26 00:41:25,432 [WARN] PackLoader:240 - Cannot read IP mode file for SEGGER.I-CUBE-embOS.1.3.1
2024-09-26 00:41:25,522 [WARN] PackLoader:240 - Cannot read IP mode file for STMicroelectronics.X-CUBE-ALGOBUILD.1.4.0
2024-09-26 00:41:25,536 [WARN] PackLoader:240 - Cannot read IP mode file for STMicroelectronics.X-CUBE-GNSS1.6.0.0
2024-09-26 00:41:25,579 [WARN] PackLoader:240 - Cannot read IP mode file for STMicroelectronics.X-CUBE-AZRTOS-F4.1.1.0
2024-09-26 00:41:25,592 [WARN] PackLoader:240 - Cannot read IP mode file for STMicroelectronics.X-CUBE-ISPU.2.1.0
2024-09-26 00:41:25,602 [WARN] PackLoader:240 - Cannot read IP mode file for STMicroelectronics.X-CUBE-FREERTOS.1.2.0
2024-09-26 00:41:25,637 [WARN] PackLoader:240 - Cannot read IP mode file for STMicroelectronics.X-CUBE-AZRTOS-L5.2.0.0
2024-09-26 00:41:25,656 [WARN] PackLoader:240 - Cannot read IP mode file for STMicroelectronics.X-CUBE-NFC6.3.1.0
2024-09-26 00:41:25,672 [WARN] PackLoader:240 - Cannot read IP mode file for STMicroelectronics.X-CUBE-DPower.1.2.0
2024-09-26 00:41:25,682 [WARN] PackLoader:240 - Cannot read IP mode file for STMicroelectronics.X-CUBE-AI.9.0.0
2024-09-26 00:41:25,691 [WARN] PackLoader:240 - Cannot read IP mode file for STMicroelectronics.X-CUBE-NFC7.1.0.1
2024-09-26 00:41:25,698 [WARN] PackLoader:240 - Cannot read IP mode file for wolfSSL.I-CUBE-wolfTPM.3.2.0
2024-09-26 00:41:25,729 [WARN] ConditionMgr:438 - getConditionDescription Invalid condition id : LAN8742 Phy interface Condition cause : null
2024-09-26 00:41:25,730 [WARN] PackLoader:240 - Cannot read IP mode file for STMicroelectronics.X-CUBE-AZRTOS-L4.2.0.0
2024-09-26 00:41:25,733 [WARN] ConditionMgr:1039 - genDependencies : Invalid condition id : LAN8742 Phy interface Condition cause : null
2024-09-26 00:41:25,734 [WARN] ConditionMgr:1039 - genDependencies : Invalid condition id : LAN8742 Phy interface Condition cause : null
2024-09-26 00:41:25,735 [WARN] ConditionMgr:1039 - genDependencies : Invalid condition id : LAN8742 Phy interface Condition cause : null
2024-09-26 00:41:25,749 [WARN] PackLoader:240 - Cannot read IP mode file for STMicroelectronics.X-CUBE-SFXS2LP1.4.0.0
2024-09-26 00:41:25,780 [WARN] PackLoader:240 - Cannot read IP mode file for STMicroelectronics.X-CUBE-AZRTOS-H7.3.3.0
2024-09-26 00:41:25,807 [WARN] ConditionMgr:438 - getConditionDescription Invalid condition id : UX DEVICE CLASS RTOS Condition cause : null
2024-09-26 00:41:25,808 [WARN] ConditionMgr:438 - getConditionDescription Invalid condition id : UX DEVICE CLASS RTOS Condition cause : null
2024-09-26 00:41:25,812 [WARN] PackLoader:240 - Cannot read IP mode file for STMicroelectronics.X-CUBE-AZRTOS-WB.2.0.0
2024-09-26 00:41:25,813 [WARN] ConditionMgr:1039 - genDependencies : Invalid condition id : UX DEVICE CLASS RTOS Condition cause : null
2024-09-26 00:41:25,814 [WARN] ConditionMgr:1039 - genDependencies : Invalid condition id : UX DEVICE CLASS RTOS Condition cause : null
2024-09-26 00:41:25,814 [WARN] ConditionMgr:1039 - genDependencies : Invalid condition id : UX DEVICE CLASS RTOS Condition cause : null
2024-09-26 00:41:25,815 [WARN] ConditionMgr:1039 - genDependencies : Invalid condition id : UX DEVICE CLASS RTOS Condition cause : null
2024-09-26 00:41:25,815 [WARN] ConditionMgr:1039 - genDependencies : Invalid condition id : UX DEVICE CLASS RTOS Condition cause : null
2024-09-26 00:41:25,823 [WARN] PackLoader:240 - Cannot read IP mode file for STMicroelectronics.X-CUBE-GNSS1.7.0.0
2024-09-26 00:41:25,839 [WARN] PackLoader:240 - Cannot read IP mode file for STMicroelectronics.FP-SNS-STBOX1.2.0.0
2024-09-26 00:41:25,862 [WARN] PackLoader:240 - Cannot read IP mode file for STMicroelectronics.X-CUBE-SUBG2.5.0.0
2024-09-26 00:41:25,879 [WARN] PackLoader:240 - Cannot read IP mode file for Cesanta.I-CUBE-Mongoose.7.13.0
2024-09-26 00:41:25,905 [WARN] PackLoader:240 - Cannot read IP mode file for STMicroelectronics.X-CUBE-AZRTOS-G4.2.0.0
2024-09-26 00:41:25,952 [WARN] PackLoader:240 - Cannot read IP mode file for STMicroelectronics.X-CUBE-ISPU.2.0.0
2024-09-26 00:41:26,038 [WARN] PackLoader:240 - Cannot read IP mode file for STMicroelectronics.X-CUBE-ALS.1.0.2
2024-09-26 00:41:26,159 [WARN] PackLoader:240 - Cannot read IP mode file for STMicroelectronics.X-CUBE-MEMS1.10.0.0
2024-09-26 00:41:26,510 [WARN] PackLoader:240 - Cannot read IP mode file for STMicroelectronics.X-CUBE-TOUCHGFX.4.24.0
2024-09-26 00:41:26,536 [WARN] PackLoader:240 - Cannot read IP mode file for STMicroelectronics.X-CUBE-TOUCHGFX.4.24.1
2024-09-26 00:41:26,556 [WARN] PackLoader:240 - Cannot read IP mode file for portGmbH.I-Cube-SoM-uGOAL.1.1.0
2024-09-26 00:41:26,569 [INFO] WebApp:448 - Apply proxy settings
2024-09-26 00:41:26,569 [INFO] WebApp:533 - Chromium requires no authentication
2024-09-26 00:41:26,592 [WARN] PackLoader:240 - Cannot read IP mode file for STMicroelectronics.X-CUBE-AZRTOS-H7RS.1.0.0
2024-09-26 00:41:26,598 [INFO] WebApp:476 - Direct internet connection detected
2024-09-26 00:41:26,616 [WARN] PackLoader:240 - Cannot read IP mode file for STMicroelectronics.FP-ATR-ASTRA1.2.0.0
2024-09-26 00:41:26,642 [WARN] PackLoader:240 - Cannot read IP mode file for STMicroelectronics.X-CUBE-TOF1.3.4.2
2024-09-26 00:41:26,665 [INFO] WebApp:869 - Register for checkConnection events
2024-09-26 00:41:26,665 [INFO] WebApp:448 - Apply proxy settings
2024-09-26 00:41:26,666 [INFO] WebApp:533 - Chromium requires no authentication
2024-09-26 00:41:26,666 [INFO] WebApp:476 - Direct internet connection detected
2024-09-26 00:41:26,703 [WARN] PackLoader:240 - Cannot read IP mode file for STMicroelectronics.X-CUBE-AZRTOS-H7.3.2.0
2024-09-26 00:41:26,748 [WARN] PackLoader:240 - Cannot read IP mode file for Infineon.AIROC-Wi-Fi-Bluetooth-STM32.1.6.0
2024-09-26 00:41:26,797 [WARN] PackLoader:240 - Cannot read IP mode file for wolfSSL.I-CUBE-wolfSSH.1.4.17
2024-09-26 00:41:26,799 [INFO] ThirdParty:978 - Integrity check success = true
2024-09-26 00:41:26,799 [INFO] IntegrityCheckThread:100 - exiting critical section [integrity check]
2024-09-26 00:41:26,799 [INFO] IntegrityCheckThread:103 - End integrity checks thread
2024-09-26 00:41:27,188 [INFO] WebApp:220 - Starting web application
2024-09-26 00:41:27,188 [INFO] WebApp:578 - Web application path used D:\ST\STM32CubeIDE_1.16.0\STM32CubeIDE\plugins\com.st.stm32cube.common.mx_6.12.0.202406281431\db\plugins\mcufinder\reactClient1\index.html
2024-09-26 00:41:27,353 [INFO] WebApp:186 - Connection restablished
2024-09-26 01:05:18,361 [ERROR] LogOutputStream:75 - [STDERR_REDIRECT] 
2024-09-26 10:00:37,383 [INFO] Activator:176 - 


2024-09-26 10:00:37,387 [INFO] Activator:177 - !SESSION log4j initialized
2024-09-26 10:01:01,802 [INFO] LogOutputStream:77 - [STDOUT_REDIRECT] 
2024-09-26 10:01:17,146 [INFO] ApplicationProperties:184 - Using Application install path: D:\ST\STM32CubeIDE_1.16.0\STM32CubeIDE\plugins\com.st.stm32cube.common.mx_6.12.0.202406281431
2024-09-26 10:01:17,224 [INFO] DbMcusXml:78 - Set database path to: D:\ST\STM32CubeIDE_1.16.0\STM32CubeIDE\plugins\com.st.stm32cube.common.mx_6.12.0.202406281431\\db\/mcu/
2024-09-26 10:01:17,225 [INFO] ApiDb:274 - Set plugin database path to: D:\ST\STM32CubeIDE_1.16.0\STM32CubeIDE\plugins\com.st.stm32cube.common.mx_6.12.0.202406281431\\db\/plugins/boardmanager/
2024-09-26 10:01:17,225 [WARN] ApiDb:259 - Overriding images path with different value:  => D:\ST\STM32CubeIDE_1.16.0\STM32CubeIDE\plugins\com.st.stm32cube.common.mx_6.12.0.202406281431\\db\/plugins/mcufinder/images/
2024-09-26 10:01:17,347 [INFO] ApiDb:250 - Set database path to: C:\Users\Asus\.stmcufinder\plugins\mcufinder//mcu/
2024-09-26 10:01:17,349 [INFO] DbMcusAds:125 - Set database path to: C:\Users\Asus\.stmcufinder\plugins\mcufinder//mcu/
2024-09-26 10:01:17,360 [INFO] CrossReferenceDbSqlite:203 - Set database path to: C:\Users\Asus\.stmcufinder\plugins\mcufinder//mcu/cs/
2024-09-26 10:01:17,711 [INFO] RulesReader:64 - Compatibility file has been processed (297 Rules)
2024-09-26 10:01:18,008 [INFO] DbMcusXml:78 - Set database path to: D:\ST\STM32CubeIDE_1.16.0\STM32CubeIDE\plugins\com.st.stm32cube.common.mx_6.12.0.202406281431\\db\/mcu/
2024-09-26 10:01:18,008 [INFO] ApiDb:274 - Set plugin database path to: D:\ST\STM32CubeIDE_1.16.0\STM32CubeIDE\plugins\com.st.stm32cube.common.mx_6.12.0.202406281431\\db\/plugins/boardmanager/
2024-09-26 10:01:18,008 [INFO] ApiDb:261 - Set plugin images path to: D:\ST\STM32CubeIDE_1.16.0\STM32CubeIDE\plugins\com.st.stm32cube.common.mx_6.12.0.202406281431\\db\/plugins/mcufinder/images/
2024-09-26 10:01:18,009 [WARN] DbFile:41 - Overriding database path with different value: C:\Users\Asus\.stmcufinder\plugins\mcufinder/ => C:\Users\Asus\.stmcufinder\plugins\mcufinder
2024-09-26 10:01:18,009 [INFO] ApiDb:250 - Set database path to: C:\Users\Asus\.stmcufinder\plugins\mcufinder//mcu/
2024-09-26 10:01:18,009 [WARN] DbFile:41 - Overriding database path with different value: C:\Users\Asus\.stmcufinder\plugins\mcufinder/ => C:\Users\Asus\.stmcufinder\plugins\mcufinder
2024-09-26 10:01:18,009 [INFO] DbMcusAds:125 - Set database path to: C:\Users\Asus\.stmcufinder\plugins\mcufinder//mcu/
2024-09-26 10:01:18,010 [WARN] DbFile:41 - Overriding database path with different value: C:\Users\Asus\.stmcufinder\plugins\mcufinder/ => C:\Users\Asus\.stmcufinder\plugins\mcufinder
2024-09-26 10:01:18,010 [WARN] DbFile:41 - Overriding database path with different value: C:\Users\Asus\.stmcufinder\plugins\mcufinder/ => C:\Users\Asus\.stmcufinder\plugins\mcufinder
2024-09-26 10:01:18,010 [INFO] CrossReferenceDbSqlite:203 - Set database path to: C:\Users\Asus\.stmcufinder\plugins\mcufinder//mcu/cs/
2024-09-26 10:01:18,387 [INFO] MainPanel:268 - HeapMemory: 268435456
2024-09-26 10:01:18,762 [INFO] DbMcusXml:78 - Set database path to: D:\ST\STM32CubeIDE_1.16.0\STM32CubeIDE\plugins\com.st.stm32cube.common.mx_6.12.0.202406281431\\db\/mcu/
2024-09-26 10:01:18,763 [INFO] ApiDb:274 - Set plugin database path to: D:\ST\STM32CubeIDE_1.16.0\STM32CubeIDE\plugins\com.st.stm32cube.common.mx_6.12.0.202406281431\\db\/plugins/boardmanager/
2024-09-26 10:01:18,763 [INFO] ApiDb:261 - Set plugin images path to: D:\ST\STM32CubeIDE_1.16.0\STM32CubeIDE\plugins\com.st.stm32cube.common.mx_6.12.0.202406281431\\db\/plugins/mcufinder/images/
2024-09-26 10:01:18,763 [WARN] DbFile:41 - Overriding database path with different value: C:\Users\Asus\.stmcufinder\plugins\mcufinder/ => C:\Users\Asus\.stmcufinder\plugins\mcufinder
2024-09-26 10:01:18,764 [INFO] ApiDb:250 - Set database path to: C:\Users\Asus\.stmcufinder\plugins\mcufinder//mcu/
2024-09-26 10:01:18,764 [WARN] DbFile:41 - Overriding database path with different value: C:\Users\Asus\.stmcufinder\plugins\mcufinder/ => C:\Users\Asus\.stmcufinder\plugins\mcufinder
2024-09-26 10:01:18,764 [INFO] DbMcusAds:125 - Set database path to: C:\Users\Asus\.stmcufinder\plugins\mcufinder//mcu/
2024-09-26 10:01:18,764 [WARN] DbFile:41 - Overriding database path with different value: C:\Users\Asus\.stmcufinder\plugins\mcufinder/ => C:\Users\Asus\.stmcufinder\plugins\mcufinder
2024-09-26 10:01:18,764 [WARN] DbFile:41 - Overriding database path with different value: C:\Users\Asus\.stmcufinder\plugins\mcufinder/ => C:\Users\Asus\.stmcufinder\plugins\mcufinder
2024-09-26 10:01:18,764 [INFO] CrossReferenceDbSqlite:203 - Set database path to: C:\Users\Asus\.stmcufinder\plugins\mcufinder//mcu/cs/
2024-09-26 10:01:18,809 [INFO] ApplicationProperties:184 - Using Application install path: D:\ST\STM32CubeIDE_1.16.0\STM32CubeIDE\plugins\com.st.stm32cube.common.mx_6.12.0.202406281431
2024-09-26 10:01:18,811 [INFO] PluginManage:196 - Search for loadable plugins [exclusion list=, ]
2024-09-26 10:01:18,815 [INFO] PluginManage:310 - Check plugin analytics
2024-09-26 10:01:28,741 [INFO] AnalyticsPlugin:253 - Accepted Software Licenses: 
2024-09-26 10:01:28,742 [INFO] AnalyticsPlugin:255 - Accepted CMSIS Pack Licenses: 
2024-09-26 10:01:28,742 [INFO] AnalyticsPlugin:257 - Accepted Firmware Licenses: 
2024-09-26 10:01:28,748 [INFO] PluginManage:359 - Loaded plugin analytics (category:tool,tabindex:-1)
2024-09-26 10:01:28,749 [INFO] PluginManage:310 - Check plugin cadmodel
2024-09-26 10:01:28,842 [INFO] CADModel:105 - Init CAD model plugin
2024-09-26 10:01:28,843 [INFO] PluginManage:359 - Loaded plugin cadmodel (category:power,tabindex:5)
2024-09-26 10:01:28,843 [INFO] PluginManage:310 - Check plugin clock
2024-09-26 10:01:28,890 [INFO] PluginManage:359 - Loaded plugin clock (category:base,tabindex:2)
2024-09-26 10:01:28,891 [INFO] PluginManage:310 - Check plugin ddr
2024-09-26 10:01:28,923 [INFO] PluginManage:359 - Loaded plugin ddr (category:tool,tabindex:6)
2024-09-26 10:01:28,923 [INFO] PluginManage:310 - Check plugin filemanager
2024-09-26 10:01:29,424 [INFO] PluginManage:359 - Loaded plugin filemanager (category:base,tabindex:10)
2024-09-26 10:01:29,424 [INFO] PluginManage:310 - Check plugin ipmanager
2024-09-26 10:01:29,472 [INFO] PluginManage:359 - Loaded plugin ipmanager (category:base,tabindex:5)
2024-09-26 10:01:29,472 [INFO] PluginManage:310 - Check plugin lpbam
2024-09-26 10:01:29,498 [INFO] PluginManage:359 - Loaded plugin lpbam (category:base,tabindex:0)
2024-09-26 10:01:29,498 [INFO] PluginManage:310 - Check plugin memorymap
2024-09-26 10:01:29,611 [INFO] PluginManage:359 - Loaded plugin memorymap (category:base,tabindex:4)
2024-09-26 10:01:29,612 [INFO] PluginManage:310 - Check plugin pinoutandconfiguration
2024-09-26 10:01:29,648 [INFO] PluginManage:359 - Loaded plugin pinoutandconfiguration (category:base,tabindex:1)
2024-09-26 10:01:29,648 [INFO] PluginManage:310 - Check plugin pinoutconfig
2024-09-26 10:01:29,880 [WARN] SupportedApi:132 - Cannot load RTOS API schema: s4s-elt-must-match.1: The content of 'definitions' must match (annotation?, (simpleType | complexType)?, (unique | key | keyref)*)). A problem was found starting at: attribute.
2024-09-26 10:01:30,404 [INFO] PluginManage:359 - Loaded plugin pinoutconfig (category:base,tabindex:0)
2024-09-26 10:01:30,404 [INFO] PluginManage:310 - Check plugin power
2024-09-26 10:01:30,509 [INFO] PluginManage:359 - Loaded plugin power (category:power,tabindex:4)
2024-09-26 10:01:30,510 [INFO] PluginManage:310 - Check plugin projectmanager
2024-09-26 10:01:30,569 [INFO] PluginManage:359 - Loaded plugin projectmanager (category:projectmanager,tabindex:4)
2024-09-26 10:01:30,570 [INFO] PluginManage:310 - Check plugin rif
2024-09-26 10:01:30,598 [INFO] PluginManage:359 - Loaded plugin rif (category:base,tabindex:3)
2024-09-26 10:01:30,599 [INFO] PluginManage:310 - Check plugin thirdparty
2024-09-26 10:01:31,435 [WARN] IntegrityCheckThread:84 - waiting for thirdparty lock release [integrity check]
2024-09-26 10:01:31,436 [INFO] PluginManage:359 - Loaded plugin thirdparty (category:base,tabindex:-1)
2024-09-26 10:01:31,436 [INFO] IntegrityCheckThread:86 - entering critical section [integrity check]
2024-09-26 10:01:31,436 [INFO] PluginManage:310 - Check plugin tools
2024-09-26 10:01:31,436 [INFO] ThirdPartyUpdaterWithRetryManager:70 - Updater plugin not ready yet. [1/15]
2024-09-26 10:01:31,501 [INFO] PluginManage:359 - Loaded plugin tools (category:base,tabindex:7)
2024-09-26 10:01:31,501 [INFO] PluginManage:310 - Check plugin tutovideos
2024-09-26 10:01:32,050 [INFO] PluginManage:359 - Loaded plugin tutovideos (category:base,tabindex:-1)
2024-09-26 10:01:32,050 [INFO] PluginManage:310 - Check plugin updater
2024-09-26 10:01:32,109 [INFO] PluginManage:359 - Loaded plugin updater (category:base,tabindex:12)
2024-09-26 10:01:32,109 [INFO] PluginManage:310 - Check plugin userauth
2024-09-26 10:01:32,153 [INFO] UserAuth:113 - Init User Auth plugin
2024-09-26 10:01:32,154 [INFO] PluginManage:359 - Loaded plugin userauth (category:base,tabindex:14)
2024-09-26 10:01:32,155 [INFO] PluginManage:283 - PluginManage : Loaded plugins [18]
2024-09-26 10:01:32,878 [INFO] PinOutPanel:1561 - setPackage(No Configuration,No Configuration)
2024-09-26 10:01:33,099 [INFO] CADModel:165 - CPN selected for project level
2024-09-26 10:01:33,100 [INFO] CADModel:114 - Register for checkConnection events
2024-09-26 10:01:33,223 [INFO] IPUIPlugin:80 - create IPUIPlugin
2024-09-26 10:01:33,224 [INFO] PluginManager:220 - loadIPPluginJar : add adc
2024-09-26 10:01:33,274 [INFO] IPUIPlugin:80 - create IPUIPlugin
2024-09-26 10:01:33,274 [INFO] PluginManager:220 - loadIPPluginJar : add aes
2024-09-26 10:01:33,348 [INFO] IPUIPlugin:80 - create IPUIPlugin
2024-09-26 10:01:33,348 [INFO] PluginManager:220 - loadIPPluginJar : add can
2024-09-26 10:01:33,421 [INFO] IPUIPlugin:80 - create IPUIPlugin
2024-09-26 10:01:33,421 [INFO] PluginManager:220 - loadIPPluginJar : add comp
2024-09-26 10:01:33,506 [INFO] IPUIPlugin:80 - create IPUIPlugin
2024-09-26 10:01:33,506 [INFO] PluginManager:220 - loadIPPluginJar : add cryp
2024-09-26 10:01:33,575 [INFO] IPUIPlugin:80 - create IPUIPlugin
2024-09-26 10:01:33,575 [INFO] PluginManager:220 - loadIPPluginJar : add ddr_ctrl_phy
2024-09-26 10:01:33,616 [INFO] IPUIPlugin:80 - create IPUIPlugin
2024-09-26 10:01:33,616 [INFO] PluginManager:220 - loadIPPluginJar : add dfsdm
2024-09-26 10:01:33,666 [INFO] IPUIPlugin:80 - create IPUIPlugin
2024-09-26 10:01:33,667 [INFO] PluginManager:220 - loadIPPluginJar : add dma
2024-09-26 10:01:33,748 [INFO] IPUIPlugin:80 - create IPUIPlugin
2024-09-26 10:01:33,748 [INFO] PluginManager:220 - loadIPPluginJar : add dma3
2024-09-26 10:01:33,870 [INFO] IPUIPlugin:80 - create IPUIPlugin
2024-09-26 10:01:33,870 [INFO] PluginManager:220 - loadIPPluginJar : add extmemmanager
2024-09-26 10:01:33,920 [INFO] IPUIPlugin:80 - create IPUIPlugin
2024-09-26 10:01:33,920 [INFO] PluginManager:220 - loadIPPluginJar : add fatfs
2024-09-26 10:01:34,014 [INFO] IPUIPlugin:80 - create IPUIPlugin
2024-09-26 10:01:34,014 [INFO] PluginManager:220 - loadIPPluginJar : add fmc
2024-09-26 10:01:34,058 [INFO] IPUIPlugin:80 - create IPUIPlugin
2024-09-26 10:01:34,058 [INFO] PluginManager:220 - loadIPPluginJar : add freertos
2024-09-26 10:01:34,096 [INFO] IPUIPlugin:80 - create IPUIPlugin
2024-09-26 10:01:34,097 [INFO] PluginManager:220 - loadIPPluginJar : add genericplugin
2024-09-26 10:01:34,312 [INFO] IPUIPlugin:80 - create IPUIPlugin
2024-09-26 10:01:34,312 [INFO] PluginManager:220 - loadIPPluginJar : add gfxmmu
2024-09-26 10:01:34,443 [INFO] ThirdPartyUpdaterWithRetryManager:70 - Updater plugin not ready yet. [2/15]
2024-09-26 10:01:34,571 [INFO] IPUIPlugin:80 - create IPUIPlugin
2024-09-26 10:01:34,571 [INFO] PluginManager:220 - loadIPPluginJar : add gic
2024-09-26 10:01:34,601 [INFO] IPUIPlugin:80 - create IPUIPlugin
2024-09-26 10:01:34,602 [INFO] PluginManager:220 - loadIPPluginJar : add gpio
2024-09-26 10:01:34,794 [INFO] IPUIPlugin:80 - create IPUIPlugin
2024-09-26 10:01:34,794 [INFO] PluginManager:220 - loadIPPluginJar : add gtzc
2024-09-26 10:01:34,862 [INFO] IPUIPlugin:80 - create IPUIPlugin
2024-09-26 10:01:34,862 [INFO] PluginManager:220 - loadIPPluginJar : add hash
2024-09-26 10:01:34,968 [INFO] IPUIPlugin:80 - create IPUIPlugin
2024-09-26 10:01:34,969 [INFO] PluginManager:220 - loadIPPluginJar : add i2c
2024-09-26 10:01:35,113 [INFO] IPUIPlugin:80 - create IPUIPlugin
2024-09-26 10:01:35,114 [INFO] PluginManager:220 - loadIPPluginJar : add i2s
2024-09-26 10:01:35,199 [INFO] IPUIPlugin:80 - create IPUIPlugin
2024-09-26 10:01:35,199 [INFO] PluginManager:220 - loadIPPluginJar : add i3c
2024-09-26 10:01:35,460 [INFO] IPUIPlugin:80 - create IPUIPlugin
2024-09-26 10:01:35,460 [INFO] PluginManager:220 - loadIPPluginJar : add ipddr
2024-09-26 10:01:35,660 [INFO] IPUIPlugin:80 - create IPUIPlugin
2024-09-26 10:01:35,661 [INFO] PluginManager:220 - loadIPPluginJar : add linkedlist
2024-09-26 10:01:35,729 [INFO] IPUIPlugin:80 - create IPUIPlugin
2024-09-26 10:01:35,729 [INFO] PluginManager:220 - loadIPPluginJar : add lorawan
2024-09-26 10:01:35,817 [INFO] IPUIPlugin:80 - create IPUIPlugin
2024-09-26 10:01:35,817 [INFO] PluginManager:220 - loadIPPluginJar : add ltdc
2024-09-26 10:01:35,865 [INFO] IPUIPlugin:80 - create IPUIPlugin
2024-09-26 10:01:35,865 [INFO] PluginManager:220 - loadIPPluginJar : add mdma
2024-09-26 10:01:35,902 [INFO] IPUIPlugin:80 - create IPUIPlugin
2024-09-26 10:01:35,904 [INFO] PluginManager:220 - loadIPPluginJar : add nvic
2024-09-26 10:01:35,949 [INFO] IPUIPlugin:80 - create IPUIPlugin
2024-09-26 10:01:35,949 [INFO] PluginManager:220 - loadIPPluginJar : add opamp
2024-09-26 10:01:36,091 [INFO] IPUIPlugin:80 - create IPUIPlugin
2024-09-26 10:01:36,091 [INFO] PluginManager:220 - loadIPPluginJar : add openamp
2024-09-26 10:01:36,178 [INFO] IPUIPlugin:80 - create IPUIPlugin
2024-09-26 10:01:36,178 [INFO] PluginManager:220 - loadIPPluginJar : add pdm2pcm
2024-09-26 10:01:36,216 [INFO] IPUIPlugin:80 - create IPUIPlugin
2024-09-26 10:01:36,221 [INFO] PluginManager:220 - loadIPPluginJar : add plateformsettings
2024-09-26 10:01:36,264 [INFO] IPUIPlugin:80 - create IPUIPlugin
2024-09-26 10:01:36,264 [INFO] PluginManager:220 - loadIPPluginJar : add quadspi
2024-09-26 10:01:36,334 [INFO] IPUIPlugin:80 - create IPUIPlugin
2024-09-26 10:01:36,335 [INFO] PluginManager:220 - loadIPPluginJar : add radio
2024-09-26 10:01:36,378 [INFO] IPUIPlugin:80 - create IPUIPlugin
2024-09-26 10:01:36,378 [INFO] PluginManager:220 - loadIPPluginJar : add resmgrutility
2024-09-26 10:01:36,494 [INFO] IPUIPlugin:80 - create IPUIPlugin
2024-09-26 10:01:36,494 [INFO] PluginManager:220 - loadIPPluginJar : add sai
2024-09-26 10:01:36,551 [INFO] IPUIPlugin:80 - create IPUIPlugin
2024-09-26 10:01:36,551 [INFO] PluginManager:220 - loadIPPluginJar : add spi
2024-09-26 10:01:36,682 [INFO] IPUIPlugin:80 - create IPUIPlugin
2024-09-26 10:01:36,682 [INFO] PluginManager:220 - loadIPPluginJar : add stm32_wpan
2024-09-26 10:01:36,715 [INFO] IPUIPlugin:80 - create IPUIPlugin
2024-09-26 10:01:36,715 [INFO] PluginManager:220 - loadIPPluginJar : add tim
2024-09-26 10:01:36,919 [INFO] IPUIPlugin:80 - create IPUIPlugin
2024-09-26 10:01:36,921 [INFO] PluginManager:220 - loadIPPluginJar : add touchsensing
2024-09-26 10:01:37,008 [INFO] IPUIPlugin:80 - create IPUIPlugin
2024-09-26 10:01:37,008 [INFO] PluginManager:220 - loadIPPluginJar : add tracer_emb
2024-09-26 10:01:37,057 [INFO] IPUIPlugin:80 - create IPUIPlugin
2024-09-26 10:01:37,057 [INFO] PluginManager:220 - loadIPPluginJar : add ts
2024-09-26 10:01:37,123 [INFO] IPUIPlugin:80 - create IPUIPlugin
2024-09-26 10:01:37,123 [INFO] PluginManager:220 - loadIPPluginJar : add tsc
2024-09-26 10:01:37,187 [INFO] IPUIPlugin:80 - create IPUIPlugin
2024-09-26 10:01:37,187 [INFO] PluginManager:220 - loadIPPluginJar : add ucpd
2024-09-26 10:01:37,275 [INFO] IPUIPlugin:80 - create IPUIPlugin
2024-09-26 10:01:37,275 [INFO] PluginManager:220 - loadIPPluginJar : add usart
2024-09-26 10:01:37,394 [INFO] IPUIPlugin:80 - create IPUIPlugin
2024-09-26 10:01:37,394 [INFO] PluginManager:220 - loadIPPluginJar : add usbx
2024-09-26 10:01:37,458 [INFO] ThirdPartyUpdaterWithRetryManager:70 - Updater plugin not ready yet. [3/15]
2024-09-26 10:01:37,616 [INFO] CADModel:165 - CPN selected for project level
2024-09-26 10:01:37,616 [INFO] CADModel:114 - Register for checkConnection events
2024-09-26 10:01:37,616 [FATAL] Updater:334 - Updater called before beeing initialized
2024-09-26 10:01:37,616 [ERROR] CADModel:125 - Updater not yet initialized, retry later 
2024-09-26 10:01:38,217 [INFO] CADModel:165 - CPN selected for project level
2024-09-26 10:01:38,217 [INFO] CADModel:114 - Register for checkConnection events
2024-09-26 10:01:38,217 [FATAL] Updater:334 - Updater called before beeing initialized
2024-09-26 10:01:38,218 [ERROR] CADModel:125 - Updater not yet initialized, retry later 
2024-09-26 10:01:38,227 [FATAL] Updater:334 - Updater called before beeing initialized
2024-09-26 10:01:38,458 [FATAL] Updater:334 - Updater called before beeing initialized
2024-09-26 10:01:38,477 [INFO] DbMcusAds:53 - JSON generation date=Fri Sep 20 20:04:23 ICT 2024 (1726837463113)
2024-09-26 10:01:38,477 [FATAL] Updater:334 - Updater called before beeing initialized
2024-09-26 10:01:38,748 [WARN] DetailPanel:346 - Failed to get advertising image, set to default
2024-09-26 10:01:38,895 [FATAL] Updater:334 - Updater called before beeing initialized
2024-09-26 10:01:38,898 [FATAL] Updater:334 - Updater called before beeing initialized
2024-09-26 10:01:38,898 [FATAL] Updater:334 - Updater called before beeing initialized
2024-09-26 10:01:38,898 [WARN] DetailPanel:346 - Failed to get advertising image, set to default
2024-09-26 10:01:38,900 [FATAL] Updater:334 - Updater called before beeing initialized
2024-09-26 10:01:39,146 [ERROR] Updater:1164 - MainUpdater not yet initialized. External WinMGr cannot be set.
2024-09-26 10:01:39,189 [INFO] Updater:1100 - Updater Version found : 6.12.0
2024-09-26 10:01:39,253 [INFO] ApplicationProperties:184 - Using Application install path: D:\ST\STM32CubeIDE_1.16.0\STM32CubeIDE\plugins\com.st.stm32cube.common.mx_6.12.0.202406281431
2024-09-26 10:01:40,466 [INFO] ThirdPartyUpdaterWithRetryManager:70 - Updater plugin not ready yet. [4/15]
2024-09-26 10:01:41,038 [ERROR] LogOutputStream:75 - [STDERR_REDIRECT] Sep 26, 2024 10:01:40 AM java.util.prefs.WindowsPreferences <init>
2024-09-26 10:01:41,041 [ERROR] LogOutputStream:75 - [STDERR_REDIRECT] WARNING: Could not open/create prefs root node Software\JavaSoft\Prefs at root 0xffffffff80000002. Windows RegCreateKeyEx(...) returned error code 5.
2024-09-26 10:01:41,042 [ERROR] LogOutputStream:75 - [STDERR_REDIRECT] 
2024-09-26 10:01:41,700 [INFO] MainUpdater:2873 - connection check result : 10
2024-09-26 10:01:41,701 [INFO] MainUpdater:290 - Updater Check For Update Now.
2024-09-26 10:01:41,702 [INFO] MicroXplorer:498 - Change Database Version : DB.6.0.120
2024-09-26 10:01:41,751 [INFO] McuFinderGlobals:63 - Set McuFinder mode to 2 (CubeIDE integrated)
2024-09-26 10:01:41,751 [INFO] UserAuth:179 - activating auth plugin
2024-09-26 10:01:41,772 [INFO] UserAuth:417 - Internet connection configuration mode: 1
2024-09-26 10:01:41,930 [INFO] JxBrowserEngine:152 - Initiate JxBrowser Engine with user profile folder
2024-09-26 10:01:42,116 [INFO] CheckServerUpdateThread:120 - End of CheckServer Thread
2024-09-26 10:01:44,127 [WARN] PackLoader:240 - Cannot read IP mode file for STMicroelectronics.FP-SNS-MOTENVWB1.1.4.0
2024-09-26 10:01:44,177 [WARN] PackLoader:240 - Cannot read IP mode file for STMicroelectronics.X-CUBE-SMBUS.2.1.0
2024-09-26 10:01:44,287 [WARN] PackLoader:240 - Cannot read IP mode file for STMicroelectronics.X-CUBE-AZRTOS-F7.1.1.0
2024-09-26 10:01:44,496 [WARN] PackLoader:240 - Cannot read IP mode file for STMicroelectronics.X-CUBE-MEMS1.11.0.0
2024-09-26 10:01:44,905 [WARN] PackLoader:240 - Cannot read IP mode file for STMicroelectronics.FP-SNS-FLIGHT1.5.0.2
2024-09-26 10:01:44,939 [WARN] PackLoader:240 - Cannot read IP mode file for STMicroelectronics.X-CUBE-DISPLAY.3.0.0
2024-09-26 10:01:44,973 [WARN] PackLoader:240 - Cannot read IP mode file for STMicroelectronics.X-CUBE-BLE1.7.0.0
2024-09-26 10:01:45,000 [WARN] PackLoader:240 - Cannot read IP mode file for STMicroelectronics.X-CUBE-NFC10.1.0.0
2024-09-26 10:01:45,032 [WARN] PackLoader:240 - Cannot read IP mode file for emotas.I-CUBE-CANOPEN.1.3.0
2024-09-26 10:01:45,070 [WARN] PackLoader:240 - Cannot read IP mode file for STMicroelectronics.X-CUBE-BLEMGR.3.1.0
2024-09-26 10:01:45,105 [WARN] PackLoader:240 - Cannot read IP mode file for STMicroelectronics.FP-SNS-SMARTAG2.1.2.0
2024-09-26 10:01:45,143 [INFO] LogOutputStream:77 - [STDOUT_REDIRECT] 1 : Invalid condition id : UX_CORESTACK_Condition cause : null
2024-09-26 10:01:45,144 [INFO] LogOutputStream:77 - [STDOUT_REDIRECT] 1 : Invalid condition id : UX_CORESTACK_Condition cause : null
2024-09-26 10:01:45,148 [INFO] LogOutputStream:77 - [STDOUT_REDIRECT] 1 : Invalid condition id : UX_CORESTACK_Condition cause : null
2024-09-26 10:01:45,150 [INFO] LogOutputStream:77 - [STDOUT_REDIRECT] 1 : Invalid condition id : UX_CORESTACK_Condition cause : null
2024-09-26 10:01:45,153 [INFO] LogOutputStream:77 - [STDOUT_REDIRECT] 1 : Invalid condition id : UX_CORESTACK_Condition cause : null
2024-09-26 10:01:45,160 [WARN] PackLoader:240 - Cannot read IP mode file for STMicroelectronics.X-CUBE-AZRTOS-WL.2.0.0
2024-09-26 10:01:45,201 [WARN] PackLoader:240 - Cannot read IP mode file for STMicroelectronics.FP-SNS-MOTENV1.5.0.0
2024-09-26 10:01:45,229 [WARN] PackLoader:240 - Cannot read IP mode file for wolfSSL.I-CUBE-wolfMQTT.1.19.0
2024-09-26 10:01:45,265 [WARN] PackLoader:240 - Cannot read IP mode file for WES.I-CUBE-Cesium.1.3.0
2024-09-26 10:01:45,295 [WARN] PackLoader:240 - Cannot read IP mode file for STMicroelectronics.X-CUBE-BLE2.3.3.0
2024-09-26 10:01:45,326 [WARN] PackLoader:240 - Cannot read IP mode file for STMicroelectronics.X-CUBE-NFC9.1.0.0
2024-09-26 10:01:45,357 [WARN] PackLoader:240 - Cannot read IP mode file for STMicroelectronics.X-CUBE-TCPP.4.1.0
2024-09-26 10:01:45,417 [WARN] PackLoader:240 - Cannot read IP mode file for STMicroelectronics.X-CUBE-AZRTOS-G0.1.1.0
2024-09-26 10:01:45,453 [WARN] PackLoader:240 - Cannot read IP mode file for STMicroelectronics.X-CUBE-SAFEA1.1.2.2
2024-09-26 10:01:45,480 [WARN] PackLoader:240 - Cannot read IP mode file for STMicroelectronics.X-CUBE-NFC4.3.0.0
2024-09-26 10:01:45,516 [WARN] PackLoader:240 - Cannot read IP mode file for EmbeddedOffice.I-CUBE-FS-RTOS.1.0.1
2024-09-26 10:01:45,517 [ERROR] ConditionMgr:805 - Attr not supported : Dmpu
2024-09-26 10:01:45,517 [ERROR] ConditionMgr:805 - Attr not supported : Dmpu
2024-09-26 10:01:45,517 [ERROR] ConditionMgr:805 - Attr not supported : Dmpu
2024-09-26 10:01:45,518 [ERROR] ConditionMgr:805 - Attr not supported : Dmpu
2024-09-26 10:01:45,518 [ERROR] ConditionMgr:805 - Attr not supported : Dmpu
2024-09-26 10:01:45,518 [ERROR] ConditionMgr:805 - Attr not supported : Dmpu
2024-09-26 10:01:45,519 [ERROR] ConditionMgr:805 - Attr not supported : Dmpu
2024-09-26 10:01:45,519 [ERROR] ConditionMgr:805 - Attr not supported : Dmpu
2024-09-26 10:01:45,519 [ERROR] ConditionMgr:805 - Attr not supported : Dmpu
2024-09-26 10:01:45,520 [ERROR] ConditionMgr:805 - Attr not supported : Dmpu
2024-09-26 10:01:45,520 [ERROR] ConditionMgr:805 - Attr not supported : Dmpu
2024-09-26 10:01:45,520 [ERROR] ConditionMgr:805 - Attr not supported : Dmpu
2024-09-26 10:01:45,520 [ERROR] ConditionMgr:805 - Attr not supported : Dmpu
2024-09-26 10:01:45,520 [ERROR] ConditionMgr:805 - Attr not supported : Dmpu
2024-09-26 10:01:45,521 [ERROR] ConditionMgr:805 - Attr not supported : Dmpu
2024-09-26 10:01:45,521 [ERROR] ConditionMgr:805 - Attr not supported : Dmpu
2024-09-26 10:01:45,521 [ERROR] ConditionMgr:805 - Attr not supported : Dmpu
2024-09-26 10:01:45,521 [ERROR] ConditionMgr:805 - Attr not supported : Dmpu
2024-09-26 10:01:45,521 [ERROR] ConditionMgr:805 - Attr not supported : Dmpu
2024-09-26 10:01:45,521 [ERROR] ConditionMgr:805 - Attr not supported : Dmpu
2024-09-26 10:01:45,522 [ERROR] ConditionMgr:805 - Attr not supported : Dmpu
2024-09-26 10:01:45,522 [ERROR] ConditionMgr:805 - Attr not supported : Dmpu
2024-09-26 10:01:45,522 [ERROR] ConditionMgr:805 - Attr not supported : Dmpu
2024-09-26 10:01:45,522 [ERROR] ConditionMgr:805 - Attr not supported : Dmpu
2024-09-26 10:01:45,522 [ERROR] ConditionMgr:805 - Attr not supported : Dmpu
2024-09-26 10:01:45,522 [ERROR] ConditionMgr:805 - Attr not supported : Dmpu
2024-09-26 10:01:45,522 [ERROR] ConditionMgr:805 - Attr not supported : Dmpu
2024-09-26 10:01:45,523 [ERROR] ConditionMgr:805 - Attr not supported : Dmpu
2024-09-26 10:01:45,523 [ERROR] ConditionMgr:805 - Attr not supported : Dmpu
2024-09-26 10:01:45,523 [ERROR] ConditionMgr:805 - Attr not supported : Dmpu
2024-09-26 10:01:45,523 [ERROR] ConditionMgr:805 - Attr not supported : Dmpu
2024-09-26 10:01:45,523 [ERROR] ConditionMgr:805 - Attr not supported : Dmpu
2024-09-26 10:01:45,524 [ERROR] ConditionMgr:805 - Attr not supported : Dmpu
2024-09-26 10:01:45,524 [ERROR] ConditionMgr:805 - Attr not supported : Dmpu
2024-09-26 10:01:45,524 [ERROR] ConditionMgr:805 - Attr not supported : Dmpu
2024-09-26 10:01:45,524 [ERROR] ConditionMgr:805 - Attr not supported : Dmpu
2024-09-26 10:01:45,524 [ERROR] ConditionMgr:805 - Attr not supported : Dmpu
2024-09-26 10:01:45,524 [ERROR] ConditionMgr:805 - Attr not supported : Dmpu
2024-09-26 10:01:45,525 [ERROR] ConditionMgr:805 - Attr not supported : Dmpu
2024-09-26 10:01:45,525 [ERROR] ConditionMgr:805 - Attr not supported : Dmpu
2024-09-26 10:01:45,525 [ERROR] ConditionMgr:805 - Attr not supported : Dmpu
2024-09-26 10:01:45,525 [ERROR] ConditionMgr:805 - Attr not supported : Dmpu
2024-09-26 10:01:45,525 [ERROR] ConditionMgr:805 - Attr not supported : Dmpu
2024-09-26 10:01:45,526 [ERROR] ConditionMgr:805 - Attr not supported : Dmpu
2024-09-26 10:01:45,526 [ERROR] ConditionMgr:805 - Attr not supported : Dmpu
2024-09-26 10:01:45,526 [ERROR] ConditionMgr:805 - Attr not supported : Dmpu
2024-09-26 10:01:45,526 [ERROR] ConditionMgr:805 - Attr not supported : Dmpu
2024-09-26 10:01:45,526 [ERROR] ConditionMgr:805 - Attr not supported : Dmpu
2024-09-26 10:01:45,526 [ERROR] ConditionMgr:805 - Attr not supported : Dmpu
2024-09-26 10:01:45,527 [ERROR] ConditionMgr:805 - Attr not supported : Dmpu
2024-09-26 10:01:45,527 [ERROR] ConditionMgr:805 - Attr not supported : Dmpu
2024-09-26 10:01:45,527 [ERROR] ConditionMgr:805 - Attr not supported : Dmpu
2024-09-26 10:01:45,527 [ERROR] ConditionMgr:805 - Attr not supported : Dmpu
2024-09-26 10:01:45,527 [ERROR] ConditionMgr:805 - Attr not supported : Dmpu
2024-09-26 10:01:45,527 [ERROR] ConditionMgr:805 - Attr not supported : Dmpu
2024-09-26 10:01:45,527 [ERROR] ConditionMgr:805 - Attr not supported : Dmpu
2024-09-26 10:01:45,527 [ERROR] ConditionMgr:805 - Attr not supported : Dmpu
2024-09-26 10:01:45,528 [ERROR] ConditionMgr:805 - Attr not supported : Dmpu
2024-09-26 10:01:45,528 [ERROR] ConditionMgr:805 - Attr not supported : Dmpu
2024-09-26 10:01:45,528 [ERROR] ConditionMgr:805 - Attr not supported : Dmpu
2024-09-26 10:01:45,528 [ERROR] ConditionMgr:805 - Attr not supported : Dmpu
2024-09-26 10:01:45,528 [ERROR] ConditionMgr:805 - Attr not supported : Dmpu
2024-09-26 10:01:45,528 [ERROR] ConditionMgr:805 - Attr not supported : Dmpu
2024-09-26 10:01:45,529 [ERROR] ConditionMgr:805 - Attr not supported : Dmpu
2024-09-26 10:01:45,552 [WARN] PackLoader:240 - Cannot read IP mode file for RealThread.X-CUBE-RT-Thread_Nano.4.1.1
2024-09-26 10:01:45,577 [WARN] PackLoader:240 - Cannot read IP mode file for STMicroelectronics.FP-ATR-SIGFOX1.3.2.0
2024-09-26 10:01:45,600 [WARN] PackLoader:240 - Cannot read IP mode file for wolfSSL.I-CUBE-wolfSSL.5.7.2
2024-09-26 10:01:45,624 [WARN] PackLoader:240 - Cannot read IP mode file for STMicroelectronics.X-CUBE-EEPRMA1.5.1.0
2024-09-26 10:01:45,653 [WARN] PackLoader:240 - Cannot read IP mode file for ITTIA_DB.I-CUBE-ITTIADB.8.9.0
2024-09-26 10:01:45,717 [WARN] PackLoader:240 - Cannot read IP mode file for SEGGER.I-CUBE-embOS.1.3.1
2024-09-26 10:01:45,798 [WARN] PackLoader:240 - Cannot read IP mode file for STMicroelectronics.X-CUBE-ALGOBUILD.1.4.0
2024-09-26 10:01:45,826 [WARN] PackLoader:240 - Cannot read IP mode file for STMicroelectronics.X-CUBE-GNSS1.6.0.0
2024-09-26 10:01:45,875 [WARN] PackLoader:240 - Cannot read IP mode file for STMicroelectronics.X-CUBE-AZRTOS-F4.1.1.0
2024-09-26 10:01:45,898 [WARN] PackLoader:240 - Cannot read IP mode file for STMicroelectronics.X-CUBE-ISPU.2.1.0
2024-09-26 10:01:45,921 [WARN] PackLoader:240 - Cannot read IP mode file for STMicroelectronics.X-CUBE-FREERTOS.1.2.0
2024-09-26 10:01:45,979 [WARN] PackLoader:240 - Cannot read IP mode file for STMicroelectronics.X-CUBE-AZRTOS-L5.2.0.0
2024-09-26 10:01:46,019 [WARN] PackLoader:240 - Cannot read IP mode file for STMicroelectronics.X-CUBE-NFC6.3.1.0
2024-09-26 10:01:46,049 [WARN] PackLoader:240 - Cannot read IP mode file for STMicroelectronics.X-CUBE-DPower.1.2.0
2024-09-26 10:01:46,073 [WARN] PackLoader:240 - Cannot read IP mode file for STMicroelectronics.X-CUBE-AI.9.0.0
2024-09-26 10:01:46,099 [WARN] PackLoader:240 - Cannot read IP mode file for STMicroelectronics.X-CUBE-NFC7.1.0.1
2024-09-26 10:01:46,234 [WARN] PackLoader:240 - Cannot read IP mode file for wolfSSL.I-CUBE-wolfTPM.3.2.0
2024-09-26 10:01:46,355 [WARN] ConditionMgr:438 - getConditionDescription Invalid condition id : LAN8742 Phy interface Condition cause : null
2024-09-26 10:01:46,357 [WARN] PackLoader:240 - Cannot read IP mode file for STMicroelectronics.X-CUBE-AZRTOS-L4.2.0.0
2024-09-26 10:01:46,359 [WARN] ConditionMgr:1039 - genDependencies : Invalid condition id : LAN8742 Phy interface Condition cause : null
2024-09-26 10:01:46,359 [WARN] ConditionMgr:1039 - genDependencies : Invalid condition id : LAN8742 Phy interface Condition cause : null
2024-09-26 10:01:46,360 [WARN] ConditionMgr:1039 - genDependencies : Invalid condition id : LAN8742 Phy interface Condition cause : null
2024-09-26 10:01:46,436 [WARN] PackLoader:240 - Cannot read IP mode file for STMicroelectronics.X-CUBE-SFXS2LP1.4.0.0
2024-09-26 10:01:46,500 [WARN] PackLoader:240 - Cannot read IP mode file for STMicroelectronics.X-CUBE-AZRTOS-H7.3.3.0
2024-09-26 10:01:46,555 [WARN] ConditionMgr:438 - getConditionDescription Invalid condition id : UX DEVICE CLASS RTOS Condition cause : null
2024-09-26 10:01:46,556 [WARN] ConditionMgr:438 - getConditionDescription Invalid condition id : UX DEVICE CLASS RTOS Condition cause : null
2024-09-26 10:01:46,561 [WARN] PackLoader:240 - Cannot read IP mode file for STMicroelectronics.X-CUBE-AZRTOS-WB.2.0.0
2024-09-26 10:01:46,562 [WARN] ConditionMgr:1039 - genDependencies : Invalid condition id : UX DEVICE CLASS RTOS Condition cause : null
2024-09-26 10:01:46,563 [WARN] ConditionMgr:1039 - genDependencies : Invalid condition id : UX DEVICE CLASS RTOS Condition cause : null
2024-09-26 10:01:46,564 [WARN] ConditionMgr:1039 - genDependencies : Invalid condition id : UX DEVICE CLASS RTOS Condition cause : null
2024-09-26 10:01:46,564 [WARN] ConditionMgr:1039 - genDependencies : Invalid condition id : UX DEVICE CLASS RTOS Condition cause : null
2024-09-26 10:01:46,564 [WARN] ConditionMgr:1039 - genDependencies : Invalid condition id : UX DEVICE CLASS RTOS Condition cause : null
2024-09-26 10:01:46,590 [WARN] PackLoader:240 - Cannot read IP mode file for STMicroelectronics.X-CUBE-GNSS1.7.0.0
2024-09-26 10:01:46,618 [WARN] PackLoader:240 - Cannot read IP mode file for STMicroelectronics.FP-SNS-STBOX1.2.0.0
2024-09-26 10:01:46,661 [WARN] PackLoader:240 - Cannot read IP mode file for STMicroelectronics.X-CUBE-SUBG2.5.0.0
2024-09-26 10:01:46,688 [WARN] PackLoader:240 - Cannot read IP mode file for Cesanta.I-CUBE-Mongoose.7.13.0
2024-09-26 10:01:46,723 [WARN] PackLoader:240 - Cannot read IP mode file for STMicroelectronics.X-CUBE-AZRTOS-G4.2.0.0
2024-09-26 10:01:46,743 [WARN] PackLoader:240 - Cannot read IP mode file for STMicroelectronics.X-CUBE-ISPU.2.0.0
2024-09-26 10:01:46,763 [WARN] PackLoader:240 - Cannot read IP mode file for STMicroelectronics.X-CUBE-ALS.1.0.2
2024-09-26 10:01:46,858 [WARN] PackLoader:240 - Cannot read IP mode file for STMicroelectronics.X-CUBE-MEMS1.10.0.0
2024-09-26 10:01:47,106 [WARN] PackLoader:240 - Cannot read IP mode file for STMicroelectronics.X-CUBE-TOUCHGFX.4.24.0
2024-09-26 10:01:47,128 [WARN] PackLoader:240 - Cannot read IP mode file for STMicroelectronics.X-CUBE-TOUCHGFX.4.24.1
2024-09-26 10:01:47,154 [WARN] PackLoader:240 - Cannot read IP mode file for portGmbH.I-Cube-SoM-uGOAL.1.1.0
2024-09-26 10:01:47,209 [WARN] PackLoader:240 - Cannot read IP mode file for STMicroelectronics.X-CUBE-AZRTOS-H7RS.1.0.0
2024-09-26 10:01:47,243 [WARN] PackLoader:240 - Cannot read IP mode file for STMicroelectronics.FP-ATR-ASTRA1.2.0.0
2024-09-26 10:01:47,288 [WARN] PackLoader:240 - Cannot read IP mode file for STMicroelectronics.X-CUBE-TOF1.3.4.2
2024-09-26 10:01:47,370 [WARN] PackLoader:240 - Cannot read IP mode file for STMicroelectronics.X-CUBE-AZRTOS-H7.3.2.0
2024-09-26 10:01:47,416 [WARN] PackLoader:240 - Cannot read IP mode file for Infineon.AIROC-Wi-Fi-Bluetooth-STM32.1.6.0
2024-09-26 10:01:47,443 [WARN] PackLoader:240 - Cannot read IP mode file for wolfSSL.I-CUBE-wolfSSH.1.4.17
2024-09-26 10:01:47,444 [INFO] ThirdParty:978 - Integrity check success = true
2024-09-26 10:01:47,444 [INFO] IntegrityCheckThread:100 - exiting critical section [integrity check]
2024-09-26 10:01:47,444 [INFO] IntegrityCheckThread:103 - End integrity checks thread
2024-09-26 10:01:49,887 [INFO] WebApp:167 - Instantiating new browser for Auth
2024-09-26 10:01:51,582 [INFO] WebApp:448 - Apply proxy settings
2024-09-26 10:01:51,583 [INFO] WebApp:533 - Chromium requires no authentication
2024-09-26 10:01:51,605 [INFO] WebApp:476 - Direct internet connection detected
2024-09-26 10:01:51,648 [INFO] WebApp:869 - Register for checkConnection events
2024-09-26 10:01:51,648 [INFO] WebApp:448 - Apply proxy settings
2024-09-26 10:01:51,650 [INFO] WebApp:533 - Chromium requires no authentication
2024-09-26 10:01:51,650 [INFO] WebApp:476 - Direct internet connection detected
2024-09-26 10:01:52,035 [INFO] WebApp:220 - Starting web application
2024-09-26 10:01:52,037 [INFO] WebApp:578 - Web application path used D:\ST\STM32CubeIDE_1.16.0\STM32CubeIDE\plugins\com.st.stm32cube.common.mx_6.12.0.202406281431\db\plugins\mcufinder\reactClient1\index.html
2024-09-26 10:01:52,510 [INFO] WebApp:186 - Connection restablished
