2024-10-01 17:48:06,894 [INFO] Activator:176 - 


2024-10-01 17:48:06,902 [INFO] Activator:177 - !SESSION log4j initialized
2024-10-01 17:48:22,306 [INFO] LogOutputStream:77 - [STDOUT_REDIRECT] 
2024-10-01 17:48:36,655 [INFO] ApplicationProperties:184 - Using Application install path: D:\ST\STM32CubeIDE_1.16.0\STM32CubeIDE\plugins\com.st.stm32cube.common.mx_6.12.0.202406281431
2024-10-01 17:48:36,748 [INFO] DbMcusXml:78 - Set database path to: D:\ST\STM32CubeIDE_1.16.0\STM32CubeIDE\plugins\com.st.stm32cube.common.mx_6.12.0.202406281431\\db\/mcu/
2024-10-01 17:48:36,749 [INFO] ApiDb:274 - Set plugin database path to: D:\ST\STM32CubeIDE_1.16.0\STM32CubeIDE\plugins\com.st.stm32cube.common.mx_6.12.0.202406281431\\db\/plugins/boardmanager/
2024-10-01 17:48:36,751 [WARN] ApiDb:259 - Overriding images path with different value:  => D:\ST\STM32CubeIDE_1.16.0\STM32CubeIDE\plugins\com.st.stm32cube.common.mx_6.12.0.202406281431\\db\/plugins/mcufinder/images/
2024-10-01 17:48:36,928 [INFO] ApiDb:250 - Set database path to: C:\Users\Asus\.stmcufinder\plugins\mcufinder//mcu/
2024-10-01 17:48:36,933 [INFO] DbMcusAds:125 - Set database path to: C:\Users\Asus\.stmcufinder\plugins\mcufinder//mcu/
2024-10-01 17:48:36,951 [INFO] CrossReferenceDbSqlite:203 - Set database path to: C:\Users\Asus\.stmcufinder\plugins\mcufinder//mcu/cs/
2024-10-01 17:48:37,318 [INFO] RulesReader:64 - Compatibility file has been processed (297 Rules)
2024-10-01 17:48:37,653 [INFO] DbMcusXml:78 - Set database path to: D:\ST\STM32CubeIDE_1.16.0\STM32CubeIDE\plugins\com.st.stm32cube.common.mx_6.12.0.202406281431\\db\/mcu/
2024-10-01 17:48:37,654 [INFO] ApiDb:274 - Set plugin database path to: D:\ST\STM32CubeIDE_1.16.0\STM32CubeIDE\plugins\com.st.stm32cube.common.mx_6.12.0.202406281431\\db\/plugins/boardmanager/
2024-10-01 17:48:37,654 [INFO] ApiDb:261 - Set plugin images path to: D:\ST\STM32CubeIDE_1.16.0\STM32CubeIDE\plugins\com.st.stm32cube.common.mx_6.12.0.202406281431\\db\/plugins/mcufinder/images/
2024-10-01 17:48:37,654 [WARN] DbFile:41 - Overriding database path with different value: C:\Users\Asus\.stmcufinder\plugins\mcufinder/ => C:\Users\Asus\.stmcufinder\plugins\mcufinder
2024-10-01 17:48:37,655 [INFO] ApiDb:250 - Set database path to: C:\Users\Asus\.stmcufinder\plugins\mcufinder//mcu/
2024-10-01 17:48:37,655 [WARN] DbFile:41 - Overriding database path with different value: C:\Users\Asus\.stmcufinder\plugins\mcufinder/ => C:\Users\Asus\.stmcufinder\plugins\mcufinder
2024-10-01 17:48:37,655 [INFO] DbMcusAds:125 - Set database path to: C:\Users\Asus\.stmcufinder\plugins\mcufinder//mcu/
2024-10-01 17:48:37,655 [WARN] DbFile:41 - Overriding database path with different value: C:\Users\Asus\.stmcufinder\plugins\mcufinder/ => C:\Users\Asus\.stmcufinder\plugins\mcufinder
2024-10-01 17:48:37,656 [WARN] DbFile:41 - Overriding database path with different value: C:\Users\Asus\.stmcufinder\plugins\mcufinder/ => C:\Users\Asus\.stmcufinder\plugins\mcufinder
2024-10-01 17:48:37,656 [INFO] CrossReferenceDbSqlite:203 - Set database path to: C:\Users\Asus\.stmcufinder\plugins\mcufinder//mcu/cs/
2024-10-01 17:48:37,982 [INFO] MainPanel:268 - HeapMemory: 268435456
2024-10-01 17:48:38,380 [INFO] DbMcusXml:78 - Set database path to: D:\ST\STM32CubeIDE_1.16.0\STM32CubeIDE\plugins\com.st.stm32cube.common.mx_6.12.0.202406281431\\db\/mcu/
2024-10-01 17:48:38,380 [INFO] ApiDb:274 - Set plugin database path to: D:\ST\STM32CubeIDE_1.16.0\STM32CubeIDE\plugins\com.st.stm32cube.common.mx_6.12.0.202406281431\\db\/plugins/boardmanager/
2024-10-01 17:48:38,380 [INFO] ApiDb:261 - Set plugin images path to: D:\ST\STM32CubeIDE_1.16.0\STM32CubeIDE\plugins\com.st.stm32cube.common.mx_6.12.0.202406281431\\db\/plugins/mcufinder/images/
2024-10-01 17:48:38,381 [WARN] DbFile:41 - Overriding database path with different value: C:\Users\Asus\.stmcufinder\plugins\mcufinder/ => C:\Users\Asus\.stmcufinder\plugins\mcufinder
2024-10-01 17:48:38,382 [INFO] ApiDb:250 - Set database path to: C:\Users\Asus\.stmcufinder\plugins\mcufinder//mcu/
2024-10-01 17:48:38,382 [WARN] DbFile:41 - Overriding database path with different value: C:\Users\Asus\.stmcufinder\plugins\mcufinder/ => C:\Users\Asus\.stmcufinder\plugins\mcufinder
2024-10-01 17:48:38,382 [INFO] DbMcusAds:125 - Set database path to: C:\Users\Asus\.stmcufinder\plugins\mcufinder//mcu/
2024-10-01 17:48:38,383 [WARN] DbFile:41 - Overriding database path with different value: C:\Users\Asus\.stmcufinder\plugins\mcufinder/ => C:\Users\Asus\.stmcufinder\plugins\mcufinder
2024-10-01 17:48:38,383 [WARN] DbFile:41 - Overriding database path with different value: C:\Users\Asus\.stmcufinder\plugins\mcufinder/ => C:\Users\Asus\.stmcufinder\plugins\mcufinder
2024-10-01 17:48:38,383 [INFO] CrossReferenceDbSqlite:203 - Set database path to: C:\Users\Asus\.stmcufinder\plugins\mcufinder//mcu/cs/
2024-10-01 17:48:38,428 [INFO] ApplicationProperties:184 - Using Application install path: D:\ST\STM32CubeIDE_1.16.0\STM32CubeIDE\plugins\com.st.stm32cube.common.mx_6.12.0.202406281431
2024-10-01 17:48:38,431 [INFO] PluginManage:196 - Search for loadable plugins [exclusion list=, ]
2024-10-01 17:48:38,435 [INFO] PluginManage:310 - Check plugin analytics
2024-10-01 17:48:48,588 [INFO] AnalyticsPlugin:253 - Accepted Software Licenses: 
2024-10-01 17:48:48,589 [INFO] AnalyticsPlugin:255 - Accepted CMSIS Pack Licenses: 
2024-10-01 17:48:48,589 [INFO] AnalyticsPlugin:257 - Accepted Firmware Licenses: 
2024-10-01 17:48:48,593 [INFO] PluginManage:359 - Loaded plugin analytics (category:tool,tabindex:-1)
2024-10-01 17:48:48,594 [INFO] PluginManage:310 - Check plugin cadmodel
2024-10-01 17:48:48,783 [INFO] CADModel:105 - Init CAD model plugin
2024-10-01 17:48:48,783 [INFO] PluginManage:359 - Loaded plugin cadmodel (category:power,tabindex:5)
2024-10-01 17:48:48,784 [INFO] PluginManage:310 - Check plugin clock
2024-10-01 17:48:48,828 [INFO] PluginManage:359 - Loaded plugin clock (category:base,tabindex:2)
2024-10-01 17:48:48,829 [INFO] PluginManage:310 - Check plugin ddr
2024-10-01 17:48:48,855 [INFO] PluginManage:359 - Loaded plugin ddr (category:tool,tabindex:6)
2024-10-01 17:48:48,855 [INFO] PluginManage:310 - Check plugin filemanager
2024-10-01 17:48:49,278 [INFO] PluginManage:359 - Loaded plugin filemanager (category:base,tabindex:10)
2024-10-01 17:48:49,278 [INFO] PluginManage:310 - Check plugin ipmanager
2024-10-01 17:48:49,289 [INFO] PluginManage:359 - Loaded plugin ipmanager (category:base,tabindex:5)
2024-10-01 17:48:49,289 [INFO] PluginManage:310 - Check plugin lpbam
2024-10-01 17:48:49,343 [INFO] PluginManage:359 - Loaded plugin lpbam (category:base,tabindex:0)
2024-10-01 17:48:49,343 [INFO] PluginManage:310 - Check plugin memorymap
2024-10-01 17:48:49,386 [INFO] PluginManage:359 - Loaded plugin memorymap (category:base,tabindex:4)
2024-10-01 17:48:49,387 [INFO] PluginManage:310 - Check plugin pinoutandconfiguration
2024-10-01 17:48:49,408 [INFO] PluginManage:359 - Loaded plugin pinoutandconfiguration (category:base,tabindex:1)
2024-10-01 17:48:49,409 [INFO] PluginManage:310 - Check plugin pinoutconfig
2024-10-01 17:48:49,694 [WARN] SupportedApi:132 - Cannot load RTOS API schema: s4s-elt-must-match.1: The content of 'definitions' must match (annotation?, (simpleType | complexType)?, (unique | key | keyref)*)). A problem was found starting at: attribute.
2024-10-01 17:48:50,060 [INFO] PluginManage:359 - Loaded plugin pinoutconfig (category:base,tabindex:0)
2024-10-01 17:48:50,060 [INFO] PluginManage:310 - Check plugin power
2024-10-01 17:48:50,169 [INFO] PluginManage:359 - Loaded plugin power (category:power,tabindex:4)
2024-10-01 17:48:50,170 [INFO] PluginManage:310 - Check plugin projectmanager
2024-10-01 17:48:50,250 [INFO] PluginManage:359 - Loaded plugin projectmanager (category:projectmanager,tabindex:4)
2024-10-01 17:48:50,251 [INFO] PluginManage:310 - Check plugin rif
2024-10-01 17:48:50,302 [INFO] PluginManage:359 - Loaded plugin rif (category:base,tabindex:3)
2024-10-01 17:48:50,303 [INFO] PluginManage:310 - Check plugin thirdparty
2024-10-01 17:48:51,061 [INFO] PluginManage:359 - Loaded plugin thirdparty (category:base,tabindex:-1)
2024-10-01 17:48:51,061 [WARN] IntegrityCheckThread:84 - waiting for thirdparty lock release [integrity check]
2024-10-01 17:48:51,073 [INFO] IntegrityCheckThread:86 - entering critical section [integrity check]
2024-10-01 17:48:51,073 [INFO] PluginManage:310 - Check plugin tools
2024-10-01 17:48:51,074 [INFO] ThirdPartyUpdaterWithRetryManager:70 - Updater plugin not ready yet. [1/15]
2024-10-01 17:48:51,158 [INFO] PluginManage:359 - Loaded plugin tools (category:base,tabindex:7)
2024-10-01 17:48:51,158 [INFO] PluginManage:310 - Check plugin tutovideos
2024-10-01 17:48:51,785 [INFO] PluginManage:359 - Loaded plugin tutovideos (category:base,tabindex:-1)
2024-10-01 17:48:51,785 [INFO] PluginManage:310 - Check plugin updater
2024-10-01 17:48:51,875 [INFO] PluginManage:359 - Loaded plugin updater (category:base,tabindex:12)
2024-10-01 17:48:51,875 [INFO] PluginManage:310 - Check plugin userauth
2024-10-01 17:48:51,922 [INFO] UserAuth:113 - Init User Auth plugin
2024-10-01 17:48:51,923 [INFO] PluginManage:359 - Loaded plugin userauth (category:base,tabindex:14)
2024-10-01 17:48:51,925 [INFO] PluginManage:283 - PluginManage : Loaded plugins [18]
2024-10-01 17:48:52,595 [INFO] PinOutPanel:1561 - setPackage(No Configuration,No Configuration)
2024-10-01 17:48:52,796 [INFO] CADModel:165 - CPN selected for project level
2024-10-01 17:48:52,796 [INFO] CADModel:114 - Register for checkConnection events
2024-10-01 17:48:52,904 [INFO] IPUIPlugin:80 - create IPUIPlugin
2024-10-01 17:48:52,905 [INFO] PluginManager:220 - loadIPPluginJar : add adc
2024-10-01 17:48:52,959 [INFO] IPUIPlugin:80 - create IPUIPlugin
2024-10-01 17:48:52,959 [INFO] PluginManager:220 - loadIPPluginJar : add aes
2024-10-01 17:48:53,059 [INFO] IPUIPlugin:80 - create IPUIPlugin
2024-10-01 17:48:53,059 [INFO] PluginManager:220 - loadIPPluginJar : add can
2024-10-01 17:48:53,112 [INFO] IPUIPlugin:80 - create IPUIPlugin
2024-10-01 17:48:53,112 [INFO] PluginManager:220 - loadIPPluginJar : add comp
2024-10-01 17:48:53,193 [INFO] IPUIPlugin:80 - create IPUIPlugin
2024-10-01 17:48:53,193 [INFO] PluginManager:220 - loadIPPluginJar : add cryp
2024-10-01 17:48:53,274 [INFO] IPUIPlugin:80 - create IPUIPlugin
2024-10-01 17:48:53,275 [INFO] PluginManager:220 - loadIPPluginJar : add ddr_ctrl_phy
2024-10-01 17:48:53,334 [INFO] IPUIPlugin:80 - create IPUIPlugin
2024-10-01 17:48:53,334 [INFO] PluginManager:220 - loadIPPluginJar : add dfsdm
2024-10-01 17:48:53,401 [INFO] IPUIPlugin:80 - create IPUIPlugin
2024-10-01 17:48:53,403 [INFO] PluginManager:220 - loadIPPluginJar : add dma
2024-10-01 17:48:53,497 [INFO] IPUIPlugin:80 - create IPUIPlugin
2024-10-01 17:48:53,497 [INFO] PluginManager:220 - loadIPPluginJar : add dma3
2024-10-01 17:48:53,702 [INFO] IPUIPlugin:80 - create IPUIPlugin
2024-10-01 17:48:53,702 [INFO] PluginManager:220 - loadIPPluginJar : add extmemmanager
2024-10-01 17:48:53,803 [INFO] IPUIPlugin:80 - create IPUIPlugin
2024-10-01 17:48:53,803 [INFO] PluginManager:220 - loadIPPluginJar : add fatfs
2024-10-01 17:48:53,911 [INFO] IPUIPlugin:80 - create IPUIPlugin
2024-10-01 17:48:53,911 [INFO] PluginManager:220 - loadIPPluginJar : add fmc
2024-10-01 17:48:54,003 [INFO] IPUIPlugin:80 - create IPUIPlugin
2024-10-01 17:48:54,003 [INFO] PluginManager:220 - loadIPPluginJar : add freertos
2024-10-01 17:48:54,065 [INFO] IPUIPlugin:80 - create IPUIPlugin
2024-10-01 17:48:54,066 [INFO] PluginManager:220 - loadIPPluginJar : add genericplugin
2024-10-01 17:48:54,084 [INFO] ThirdPartyUpdaterWithRetryManager:70 - Updater plugin not ready yet. [2/15]
2024-10-01 17:48:54,278 [INFO] IPUIPlugin:80 - create IPUIPlugin
2024-10-01 17:48:54,278 [INFO] PluginManager:220 - loadIPPluginJar : add gfxmmu
2024-10-01 17:48:54,582 [INFO] IPUIPlugin:80 - create IPUIPlugin
2024-10-01 17:48:54,582 [INFO] PluginManager:220 - loadIPPluginJar : add gic
2024-10-01 17:48:54,649 [INFO] IPUIPlugin:80 - create IPUIPlugin
2024-10-01 17:48:54,649 [INFO] PluginManager:220 - loadIPPluginJar : add gpio
2024-10-01 17:48:54,816 [INFO] IPUIPlugin:80 - create IPUIPlugin
2024-10-01 17:48:54,816 [INFO] PluginManager:220 - loadIPPluginJar : add gtzc
2024-10-01 17:48:54,884 [INFO] IPUIPlugin:80 - create IPUIPlugin
2024-10-01 17:48:54,884 [INFO] PluginManager:220 - loadIPPluginJar : add hash
2024-10-01 17:48:54,991 [INFO] IPUIPlugin:80 - create IPUIPlugin
2024-10-01 17:48:54,992 [INFO] PluginManager:220 - loadIPPluginJar : add i2c
2024-10-01 17:48:55,087 [INFO] IPUIPlugin:80 - create IPUIPlugin
2024-10-01 17:48:55,088 [INFO] PluginManager:220 - loadIPPluginJar : add i2s
2024-10-01 17:48:55,171 [INFO] IPUIPlugin:80 - create IPUIPlugin
2024-10-01 17:48:55,171 [INFO] PluginManager:220 - loadIPPluginJar : add i3c
2024-10-01 17:48:55,371 [INFO] IPUIPlugin:80 - create IPUIPlugin
2024-10-01 17:48:55,371 [INFO] PluginManager:220 - loadIPPluginJar : add ipddr
2024-10-01 17:48:55,635 [INFO] IPUIPlugin:80 - create IPUIPlugin
2024-10-01 17:48:55,636 [INFO] PluginManager:220 - loadIPPluginJar : add linkedlist
2024-10-01 17:48:55,730 [INFO] IPUIPlugin:80 - create IPUIPlugin
2024-10-01 17:48:55,730 [INFO] PluginManager:220 - loadIPPluginJar : add lorawan
2024-10-01 17:48:55,792 [INFO] IPUIPlugin:80 - create IPUIPlugin
2024-10-01 17:48:55,793 [INFO] PluginManager:220 - loadIPPluginJar : add ltdc
2024-10-01 17:48:55,817 [INFO] IPUIPlugin:80 - create IPUIPlugin
2024-10-01 17:48:55,817 [INFO] PluginManager:220 - loadIPPluginJar : add mdma
2024-10-01 17:48:55,836 [INFO] IPUIPlugin:80 - create IPUIPlugin
2024-10-01 17:48:55,836 [INFO] PluginManager:220 - loadIPPluginJar : add nvic
2024-10-01 17:48:55,884 [INFO] IPUIPlugin:80 - create IPUIPlugin
2024-10-01 17:48:55,884 [INFO] PluginManager:220 - loadIPPluginJar : add opamp
2024-10-01 17:48:56,029 [INFO] IPUIPlugin:80 - create IPUIPlugin
2024-10-01 17:48:56,030 [INFO] PluginManager:220 - loadIPPluginJar : add openamp
2024-10-01 17:48:56,119 [INFO] IPUIPlugin:80 - create IPUIPlugin
2024-10-01 17:48:56,119 [INFO] PluginManager:220 - loadIPPluginJar : add pdm2pcm
2024-10-01 17:48:56,168 [INFO] IPUIPlugin:80 - create IPUIPlugin
2024-10-01 17:48:56,172 [INFO] PluginManager:220 - loadIPPluginJar : add plateformsettings
2024-10-01 17:48:56,221 [INFO] IPUIPlugin:80 - create IPUIPlugin
2024-10-01 17:48:56,221 [INFO] PluginManager:220 - loadIPPluginJar : add quadspi
2024-10-01 17:48:56,261 [INFO] IPUIPlugin:80 - create IPUIPlugin
2024-10-01 17:48:56,262 [INFO] PluginManager:220 - loadIPPluginJar : add radio
2024-10-01 17:48:56,295 [INFO] IPUIPlugin:80 - create IPUIPlugin
2024-10-01 17:48:56,295 [INFO] PluginManager:220 - loadIPPluginJar : add resmgrutility
2024-10-01 17:48:56,387 [INFO] IPUIPlugin:80 - create IPUIPlugin
2024-10-01 17:48:56,387 [INFO] PluginManager:220 - loadIPPluginJar : add sai
2024-10-01 17:48:56,596 [INFO] IPUIPlugin:80 - create IPUIPlugin
2024-10-01 17:48:56,596 [INFO] PluginManager:220 - loadIPPluginJar : add spi
2024-10-01 17:48:56,742 [INFO] IPUIPlugin:80 - create IPUIPlugin
2024-10-01 17:48:56,742 [INFO] PluginManager:220 - loadIPPluginJar : add stm32_wpan
2024-10-01 17:48:56,776 [INFO] IPUIPlugin:80 - create IPUIPlugin
2024-10-01 17:48:56,776 [INFO] PluginManager:220 - loadIPPluginJar : add tim
2024-10-01 17:48:56,927 [INFO] IPUIPlugin:80 - create IPUIPlugin
2024-10-01 17:48:56,928 [INFO] PluginManager:220 - loadIPPluginJar : add touchsensing
2024-10-01 17:48:56,979 [INFO] IPUIPlugin:80 - create IPUIPlugin
2024-10-01 17:48:56,979 [INFO] PluginManager:220 - loadIPPluginJar : add tracer_emb
2024-10-01 17:48:57,027 [INFO] IPUIPlugin:80 - create IPUIPlugin
2024-10-01 17:48:57,027 [INFO] PluginManager:220 - loadIPPluginJar : add ts
2024-10-01 17:48:57,089 [INFO] IPUIPlugin:80 - create IPUIPlugin
2024-10-01 17:48:57,090 [INFO] PluginManager:220 - loadIPPluginJar : add tsc
2024-10-01 17:48:57,159 [INFO] ThirdPartyUpdaterWithRetryManager:70 - Updater plugin not ready yet. [3/15]
2024-10-01 17:48:57,224 [INFO] IPUIPlugin:80 - create IPUIPlugin
2024-10-01 17:48:57,224 [INFO] PluginManager:220 - loadIPPluginJar : add ucpd
2024-10-01 17:48:57,314 [INFO] IPUIPlugin:80 - create IPUIPlugin
2024-10-01 17:48:57,314 [INFO] PluginManager:220 - loadIPPluginJar : add usart
2024-10-01 17:48:57,378 [INFO] IPUIPlugin:80 - create IPUIPlugin
2024-10-01 17:48:57,378 [INFO] PluginManager:220 - loadIPPluginJar : add usbx
2024-10-01 17:48:57,533 [INFO] CADModel:165 - CPN selected for project level
2024-10-01 17:48:57,534 [INFO] CADModel:114 - Register for checkConnection events
2024-10-01 17:48:57,534 [FATAL] Updater:334 - Updater called before beeing initialized
2024-10-01 17:48:57,534 [ERROR] CADModel:125 - Updater not yet initialized, retry later 
2024-10-01 17:48:57,979 [INFO] CADModel:165 - CPN selected for project level
2024-10-01 17:48:57,980 [INFO] CADModel:114 - Register for checkConnection events
2024-10-01 17:48:57,980 [FATAL] Updater:334 - Updater called before beeing initialized
2024-10-01 17:48:57,980 [ERROR] CADModel:125 - Updater not yet initialized, retry later 
2024-10-01 17:48:57,985 [FATAL] Updater:334 - Updater called before beeing initialized
2024-10-01 17:48:58,224 [FATAL] Updater:334 - Updater called before beeing initialized
2024-10-01 17:48:58,250 [INFO] DbMcusAds:53 - JSON generation date=Fri Sep 20 20:04:23 ICT 2024 (1726837463113)
2024-10-01 17:48:58,251 [FATAL] Updater:334 - Updater called before beeing initialized
2024-10-01 17:48:58,487 [WARN] DetailPanel:346 - Failed to get advertising image, set to default
2024-10-01 17:48:58,765 [FATAL] Updater:334 - Updater called before beeing initialized
2024-10-01 17:48:58,769 [FATAL] Updater:334 - Updater called before beeing initialized
2024-10-01 17:48:58,769 [FATAL] Updater:334 - Updater called before beeing initialized
2024-10-01 17:48:58,770 [WARN] DetailPanel:346 - Failed to get advertising image, set to default
2024-10-01 17:48:58,771 [FATAL] Updater:334 - Updater called before beeing initialized
2024-10-01 17:48:58,958 [ERROR] Updater:1164 - MainUpdater not yet initialized. External WinMGr cannot be set.
2024-10-01 17:48:58,992 [INFO] Updater:1100 - Updater Version found : 6.12.0
2024-10-01 17:48:59,033 [INFO] ApplicationProperties:184 - Using Application install path: D:\ST\STM32CubeIDE_1.16.0\STM32CubeIDE\plugins\com.st.stm32cube.common.mx_6.12.0.202406281431
2024-10-01 17:49:00,169 [INFO] ThirdPartyUpdaterWithRetryManager:70 - Updater plugin not ready yet. [4/15]
2024-10-01 17:49:00,706 [ERROR] LogOutputStream:75 - [STDERR_REDIRECT] Oct 01, 2024 5:49:00 PM java.util.prefs.WindowsPreferences <init>
2024-10-01 17:49:00,709 [ERROR] LogOutputStream:75 - [STDERR_REDIRECT] WARNING: Could not open/create prefs root node Software\JavaSoft\Prefs at root 0xffffffff80000002. Windows RegCreateKeyEx(...) returned error code 5.
2024-10-01 17:49:00,709 [ERROR] LogOutputStream:75 - [STDERR_REDIRECT] 
2024-10-01 17:49:01,507 [INFO] MainUpdater:2873 - connection check result : 10
2024-10-01 17:49:01,507 [INFO] MainUpdater:3567 - Updater definition file requires update
2024-10-01 17:49:01,509 [INFO] MainUpdater:290 - Updater Check For Update Now.
2024-10-01 17:49:01,509 [INFO] MicroXplorer:498 - Change Database Version : DB.6.0.120
2024-10-01 17:49:01,541 [INFO] McuFinderGlobals:63 - Set McuFinder mode to 2 (CubeIDE integrated)
2024-10-01 17:49:01,541 [INFO] UserAuth:179 - activating auth plugin
2024-10-01 17:49:01,558 [INFO] UserAuth:417 - Internet connection configuration mode: 1
2024-10-01 17:49:01,678 [INFO] JxBrowserEngine:152 - Initiate JxBrowser Engine with user profile folder
2024-10-01 17:49:01,696 [INFO] ServerAccessManage:473 - Download File updaters.zip
2024-10-01 17:49:01,957 [INFO] FileExtend:240 - Unzip File : updaters.zip
2024-10-01 17:49:01,957 [INFO] FileExtend:255 - Standard Zip Deflate
2024-10-01 17:49:02,738 [INFO] ServerAccessManage:473 - Download File PacksControlFlags.xml
2024-10-01 17:49:03,170 [WARN] MainUpdater:1194 - Updater busy. Cannot search thirdparties
2024-10-01 17:49:03,171 [INFO] ThirdPartyUpdaterWithRetryManager:96 - Updater plugin is busy. [1/15]
2024-10-01 17:49:03,490 [INFO] ServerAccessManage:473 - Download File cubemx.pidx
2024-10-01 17:49:04,503 [INFO] ServerAccessManage:473 - Download File STMicroelectronics.X-CUBE-AI.pdsc
2024-10-01 17:49:06,185 [WARN] MainUpdater:1194 - Updater busy. Cannot search thirdparties
2024-10-01 17:49:06,185 [INFO] ThirdPartyUpdaterWithRetryManager:96 - Updater plugin is busy. [2/15]
2024-10-01 17:49:08,292 [INFO] WebApp:167 - Instantiating new browser for Auth
2024-10-01 17:49:09,186 [WARN] MainUpdater:1194 - Updater busy. Cannot search thirdparties
2024-10-01 17:49:09,186 [INFO] ThirdPartyUpdaterWithRetryManager:96 - Updater plugin is busy. [3/15]
2024-10-01 17:49:09,676 [WARN] PackLoader:240 - Cannot read IP mode file for STMicroelectronics.X-CUBE-AI.9.1.0
2024-10-01 17:49:09,679 [INFO] PopulateThirdPartyThread:66 - Ending populate Thread
2024-10-01 17:49:09,681 [INFO] ThirdParty:1030 - CMSIS Pack Vendor :STMicroelectronics X-CUBE-AI 9.1.0
2024-10-01 17:49:09,682 [INFO] LoadServerUpdatesThread:375 - End of LoadServerUpdate Thread
2024-10-01 17:49:09,858 [INFO] CheckServerUpdateThread:120 - End of CheckServer Thread
2024-10-01 17:49:10,281 [INFO] WebApp:448 - Apply proxy settings
2024-10-01 17:49:10,281 [INFO] WebApp:533 - Chromium requires no authentication
2024-10-01 17:49:10,308 [INFO] WebApp:476 - Direct internet connection detected
2024-10-01 17:49:10,379 [INFO] WebApp:869 - Register for checkConnection events
2024-10-01 17:49:10,380 [INFO] WebApp:448 - Apply proxy settings
2024-10-01 17:49:10,380 [INFO] WebApp:533 - Chromium requires no authentication
2024-10-01 17:49:10,381 [INFO] WebApp:476 - Direct internet connection detected
2024-10-01 17:49:10,771 [INFO] WebApp:220 - Starting web application
2024-10-01 17:49:10,771 [INFO] WebApp:578 - Web application path used D:\ST\STM32CubeIDE_1.16.0\STM32CubeIDE\plugins\com.st.stm32cube.common.mx_6.12.0.202406281431\db\plugins\mcufinder\reactClient1\index.html
2024-10-01 17:49:11,095 [INFO] WebApp:186 - Connection restablished
2024-10-01 17:49:12,559 [WARN] PackLoader:240 - Cannot read IP mode file for STMicroelectronics.FP-SNS-MOTENVWB1.1.4.0
2024-10-01 17:49:12,633 [WARN] PackLoader:240 - Cannot read IP mode file for STMicroelectronics.X-CUBE-SMBUS.2.1.0
2024-10-01 17:49:12,677 [WARN] PackLoader:240 - Cannot read IP mode file for STMicroelectronics.X-CUBE-AZRTOS-F7.1.1.0
2024-10-01 17:49:12,785 [WARN] PackLoader:240 - Cannot read IP mode file for STMicroelectronics.X-CUBE-MEMS1.11.0.0
2024-10-01 17:49:12,994 [WARN] PackLoader:240 - Cannot read IP mode file for STMicroelectronics.FP-SNS-FLIGHT1.5.0.2
2024-10-01 17:49:13,015 [WARN] PackLoader:240 - Cannot read IP mode file for STMicroelectronics.X-CUBE-DISPLAY.3.0.0
2024-10-01 17:49:13,038 [WARN] PackLoader:240 - Cannot read IP mode file for STMicroelectronics.X-CUBE-BLE1.7.0.0
2024-10-01 17:49:13,057 [WARN] PackLoader:240 - Cannot read IP mode file for STMicroelectronics.X-CUBE-NFC10.1.0.0
2024-10-01 17:49:13,080 [WARN] PackLoader:240 - Cannot read IP mode file for emotas.I-CUBE-CANOPEN.1.3.0
2024-10-01 17:49:13,109 [WARN] PackLoader:240 - Cannot read IP mode file for STMicroelectronics.X-CUBE-BLEMGR.3.1.0
2024-10-01 17:49:13,134 [WARN] PackLoader:240 - Cannot read IP mode file for STMicroelectronics.FP-SNS-SMARTAG2.1.2.0
2024-10-01 17:49:13,169 [INFO] LogOutputStream:77 - [STDOUT_REDIRECT] 1 : Invalid condition id : UX_CORESTACK_Condition cause : null
2024-10-01 17:49:13,170 [INFO] LogOutputStream:77 - [STDOUT_REDIRECT] 1 : Invalid condition id : UX_CORESTACK_Condition cause : null
2024-10-01 17:49:13,172 [INFO] LogOutputStream:77 - [STDOUT_REDIRECT] 1 : Invalid condition id : UX_CORESTACK_Condition cause : null
2024-10-01 17:49:13,175 [INFO] LogOutputStream:77 - [STDOUT_REDIRECT] 1 : Invalid condition id : UX_CORESTACK_Condition cause : null
2024-10-01 17:49:13,177 [INFO] LogOutputStream:77 - [STDOUT_REDIRECT] 1 : Invalid condition id : UX_CORESTACK_Condition cause : null
2024-10-01 17:49:13,183 [WARN] PackLoader:240 - Cannot read IP mode file for STMicroelectronics.X-CUBE-AZRTOS-WL.2.0.0
2024-10-01 17:49:13,213 [WARN] PackLoader:240 - Cannot read IP mode file for STMicroelectronics.FP-SNS-MOTENV1.5.0.0
2024-10-01 17:49:13,225 [WARN] PackLoader:240 - Cannot read IP mode file for wolfSSL.I-CUBE-wolfMQTT.1.19.0
2024-10-01 17:49:13,248 [WARN] PackLoader:240 - Cannot read IP mode file for WES.I-CUBE-Cesium.1.3.0
2024-10-01 17:49:13,266 [WARN] PackLoader:240 - Cannot read IP mode file for STMicroelectronics.X-CUBE-BLE2.3.3.0
2024-10-01 17:49:13,284 [WARN] PackLoader:240 - Cannot read IP mode file for STMicroelectronics.X-CUBE-NFC9.1.0.0
2024-10-01 17:49:13,305 [WARN] PackLoader:240 - Cannot read IP mode file for STMicroelectronics.X-CUBE-TCPP.4.1.0
2024-10-01 17:49:13,343 [WARN] PackLoader:240 - Cannot read IP mode file for STMicroelectronics.X-CUBE-AZRTOS-G0.1.1.0
2024-10-01 17:49:13,362 [WARN] PackLoader:240 - Cannot read IP mode file for STMicroelectronics.X-CUBE-SAFEA1.1.2.2
2024-10-01 17:49:13,377 [WARN] PackLoader:240 - Cannot read IP mode file for STMicroelectronics.X-CUBE-NFC4.3.0.0
2024-10-01 17:49:13,400 [WARN] PackLoader:240 - Cannot read IP mode file for EmbeddedOffice.I-CUBE-FS-RTOS.1.0.1
2024-10-01 17:49:13,401 [ERROR] ConditionMgr:805 - Attr not supported : Dmpu
2024-10-01 17:49:13,401 [ERROR] ConditionMgr:805 - Attr not supported : Dmpu
2024-10-01 17:49:13,401 [ERROR] ConditionMgr:805 - Attr not supported : Dmpu
2024-10-01 17:49:13,401 [ERROR] ConditionMgr:805 - Attr not supported : Dmpu
2024-10-01 17:49:13,401 [ERROR] ConditionMgr:805 - Attr not supported : Dmpu
2024-10-01 17:49:13,401 [ERROR] ConditionMgr:805 - Attr not supported : Dmpu
2024-10-01 17:49:13,402 [ERROR] ConditionMgr:805 - Attr not supported : Dmpu
2024-10-01 17:49:13,402 [ERROR] ConditionMgr:805 - Attr not supported : Dmpu
2024-10-01 17:49:13,402 [ERROR] ConditionMgr:805 - Attr not supported : Dmpu
2024-10-01 17:49:13,402 [ERROR] ConditionMgr:805 - Attr not supported : Dmpu
2024-10-01 17:49:13,402 [ERROR] ConditionMgr:805 - Attr not supported : Dmpu
2024-10-01 17:49:13,402 [ERROR] ConditionMgr:805 - Attr not supported : Dmpu
2024-10-01 17:49:13,402 [ERROR] ConditionMgr:805 - Attr not supported : Dmpu
2024-10-01 17:49:13,403 [ERROR] ConditionMgr:805 - Attr not supported : Dmpu
2024-10-01 17:49:13,403 [ERROR] ConditionMgr:805 - Attr not supported : Dmpu
2024-10-01 17:49:13,403 [ERROR] ConditionMgr:805 - Attr not supported : Dmpu
2024-10-01 17:49:13,403 [ERROR] ConditionMgr:805 - Attr not supported : Dmpu
2024-10-01 17:49:13,403 [ERROR] ConditionMgr:805 - Attr not supported : Dmpu
2024-10-01 17:49:13,403 [ERROR] ConditionMgr:805 - Attr not supported : Dmpu
2024-10-01 17:49:13,403 [ERROR] ConditionMgr:805 - Attr not supported : Dmpu
2024-10-01 17:49:13,403 [ERROR] ConditionMgr:805 - Attr not supported : Dmpu
2024-10-01 17:49:13,403 [ERROR] ConditionMgr:805 - Attr not supported : Dmpu
2024-10-01 17:49:13,404 [ERROR] ConditionMgr:805 - Attr not supported : Dmpu
2024-10-01 17:49:13,404 [ERROR] ConditionMgr:805 - Attr not supported : Dmpu
2024-10-01 17:49:13,404 [ERROR] ConditionMgr:805 - Attr not supported : Dmpu
2024-10-01 17:49:13,404 [ERROR] ConditionMgr:805 - Attr not supported : Dmpu
2024-10-01 17:49:13,404 [ERROR] ConditionMgr:805 - Attr not supported : Dmpu
2024-10-01 17:49:13,404 [ERROR] ConditionMgr:805 - Attr not supported : Dmpu
2024-10-01 17:49:13,404 [ERROR] ConditionMgr:805 - Attr not supported : Dmpu
2024-10-01 17:49:13,404 [ERROR] ConditionMgr:805 - Attr not supported : Dmpu
2024-10-01 17:49:13,404 [ERROR] ConditionMgr:805 - Attr not supported : Dmpu
2024-10-01 17:49:13,405 [ERROR] ConditionMgr:805 - Attr not supported : Dmpu
2024-10-01 17:49:13,405 [ERROR] ConditionMgr:805 - Attr not supported : Dmpu
2024-10-01 17:49:13,405 [ERROR] ConditionMgr:805 - Attr not supported : Dmpu
2024-10-01 17:49:13,405 [ERROR] ConditionMgr:805 - Attr not supported : Dmpu
2024-10-01 17:49:13,405 [ERROR] ConditionMgr:805 - Attr not supported : Dmpu
2024-10-01 17:49:13,405 [ERROR] ConditionMgr:805 - Attr not supported : Dmpu
2024-10-01 17:49:13,405 [ERROR] ConditionMgr:805 - Attr not supported : Dmpu
2024-10-01 17:49:13,406 [ERROR] ConditionMgr:805 - Attr not supported : Dmpu
2024-10-01 17:49:13,406 [ERROR] ConditionMgr:805 - Attr not supported : Dmpu
2024-10-01 17:49:13,406 [ERROR] ConditionMgr:805 - Attr not supported : Dmpu
2024-10-01 17:49:13,406 [ERROR] ConditionMgr:805 - Attr not supported : Dmpu
2024-10-01 17:49:13,406 [ERROR] ConditionMgr:805 - Attr not supported : Dmpu
2024-10-01 17:49:13,406 [ERROR] ConditionMgr:805 - Attr not supported : Dmpu
2024-10-01 17:49:13,407 [ERROR] ConditionMgr:805 - Attr not supported : Dmpu
2024-10-01 17:49:13,407 [ERROR] ConditionMgr:805 - Attr not supported : Dmpu
2024-10-01 17:49:13,407 [ERROR] ConditionMgr:805 - Attr not supported : Dmpu
2024-10-01 17:49:13,407 [ERROR] ConditionMgr:805 - Attr not supported : Dmpu
2024-10-01 17:49:13,407 [ERROR] ConditionMgr:805 - Attr not supported : Dmpu
2024-10-01 17:49:13,407 [ERROR] ConditionMgr:805 - Attr not supported : Dmpu
2024-10-01 17:49:13,407 [ERROR] ConditionMgr:805 - Attr not supported : Dmpu
2024-10-01 17:49:13,407 [ERROR] ConditionMgr:805 - Attr not supported : Dmpu
2024-10-01 17:49:13,408 [ERROR] ConditionMgr:805 - Attr not supported : Dmpu
2024-10-01 17:49:13,408 [ERROR] ConditionMgr:805 - Attr not supported : Dmpu
2024-10-01 17:49:13,408 [ERROR] ConditionMgr:805 - Attr not supported : Dmpu
2024-10-01 17:49:13,408 [ERROR] ConditionMgr:805 - Attr not supported : Dmpu
2024-10-01 17:49:13,408 [ERROR] ConditionMgr:805 - Attr not supported : Dmpu
2024-10-01 17:49:13,408 [ERROR] ConditionMgr:805 - Attr not supported : Dmpu
2024-10-01 17:49:13,408 [ERROR] ConditionMgr:805 - Attr not supported : Dmpu
2024-10-01 17:49:13,408 [ERROR] ConditionMgr:805 - Attr not supported : Dmpu
2024-10-01 17:49:13,409 [ERROR] ConditionMgr:805 - Attr not supported : Dmpu
2024-10-01 17:49:13,409 [ERROR] ConditionMgr:805 - Attr not supported : Dmpu
2024-10-01 17:49:13,409 [ERROR] ConditionMgr:805 - Attr not supported : Dmpu
2024-10-01 17:49:13,409 [ERROR] ConditionMgr:805 - Attr not supported : Dmpu
2024-10-01 17:49:13,426 [WARN] PackLoader:240 - Cannot read IP mode file for RealThread.X-CUBE-RT-Thread_Nano.4.1.1
2024-10-01 17:49:13,432 [WARN] PackLoader:240 - Cannot read IP mode file for STMicroelectronics.FP-ATR-SIGFOX1.3.2.0
2024-10-01 17:49:13,447 [WARN] PackLoader:240 - Cannot read IP mode file for wolfSSL.I-CUBE-wolfSSL.5.7.2
2024-10-01 17:49:13,462 [WARN] PackLoader:240 - Cannot read IP mode file for STMicroelectronics.X-CUBE-EEPRMA1.5.1.0
2024-10-01 17:49:13,484 [WARN] PackLoader:240 - Cannot read IP mode file for ITTIA_DB.I-CUBE-ITTIADB.8.9.0
2024-10-01 17:49:13,527 [WARN] PackLoader:240 - Cannot read IP mode file for SEGGER.I-CUBE-embOS.1.3.1
2024-10-01 17:49:13,585 [WARN] PackLoader:240 - Cannot read IP mode file for STMicroelectronics.X-CUBE-ALGOBUILD.1.4.0
2024-10-01 17:49:13,590 [WARN] PackLoader:240 - Cannot read IP mode file for STMicroelectronics.X-CUBE-AI.9.1.0
2024-10-01 17:49:13,607 [WARN] PackLoader:240 - Cannot read IP mode file for STMicroelectronics.X-CUBE-GNSS1.6.0.0
2024-10-01 17:49:13,667 [WARN] PackLoader:240 - Cannot read IP mode file for STMicroelectronics.X-CUBE-AZRTOS-F4.1.1.0
2024-10-01 17:49:13,685 [WARN] PackLoader:240 - Cannot read IP mode file for STMicroelectronics.X-CUBE-ISPU.2.1.0
2024-10-01 17:49:13,699 [WARN] PackLoader:240 - Cannot read IP mode file for STMicroelectronics.X-CUBE-FREERTOS.1.2.0
2024-10-01 17:49:13,729 [WARN] PackLoader:240 - Cannot read IP mode file for STMicroelectronics.X-CUBE-AZRTOS-L5.2.0.0
2024-10-01 17:49:13,750 [WARN] PackLoader:240 - Cannot read IP mode file for STMicroelectronics.X-CUBE-NFC6.3.1.0
2024-10-01 17:49:13,769 [WARN] PackLoader:240 - Cannot read IP mode file for STMicroelectronics.X-CUBE-DPower.1.2.0
2024-10-01 17:49:13,784 [WARN] PackLoader:240 - Cannot read IP mode file for STMicroelectronics.X-CUBE-AI.9.0.0
2024-10-01 17:49:13,800 [WARN] PackLoader:240 - Cannot read IP mode file for STMicroelectronics.X-CUBE-NFC7.1.0.1
2024-10-01 17:49:13,806 [WARN] PackLoader:240 - Cannot read IP mode file for wolfSSL.I-CUBE-wolfTPM.3.2.0
2024-10-01 17:49:13,845 [WARN] ConditionMgr:438 - getConditionDescription Invalid condition id : LAN8742 Phy interface Condition cause : null
2024-10-01 17:49:13,847 [WARN] PackLoader:240 - Cannot read IP mode file for STMicroelectronics.X-CUBE-AZRTOS-L4.2.0.0
2024-10-01 17:49:13,848 [WARN] ConditionMgr:1039 - genDependencies : Invalid condition id : LAN8742 Phy interface Condition cause : null
2024-10-01 17:49:13,849 [WARN] ConditionMgr:1039 - genDependencies : Invalid condition id : LAN8742 Phy interface Condition cause : null
2024-10-01 17:49:13,849 [WARN] ConditionMgr:1039 - genDependencies : Invalid condition id : LAN8742 Phy interface Condition cause : null
2024-10-01 17:49:13,866 [WARN] PackLoader:240 - Cannot read IP mode file for STMicroelectronics.X-CUBE-SFXS2LP1.4.0.0
2024-10-01 17:49:13,905 [WARN] PackLoader:240 - Cannot read IP mode file for STMicroelectronics.X-CUBE-AZRTOS-H7.3.3.0
2024-10-01 17:49:13,971 [WARN] ConditionMgr:438 - getConditionDescription Invalid condition id : UX DEVICE CLASS RTOS Condition cause : null
2024-10-01 17:49:13,972 [WARN] ConditionMgr:438 - getConditionDescription Invalid condition id : UX DEVICE CLASS RTOS Condition cause : null
2024-10-01 17:49:13,975 [WARN] PackLoader:240 - Cannot read IP mode file for STMicroelectronics.X-CUBE-AZRTOS-WB.2.0.0
2024-10-01 17:49:13,976 [WARN] ConditionMgr:1039 - genDependencies : Invalid condition id : UX DEVICE CLASS RTOS Condition cause : null
2024-10-01 17:49:13,976 [WARN] ConditionMgr:1039 - genDependencies : Invalid condition id : UX DEVICE CLASS RTOS Condition cause : null
2024-10-01 17:49:13,976 [WARN] ConditionMgr:1039 - genDependencies : Invalid condition id : UX DEVICE CLASS RTOS Condition cause : null
2024-10-01 17:49:13,977 [WARN] ConditionMgr:1039 - genDependencies : Invalid condition id : UX DEVICE CLASS RTOS Condition cause : null
2024-10-01 17:49:13,977 [WARN] ConditionMgr:1039 - genDependencies : Invalid condition id : UX DEVICE CLASS RTOS Condition cause : null
2024-10-01 17:49:13,997 [WARN] PackLoader:240 - Cannot read IP mode file for STMicroelectronics.X-CUBE-GNSS1.7.0.0
2024-10-01 17:49:14,023 [WARN] PackLoader:240 - Cannot read IP mode file for STMicroelectronics.FP-SNS-STBOX1.2.0.0
2024-10-01 17:49:14,055 [WARN] PackLoader:240 - Cannot read IP mode file for STMicroelectronics.X-CUBE-SUBG2.5.0.0
2024-10-01 17:49:14,072 [WARN] PackLoader:240 - Cannot read IP mode file for Cesanta.I-CUBE-Mongoose.7.13.0
2024-10-01 17:49:14,123 [WARN] PackLoader:240 - Cannot read IP mode file for STMicroelectronics.X-CUBE-AZRTOS-G4.2.0.0
2024-10-01 17:49:14,152 [WARN] PackLoader:240 - Cannot read IP mode file for STMicroelectronics.X-CUBE-ISPU.2.0.0
2024-10-01 17:49:14,176 [WARN] PackLoader:240 - Cannot read IP mode file for STMicroelectronics.X-CUBE-ALS.1.0.2
2024-10-01 17:49:14,247 [WARN] PackLoader:240 - Cannot read IP mode file for STMicroelectronics.X-CUBE-MEMS1.10.0.0
2024-10-01 17:49:14,495 [WARN] PackLoader:240 - Cannot read IP mode file for STMicroelectronics.X-CUBE-TOUCHGFX.4.24.0
2024-10-01 17:49:14,514 [WARN] PackLoader:240 - Cannot read IP mode file for STMicroelectronics.X-CUBE-TOUCHGFX.4.24.1
2024-10-01 17:49:14,532 [WARN] PackLoader:240 - Cannot read IP mode file for portGmbH.I-Cube-SoM-uGOAL.1.1.0
2024-10-01 17:49:14,564 [WARN] PackLoader:240 - Cannot read IP mode file for STMicroelectronics.X-CUBE-AZRTOS-H7RS.1.0.0
2024-10-01 17:49:14,571 [WARN] PackLoader:240 - Cannot read IP mode file for STMicroelectronics.FP-ATR-ASTRA1.2.0.0
2024-10-01 17:49:14,590 [WARN] PackLoader:240 - Cannot read IP mode file for STMicroelectronics.X-CUBE-TOF1.3.4.2
2024-10-01 17:49:14,631 [WARN] PackLoader:240 - Cannot read IP mode file for STMicroelectronics.X-CUBE-AZRTOS-H7.3.2.0
2024-10-01 17:49:14,659 [WARN] PackLoader:240 - Cannot read IP mode file for Infineon.AIROC-Wi-Fi-Bluetooth-STM32.1.6.0
2024-10-01 17:49:14,667 [WARN] PackLoader:240 - Cannot read IP mode file for wolfSSL.I-CUBE-wolfSSH.1.4.17
2024-10-01 17:49:14,668 [INFO] ThirdParty:978 - Integrity check success = true
2024-10-01 17:49:14,668 [INFO] IntegrityCheckThread:100 - exiting critical section [integrity check]
2024-10-01 17:49:14,668 [INFO] IntegrityCheckThread:103 - End integrity checks thread
