2024-10-25 08:53:20,258 [INFO] Activator:176 - 


2024-10-25 08:53:20,276 [INFO] Activator:177 - !SESSION log4j initialized
2024-10-25 08:53:39,562 [INFO] LogOutputStream:77 - [STDOUT_REDIRECT] 
2024-10-25 08:53:54,673 [INFO] ApplicationProperties:184 - Using Application install path: D:\ST\STM32CubeIDE_1.16.0\STM32CubeIDE\plugins\com.st.stm32cube.common.mx_6.12.0.202406281431
2024-10-25 08:53:54,761 [INFO] DbMcusXml:78 - Set database path to: D:\ST\STM32CubeIDE_1.16.0\STM32CubeIDE\plugins\com.st.stm32cube.common.mx_6.12.0.202406281431\\db\/mcu/
2024-10-25 08:53:54,762 [INFO] ApiDb:274 - Set plugin database path to: D:\ST\STM32CubeIDE_1.16.0\STM32CubeIDE\plugins\com.st.stm32cube.common.mx_6.12.0.202406281431\\db\/plugins/boardmanager/
2024-10-25 08:53:54,763 [WARN] ApiDb:259 - Overriding images path with different value:  => D:\ST\STM32CubeIDE_1.16.0\STM32CubeIDE\plugins\com.st.stm32cube.common.mx_6.12.0.202406281431\\db\/plugins/mcufinder/images/
2024-10-25 08:53:54,942 [INFO] ApiDb:250 - Set database path to: C:\Users\Asus\.stmcufinder\plugins\mcufinder//mcu/
2024-10-25 08:53:54,946 [INFO] DbMcusAds:125 - Set database path to: C:\Users\Asus\.stmcufinder\plugins\mcufinder//mcu/
2024-10-25 08:53:54,972 [INFO] CrossReferenceDbSqlite:203 - Set database path to: C:\Users\Asus\.stmcufinder\plugins\mcufinder//mcu/cs/
2024-10-25 08:53:55,308 [INFO] RulesReader:64 - Compatibility file has been processed (297 Rules)
2024-10-25 08:53:55,724 [INFO] DbMcusXml:78 - Set database path to: D:\ST\STM32CubeIDE_1.16.0\STM32CubeIDE\plugins\com.st.stm32cube.common.mx_6.12.0.202406281431\\db\/mcu/
2024-10-25 08:53:55,724 [INFO] ApiDb:274 - Set plugin database path to: D:\ST\STM32CubeIDE_1.16.0\STM32CubeIDE\plugins\com.st.stm32cube.common.mx_6.12.0.202406281431\\db\/plugins/boardmanager/
2024-10-25 08:53:55,724 [INFO] ApiDb:261 - Set plugin images path to: D:\ST\STM32CubeIDE_1.16.0\STM32CubeIDE\plugins\com.st.stm32cube.common.mx_6.12.0.202406281431\\db\/plugins/mcufinder/images/
2024-10-25 08:53:55,725 [WARN] DbFile:41 - Overriding database path with different value: C:\Users\Asus\.stmcufinder\plugins\mcufinder/ => C:\Users\Asus\.stmcufinder\plugins\mcufinder
2024-10-25 08:53:55,725 [INFO] ApiDb:250 - Set database path to: C:\Users\Asus\.stmcufinder\plugins\mcufinder//mcu/
2024-10-25 08:53:55,725 [WARN] DbFile:41 - Overriding database path with different value: C:\Users\Asus\.stmcufinder\plugins\mcufinder/ => C:\Users\Asus\.stmcufinder\plugins\mcufinder
2024-10-25 08:53:55,725 [INFO] DbMcusAds:125 - Set database path to: C:\Users\Asus\.stmcufinder\plugins\mcufinder//mcu/
2024-10-25 08:53:55,725 [WARN] DbFile:41 - Overriding database path with different value: C:\Users\Asus\.stmcufinder\plugins\mcufinder/ => C:\Users\Asus\.stmcufinder\plugins\mcufinder
2024-10-25 08:53:55,726 [WARN] DbFile:41 - Overriding database path with different value: C:\Users\Asus\.stmcufinder\plugins\mcufinder/ => C:\Users\Asus\.stmcufinder\plugins\mcufinder
2024-10-25 08:53:55,726 [INFO] CrossReferenceDbSqlite:203 - Set database path to: C:\Users\Asus\.stmcufinder\plugins\mcufinder//mcu/cs/
2024-10-25 08:53:55,960 [INFO] MainPanel:268 - HeapMemory: 268435456
2024-10-25 08:53:56,303 [INFO] DbMcusXml:78 - Set database path to: D:\ST\STM32CubeIDE_1.16.0\STM32CubeIDE\plugins\com.st.stm32cube.common.mx_6.12.0.202406281431\\db\/mcu/
2024-10-25 08:53:56,303 [INFO] ApiDb:274 - Set plugin database path to: D:\ST\STM32CubeIDE_1.16.0\STM32CubeIDE\plugins\com.st.stm32cube.common.mx_6.12.0.202406281431\\db\/plugins/boardmanager/
2024-10-25 08:53:56,303 [INFO] ApiDb:261 - Set plugin images path to: D:\ST\STM32CubeIDE_1.16.0\STM32CubeIDE\plugins\com.st.stm32cube.common.mx_6.12.0.202406281431\\db\/plugins/mcufinder/images/
2024-10-25 08:53:56,304 [WARN] DbFile:41 - Overriding database path with different value: C:\Users\Asus\.stmcufinder\plugins\mcufinder/ => C:\Users\Asus\.stmcufinder\plugins\mcufinder
2024-10-25 08:53:56,304 [INFO] ApiDb:250 - Set database path to: C:\Users\Asus\.stmcufinder\plugins\mcufinder//mcu/
2024-10-25 08:53:56,305 [WARN] DbFile:41 - Overriding database path with different value: C:\Users\Asus\.stmcufinder\plugins\mcufinder/ => C:\Users\Asus\.stmcufinder\plugins\mcufinder
2024-10-25 08:53:56,305 [INFO] DbMcusAds:125 - Set database path to: C:\Users\Asus\.stmcufinder\plugins\mcufinder//mcu/
2024-10-25 08:53:56,305 [WARN] DbFile:41 - Overriding database path with different value: C:\Users\Asus\.stmcufinder\plugins\mcufinder/ => C:\Users\Asus\.stmcufinder\plugins\mcufinder
2024-10-25 08:53:56,305 [WARN] DbFile:41 - Overriding database path with different value: C:\Users\Asus\.stmcufinder\plugins\mcufinder/ => C:\Users\Asus\.stmcufinder\plugins\mcufinder
2024-10-25 08:53:56,306 [INFO] CrossReferenceDbSqlite:203 - Set database path to: C:\Users\Asus\.stmcufinder\plugins\mcufinder//mcu/cs/
2024-10-25 08:53:56,347 [INFO] ApplicationProperties:184 - Using Application install path: D:\ST\STM32CubeIDE_1.16.0\STM32CubeIDE\plugins\com.st.stm32cube.common.mx_6.12.0.202406281431
2024-10-25 08:53:56,349 [INFO] PluginManage:196 - Search for loadable plugins [exclusion list=, ]
2024-10-25 08:53:56,352 [INFO] PluginManage:310 - Check plugin analytics
2024-10-25 08:54:06,324 [INFO] AnalyticsPlugin:253 - Accepted Software Licenses: 
2024-10-25 08:54:06,325 [INFO] AnalyticsPlugin:255 - Accepted CMSIS Pack Licenses: 
2024-10-25 08:54:06,325 [INFO] AnalyticsPlugin:257 - Accepted Firmware Licenses: 
2024-10-25 08:54:06,331 [INFO] PluginManage:359 - Loaded plugin analytics (category:tool,tabindex:-1)
2024-10-25 08:54:06,332 [INFO] PluginManage:310 - Check plugin cadmodel
2024-10-25 08:54:06,381 [INFO] CADModel:105 - Init CAD model plugin
2024-10-25 08:54:06,382 [INFO] PluginManage:359 - Loaded plugin cadmodel (category:power,tabindex:5)
2024-10-25 08:54:06,382 [INFO] PluginManage:310 - Check plugin clock
2024-10-25 08:54:06,420 [INFO] PluginManage:359 - Loaded plugin clock (category:base,tabindex:2)
2024-10-25 08:54:06,421 [INFO] PluginManage:310 - Check plugin ddr
2024-10-25 08:54:06,451 [INFO] PluginManage:359 - Loaded plugin ddr (category:tool,tabindex:6)
2024-10-25 08:54:06,452 [INFO] PluginManage:310 - Check plugin filemanager
2024-10-25 08:54:06,817 [INFO] PluginManage:359 - Loaded plugin filemanager (category:base,tabindex:10)
2024-10-25 08:54:06,817 [INFO] PluginManage:310 - Check plugin ipmanager
2024-10-25 08:54:06,842 [INFO] PluginManage:359 - Loaded plugin ipmanager (category:base,tabindex:5)
2024-10-25 08:54:06,842 [INFO] PluginManage:310 - Check plugin lpbam
2024-10-25 08:54:06,891 [INFO] PluginManage:359 - Loaded plugin lpbam (category:base,tabindex:0)
2024-10-25 08:54:06,891 [INFO] PluginManage:310 - Check plugin memorymap
2024-10-25 08:54:06,964 [INFO] PluginManage:359 - Loaded plugin memorymap (category:base,tabindex:4)
2024-10-25 08:54:06,964 [INFO] PluginManage:310 - Check plugin pinoutandconfiguration
2024-10-25 08:54:06,996 [INFO] PluginManage:359 - Loaded plugin pinoutandconfiguration (category:base,tabindex:1)
2024-10-25 08:54:06,996 [INFO] PluginManage:310 - Check plugin pinoutconfig
2024-10-25 08:54:07,279 [WARN] SupportedApi:132 - Cannot load RTOS API schema: s4s-elt-must-match.1: The content of 'definitions' must match (annotation?, (simpleType | complexType)?, (unique | key | keyref)*)). A problem was found starting at: attribute.
2024-10-25 08:54:07,581 [INFO] PluginManage:359 - Loaded plugin pinoutconfig (category:base,tabindex:0)
2024-10-25 08:54:07,581 [INFO] PluginManage:310 - Check plugin power
2024-10-25 08:54:07,657 [INFO] PluginManage:359 - Loaded plugin power (category:power,tabindex:4)
2024-10-25 08:54:07,657 [INFO] PluginManage:310 - Check plugin projectmanager
2024-10-25 08:54:07,704 [INFO] PluginManage:359 - Loaded plugin projectmanager (category:projectmanager,tabindex:4)
2024-10-25 08:54:07,704 [INFO] PluginManage:310 - Check plugin rif
2024-10-25 08:54:07,734 [INFO] PluginManage:359 - Loaded plugin rif (category:base,tabindex:3)
2024-10-25 08:54:07,735 [INFO] PluginManage:310 - Check plugin thirdparty
2024-10-25 08:54:08,464 [INFO] PluginManage:359 - Loaded plugin thirdparty (category:base,tabindex:-1)
2024-10-25 08:54:08,464 [WARN] IntegrityCheckThread:84 - waiting for thirdparty lock release [integrity check]
2024-10-25 08:54:08,465 [INFO] PluginManage:310 - Check plugin tools
2024-10-25 08:54:08,465 [INFO] IntegrityCheckThread:86 - entering critical section [integrity check]
2024-10-25 08:54:08,465 [INFO] ThirdPartyUpdaterWithRetryManager:70 - Updater plugin not ready yet. [1/15]
2024-10-25 08:54:08,513 [INFO] PluginManage:359 - Loaded plugin tools (category:base,tabindex:7)
2024-10-25 08:54:08,513 [INFO] PluginManage:310 - Check plugin tutovideos
2024-10-25 08:54:09,029 [INFO] PluginManage:359 - Loaded plugin tutovideos (category:base,tabindex:-1)
2024-10-25 08:54:09,030 [INFO] PluginManage:310 - Check plugin updater
2024-10-25 08:54:09,081 [INFO] PluginManage:359 - Loaded plugin updater (category:base,tabindex:12)
2024-10-25 08:54:09,082 [INFO] PluginManage:310 - Check plugin userauth
2024-10-25 08:54:09,101 [INFO] UserAuth:113 - Init User Auth plugin
2024-10-25 08:54:09,101 [INFO] PluginManage:359 - Loaded plugin userauth (category:base,tabindex:14)
2024-10-25 08:54:09,102 [INFO] PluginManage:283 - PluginManage : Loaded plugins [18]
2024-10-25 08:54:09,690 [INFO] PinOutPanel:1561 - setPackage(No Configuration,No Configuration)
2024-10-25 08:54:09,907 [INFO] CADModel:165 - CPN selected for project level
2024-10-25 08:54:09,908 [INFO] CADModel:114 - Register for checkConnection events
2024-10-25 08:54:10,014 [INFO] IPUIPlugin:80 - create IPUIPlugin
2024-10-25 08:54:10,014 [INFO] PluginManager:220 - loadIPPluginJar : add adc
2024-10-25 08:54:10,062 [INFO] IPUIPlugin:80 - create IPUIPlugin
2024-10-25 08:54:10,062 [INFO] PluginManager:220 - loadIPPluginJar : add aes
2024-10-25 08:54:10,149 [INFO] IPUIPlugin:80 - create IPUIPlugin
2024-10-25 08:54:10,149 [INFO] PluginManager:220 - loadIPPluginJar : add can
2024-10-25 08:54:10,189 [INFO] IPUIPlugin:80 - create IPUIPlugin
2024-10-25 08:54:10,189 [INFO] PluginManager:220 - loadIPPluginJar : add comp
2024-10-25 08:54:10,234 [INFO] IPUIPlugin:80 - create IPUIPlugin
2024-10-25 08:54:10,234 [INFO] PluginManager:220 - loadIPPluginJar : add cryp
2024-10-25 08:54:10,289 [INFO] IPUIPlugin:80 - create IPUIPlugin
2024-10-25 08:54:10,289 [INFO] PluginManager:220 - loadIPPluginJar : add ddr_ctrl_phy
2024-10-25 08:54:10,336 [INFO] IPUIPlugin:80 - create IPUIPlugin
2024-10-25 08:54:10,337 [INFO] PluginManager:220 - loadIPPluginJar : add dfsdm
2024-10-25 08:54:10,372 [INFO] IPUIPlugin:80 - create IPUIPlugin
2024-10-25 08:54:10,374 [INFO] PluginManager:220 - loadIPPluginJar : add dma
2024-10-25 08:54:10,436 [INFO] IPUIPlugin:80 - create IPUIPlugin
2024-10-25 08:54:10,436 [INFO] PluginManager:220 - loadIPPluginJar : add dma3
2024-10-25 08:54:10,552 [INFO] IPUIPlugin:80 - create IPUIPlugin
2024-10-25 08:54:10,553 [INFO] PluginManager:220 - loadIPPluginJar : add extmemmanager
2024-10-25 08:54:10,601 [INFO] IPUIPlugin:80 - create IPUIPlugin
2024-10-25 08:54:10,602 [INFO] PluginManager:220 - loadIPPluginJar : add fatfs
2024-10-25 08:54:10,698 [INFO] IPUIPlugin:80 - create IPUIPlugin
2024-10-25 08:54:10,698 [INFO] PluginManager:220 - loadIPPluginJar : add fmc
2024-10-25 08:54:10,850 [INFO] IPUIPlugin:80 - create IPUIPlugin
2024-10-25 08:54:10,850 [INFO] PluginManager:220 - loadIPPluginJar : add freertos
2024-10-25 08:54:10,901 [INFO] IPUIPlugin:80 - create IPUIPlugin
2024-10-25 08:54:10,901 [INFO] PluginManager:220 - loadIPPluginJar : add genericplugin
2024-10-25 08:54:11,076 [INFO] IPUIPlugin:80 - create IPUIPlugin
2024-10-25 08:54:11,076 [INFO] PluginManager:220 - loadIPPluginJar : add gfxmmu
2024-10-25 08:54:11,466 [INFO] IPUIPlugin:80 - create IPUIPlugin
2024-10-25 08:54:11,467 [INFO] PluginManager:220 - loadIPPluginJar : add gic
2024-10-25 08:54:11,476 [INFO] ThirdPartyUpdaterWithRetryManager:70 - Updater plugin not ready yet. [2/15]
2024-10-25 08:54:11,542 [INFO] IPUIPlugin:80 - create IPUIPlugin
2024-10-25 08:54:11,542 [INFO] PluginManager:220 - loadIPPluginJar : add gpio
2024-10-25 08:54:11,681 [INFO] IPUIPlugin:80 - create IPUIPlugin
2024-10-25 08:54:11,682 [INFO] PluginManager:220 - loadIPPluginJar : add gtzc
2024-10-25 08:54:11,741 [INFO] IPUIPlugin:80 - create IPUIPlugin
2024-10-25 08:54:11,741 [INFO] PluginManager:220 - loadIPPluginJar : add hash
2024-10-25 08:54:11,844 [INFO] IPUIPlugin:80 - create IPUIPlugin
2024-10-25 08:54:11,845 [INFO] PluginManager:220 - loadIPPluginJar : add i2c
2024-10-25 08:54:11,979 [INFO] IPUIPlugin:80 - create IPUIPlugin
2024-10-25 08:54:11,980 [INFO] PluginManager:220 - loadIPPluginJar : add i2s
2024-10-25 08:54:12,061 [INFO] IPUIPlugin:80 - create IPUIPlugin
2024-10-25 08:54:12,061 [INFO] PluginManager:220 - loadIPPluginJar : add i3c
2024-10-25 08:54:12,260 [INFO] IPUIPlugin:80 - create IPUIPlugin
2024-10-25 08:54:12,260 [INFO] PluginManager:220 - loadIPPluginJar : add ipddr
2024-10-25 08:54:12,536 [INFO] IPUIPlugin:80 - create IPUIPlugin
2024-10-25 08:54:12,537 [INFO] PluginManager:220 - loadIPPluginJar : add linkedlist
2024-10-25 08:54:12,618 [INFO] IPUIPlugin:80 - create IPUIPlugin
2024-10-25 08:54:12,618 [INFO] PluginManager:220 - loadIPPluginJar : add lorawan
2024-10-25 08:54:12,703 [INFO] IPUIPlugin:80 - create IPUIPlugin
2024-10-25 08:54:12,704 [INFO] PluginManager:220 - loadIPPluginJar : add ltdc
2024-10-25 08:54:12,743 [INFO] IPUIPlugin:80 - create IPUIPlugin
2024-10-25 08:54:12,744 [INFO] PluginManager:220 - loadIPPluginJar : add mdma
2024-10-25 08:54:12,764 [INFO] IPUIPlugin:80 - create IPUIPlugin
2024-10-25 08:54:12,764 [INFO] PluginManager:220 - loadIPPluginJar : add nvic
2024-10-25 08:54:12,817 [INFO] IPUIPlugin:80 - create IPUIPlugin
2024-10-25 08:54:12,818 [INFO] PluginManager:220 - loadIPPluginJar : add opamp
2024-10-25 08:54:12,947 [INFO] IPUIPlugin:80 - create IPUIPlugin
2024-10-25 08:54:12,948 [INFO] PluginManager:220 - loadIPPluginJar : add openamp
2024-10-25 08:54:13,007 [INFO] IPUIPlugin:80 - create IPUIPlugin
2024-10-25 08:54:13,008 [INFO] PluginManager:220 - loadIPPluginJar : add pdm2pcm
2024-10-25 08:54:13,044 [INFO] IPUIPlugin:80 - create IPUIPlugin
2024-10-25 08:54:13,047 [INFO] PluginManager:220 - loadIPPluginJar : add plateformsettings
2024-10-25 08:54:13,092 [INFO] IPUIPlugin:80 - create IPUIPlugin
2024-10-25 08:54:13,092 [INFO] PluginManager:220 - loadIPPluginJar : add quadspi
2024-10-25 08:54:13,135 [INFO] IPUIPlugin:80 - create IPUIPlugin
2024-10-25 08:54:13,136 [INFO] PluginManager:220 - loadIPPluginJar : add radio
2024-10-25 08:54:13,186 [INFO] IPUIPlugin:80 - create IPUIPlugin
2024-10-25 08:54:13,186 [INFO] PluginManager:220 - loadIPPluginJar : add resmgrutility
2024-10-25 08:54:13,302 [INFO] IPUIPlugin:80 - create IPUIPlugin
2024-10-25 08:54:13,303 [INFO] PluginManager:220 - loadIPPluginJar : add sai
2024-10-25 08:54:13,353 [INFO] IPUIPlugin:80 - create IPUIPlugin
2024-10-25 08:54:13,353 [INFO] PluginManager:220 - loadIPPluginJar : add spi
2024-10-25 08:54:13,452 [INFO] IPUIPlugin:80 - create IPUIPlugin
2024-10-25 08:54:13,453 [INFO] PluginManager:220 - loadIPPluginJar : add stm32_wpan
2024-10-25 08:54:13,497 [INFO] IPUIPlugin:80 - create IPUIPlugin
2024-10-25 08:54:13,497 [INFO] PluginManager:220 - loadIPPluginJar : add tim
2024-10-25 08:54:13,634 [INFO] IPUIPlugin:80 - create IPUIPlugin
2024-10-25 08:54:13,634 [INFO] PluginManager:220 - loadIPPluginJar : add touchsensing
2024-10-25 08:54:13,774 [INFO] IPUIPlugin:80 - create IPUIPlugin
2024-10-25 08:54:13,775 [INFO] PluginManager:220 - loadIPPluginJar : add tracer_emb
2024-10-25 08:54:13,820 [INFO] IPUIPlugin:80 - create IPUIPlugin
2024-10-25 08:54:13,821 [INFO] PluginManager:220 - loadIPPluginJar : add ts
2024-10-25 08:54:13,863 [INFO] IPUIPlugin:80 - create IPUIPlugin
2024-10-25 08:54:13,863 [INFO] PluginManager:220 - loadIPPluginJar : add tsc
2024-10-25 08:54:13,909 [INFO] IPUIPlugin:80 - create IPUIPlugin
2024-10-25 08:54:13,909 [INFO] PluginManager:220 - loadIPPluginJar : add ucpd
2024-10-25 08:54:13,989 [INFO] IPUIPlugin:80 - create IPUIPlugin
2024-10-25 08:54:13,989 [INFO] PluginManager:220 - loadIPPluginJar : add usart
2024-10-25 08:54:14,045 [INFO] IPUIPlugin:80 - create IPUIPlugin
2024-10-25 08:54:14,046 [INFO] PluginManager:220 - loadIPPluginJar : add usbx
2024-10-25 08:54:14,225 [INFO] CADModel:165 - CPN selected for project level
2024-10-25 08:54:14,225 [INFO] CADModel:114 - Register for checkConnection events
2024-10-25 08:54:14,226 [FATAL] Updater:334 - Updater called before beeing initialized
2024-10-25 08:54:14,226 [ERROR] CADModel:125 - Updater not yet initialized, retry later 
2024-10-25 08:54:14,486 [INFO] ThirdPartyUpdaterWithRetryManager:70 - Updater plugin not ready yet. [3/15]
2024-10-25 08:54:14,676 [INFO] CADModel:165 - CPN selected for project level
2024-10-25 08:54:14,676 [INFO] CADModel:114 - Register for checkConnection events
2024-10-25 08:54:14,676 [FATAL] Updater:334 - Updater called before beeing initialized
2024-10-25 08:54:14,676 [ERROR] CADModel:125 - Updater not yet initialized, retry later 
2024-10-25 08:54:14,682 [FATAL] Updater:334 - Updater called before beeing initialized
2024-10-25 08:54:14,879 [FATAL] Updater:334 - Updater called before beeing initialized
2024-10-25 08:54:14,908 [INFO] DbMcusAds:53 - JSON generation date=Fri Sep 20 20:04:23 ICT 2024 (1726837463113)
2024-10-25 08:54:14,908 [FATAL] Updater:334 - Updater called before beeing initialized
2024-10-25 08:54:15,104 [WARN] DetailPanel:346 - Failed to get advertising image, set to default
2024-10-25 08:54:15,219 [FATAL] Updater:334 - Updater called before beeing initialized
2024-10-25 08:54:15,222 [FATAL] Updater:334 - Updater called before beeing initialized
2024-10-25 08:54:15,223 [FATAL] Updater:334 - Updater called before beeing initialized
2024-10-25 08:54:15,223 [WARN] DetailPanel:346 - Failed to get advertising image, set to default
2024-10-25 08:54:15,224 [FATAL] Updater:334 - Updater called before beeing initialized
2024-10-25 08:54:15,398 [ERROR] Updater:1164 - MainUpdater not yet initialized. External WinMGr cannot be set.
2024-10-25 08:54:15,423 [INFO] Updater:1100 - Updater Version found : 6.12.0
2024-10-25 08:54:15,460 [INFO] ApplicationProperties:184 - Using Application install path: D:\ST\STM32CubeIDE_1.16.0\STM32CubeIDE\plugins\com.st.stm32cube.common.mx_6.12.0.202406281431
2024-10-25 08:54:17,115 [ERROR] LogOutputStream:75 - [STDERR_REDIRECT] Oct 25, 2024 8:54:17 AM java.util.prefs.WindowsPreferences <init>
2024-10-25 08:54:17,118 [ERROR] LogOutputStream:75 - [STDERR_REDIRECT] WARNING: Could not open/create prefs root node Software\JavaSoft\Prefs at root 0xffffffff80000002. Windows RegCreateKeyEx(...) returned error code 5.
2024-10-25 08:54:17,118 [ERROR] LogOutputStream:75 - [STDERR_REDIRECT] 
2024-10-25 08:54:17,492 [FATAL] Updater:334 - Updater called before beeing initialized
2024-10-25 08:54:17,493 [ERROR] IntegrityCheckThread:130 - Cannot retrieve database content from updater: error 21
2024-10-25 08:54:17,493 [INFO] ThirdParty:978 - Integrity check success = false
2024-10-25 08:54:17,493 [INFO] IntegrityCheckThread:100 - exiting critical section [integrity check]
2024-10-25 08:54:17,493 [INFO] IntegrityCheckThread:103 - End integrity checks thread
2024-10-25 08:54:17,923 [INFO] MainUpdater:2873 - connection check result : 10
2024-10-25 08:54:17,925 [INFO] MainUpdater:3567 - Updater definition file requires update
2024-10-25 08:54:17,926 [INFO] MainUpdater:290 - Updater Check For Update Now.
2024-10-25 08:54:17,927 [INFO] MicroXplorer:498 - Change Database Version : DB.6.0.120
2024-10-25 08:54:17,977 [INFO] ServerAccessManage:473 - Download File updaters.zip
2024-10-25 08:54:17,995 [INFO] McuFinderGlobals:63 - Set McuFinder mode to 2 (CubeIDE integrated)
2024-10-25 08:54:17,996 [INFO] UserAuth:179 - activating auth plugin
2024-10-25 08:54:18,003 [INFO] UserAuth:417 - Internet connection configuration mode: 1
2024-10-25 08:54:18,137 [INFO] FileExtend:240 - Unzip File : updaters.zip
2024-10-25 08:54:18,137 [INFO] JxBrowserEngine:152 - Initiate JxBrowser Engine with user profile folder
2024-10-25 08:54:18,137 [INFO] FileExtend:255 - Standard Zip Deflate
2024-10-25 08:54:19,036 [INFO] ServerAccessManage:473 - Download File PacksControlFlags.xml
2024-10-25 08:54:19,351 [INFO] ServerAccessManage:473 - Download File cubemx.pidx
2024-10-25 08:54:19,848 [INFO] LoadServerUpdatesThread:375 - End of LoadServerUpdate Thread
2024-10-25 08:54:20,373 [INFO] CheckServerUpdateThread:120 - End of CheckServer Thread
2024-10-25 08:54:30,374 [INFO] WebApp:167 - Instantiating new browser for Auth
2024-10-25 08:54:31,974 [INFO] WebApp:448 - Apply proxy settings
2024-10-25 08:54:31,975 [INFO] WebApp:533 - Chromium requires no authentication
2024-10-25 08:54:32,009 [INFO] WebApp:476 - Direct internet connection detected
2024-10-25 08:54:32,083 [INFO] WebApp:869 - Register for checkConnection events
2024-10-25 08:54:32,083 [INFO] WebApp:448 - Apply proxy settings
2024-10-25 08:54:32,083 [INFO] WebApp:533 - Chromium requires no authentication
2024-10-25 08:54:32,084 [INFO] WebApp:476 - Direct internet connection detected
2024-10-25 08:54:32,435 [INFO] WebApp:186 - Connection restablished
2024-10-25 08:54:32,541 [INFO] WebApp:220 - Starting web application
2024-10-25 08:54:32,541 [INFO] WebApp:578 - Web application path used D:\ST\STM32CubeIDE_1.16.0\STM32CubeIDE\plugins\com.st.stm32cube.common.mx_6.12.0.202406281431\db\plugins\mcufinder\reactClient1\index.html
2024-10-25 16:33:07,159 [INFO] LogOutputStream:77 - [STDOUT_REDIRECT] StartTraceHandler.execute(), success : Collect=false
2024-10-25 16:33:09,321 [INFO] LogOutputStream:77 - [STDOUT_REDIRECT] StartTraceHandler.execute(), success : Collect=true
2024-10-25 20:24:16,567 [INFO] WebApp:189 - Connection lost
2024-10-25 20:24:18,619 [INFO] WebApp:186 - Connection restablished
2024-10-25 20:24:22,611 [INFO] WebApp:189 - Connection lost
2024-10-25 20:24:22,855 [INFO] WebApp:186 - Connection restablished
2024-10-25 20:24:34,857 [INFO] WebApp:189 - Connection lost
2024-10-25 20:24:35,100 [INFO] WebApp:186 - Connection restablished
2024-10-25 20:24:38,226 [INFO] WebApp:189 - Connection lost
2024-10-25 20:24:38,442 [INFO] WebApp:186 - Connection restablished
