2024-10-22 08:39:34,903 [INFO] Activator:176 - 


2024-10-22 08:39:34,948 [INFO] Activator:177 - !SESSION log4j initialized
2024-10-22 08:39:54,872 [INFO] LogOutputStream:77 - [STDOUT_REDIRECT] 
2024-10-22 08:40:10,676 [INFO] ApplicationProperties:184 - Using Application install path: D:\ST\STM32CubeIDE_1.16.0\STM32CubeIDE\plugins\com.st.stm32cube.common.mx_6.12.0.202406281431
2024-10-22 08:40:10,806 [INFO] DbMcusXml:78 - Set database path to: D:\ST\STM32CubeIDE_1.16.0\STM32CubeIDE\plugins\com.st.stm32cube.common.mx_6.12.0.202406281431\\db\/mcu/
2024-10-22 08:40:10,807 [INFO] ApiDb:274 - Set plugin database path to: D:\ST\STM32CubeIDE_1.16.0\STM32CubeIDE\plugins\com.st.stm32cube.common.mx_6.12.0.202406281431\\db\/plugins/boardmanager/
2024-10-22 08:40:10,810 [WARN] ApiDb:259 - Overriding images path with different value:  => D:\ST\STM32CubeIDE_1.16.0\STM32CubeIDE\plugins\com.st.stm32cube.common.mx_6.12.0.202406281431\\db\/plugins/mcufinder/images/
2024-10-22 08:40:10,973 [INFO] ApiDb:250 - Set database path to: C:\Users\Asus\.stmcufinder\plugins\mcufinder//mcu/
2024-10-22 08:40:10,976 [INFO] DbMcusAds:125 - Set database path to: C:\Users\Asus\.stmcufinder\plugins\mcufinder//mcu/
2024-10-22 08:40:10,990 [INFO] CrossReferenceDbSqlite:203 - Set database path to: C:\Users\Asus\.stmcufinder\plugins\mcufinder//mcu/cs/
2024-10-22 08:40:11,614 [INFO] RulesReader:64 - Compatibility file has been processed (297 Rules)
2024-10-22 08:40:11,987 [INFO] DbMcusXml:78 - Set database path to: D:\ST\STM32CubeIDE_1.16.0\STM32CubeIDE\plugins\com.st.stm32cube.common.mx_6.12.0.202406281431\\db\/mcu/
2024-10-22 08:40:11,989 [INFO] ApiDb:274 - Set plugin database path to: D:\ST\STM32CubeIDE_1.16.0\STM32CubeIDE\plugins\com.st.stm32cube.common.mx_6.12.0.202406281431\\db\/plugins/boardmanager/
2024-10-22 08:40:11,989 [INFO] ApiDb:261 - Set plugin images path to: D:\ST\STM32CubeIDE_1.16.0\STM32CubeIDE\plugins\com.st.stm32cube.common.mx_6.12.0.202406281431\\db\/plugins/mcufinder/images/
2024-10-22 08:40:11,989 [WARN] DbFile:41 - Overriding database path with different value: C:\Users\Asus\.stmcufinder\plugins\mcufinder/ => C:\Users\Asus\.stmcufinder\plugins\mcufinder
2024-10-22 08:40:11,989 [INFO] ApiDb:250 - Set database path to: C:\Users\Asus\.stmcufinder\plugins\mcufinder//mcu/
2024-10-22 08:40:11,991 [WARN] DbFile:41 - Overriding database path with different value: C:\Users\Asus\.stmcufinder\plugins\mcufinder/ => C:\Users\Asus\.stmcufinder\plugins\mcufinder
2024-10-22 08:40:11,991 [INFO] DbMcusAds:125 - Set database path to: C:\Users\Asus\.stmcufinder\plugins\mcufinder//mcu/
2024-10-22 08:40:11,991 [WARN] DbFile:41 - Overriding database path with different value: C:\Users\Asus\.stmcufinder\plugins\mcufinder/ => C:\Users\Asus\.stmcufinder\plugins\mcufinder
2024-10-22 08:40:11,991 [WARN] DbFile:41 - Overriding database path with different value: C:\Users\Asus\.stmcufinder\plugins\mcufinder/ => C:\Users\Asus\.stmcufinder\plugins\mcufinder
2024-10-22 08:40:11,992 [INFO] CrossReferenceDbSqlite:203 - Set database path to: C:\Users\Asus\.stmcufinder\plugins\mcufinder//mcu/cs/
2024-10-22 08:40:12,380 [INFO] MainPanel:268 - HeapMemory: 268435456
2024-10-22 08:40:12,890 [INFO] DbMcusXml:78 - Set database path to: D:\ST\STM32CubeIDE_1.16.0\STM32CubeIDE\plugins\com.st.stm32cube.common.mx_6.12.0.202406281431\\db\/mcu/
2024-10-22 08:40:12,890 [INFO] ApiDb:274 - Set plugin database path to: D:\ST\STM32CubeIDE_1.16.0\STM32CubeIDE\plugins\com.st.stm32cube.common.mx_6.12.0.202406281431\\db\/plugins/boardmanager/
2024-10-22 08:40:12,891 [INFO] ApiDb:261 - Set plugin images path to: D:\ST\STM32CubeIDE_1.16.0\STM32CubeIDE\plugins\com.st.stm32cube.common.mx_6.12.0.202406281431\\db\/plugins/mcufinder/images/
2024-10-22 08:40:12,909 [WARN] DbFile:41 - Overriding database path with different value: C:\Users\Asus\.stmcufinder\plugins\mcufinder/ => C:\Users\Asus\.stmcufinder\plugins\mcufinder
2024-10-22 08:40:12,910 [INFO] ApiDb:250 - Set database path to: C:\Users\Asus\.stmcufinder\plugins\mcufinder//mcu/
2024-10-22 08:40:12,911 [WARN] DbFile:41 - Overriding database path with different value: C:\Users\Asus\.stmcufinder\plugins\mcufinder/ => C:\Users\Asus\.stmcufinder\plugins\mcufinder
2024-10-22 08:40:12,912 [INFO] DbMcusAds:125 - Set database path to: C:\Users\Asus\.stmcufinder\plugins\mcufinder//mcu/
2024-10-22 08:40:12,913 [WARN] DbFile:41 - Overriding database path with different value: C:\Users\Asus\.stmcufinder\plugins\mcufinder/ => C:\Users\Asus\.stmcufinder\plugins\mcufinder
2024-10-22 08:40:12,913 [WARN] DbFile:41 - Overriding database path with different value: C:\Users\Asus\.stmcufinder\plugins\mcufinder/ => C:\Users\Asus\.stmcufinder\plugins\mcufinder
2024-10-22 08:40:12,914 [INFO] CrossReferenceDbSqlite:203 - Set database path to: C:\Users\Asus\.stmcufinder\plugins\mcufinder//mcu/cs/
2024-10-22 08:40:12,981 [INFO] ApplicationProperties:184 - Using Application install path: D:\ST\STM32CubeIDE_1.16.0\STM32CubeIDE\plugins\com.st.stm32cube.common.mx_6.12.0.202406281431
2024-10-22 08:40:12,988 [INFO] PluginManage:196 - Search for loadable plugins [exclusion list=, ]
2024-10-22 08:40:12,994 [INFO] PluginManage:310 - Check plugin analytics
2024-10-22 08:40:23,101 [INFO] AnalyticsPlugin:253 - Accepted Software Licenses: 
2024-10-22 08:40:23,106 [INFO] AnalyticsPlugin:255 - Accepted CMSIS Pack Licenses: 
2024-10-22 08:40:23,107 [INFO] AnalyticsPlugin:257 - Accepted Firmware Licenses: 
2024-10-22 08:40:23,113 [INFO] PluginManage:359 - Loaded plugin analytics (category:tool,tabindex:-1)
2024-10-22 08:40:23,113 [INFO] PluginManage:310 - Check plugin cadmodel
2024-10-22 08:40:23,177 [INFO] CADModel:105 - Init CAD model plugin
2024-10-22 08:40:23,177 [INFO] PluginManage:359 - Loaded plugin cadmodel (category:power,tabindex:5)
2024-10-22 08:40:23,178 [INFO] PluginManage:310 - Check plugin clock
2024-10-22 08:40:23,229 [INFO] PluginManage:359 - Loaded plugin clock (category:base,tabindex:2)
2024-10-22 08:40:23,229 [INFO] PluginManage:310 - Check plugin ddr
2024-10-22 08:40:23,242 [INFO] PluginManage:359 - Loaded plugin ddr (category:tool,tabindex:6)
2024-10-22 08:40:23,242 [INFO] PluginManage:310 - Check plugin filemanager
2024-10-22 08:40:23,642 [INFO] PluginManage:359 - Loaded plugin filemanager (category:base,tabindex:10)
2024-10-22 08:40:23,642 [INFO] PluginManage:310 - Check plugin ipmanager
2024-10-22 08:40:23,678 [INFO] PluginManage:359 - Loaded plugin ipmanager (category:base,tabindex:5)
2024-10-22 08:40:23,679 [INFO] PluginManage:310 - Check plugin lpbam
2024-10-22 08:40:23,709 [INFO] PluginManage:359 - Loaded plugin lpbam (category:base,tabindex:0)
2024-10-22 08:40:23,709 [INFO] PluginManage:310 - Check plugin memorymap
2024-10-22 08:40:23,812 [INFO] PluginManage:359 - Loaded plugin memorymap (category:base,tabindex:4)
2024-10-22 08:40:23,812 [INFO] PluginManage:310 - Check plugin pinoutandconfiguration
2024-10-22 08:40:23,845 [INFO] PluginManage:359 - Loaded plugin pinoutandconfiguration (category:base,tabindex:1)
2024-10-22 08:40:23,845 [INFO] PluginManage:310 - Check plugin pinoutconfig
2024-10-22 08:40:24,174 [WARN] SupportedApi:132 - Cannot load RTOS API schema: s4s-elt-must-match.1: The content of 'definitions' must match (annotation?, (simpleType | complexType)?, (unique | key | keyref)*)). A problem was found starting at: attribute.
2024-10-22 08:40:24,563 [INFO] PluginManage:359 - Loaded plugin pinoutconfig (category:base,tabindex:0)
2024-10-22 08:40:24,563 [INFO] PluginManage:310 - Check plugin power
2024-10-22 08:40:24,674 [INFO] PluginManage:359 - Loaded plugin power (category:power,tabindex:4)
2024-10-22 08:40:24,674 [INFO] PluginManage:310 - Check plugin projectmanager
2024-10-22 08:40:24,747 [INFO] PluginManage:359 - Loaded plugin projectmanager (category:projectmanager,tabindex:4)
2024-10-22 08:40:24,748 [INFO] PluginManage:310 - Check plugin rif
2024-10-22 08:40:24,796 [INFO] PluginManage:359 - Loaded plugin rif (category:base,tabindex:3)
2024-10-22 08:40:24,797 [INFO] PluginManage:310 - Check plugin thirdparty
2024-10-22 08:40:25,909 [INFO] PluginManage:359 - Loaded plugin thirdparty (category:base,tabindex:-1)
2024-10-22 08:40:25,908 [WARN] IntegrityCheckThread:84 - waiting for thirdparty lock release [integrity check]
2024-10-22 08:40:25,909 [INFO] PluginManage:310 - Check plugin tools
2024-10-22 08:40:25,909 [INFO] IntegrityCheckThread:86 - entering critical section [integrity check]
2024-10-22 08:40:25,911 [INFO] ThirdPartyUpdaterWithRetryManager:70 - Updater plugin not ready yet. [1/15]
2024-10-22 08:40:25,993 [INFO] PluginManage:359 - Loaded plugin tools (category:base,tabindex:7)
2024-10-22 08:40:25,993 [INFO] PluginManage:310 - Check plugin tutovideos
2024-10-22 08:40:26,601 [INFO] PluginManage:359 - Loaded plugin tutovideos (category:base,tabindex:-1)
2024-10-22 08:40:26,601 [INFO] PluginManage:310 - Check plugin updater
2024-10-22 08:40:26,659 [INFO] PluginManage:359 - Loaded plugin updater (category:base,tabindex:12)
2024-10-22 08:40:26,659 [INFO] PluginManage:310 - Check plugin userauth
2024-10-22 08:40:26,698 [INFO] UserAuth:113 - Init User Auth plugin
2024-10-22 08:40:26,698 [INFO] PluginManage:359 - Loaded plugin userauth (category:base,tabindex:14)
2024-10-22 08:40:26,699 [INFO] PluginManage:283 - PluginManage : Loaded plugins [18]
2024-10-22 08:40:27,389 [INFO] PinOutPanel:1561 - setPackage(No Configuration,No Configuration)
2024-10-22 08:40:27,621 [INFO] CADModel:165 - CPN selected for project level
2024-10-22 08:40:27,621 [INFO] CADModel:114 - Register for checkConnection events
2024-10-22 08:40:27,715 [INFO] IPUIPlugin:80 - create IPUIPlugin
2024-10-22 08:40:27,715 [INFO] PluginManager:220 - loadIPPluginJar : add adc
2024-10-22 08:40:27,759 [INFO] IPUIPlugin:80 - create IPUIPlugin
2024-10-22 08:40:27,759 [INFO] PluginManager:220 - loadIPPluginJar : add aes
2024-10-22 08:40:27,852 [INFO] IPUIPlugin:80 - create IPUIPlugin
2024-10-22 08:40:27,853 [INFO] PluginManager:220 - loadIPPluginJar : add can
2024-10-22 08:40:27,907 [INFO] IPUIPlugin:80 - create IPUIPlugin
2024-10-22 08:40:27,908 [INFO] PluginManager:220 - loadIPPluginJar : add comp
2024-10-22 08:40:27,975 [INFO] IPUIPlugin:80 - create IPUIPlugin
2024-10-22 08:40:27,975 [INFO] PluginManager:220 - loadIPPluginJar : add cryp
2024-10-22 08:40:28,027 [INFO] IPUIPlugin:80 - create IPUIPlugin
2024-10-22 08:40:28,027 [INFO] PluginManager:220 - loadIPPluginJar : add ddr_ctrl_phy
2024-10-22 08:40:28,069 [INFO] IPUIPlugin:80 - create IPUIPlugin
2024-10-22 08:40:28,069 [INFO] PluginManager:220 - loadIPPluginJar : add dfsdm
2024-10-22 08:40:28,107 [INFO] IPUIPlugin:80 - create IPUIPlugin
2024-10-22 08:40:28,108 [INFO] PluginManager:220 - loadIPPluginJar : add dma
2024-10-22 08:40:28,189 [INFO] IPUIPlugin:80 - create IPUIPlugin
2024-10-22 08:40:28,190 [INFO] PluginManager:220 - loadIPPluginJar : add dma3
2024-10-22 08:40:28,296 [INFO] IPUIPlugin:80 - create IPUIPlugin
2024-10-22 08:40:28,296 [INFO] PluginManager:220 - loadIPPluginJar : add extmemmanager
2024-10-22 08:40:28,342 [INFO] IPUIPlugin:80 - create IPUIPlugin
2024-10-22 08:40:28,343 [INFO] PluginManager:220 - loadIPPluginJar : add fatfs
2024-10-22 08:40:28,430 [INFO] IPUIPlugin:80 - create IPUIPlugin
2024-10-22 08:40:28,430 [INFO] PluginManager:220 - loadIPPluginJar : add fmc
2024-10-22 08:40:28,471 [INFO] IPUIPlugin:80 - create IPUIPlugin
2024-10-22 08:40:28,471 [INFO] PluginManager:220 - loadIPPluginJar : add freertos
2024-10-22 08:40:28,523 [INFO] IPUIPlugin:80 - create IPUIPlugin
2024-10-22 08:40:28,523 [INFO] PluginManager:220 - loadIPPluginJar : add genericplugin
2024-10-22 08:40:28,696 [INFO] IPUIPlugin:80 - create IPUIPlugin
2024-10-22 08:40:28,696 [INFO] PluginManager:220 - loadIPPluginJar : add gfxmmu
2024-10-22 08:40:28,914 [INFO] ThirdPartyUpdaterWithRetryManager:70 - Updater plugin not ready yet. [2/15]
2024-10-22 08:40:28,973 [INFO] IPUIPlugin:80 - create IPUIPlugin
2024-10-22 08:40:28,974 [INFO] PluginManager:220 - loadIPPluginJar : add gic
2024-10-22 08:40:29,044 [INFO] IPUIPlugin:80 - create IPUIPlugin
2024-10-22 08:40:29,044 [INFO] PluginManager:220 - loadIPPluginJar : add gpio
2024-10-22 08:40:29,169 [INFO] IPUIPlugin:80 - create IPUIPlugin
2024-10-22 08:40:29,170 [INFO] PluginManager:220 - loadIPPluginJar : add gtzc
2024-10-22 08:40:29,220 [INFO] IPUIPlugin:80 - create IPUIPlugin
2024-10-22 08:40:29,220 [INFO] PluginManager:220 - loadIPPluginJar : add hash
2024-10-22 08:40:29,302 [INFO] IPUIPlugin:80 - create IPUIPlugin
2024-10-22 08:40:29,302 [INFO] PluginManager:220 - loadIPPluginJar : add i2c
2024-10-22 08:40:29,379 [INFO] IPUIPlugin:80 - create IPUIPlugin
2024-10-22 08:40:29,379 [INFO] PluginManager:220 - loadIPPluginJar : add i2s
2024-10-22 08:40:29,450 [INFO] IPUIPlugin:80 - create IPUIPlugin
2024-10-22 08:40:29,450 [INFO] PluginManager:220 - loadIPPluginJar : add i3c
2024-10-22 08:40:29,601 [INFO] IPUIPlugin:80 - create IPUIPlugin
2024-10-22 08:40:29,601 [INFO] PluginManager:220 - loadIPPluginJar : add ipddr
2024-10-22 08:40:29,851 [INFO] IPUIPlugin:80 - create IPUIPlugin
2024-10-22 08:40:29,851 [INFO] PluginManager:220 - loadIPPluginJar : add linkedlist
2024-10-22 08:40:29,925 [INFO] IPUIPlugin:80 - create IPUIPlugin
2024-10-22 08:40:29,926 [INFO] PluginManager:220 - loadIPPluginJar : add lorawan
2024-10-22 08:40:30,008 [INFO] IPUIPlugin:80 - create IPUIPlugin
2024-10-22 08:40:30,008 [INFO] PluginManager:220 - loadIPPluginJar : add ltdc
2024-10-22 08:40:30,061 [INFO] IPUIPlugin:80 - create IPUIPlugin
2024-10-22 08:40:30,062 [INFO] PluginManager:220 - loadIPPluginJar : add mdma
2024-10-22 08:40:30,084 [INFO] IPUIPlugin:80 - create IPUIPlugin
2024-10-22 08:40:30,084 [INFO] PluginManager:220 - loadIPPluginJar : add nvic
2024-10-22 08:40:30,142 [INFO] IPUIPlugin:80 - create IPUIPlugin
2024-10-22 08:40:30,142 [INFO] PluginManager:220 - loadIPPluginJar : add opamp
2024-10-22 08:40:30,247 [INFO] IPUIPlugin:80 - create IPUIPlugin
2024-10-22 08:40:30,247 [INFO] PluginManager:220 - loadIPPluginJar : add openamp
2024-10-22 08:40:30,326 [INFO] IPUIPlugin:80 - create IPUIPlugin
2024-10-22 08:40:30,326 [INFO] PluginManager:220 - loadIPPluginJar : add pdm2pcm
2024-10-22 08:40:30,366 [INFO] IPUIPlugin:80 - create IPUIPlugin
2024-10-22 08:40:30,372 [INFO] PluginManager:220 - loadIPPluginJar : add plateformsettings
2024-10-22 08:40:30,428 [INFO] IPUIPlugin:80 - create IPUIPlugin
2024-10-22 08:40:30,428 [INFO] PluginManager:220 - loadIPPluginJar : add quadspi
2024-10-22 08:40:30,470 [INFO] IPUIPlugin:80 - create IPUIPlugin
2024-10-22 08:40:30,471 [INFO] PluginManager:220 - loadIPPluginJar : add radio
2024-10-22 08:40:30,511 [INFO] IPUIPlugin:80 - create IPUIPlugin
2024-10-22 08:40:30,511 [INFO] PluginManager:220 - loadIPPluginJar : add resmgrutility
2024-10-22 08:40:30,627 [INFO] IPUIPlugin:80 - create IPUIPlugin
2024-10-22 08:40:30,627 [INFO] PluginManager:220 - loadIPPluginJar : add sai
2024-10-22 08:40:30,705 [INFO] IPUIPlugin:80 - create IPUIPlugin
2024-10-22 08:40:30,705 [INFO] PluginManager:220 - loadIPPluginJar : add spi
2024-10-22 08:40:30,796 [INFO] IPUIPlugin:80 - create IPUIPlugin
2024-10-22 08:40:30,796 [INFO] PluginManager:220 - loadIPPluginJar : add stm32_wpan
2024-10-22 08:40:30,832 [INFO] IPUIPlugin:80 - create IPUIPlugin
2024-10-22 08:40:30,832 [INFO] PluginManager:220 - loadIPPluginJar : add tim
2024-10-22 08:40:30,988 [INFO] IPUIPlugin:80 - create IPUIPlugin
2024-10-22 08:40:30,988 [INFO] PluginManager:220 - loadIPPluginJar : add touchsensing
2024-10-22 08:40:31,071 [INFO] IPUIPlugin:80 - create IPUIPlugin
2024-10-22 08:40:31,071 [INFO] PluginManager:220 - loadIPPluginJar : add tracer_emb
2024-10-22 08:40:31,143 [INFO] IPUIPlugin:80 - create IPUIPlugin
2024-10-22 08:40:31,143 [INFO] PluginManager:220 - loadIPPluginJar : add ts
2024-10-22 08:40:31,178 [INFO] IPUIPlugin:80 - create IPUIPlugin
2024-10-22 08:40:31,179 [INFO] PluginManager:220 - loadIPPluginJar : add tsc
2024-10-22 08:40:31,220 [INFO] IPUIPlugin:80 - create IPUIPlugin
2024-10-22 08:40:31,220 [INFO] PluginManager:220 - loadIPPluginJar : add ucpd
2024-10-22 08:40:31,291 [INFO] IPUIPlugin:80 - create IPUIPlugin
2024-10-22 08:40:31,291 [INFO] PluginManager:220 - loadIPPluginJar : add usart
2024-10-22 08:40:31,368 [INFO] IPUIPlugin:80 - create IPUIPlugin
2024-10-22 08:40:31,369 [INFO] PluginManager:220 - loadIPPluginJar : add usbx
2024-10-22 08:40:31,559 [INFO] CADModel:165 - CPN selected for project level
2024-10-22 08:40:31,560 [INFO] CADModel:114 - Register for checkConnection events
2024-10-22 08:40:31,560 [FATAL] Updater:334 - Updater called before beeing initialized
2024-10-22 08:40:31,561 [ERROR] CADModel:125 - Updater not yet initialized, retry later 
2024-10-22 08:40:31,926 [INFO] ThirdPartyUpdaterWithRetryManager:70 - Updater plugin not ready yet. [3/15]
2024-10-22 08:40:32,025 [INFO] CADModel:165 - CPN selected for project level
2024-10-22 08:40:32,025 [INFO] CADModel:114 - Register for checkConnection events
2024-10-22 08:40:32,026 [FATAL] Updater:334 - Updater called before beeing initialized
2024-10-22 08:40:32,026 [ERROR] CADModel:125 - Updater not yet initialized, retry later 
2024-10-22 08:40:32,032 [FATAL] Updater:334 - Updater called before beeing initialized
2024-10-22 08:40:32,257 [FATAL] Updater:334 - Updater called before beeing initialized
2024-10-22 08:40:32,292 [INFO] DbMcusAds:53 - JSON generation date=Fri Sep 20 20:04:23 ICT 2024 (1726837463113)
2024-10-22 08:40:32,293 [FATAL] Updater:334 - Updater called before beeing initialized
2024-10-22 08:40:32,496 [WARN] DetailPanel:346 - Failed to get advertising image, set to default
2024-10-22 08:40:32,659 [FATAL] Updater:334 - Updater called before beeing initialized
2024-10-22 08:40:32,663 [FATAL] Updater:334 - Updater called before beeing initialized
2024-10-22 08:40:32,663 [FATAL] Updater:334 - Updater called before beeing initialized
2024-10-22 08:40:32,664 [WARN] DetailPanel:346 - Failed to get advertising image, set to default
2024-10-22 08:40:32,666 [FATAL] Updater:334 - Updater called before beeing initialized
2024-10-22 08:40:32,816 [ERROR] Updater:1164 - MainUpdater not yet initialized. External WinMGr cannot be set.
2024-10-22 08:40:32,846 [INFO] Updater:1100 - Updater Version found : 6.12.0
2024-10-22 08:40:32,916 [INFO] ApplicationProperties:184 - Using Application install path: D:\ST\STM32CubeIDE_1.16.0\STM32CubeIDE\plugins\com.st.stm32cube.common.mx_6.12.0.202406281431
2024-10-22 08:40:34,635 [ERROR] LogOutputStream:75 - [STDERR_REDIRECT] Oct 22, 2024 8:40:34 AM java.util.prefs.WindowsPreferences <init>
2024-10-22 08:40:34,641 [ERROR] LogOutputStream:75 - [STDERR_REDIRECT] WARNING: Could not open/create prefs root node Software\JavaSoft\Prefs at root 0xffffffff80000002. Windows RegCreateKeyEx(...) returned error code 5.
2024-10-22 08:40:34,641 [ERROR] LogOutputStream:75 - [STDERR_REDIRECT] 
2024-10-22 08:40:34,940 [FATAL] Updater:334 - Updater called before beeing initialized
2024-10-22 08:40:34,941 [ERROR] IntegrityCheckThread:130 - Cannot retrieve database content from updater: error 21
2024-10-22 08:40:34,942 [INFO] ThirdParty:978 - Integrity check success = false
2024-10-22 08:40:34,942 [INFO] IntegrityCheckThread:100 - exiting critical section [integrity check]
2024-10-22 08:40:34,942 [INFO] IntegrityCheckThread:103 - End integrity checks thread
2024-10-22 08:40:35,301 [INFO] MainUpdater:2873 - connection check result : 10
2024-10-22 08:40:35,302 [INFO] MainUpdater:290 - Updater Check For Update Now.
2024-10-22 08:40:35,303 [INFO] MicroXplorer:498 - Change Database Version : DB.6.0.120
2024-10-22 08:40:35,352 [INFO] McuFinderGlobals:63 - Set McuFinder mode to 2 (CubeIDE integrated)
2024-10-22 08:40:35,353 [INFO] UserAuth:179 - activating auth plugin
2024-10-22 08:40:35,383 [INFO] UserAuth:417 - Internet connection configuration mode: 1
2024-10-22 08:40:35,508 [INFO] JxBrowserEngine:152 - Initiate JxBrowser Engine with user profile folder
2024-10-22 08:40:35,788 [INFO] CheckServerUpdateThread:120 - End of CheckServer Thread
2024-10-22 08:40:50,853 [INFO] WebApp:167 - Instantiating new browser for Auth
2024-10-22 08:40:53,565 [INFO] WebApp:448 - Apply proxy settings
2024-10-22 08:40:53,565 [INFO] WebApp:533 - Chromium requires no authentication
2024-10-22 08:40:53,621 [INFO] WebApp:476 - Direct internet connection detected
2024-10-22 08:40:53,670 [INFO] WebApp:869 - Register for checkConnection events
2024-10-22 08:40:53,670 [INFO] WebApp:448 - Apply proxy settings
2024-10-22 08:40:53,670 [INFO] WebApp:533 - Chromium requires no authentication
2024-10-22 08:40:53,671 [INFO] WebApp:476 - Direct internet connection detected
2024-10-22 08:40:54,020 [INFO] WebApp:186 - Connection restablished
2024-10-22 08:40:54,106 [INFO] WebApp:220 - Starting web application
2024-10-22 08:40:54,106 [INFO] WebApp:578 - Web application path used D:\ST\STM32CubeIDE_1.16.0\STM32CubeIDE\plugins\com.st.stm32cube.common.mx_6.12.0.202406281431\db\plugins\mcufinder\reactClient1\index.html
