2024-10-26 09:06:21,024 [INFO] Activator:176 - 


2024-10-26 09:06:21,040 [INFO] Activator:177 - !SESSION log4j initialized
2024-10-26 09:06:42,506 [INFO] LogOutputStream:77 - [STDOUT_REDIRECT] 
2024-10-26 09:06:57,513 [INFO] ApplicationProperties:184 - Using Application install path: D:\ST\STM32CubeIDE_1.16.0\STM32CubeIDE\plugins\com.st.stm32cube.common.mx_6.12.0.202406281431
2024-10-26 09:06:57,580 [INFO] DbMcusXml:78 - Set database path to: D:\ST\STM32CubeIDE_1.16.0\STM32CubeIDE\plugins\com.st.stm32cube.common.mx_6.12.0.202406281431\\db\/mcu/
2024-10-26 09:06:57,580 [INFO] ApiDb:274 - Set plugin database path to: D:\ST\STM32CubeIDE_1.16.0\STM32CubeIDE\plugins\com.st.stm32cube.common.mx_6.12.0.202406281431\\db\/plugins/boardmanager/
2024-10-26 09:06:57,581 [WARN] ApiDb:259 - Overriding images path with different value:  => D:\ST\STM32CubeIDE_1.16.0\STM32CubeIDE\plugins\com.st.stm32cube.common.mx_6.12.0.202406281431\\db\/plugins/mcufinder/images/
2024-10-26 09:06:57,741 [INFO] ApiDb:250 - Set database path to: C:\Users\Asus\.stmcufinder\plugins\mcufinder//mcu/
2024-10-26 09:06:57,742 [INFO] DbMcusAds:125 - Set database path to: C:\Users\Asus\.stmcufinder\plugins\mcufinder//mcu/
2024-10-26 09:06:57,755 [INFO] CrossReferenceDbSqlite:203 - Set database path to: C:\Users\Asus\.stmcufinder\plugins\mcufinder//mcu/cs/
2024-10-26 09:06:58,104 [INFO] RulesReader:64 - Compatibility file has been processed (297 Rules)
2024-10-26 09:06:58,356 [INFO] DbMcusXml:78 - Set database path to: D:\ST\STM32CubeIDE_1.16.0\STM32CubeIDE\plugins\com.st.stm32cube.common.mx_6.12.0.202406281431\\db\/mcu/
2024-10-26 09:06:58,356 [INFO] ApiDb:274 - Set plugin database path to: D:\ST\STM32CubeIDE_1.16.0\STM32CubeIDE\plugins\com.st.stm32cube.common.mx_6.12.0.202406281431\\db\/plugins/boardmanager/
2024-10-26 09:06:58,356 [INFO] ApiDb:261 - Set plugin images path to: D:\ST\STM32CubeIDE_1.16.0\STM32CubeIDE\plugins\com.st.stm32cube.common.mx_6.12.0.202406281431\\db\/plugins/mcufinder/images/
2024-10-26 09:06:58,357 [WARN] DbFile:41 - Overriding database path with different value: C:\Users\Asus\.stmcufinder\plugins\mcufinder/ => C:\Users\Asus\.stmcufinder\plugins\mcufinder
2024-10-26 09:06:58,357 [INFO] ApiDb:250 - Set database path to: C:\Users\Asus\.stmcufinder\plugins\mcufinder//mcu/
2024-10-26 09:06:58,357 [WARN] DbFile:41 - Overriding database path with different value: C:\Users\Asus\.stmcufinder\plugins\mcufinder/ => C:\Users\Asus\.stmcufinder\plugins\mcufinder
2024-10-26 09:06:58,358 [INFO] DbMcusAds:125 - Set database path to: C:\Users\Asus\.stmcufinder\plugins\mcufinder//mcu/
2024-10-26 09:06:58,358 [WARN] DbFile:41 - Overriding database path with different value: C:\Users\Asus\.stmcufinder\plugins\mcufinder/ => C:\Users\Asus\.stmcufinder\plugins\mcufinder
2024-10-26 09:06:58,358 [WARN] DbFile:41 - Overriding database path with different value: C:\Users\Asus\.stmcufinder\plugins\mcufinder/ => C:\Users\Asus\.stmcufinder\plugins\mcufinder
2024-10-26 09:06:58,358 [INFO] CrossReferenceDbSqlite:203 - Set database path to: C:\Users\Asus\.stmcufinder\plugins\mcufinder//mcu/cs/
2024-10-26 09:06:58,594 [INFO] MainPanel:268 - HeapMemory: 268435456
2024-10-26 09:06:59,008 [INFO] DbMcusXml:78 - Set database path to: D:\ST\STM32CubeIDE_1.16.0\STM32CubeIDE\plugins\com.st.stm32cube.common.mx_6.12.0.202406281431\\db\/mcu/
2024-10-26 09:06:59,009 [INFO] ApiDb:274 - Set plugin database path to: D:\ST\STM32CubeIDE_1.16.0\STM32CubeIDE\plugins\com.st.stm32cube.common.mx_6.12.0.202406281431\\db\/plugins/boardmanager/
2024-10-26 09:06:59,009 [INFO] ApiDb:261 - Set plugin images path to: D:\ST\STM32CubeIDE_1.16.0\STM32CubeIDE\plugins\com.st.stm32cube.common.mx_6.12.0.202406281431\\db\/plugins/mcufinder/images/
2024-10-26 09:06:59,034 [WARN] DbFile:41 - Overriding database path with different value: C:\Users\Asus\.stmcufinder\plugins\mcufinder/ => C:\Users\Asus\.stmcufinder\plugins\mcufinder
2024-10-26 09:06:59,035 [INFO] ApiDb:250 - Set database path to: C:\Users\Asus\.stmcufinder\plugins\mcufinder//mcu/
2024-10-26 09:06:59,035 [WARN] DbFile:41 - Overriding database path with different value: C:\Users\Asus\.stmcufinder\plugins\mcufinder/ => C:\Users\Asus\.stmcufinder\plugins\mcufinder
2024-10-26 09:06:59,035 [INFO] DbMcusAds:125 - Set database path to: C:\Users\Asus\.stmcufinder\plugins\mcufinder//mcu/
2024-10-26 09:06:59,035 [WARN] DbFile:41 - Overriding database path with different value: C:\Users\Asus\.stmcufinder\plugins\mcufinder/ => C:\Users\Asus\.stmcufinder\plugins\mcufinder
2024-10-26 09:06:59,035 [WARN] DbFile:41 - Overriding database path with different value: C:\Users\Asus\.stmcufinder\plugins\mcufinder/ => C:\Users\Asus\.stmcufinder\plugins\mcufinder
2024-10-26 09:06:59,036 [INFO] CrossReferenceDbSqlite:203 - Set database path to: C:\Users\Asus\.stmcufinder\plugins\mcufinder//mcu/cs/
2024-10-26 09:06:59,074 [INFO] ApplicationProperties:184 - Using Application install path: D:\ST\STM32CubeIDE_1.16.0\STM32CubeIDE\plugins\com.st.stm32cube.common.mx_6.12.0.202406281431
2024-10-26 09:06:59,076 [INFO] PluginManage:196 - Search for loadable plugins [exclusion list=, ]
2024-10-26 09:06:59,080 [INFO] PluginManage:310 - Check plugin analytics
2024-10-26 09:07:09,037 [INFO] AnalyticsPlugin:253 - Accepted Software Licenses: 
2024-10-26 09:07:09,038 [INFO] AnalyticsPlugin:255 - Accepted CMSIS Pack Licenses: 
2024-10-26 09:07:09,038 [INFO] AnalyticsPlugin:257 - Accepted Firmware Licenses: 
2024-10-26 09:07:09,043 [INFO] PluginManage:359 - Loaded plugin analytics (category:tool,tabindex:-1)
2024-10-26 09:07:09,043 [INFO] PluginManage:310 - Check plugin cadmodel
2024-10-26 09:07:09,095 [INFO] CADModel:105 - Init CAD model plugin
2024-10-26 09:07:09,097 [INFO] PluginManage:359 - Loaded plugin cadmodel (category:power,tabindex:5)
2024-10-26 09:07:09,097 [INFO] PluginManage:310 - Check plugin clock
2024-10-26 09:07:09,125 [INFO] PluginManage:359 - Loaded plugin clock (category:base,tabindex:2)
2024-10-26 09:07:09,125 [INFO] PluginManage:310 - Check plugin ddr
2024-10-26 09:07:09,147 [INFO] PluginManage:359 - Loaded plugin ddr (category:tool,tabindex:6)
2024-10-26 09:07:09,147 [INFO] PluginManage:310 - Check plugin filemanager
2024-10-26 09:07:09,624 [INFO] PluginManage:359 - Loaded plugin filemanager (category:base,tabindex:10)
2024-10-26 09:07:09,624 [INFO] PluginManage:310 - Check plugin ipmanager
2024-10-26 09:07:09,656 [INFO] PluginManage:359 - Loaded plugin ipmanager (category:base,tabindex:5)
2024-10-26 09:07:09,656 [INFO] PluginManage:310 - Check plugin lpbam
2024-10-26 09:07:09,683 [INFO] PluginManage:359 - Loaded plugin lpbam (category:base,tabindex:0)
2024-10-26 09:07:09,683 [INFO] PluginManage:310 - Check plugin memorymap
2024-10-26 09:07:09,752 [INFO] PluginManage:359 - Loaded plugin memorymap (category:base,tabindex:4)
2024-10-26 09:07:09,753 [INFO] PluginManage:310 - Check plugin pinoutandconfiguration
2024-10-26 09:07:09,781 [INFO] PluginManage:359 - Loaded plugin pinoutandconfiguration (category:base,tabindex:1)
2024-10-26 09:07:09,781 [INFO] PluginManage:310 - Check plugin pinoutconfig
2024-10-26 09:07:10,049 [WARN] SupportedApi:132 - Cannot load RTOS API schema: s4s-elt-must-match.1: The content of 'definitions' must match (annotation?, (simpleType | complexType)?, (unique | key | keyref)*)). A problem was found starting at: attribute.
2024-10-26 09:07:10,392 [INFO] PluginManage:359 - Loaded plugin pinoutconfig (category:base,tabindex:0)
2024-10-26 09:07:10,396 [INFO] PluginManage:310 - Check plugin power
2024-10-26 09:07:10,483 [INFO] PluginManage:359 - Loaded plugin power (category:power,tabindex:4)
2024-10-26 09:07:10,483 [INFO] PluginManage:310 - Check plugin projectmanager
2024-10-26 09:07:10,547 [INFO] PluginManage:359 - Loaded plugin projectmanager (category:projectmanager,tabindex:4)
2024-10-26 09:07:10,548 [INFO] PluginManage:310 - Check plugin rif
2024-10-26 09:07:10,584 [INFO] PluginManage:359 - Loaded plugin rif (category:base,tabindex:3)
2024-10-26 09:07:10,584 [INFO] PluginManage:310 - Check plugin thirdparty
2024-10-26 09:07:11,262 [WARN] IntegrityCheckThread:84 - waiting for thirdparty lock release [integrity check]
2024-10-26 09:07:11,262 [INFO] PluginManage:359 - Loaded plugin thirdparty (category:base,tabindex:-1)
2024-10-26 09:07:11,262 [INFO] IntegrityCheckThread:86 - entering critical section [integrity check]
2024-10-26 09:07:11,262 [INFO] PluginManage:310 - Check plugin tools
2024-10-26 09:07:11,265 [INFO] ThirdPartyUpdaterWithRetryManager:70 - Updater plugin not ready yet. [1/15]
2024-10-26 09:07:11,371 [INFO] PluginManage:359 - Loaded plugin tools (category:base,tabindex:7)
2024-10-26 09:07:11,371 [INFO] PluginManage:310 - Check plugin tutovideos
2024-10-26 09:07:11,952 [INFO] PluginManage:359 - Loaded plugin tutovideos (category:base,tabindex:-1)
2024-10-26 09:07:11,952 [INFO] PluginManage:310 - Check plugin updater
2024-10-26 09:07:12,009 [INFO] PluginManage:359 - Loaded plugin updater (category:base,tabindex:12)
2024-10-26 09:07:12,010 [INFO] PluginManage:310 - Check plugin userauth
2024-10-26 09:07:12,057 [INFO] UserAuth:113 - Init User Auth plugin
2024-10-26 09:07:12,057 [INFO] PluginManage:359 - Loaded plugin userauth (category:base,tabindex:14)
2024-10-26 09:07:12,058 [INFO] PluginManage:283 - PluginManage : Loaded plugins [18]
2024-10-26 09:07:12,663 [INFO] PinOutPanel:1561 - setPackage(No Configuration,No Configuration)
2024-10-26 09:07:12,912 [INFO] CADModel:165 - CPN selected for project level
2024-10-26 09:07:12,912 [INFO] CADModel:114 - Register for checkConnection events
2024-10-26 09:07:13,051 [INFO] IPUIPlugin:80 - create IPUIPlugin
2024-10-26 09:07:13,051 [INFO] PluginManager:220 - loadIPPluginJar : add adc
2024-10-26 09:07:13,102 [INFO] IPUIPlugin:80 - create IPUIPlugin
2024-10-26 09:07:13,102 [INFO] PluginManager:220 - loadIPPluginJar : add aes
2024-10-26 09:07:13,203 [INFO] IPUIPlugin:80 - create IPUIPlugin
2024-10-26 09:07:13,204 [INFO] PluginManager:220 - loadIPPluginJar : add can
2024-10-26 09:07:13,270 [INFO] IPUIPlugin:80 - create IPUIPlugin
2024-10-26 09:07:13,270 [INFO] PluginManager:220 - loadIPPluginJar : add comp
2024-10-26 09:07:13,320 [INFO] IPUIPlugin:80 - create IPUIPlugin
2024-10-26 09:07:13,320 [INFO] PluginManager:220 - loadIPPluginJar : add cryp
2024-10-26 09:07:13,382 [INFO] IPUIPlugin:80 - create IPUIPlugin
2024-10-26 09:07:13,382 [INFO] PluginManager:220 - loadIPPluginJar : add ddr_ctrl_phy
2024-10-26 09:07:13,429 [INFO] IPUIPlugin:80 - create IPUIPlugin
2024-10-26 09:07:13,429 [INFO] PluginManager:220 - loadIPPluginJar : add dfsdm
2024-10-26 09:07:13,464 [INFO] IPUIPlugin:80 - create IPUIPlugin
2024-10-26 09:07:13,465 [INFO] PluginManager:220 - loadIPPluginJar : add dma
2024-10-26 09:07:13,528 [INFO] IPUIPlugin:80 - create IPUIPlugin
2024-10-26 09:07:13,528 [INFO] PluginManager:220 - loadIPPluginJar : add dma3
2024-10-26 09:07:13,648 [INFO] IPUIPlugin:80 - create IPUIPlugin
2024-10-26 09:07:13,649 [INFO] PluginManager:220 - loadIPPluginJar : add extmemmanager
2024-10-26 09:07:13,714 [INFO] IPUIPlugin:80 - create IPUIPlugin
2024-10-26 09:07:13,714 [INFO] PluginManager:220 - loadIPPluginJar : add fatfs
2024-10-26 09:07:13,799 [INFO] IPUIPlugin:80 - create IPUIPlugin
2024-10-26 09:07:13,799 [INFO] PluginManager:220 - loadIPPluginJar : add fmc
2024-10-26 09:07:13,851 [INFO] IPUIPlugin:80 - create IPUIPlugin
2024-10-26 09:07:13,851 [INFO] PluginManager:220 - loadIPPluginJar : add freertos
2024-10-26 09:07:13,894 [INFO] IPUIPlugin:80 - create IPUIPlugin
2024-10-26 09:07:13,894 [INFO] PluginManager:220 - loadIPPluginJar : add genericplugin
2024-10-26 09:07:14,061 [INFO] IPUIPlugin:80 - create IPUIPlugin
2024-10-26 09:07:14,061 [INFO] PluginManager:220 - loadIPPluginJar : add gfxmmu
2024-10-26 09:07:14,271 [INFO] ThirdPartyUpdaterWithRetryManager:70 - Updater plugin not ready yet. [2/15]
2024-10-26 09:07:14,302 [INFO] IPUIPlugin:80 - create IPUIPlugin
2024-10-26 09:07:14,302 [INFO] PluginManager:220 - loadIPPluginJar : add gic
2024-10-26 09:07:14,364 [INFO] IPUIPlugin:80 - create IPUIPlugin
2024-10-26 09:07:14,364 [INFO] PluginManager:220 - loadIPPluginJar : add gpio
2024-10-26 09:07:14,517 [INFO] IPUIPlugin:80 - create IPUIPlugin
2024-10-26 09:07:14,517 [INFO] PluginManager:220 - loadIPPluginJar : add gtzc
2024-10-26 09:07:14,576 [INFO] IPUIPlugin:80 - create IPUIPlugin
2024-10-26 09:07:14,576 [INFO] PluginManager:220 - loadIPPluginJar : add hash
2024-10-26 09:07:14,668 [INFO] IPUIPlugin:80 - create IPUIPlugin
2024-10-26 09:07:14,668 [INFO] PluginManager:220 - loadIPPluginJar : add i2c
2024-10-26 09:07:14,782 [INFO] IPUIPlugin:80 - create IPUIPlugin
2024-10-26 09:07:14,782 [INFO] PluginManager:220 - loadIPPluginJar : add i2s
2024-10-26 09:07:14,898 [INFO] IPUIPlugin:80 - create IPUIPlugin
2024-10-26 09:07:14,899 [INFO] PluginManager:220 - loadIPPluginJar : add i3c
2024-10-26 09:07:15,135 [INFO] IPUIPlugin:80 - create IPUIPlugin
2024-10-26 09:07:15,135 [INFO] PluginManager:220 - loadIPPluginJar : add ipddr
2024-10-26 09:07:15,401 [INFO] IPUIPlugin:80 - create IPUIPlugin
2024-10-26 09:07:15,401 [INFO] PluginManager:220 - loadIPPluginJar : add linkedlist
2024-10-26 09:07:15,464 [INFO] IPUIPlugin:80 - create IPUIPlugin
2024-10-26 09:07:15,464 [INFO] PluginManager:220 - loadIPPluginJar : add lorawan
2024-10-26 09:07:15,525 [INFO] IPUIPlugin:80 - create IPUIPlugin
2024-10-26 09:07:15,525 [INFO] PluginManager:220 - loadIPPluginJar : add ltdc
2024-10-26 09:07:15,566 [INFO] IPUIPlugin:80 - create IPUIPlugin
2024-10-26 09:07:15,566 [INFO] PluginManager:220 - loadIPPluginJar : add mdma
2024-10-26 09:07:15,591 [INFO] IPUIPlugin:80 - create IPUIPlugin
2024-10-26 09:07:15,592 [INFO] PluginManager:220 - loadIPPluginJar : add nvic
2024-10-26 09:07:15,659 [INFO] IPUIPlugin:80 - create IPUIPlugin
2024-10-26 09:07:15,660 [INFO] PluginManager:220 - loadIPPluginJar : add opamp
2024-10-26 09:07:15,826 [INFO] IPUIPlugin:80 - create IPUIPlugin
2024-10-26 09:07:15,827 [INFO] PluginManager:220 - loadIPPluginJar : add openamp
2024-10-26 09:07:15,933 [INFO] IPUIPlugin:80 - create IPUIPlugin
2024-10-26 09:07:15,933 [INFO] PluginManager:220 - loadIPPluginJar : add pdm2pcm
2024-10-26 09:07:16,001 [INFO] IPUIPlugin:80 - create IPUIPlugin
2024-10-26 09:07:16,005 [INFO] PluginManager:220 - loadIPPluginJar : add plateformsettings
2024-10-26 09:07:16,060 [INFO] IPUIPlugin:80 - create IPUIPlugin
2024-10-26 09:07:16,061 [INFO] PluginManager:220 - loadIPPluginJar : add quadspi
2024-10-26 09:07:16,128 [INFO] IPUIPlugin:80 - create IPUIPlugin
2024-10-26 09:07:16,129 [INFO] PluginManager:220 - loadIPPluginJar : add radio
2024-10-26 09:07:16,168 [INFO] IPUIPlugin:80 - create IPUIPlugin
2024-10-26 09:07:16,169 [INFO] PluginManager:220 - loadIPPluginJar : add resmgrutility
2024-10-26 09:07:16,283 [INFO] IPUIPlugin:80 - create IPUIPlugin
2024-10-26 09:07:16,283 [INFO] PluginManager:220 - loadIPPluginJar : add sai
2024-10-26 09:07:16,347 [INFO] IPUIPlugin:80 - create IPUIPlugin
2024-10-26 09:07:16,347 [INFO] PluginManager:220 - loadIPPluginJar : add spi
2024-10-26 09:07:16,470 [INFO] IPUIPlugin:80 - create IPUIPlugin
2024-10-26 09:07:16,470 [INFO] PluginManager:220 - loadIPPluginJar : add stm32_wpan
2024-10-26 09:07:16,515 [INFO] IPUIPlugin:80 - create IPUIPlugin
2024-10-26 09:07:16,515 [INFO] PluginManager:220 - loadIPPluginJar : add tim
2024-10-26 09:07:16,634 [INFO] IPUIPlugin:80 - create IPUIPlugin
2024-10-26 09:07:16,634 [INFO] PluginManager:220 - loadIPPluginJar : add touchsensing
2024-10-26 09:07:16,674 [INFO] IPUIPlugin:80 - create IPUIPlugin
2024-10-26 09:07:16,674 [INFO] PluginManager:220 - loadIPPluginJar : add tracer_emb
2024-10-26 09:07:16,707 [INFO] IPUIPlugin:80 - create IPUIPlugin
2024-10-26 09:07:16,707 [INFO] PluginManager:220 - loadIPPluginJar : add ts
2024-10-26 09:07:16,745 [INFO] IPUIPlugin:80 - create IPUIPlugin
2024-10-26 09:07:16,745 [INFO] PluginManager:220 - loadIPPluginJar : add tsc
2024-10-26 09:07:16,776 [INFO] IPUIPlugin:80 - create IPUIPlugin
2024-10-26 09:07:16,776 [INFO] PluginManager:220 - loadIPPluginJar : add ucpd
2024-10-26 09:07:16,841 [INFO] IPUIPlugin:80 - create IPUIPlugin
2024-10-26 09:07:16,841 [INFO] PluginManager:220 - loadIPPluginJar : add usart
2024-10-26 09:07:16,920 [INFO] IPUIPlugin:80 - create IPUIPlugin
2024-10-26 09:07:16,920 [INFO] PluginManager:220 - loadIPPluginJar : add usbx
2024-10-26 09:07:17,089 [INFO] CADModel:165 - CPN selected for project level
2024-10-26 09:07:17,090 [INFO] CADModel:114 - Register for checkConnection events
2024-10-26 09:07:17,090 [FATAL] Updater:334 - Updater called before beeing initialized
2024-10-26 09:07:17,090 [ERROR] CADModel:125 - Updater not yet initialized, retry later 
2024-10-26 09:07:17,274 [INFO] ThirdPartyUpdaterWithRetryManager:70 - Updater plugin not ready yet. [3/15]
2024-10-26 09:07:17,509 [INFO] CADModel:165 - CPN selected for project level
2024-10-26 09:07:17,509 [INFO] CADModel:114 - Register for checkConnection events
2024-10-26 09:07:17,509 [FATAL] Updater:334 - Updater called before beeing initialized
2024-10-26 09:07:17,509 [ERROR] CADModel:125 - Updater not yet initialized, retry later 
2024-10-26 09:07:17,518 [FATAL] Updater:334 - Updater called before beeing initialized
2024-10-26 09:07:17,738 [FATAL] Updater:334 - Updater called before beeing initialized
2024-10-26 09:07:17,766 [INFO] DbMcusAds:53 - JSON generation date=Fri Sep 20 20:04:23 ICT 2024 (1726837463113)
2024-10-26 09:07:17,766 [FATAL] Updater:334 - Updater called before beeing initialized
2024-10-26 09:07:17,976 [WARN] DetailPanel:346 - Failed to get advertising image, set to default
2024-10-26 09:07:18,114 [FATAL] Updater:334 - Updater called before beeing initialized
2024-10-26 09:07:18,116 [FATAL] Updater:334 - Updater called before beeing initialized
2024-10-26 09:07:18,117 [FATAL] Updater:334 - Updater called before beeing initialized
2024-10-26 09:07:18,117 [WARN] DetailPanel:346 - Failed to get advertising image, set to default
2024-10-26 09:07:18,118 [FATAL] Updater:334 - Updater called before beeing initialized
2024-10-26 09:07:18,278 [ERROR] Updater:1164 - MainUpdater not yet initialized. External WinMGr cannot be set.
2024-10-26 09:07:18,313 [INFO] Updater:1100 - Updater Version found : 6.12.0
2024-10-26 09:07:18,359 [INFO] ApplicationProperties:184 - Using Application install path: D:\ST\STM32CubeIDE_1.16.0\STM32CubeIDE\plugins\com.st.stm32cube.common.mx_6.12.0.202406281431
2024-10-26 09:07:20,061 [ERROR] LogOutputStream:75 - [STDERR_REDIRECT] Oct 26, 2024 9:07:20 AM java.util.prefs.WindowsPreferences <init>
2024-10-26 09:07:20,063 [ERROR] LogOutputStream:75 - [STDERR_REDIRECT] WARNING: Could not open/create prefs root node Software\JavaSoft\Prefs at root 0xffffffff80000002. Windows RegCreateKeyEx(...) returned error code 5.
2024-10-26 09:07:20,063 [ERROR] LogOutputStream:75 - [STDERR_REDIRECT] 
2024-10-26 09:07:20,289 [FATAL] Updater:334 - Updater called before beeing initialized
2024-10-26 09:07:20,291 [ERROR] IntegrityCheckThread:130 - Cannot retrieve database content from updater: error 21
2024-10-26 09:07:20,291 [INFO] ThirdParty:978 - Integrity check success = false
2024-10-26 09:07:20,291 [INFO] IntegrityCheckThread:100 - exiting critical section [integrity check]
2024-10-26 09:07:20,291 [INFO] IntegrityCheckThread:103 - End integrity checks thread
2024-10-26 09:07:20,856 [INFO] MainUpdater:2873 - connection check result : 10
2024-10-26 09:07:20,858 [INFO] MainUpdater:290 - Updater Check For Update Now.
2024-10-26 09:07:20,858 [INFO] MicroXplorer:498 - Change Database Version : DB.6.0.120
2024-10-26 09:07:20,902 [INFO] McuFinderGlobals:63 - Set McuFinder mode to 2 (CubeIDE integrated)
2024-10-26 09:07:20,904 [INFO] UserAuth:179 - activating auth plugin
2024-10-26 09:07:20,941 [INFO] UserAuth:417 - Internet connection configuration mode: 1
2024-10-26 09:07:21,070 [INFO] JxBrowserEngine:152 - Initiate JxBrowser Engine with user profile folder
2024-10-26 09:07:21,327 [INFO] CheckServerUpdateThread:120 - End of CheckServer Thread
2024-10-26 09:07:33,292 [INFO] WebApp:167 - Instantiating new browser for Auth
2024-10-26 09:07:34,713 [INFO] WebApp:448 - Apply proxy settings
2024-10-26 09:07:34,714 [INFO] WebApp:533 - Chromium requires no authentication
2024-10-26 09:07:34,743 [INFO] WebApp:476 - Direct internet connection detected
2024-10-26 09:07:34,807 [INFO] WebApp:869 - Register for checkConnection events
2024-10-26 09:07:34,807 [INFO] WebApp:448 - Apply proxy settings
2024-10-26 09:07:34,808 [INFO] WebApp:533 - Chromium requires no authentication
2024-10-26 09:07:34,809 [INFO] WebApp:476 - Direct internet connection detected
2024-10-26 09:07:35,138 [INFO] WebApp:186 - Connection restablished
2024-10-26 09:07:35,227 [INFO] WebApp:220 - Starting web application
2024-10-26 09:07:35,228 [INFO] WebApp:578 - Web application path used D:\ST\STM32CubeIDE_1.16.0\STM32CubeIDE\plugins\com.st.stm32cube.common.mx_6.12.0.202406281431\db\plugins\mcufinder\reactClient1\index.html
2024-10-26 15:41:22,516 [INFO] WebApp:189 - Connection lost
2024-10-26 15:41:23,414 [INFO] WebApp:186 - Connection restablished
2024-10-26 15:41:23,959 [INFO] WebApp:189 - Connection lost
2024-10-26 15:41:24,538 [INFO] WebApp:186 - Connection restablished
2024-10-26 15:41:27,375 [INFO] WebApp:189 - Connection lost
2024-10-26 15:41:27,633 [INFO] WebApp:186 - Connection restablished
2024-10-26 15:42:01,371 [INFO] WebApp:189 - Connection lost
2024-10-26 15:42:13,900 [INFO] WebApp:186 - Connection restablished
2024-10-26 15:42:16,186 [INFO] WebApp:189 - Connection lost
2024-10-26 15:42:16,366 [INFO] WebApp:186 - Connection restablished
2024-10-26 15:43:57,714 [INFO] WebApp:189 - Connection lost
2024-10-26 15:43:57,949 [INFO] WebApp:186 - Connection restablished
2024-10-26 15:44:01,205 [INFO] WebApp:189 - Connection lost
2024-10-26 15:44:01,423 [INFO] WebApp:186 - Connection restablished
