2024-09-25 09:48:06,586 [INFO] Activator:176 - 


2024-09-25 09:48:06,592 [INFO] Activator:177 - !SESSION log4j initialized
2024-09-25 09:48:22,629 [INFO] LogOutputStream:77 - [STDOUT_REDIRECT] 
2024-09-25 09:48:36,590 [INFO] ApplicationProperties:184 - Using Application install path: D:\ST\STM32CubeIDE_1.16.0\STM32CubeIDE\plugins\com.st.stm32cube.common.mx_6.12.0.202406281431
2024-09-25 09:48:36,704 [INFO] DbMcusXml:78 - Set database path to: D:\ST\STM32CubeIDE_1.16.0\STM32CubeIDE\plugins\com.st.stm32cube.common.mx_6.12.0.202406281431\\db\/mcu/
2024-09-25 09:48:36,705 [INFO] ApiDb:274 - Set plugin database path to: D:\ST\STM32CubeIDE_1.16.0\STM32CubeIDE\plugins\com.st.stm32cube.common.mx_6.12.0.202406281431\\db\/plugins/boardmanager/
2024-09-25 09:48:36,707 [WARN] ApiDb:259 - Overriding images path with different value:  => D:\ST\STM32CubeIDE_1.16.0\STM32CubeIDE\plugins\com.st.stm32cube.common.mx_6.12.0.202406281431\\db\/plugins/mcufinder/images/
2024-09-25 09:48:36,903 [INFO] ApiDb:250 - Set database path to: C:\Users\Asus\.stmcufinder\plugins\mcufinder//mcu/
2024-09-25 09:48:36,907 [INFO] DbMcusAds:125 - Set database path to: C:\Users\Asus\.stmcufinder\plugins\mcufinder//mcu/
2024-09-25 09:48:36,927 [INFO] CrossReferenceDbSqlite:203 - Set database path to: C:\Users\Asus\.stmcufinder\plugins\mcufinder//mcu/cs/
2024-09-25 09:48:37,348 [INFO] RulesReader:64 - Compatibility file has been processed (297 Rules)
2024-09-25 09:48:37,592 [INFO] DbMcusXml:78 - Set database path to: D:\ST\STM32CubeIDE_1.16.0\STM32CubeIDE\plugins\com.st.stm32cube.common.mx_6.12.0.202406281431\\db\/mcu/
2024-09-25 09:48:37,593 [INFO] ApiDb:274 - Set plugin database path to: D:\ST\STM32CubeIDE_1.16.0\STM32CubeIDE\plugins\com.st.stm32cube.common.mx_6.12.0.202406281431\\db\/plugins/boardmanager/
2024-09-25 09:48:37,593 [INFO] ApiDb:261 - Set plugin images path to: D:\ST\STM32CubeIDE_1.16.0\STM32CubeIDE\plugins\com.st.stm32cube.common.mx_6.12.0.202406281431\\db\/plugins/mcufinder/images/
2024-09-25 09:48:37,594 [WARN] DbFile:41 - Overriding database path with different value: C:\Users\Asus\.stmcufinder\plugins\mcufinder/ => C:\Users\Asus\.stmcufinder\plugins\mcufinder
2024-09-25 09:48:37,594 [INFO] ApiDb:250 - Set database path to: C:\Users\Asus\.stmcufinder\plugins\mcufinder//mcu/
2024-09-25 09:48:37,594 [WARN] DbFile:41 - Overriding database path with different value: C:\Users\Asus\.stmcufinder\plugins\mcufinder/ => C:\Users\Asus\.stmcufinder\plugins\mcufinder
2024-09-25 09:48:37,594 [INFO] DbMcusAds:125 - Set database path to: C:\Users\Asus\.stmcufinder\plugins\mcufinder//mcu/
2024-09-25 09:48:37,594 [WARN] DbFile:41 - Overriding database path with different value: C:\Users\Asus\.stmcufinder\plugins\mcufinder/ => C:\Users\Asus\.stmcufinder\plugins\mcufinder
2024-09-25 09:48:37,594 [WARN] DbFile:41 - Overriding database path with different value: C:\Users\Asus\.stmcufinder\plugins\mcufinder/ => C:\Users\Asus\.stmcufinder\plugins\mcufinder
2024-09-25 09:48:37,595 [INFO] CrossReferenceDbSqlite:203 - Set database path to: C:\Users\Asus\.stmcufinder\plugins\mcufinder//mcu/cs/
2024-09-25 09:48:37,837 [INFO] MainPanel:268 - HeapMemory: 268435456
2024-09-25 09:48:38,167 [INFO] DbMcusXml:78 - Set database path to: D:\ST\STM32CubeIDE_1.16.0\STM32CubeIDE\plugins\com.st.stm32cube.common.mx_6.12.0.202406281431\\db\/mcu/
2024-09-25 09:48:38,167 [INFO] ApiDb:274 - Set plugin database path to: D:\ST\STM32CubeIDE_1.16.0\STM32CubeIDE\plugins\com.st.stm32cube.common.mx_6.12.0.202406281431\\db\/plugins/boardmanager/
2024-09-25 09:48:38,167 [INFO] ApiDb:261 - Set plugin images path to: D:\ST\STM32CubeIDE_1.16.0\STM32CubeIDE\plugins\com.st.stm32cube.common.mx_6.12.0.202406281431\\db\/plugins/mcufinder/images/
2024-09-25 09:48:38,168 [WARN] DbFile:41 - Overriding database path with different value: C:\Users\Asus\.stmcufinder\plugins\mcufinder/ => C:\Users\Asus\.stmcufinder\plugins\mcufinder
2024-09-25 09:48:38,168 [INFO] ApiDb:250 - Set database path to: C:\Users\Asus\.stmcufinder\plugins\mcufinder//mcu/
2024-09-25 09:48:38,168 [WARN] DbFile:41 - Overriding database path with different value: C:\Users\Asus\.stmcufinder\plugins\mcufinder/ => C:\Users\Asus\.stmcufinder\plugins\mcufinder
2024-09-25 09:48:38,169 [INFO] DbMcusAds:125 - Set database path to: C:\Users\Asus\.stmcufinder\plugins\mcufinder//mcu/
2024-09-25 09:48:38,169 [WARN] DbFile:41 - Overriding database path with different value: C:\Users\Asus\.stmcufinder\plugins\mcufinder/ => C:\Users\Asus\.stmcufinder\plugins\mcufinder
2024-09-25 09:48:38,169 [WARN] DbFile:41 - Overriding database path with different value: C:\Users\Asus\.stmcufinder\plugins\mcufinder/ => C:\Users\Asus\.stmcufinder\plugins\mcufinder
2024-09-25 09:48:38,169 [INFO] CrossReferenceDbSqlite:203 - Set database path to: C:\Users\Asus\.stmcufinder\plugins\mcufinder//mcu/cs/
2024-09-25 09:48:38,204 [INFO] ApplicationProperties:184 - Using Application install path: D:\ST\STM32CubeIDE_1.16.0\STM32CubeIDE\plugins\com.st.stm32cube.common.mx_6.12.0.202406281431
2024-09-25 09:48:38,206 [INFO] PluginManage:196 - Search for loadable plugins [exclusion list=, ]
2024-09-25 09:48:38,208 [INFO] PluginManage:310 - Check plugin analytics
2024-09-25 09:48:48,091 [INFO] AnalyticsPlugin:253 - Accepted Software Licenses: 
2024-09-25 09:48:48,091 [INFO] AnalyticsPlugin:255 - Accepted CMSIS Pack Licenses: 
2024-09-25 09:48:48,092 [INFO] AnalyticsPlugin:257 - Accepted Firmware Licenses: 
2024-09-25 09:48:48,097 [INFO] PluginManage:359 - Loaded plugin analytics (category:tool,tabindex:-1)
2024-09-25 09:48:48,097 [INFO] PluginManage:310 - Check plugin cadmodel
2024-09-25 09:48:48,152 [INFO] CADModel:105 - Init CAD model plugin
2024-09-25 09:48:48,152 [INFO] PluginManage:359 - Loaded plugin cadmodel (category:power,tabindex:5)
2024-09-25 09:48:48,153 [INFO] PluginManage:310 - Check plugin clock
2024-09-25 09:48:48,192 [INFO] PluginManage:359 - Loaded plugin clock (category:base,tabindex:2)
2024-09-25 09:48:48,192 [INFO] PluginManage:310 - Check plugin ddr
2024-09-25 09:48:48,216 [INFO] PluginManage:359 - Loaded plugin ddr (category:tool,tabindex:6)
2024-09-25 09:48:48,216 [INFO] PluginManage:310 - Check plugin filemanager
2024-09-25 09:48:48,542 [INFO] PluginManage:359 - Loaded plugin filemanager (category:base,tabindex:10)
2024-09-25 09:48:48,542 [INFO] PluginManage:310 - Check plugin ipmanager
2024-09-25 09:48:48,553 [INFO] PluginManage:359 - Loaded plugin ipmanager (category:base,tabindex:5)
2024-09-25 09:48:48,553 [INFO] PluginManage:310 - Check plugin lpbam
2024-09-25 09:48:48,614 [INFO] PluginManage:359 - Loaded plugin lpbam (category:base,tabindex:0)
2024-09-25 09:48:48,614 [INFO] PluginManage:310 - Check plugin memorymap
2024-09-25 09:48:48,674 [INFO] PluginManage:359 - Loaded plugin memorymap (category:base,tabindex:4)
2024-09-25 09:48:48,674 [INFO] PluginManage:310 - Check plugin pinoutandconfiguration
2024-09-25 09:48:48,693 [INFO] PluginManage:359 - Loaded plugin pinoutandconfiguration (category:base,tabindex:1)
2024-09-25 09:48:48,693 [INFO] PluginManage:310 - Check plugin pinoutconfig
2024-09-25 09:48:48,871 [WARN] SupportedApi:132 - Cannot load RTOS API schema: s4s-elt-must-match.1: The content of 'definitions' must match (annotation?, (simpleType | complexType)?, (unique | key | keyref)*)). A problem was found starting at: attribute.
2024-09-25 09:48:49,198 [INFO] PluginManage:359 - Loaded plugin pinoutconfig (category:base,tabindex:0)
2024-09-25 09:48:49,198 [INFO] PluginManage:310 - Check plugin power
2024-09-25 09:48:49,301 [INFO] PluginManage:359 - Loaded plugin power (category:power,tabindex:4)
2024-09-25 09:48:49,301 [INFO] PluginManage:310 - Check plugin projectmanager
2024-09-25 09:48:49,346 [INFO] PluginManage:359 - Loaded plugin projectmanager (category:projectmanager,tabindex:4)
2024-09-25 09:48:49,346 [INFO] PluginManage:310 - Check plugin rif
2024-09-25 09:48:49,381 [INFO] PluginManage:359 - Loaded plugin rif (category:base,tabindex:3)
2024-09-25 09:48:49,381 [INFO] PluginManage:310 - Check plugin thirdparty
2024-09-25 09:48:49,972 [INFO] PluginManage:359 - Loaded plugin thirdparty (category:base,tabindex:-1)
2024-09-25 09:48:49,972 [WARN] IntegrityCheckThread:84 - waiting for thirdparty lock release [integrity check]
2024-09-25 09:48:49,972 [INFO] PluginManage:310 - Check plugin tools
2024-09-25 09:48:49,972 [INFO] IntegrityCheckThread:86 - entering critical section [integrity check]
2024-09-25 09:48:49,973 [INFO] ThirdPartyUpdaterWithRetryManager:70 - Updater plugin not ready yet. [1/15]
2024-09-25 09:48:50,030 [INFO] PluginManage:359 - Loaded plugin tools (category:base,tabindex:7)
2024-09-25 09:48:50,031 [INFO] PluginManage:310 - Check plugin tutovideos
2024-09-25 09:48:50,365 [INFO] PluginManage:359 - Loaded plugin tutovideos (category:base,tabindex:-1)
2024-09-25 09:48:50,365 [INFO] PluginManage:310 - Check plugin updater
2024-09-25 09:48:50,423 [INFO] PluginManage:359 - Loaded plugin updater (category:base,tabindex:12)
2024-09-25 09:48:50,423 [INFO] PluginManage:310 - Check plugin userauth
2024-09-25 09:48:50,466 [INFO] UserAuth:113 - Init User Auth plugin
2024-09-25 09:48:50,467 [INFO] PluginManage:359 - Loaded plugin userauth (category:base,tabindex:14)
2024-09-25 09:48:50,467 [INFO] PluginManage:283 - PluginManage : Loaded plugins [18]
2024-09-25 09:48:50,951 [INFO] PinOutPanel:1561 - setPackage(No Configuration,No Configuration)
2024-09-25 09:48:51,129 [INFO] CADModel:165 - CPN selected for project level
2024-09-25 09:48:51,129 [INFO] CADModel:114 - Register for checkConnection events
2024-09-25 09:48:51,238 [INFO] IPUIPlugin:80 - create IPUIPlugin
2024-09-25 09:48:51,238 [INFO] PluginManager:220 - loadIPPluginJar : add adc
2024-09-25 09:48:51,298 [INFO] IPUIPlugin:80 - create IPUIPlugin
2024-09-25 09:48:51,299 [INFO] PluginManager:220 - loadIPPluginJar : add aes
2024-09-25 09:48:51,375 [INFO] IPUIPlugin:80 - create IPUIPlugin
2024-09-25 09:48:51,375 [INFO] PluginManager:220 - loadIPPluginJar : add can
2024-09-25 09:48:51,433 [INFO] IPUIPlugin:80 - create IPUIPlugin
2024-09-25 09:48:51,433 [INFO] PluginManager:220 - loadIPPluginJar : add comp
2024-09-25 09:48:51,490 [INFO] IPUIPlugin:80 - create IPUIPlugin
2024-09-25 09:48:51,491 [INFO] PluginManager:220 - loadIPPluginJar : add cryp
2024-09-25 09:48:51,544 [INFO] IPUIPlugin:80 - create IPUIPlugin
2024-09-25 09:48:51,544 [INFO] PluginManager:220 - loadIPPluginJar : add ddr_ctrl_phy
2024-09-25 09:48:51,582 [INFO] IPUIPlugin:80 - create IPUIPlugin
2024-09-25 09:48:51,582 [INFO] PluginManager:220 - loadIPPluginJar : add dfsdm
2024-09-25 09:48:51,615 [INFO] IPUIPlugin:80 - create IPUIPlugin
2024-09-25 09:48:51,615 [INFO] PluginManager:220 - loadIPPluginJar : add dma
2024-09-25 09:48:51,673 [INFO] IPUIPlugin:80 - create IPUIPlugin
2024-09-25 09:48:51,673 [INFO] PluginManager:220 - loadIPPluginJar : add dma3
2024-09-25 09:48:51,746 [INFO] IPUIPlugin:80 - create IPUIPlugin
2024-09-25 09:48:51,746 [INFO] PluginManager:220 - loadIPPluginJar : add extmemmanager
2024-09-25 09:48:51,788 [INFO] IPUIPlugin:80 - create IPUIPlugin
2024-09-25 09:48:51,788 [INFO] PluginManager:220 - loadIPPluginJar : add fatfs
2024-09-25 09:48:51,850 [INFO] IPUIPlugin:80 - create IPUIPlugin
2024-09-25 09:48:51,850 [INFO] PluginManager:220 - loadIPPluginJar : add fmc
2024-09-25 09:48:51,889 [INFO] IPUIPlugin:80 - create IPUIPlugin
2024-09-25 09:48:51,890 [INFO] PluginManager:220 - loadIPPluginJar : add freertos
2024-09-25 09:48:51,933 [INFO] IPUIPlugin:80 - create IPUIPlugin
2024-09-25 09:48:51,933 [INFO] PluginManager:220 - loadIPPluginJar : add genericplugin
2024-09-25 09:48:52,042 [INFO] IPUIPlugin:80 - create IPUIPlugin
2024-09-25 09:48:52,042 [INFO] PluginManager:220 - loadIPPluginJar : add gfxmmu
2024-09-25 09:48:52,306 [INFO] IPUIPlugin:80 - create IPUIPlugin
2024-09-25 09:48:52,306 [INFO] PluginManager:220 - loadIPPluginJar : add gic
2024-09-25 09:48:52,380 [INFO] IPUIPlugin:80 - create IPUIPlugin
2024-09-25 09:48:52,380 [INFO] PluginManager:220 - loadIPPluginJar : add gpio
2024-09-25 09:48:52,493 [INFO] IPUIPlugin:80 - create IPUIPlugin
2024-09-25 09:48:52,494 [INFO] PluginManager:220 - loadIPPluginJar : add gtzc
2024-09-25 09:48:52,563 [INFO] IPUIPlugin:80 - create IPUIPlugin
2024-09-25 09:48:52,563 [INFO] PluginManager:220 - loadIPPluginJar : add hash
2024-09-25 09:48:52,621 [INFO] IPUIPlugin:80 - create IPUIPlugin
2024-09-25 09:48:52,621 [INFO] PluginManager:220 - loadIPPluginJar : add i2c
2024-09-25 09:48:52,701 [INFO] IPUIPlugin:80 - create IPUIPlugin
2024-09-25 09:48:52,701 [INFO] PluginManager:220 - loadIPPluginJar : add i2s
2024-09-25 09:48:52,757 [INFO] IPUIPlugin:80 - create IPUIPlugin
2024-09-25 09:48:52,757 [INFO] PluginManager:220 - loadIPPluginJar : add i3c
2024-09-25 09:48:52,897 [INFO] IPUIPlugin:80 - create IPUIPlugin
2024-09-25 09:48:52,898 [INFO] PluginManager:220 - loadIPPluginJar : add ipddr
2024-09-25 09:48:52,980 [INFO] ThirdPartyUpdaterWithRetryManager:70 - Updater plugin not ready yet. [2/15]
2024-09-25 09:48:53,068 [INFO] IPUIPlugin:80 - create IPUIPlugin
2024-09-25 09:48:53,069 [INFO] PluginManager:220 - loadIPPluginJar : add linkedlist
2024-09-25 09:48:53,142 [INFO] IPUIPlugin:80 - create IPUIPlugin
2024-09-25 09:48:53,142 [INFO] PluginManager:220 - loadIPPluginJar : add lorawan
2024-09-25 09:48:53,211 [INFO] IPUIPlugin:80 - create IPUIPlugin
2024-09-25 09:48:53,211 [INFO] PluginManager:220 - loadIPPluginJar : add ltdc
2024-09-25 09:48:53,251 [INFO] IPUIPlugin:80 - create IPUIPlugin
2024-09-25 09:48:53,251 [INFO] PluginManager:220 - loadIPPluginJar : add mdma
2024-09-25 09:48:53,278 [INFO] IPUIPlugin:80 - create IPUIPlugin
2024-09-25 09:48:53,278 [INFO] PluginManager:220 - loadIPPluginJar : add nvic
2024-09-25 09:48:53,327 [INFO] IPUIPlugin:80 - create IPUIPlugin
2024-09-25 09:48:53,327 [INFO] PluginManager:220 - loadIPPluginJar : add opamp
2024-09-25 09:48:53,427 [INFO] IPUIPlugin:80 - create IPUIPlugin
2024-09-25 09:48:53,427 [INFO] PluginManager:220 - loadIPPluginJar : add openamp
2024-09-25 09:48:53,480 [INFO] IPUIPlugin:80 - create IPUIPlugin
2024-09-25 09:48:53,480 [INFO] PluginManager:220 - loadIPPluginJar : add pdm2pcm
2024-09-25 09:48:53,510 [INFO] IPUIPlugin:80 - create IPUIPlugin
2024-09-25 09:48:53,513 [INFO] PluginManager:220 - loadIPPluginJar : add plateformsettings
2024-09-25 09:48:53,554 [INFO] IPUIPlugin:80 - create IPUIPlugin
2024-09-25 09:48:53,555 [INFO] PluginManager:220 - loadIPPluginJar : add quadspi
2024-09-25 09:48:53,588 [INFO] IPUIPlugin:80 - create IPUIPlugin
2024-09-25 09:48:53,589 [INFO] PluginManager:220 - loadIPPluginJar : add radio
2024-09-25 09:48:53,613 [INFO] IPUIPlugin:80 - create IPUIPlugin
2024-09-25 09:48:53,613 [INFO] PluginManager:220 - loadIPPluginJar : add resmgrutility
2024-09-25 09:48:53,679 [INFO] IPUIPlugin:80 - create IPUIPlugin
2024-09-25 09:48:53,679 [INFO] PluginManager:220 - loadIPPluginJar : add sai
2024-09-25 09:48:53,727 [INFO] IPUIPlugin:80 - create IPUIPlugin
2024-09-25 09:48:53,727 [INFO] PluginManager:220 - loadIPPluginJar : add spi
2024-09-25 09:48:53,848 [INFO] IPUIPlugin:80 - create IPUIPlugin
2024-09-25 09:48:53,850 [INFO] PluginManager:220 - loadIPPluginJar : add stm32_wpan
2024-09-25 09:48:53,888 [INFO] IPUIPlugin:80 - create IPUIPlugin
2024-09-25 09:48:53,888 [INFO] PluginManager:220 - loadIPPluginJar : add tim
2024-09-25 09:48:54,014 [INFO] IPUIPlugin:80 - create IPUIPlugin
2024-09-25 09:48:54,015 [INFO] PluginManager:220 - loadIPPluginJar : add touchsensing
2024-09-25 09:48:54,058 [INFO] IPUIPlugin:80 - create IPUIPlugin
2024-09-25 09:48:54,059 [INFO] PluginManager:220 - loadIPPluginJar : add tracer_emb
2024-09-25 09:48:54,087 [INFO] IPUIPlugin:80 - create IPUIPlugin
2024-09-25 09:48:54,087 [INFO] PluginManager:220 - loadIPPluginJar : add ts
2024-09-25 09:48:54,121 [INFO] IPUIPlugin:80 - create IPUIPlugin
2024-09-25 09:48:54,121 [INFO] PluginManager:220 - loadIPPluginJar : add tsc
2024-09-25 09:48:54,147 [INFO] IPUIPlugin:80 - create IPUIPlugin
2024-09-25 09:48:54,147 [INFO] PluginManager:220 - loadIPPluginJar : add ucpd
2024-09-25 09:48:54,213 [INFO] IPUIPlugin:80 - create IPUIPlugin
2024-09-25 09:48:54,213 [INFO] PluginManager:220 - loadIPPluginJar : add usart
2024-09-25 09:48:54,281 [INFO] IPUIPlugin:80 - create IPUIPlugin
2024-09-25 09:48:54,293 [INFO] PluginManager:220 - loadIPPluginJar : add usbx
2024-09-25 09:48:54,456 [INFO] CADModel:165 - CPN selected for project level
2024-09-25 09:48:54,457 [INFO] CADModel:114 - Register for checkConnection events
2024-09-25 09:48:54,457 [FATAL] Updater:334 - Updater called before beeing initialized
2024-09-25 09:48:54,458 [ERROR] CADModel:125 - Updater not yet initialized, retry later 
2024-09-25 09:48:54,765 [INFO] CADModel:165 - CPN selected for project level
2024-09-25 09:48:54,766 [INFO] CADModel:114 - Register for checkConnection events
2024-09-25 09:48:54,766 [FATAL] Updater:334 - Updater called before beeing initialized
2024-09-25 09:48:54,766 [ERROR] CADModel:125 - Updater not yet initialized, retry later 
2024-09-25 09:48:54,770 [FATAL] Updater:334 - Updater called before beeing initialized
2024-09-25 09:48:54,903 [FATAL] Updater:334 - Updater called before beeing initialized
2024-09-25 09:48:54,915 [INFO] DbMcusAds:53 - JSON generation date=Fri Sep 20 20:04:23 ICT 2024 (1726837463113)
2024-09-25 09:48:54,915 [FATAL] Updater:334 - Updater called before beeing initialized
2024-09-25 09:48:55,114 [WARN] DetailPanel:346 - Failed to get advertising image, set to default
2024-09-25 09:48:55,206 [FATAL] Updater:334 - Updater called before beeing initialized
2024-09-25 09:48:55,209 [FATAL] Updater:334 - Updater called before beeing initialized
2024-09-25 09:48:55,209 [FATAL] Updater:334 - Updater called before beeing initialized
2024-09-25 09:48:55,210 [WARN] DetailPanel:346 - Failed to get advertising image, set to default
2024-09-25 09:48:55,210 [FATAL] Updater:334 - Updater called before beeing initialized
2024-09-25 09:48:55,371 [ERROR] Updater:1164 - MainUpdater not yet initialized. External WinMGr cannot be set.
2024-09-25 09:48:55,409 [INFO] Updater:1100 - Updater Version found : 6.12.0
2024-09-25 09:48:55,439 [INFO] ApplicationProperties:184 - Using Application install path: D:\ST\STM32CubeIDE_1.16.0\STM32CubeIDE\plugins\com.st.stm32cube.common.mx_6.12.0.202406281431
2024-09-25 09:48:55,986 [INFO] ThirdPartyUpdaterWithRetryManager:70 - Updater plugin not ready yet. [3/15]
2024-09-25 09:48:57,095 [ERROR] LogOutputStream:75 - [STDERR_REDIRECT] Sep 25, 2024 9:48:57 AM java.util.prefs.WindowsPreferences <init>
2024-09-25 09:48:57,097 [ERROR] LogOutputStream:75 - [STDERR_REDIRECT] WARNING: Could not open/create prefs root node Software\JavaSoft\Prefs at root 0xffffffff80000002. Windows RegCreateKeyEx(...) returned error code 5.
2024-09-25 09:48:57,097 [ERROR] LogOutputStream:75 - [STDERR_REDIRECT] 
2024-09-25 09:48:57,729 [INFO] MainUpdater:2873 - connection check result : 10
2024-09-25 09:48:57,730 [INFO] MainUpdater:290 - Updater Check For Update Now.
2024-09-25 09:48:57,730 [INFO] MicroXplorer:498 - Change Database Version : DB.6.0.120
2024-09-25 09:48:57,779 [INFO] McuFinderGlobals:63 - Set McuFinder mode to 2 (CubeIDE integrated)
2024-09-25 09:48:57,780 [INFO] UserAuth:179 - activating auth plugin
2024-09-25 09:48:57,805 [INFO] UserAuth:417 - Internet connection configuration mode: 1
2024-09-25 09:48:57,958 [INFO] JxBrowserEngine:152 - Initiate JxBrowser Engine with user profile folder
2024-09-25 09:48:58,085 [INFO] CheckServerUpdateThread:120 - End of CheckServer Thread
2024-09-25 09:48:59,277 [WARN] PackLoader:240 - Cannot read IP mode file for STMicroelectronics.FP-SNS-MOTENVWB1.1.4.0
2024-09-25 09:48:59,299 [WARN] PackLoader:240 - Cannot read IP mode file for STMicroelectronics.X-CUBE-SMBUS.2.1.0
2024-09-25 09:48:59,346 [WARN] PackLoader:240 - Cannot read IP mode file for STMicroelectronics.X-CUBE-AZRTOS-F7.1.1.0
2024-09-25 09:48:59,457 [WARN] PackLoader:240 - Cannot read IP mode file for STMicroelectronics.X-CUBE-MEMS1.11.0.0
2024-09-25 09:48:59,663 [WARN] PackLoader:240 - Cannot read IP mode file for STMicroelectronics.FP-SNS-FLIGHT1.5.0.2
2024-09-25 09:48:59,680 [WARN] PackLoader:240 - Cannot read IP mode file for STMicroelectronics.X-CUBE-DISPLAY.3.0.0
2024-09-25 09:48:59,702 [WARN] PackLoader:240 - Cannot read IP mode file for STMicroelectronics.X-CUBE-BLE1.7.0.0
2024-09-25 09:48:59,718 [WARN] PackLoader:240 - Cannot read IP mode file for emotas.I-CUBE-CANOPEN.1.3.0
2024-09-25 09:48:59,738 [WARN] PackLoader:240 - Cannot read IP mode file for STMicroelectronics.X-CUBE-BLEMGR.3.1.0
2024-09-25 09:48:59,757 [WARN] PackLoader:240 - Cannot read IP mode file for STMicroelectronics.FP-SNS-SMARTAG2.1.2.0
2024-09-25 09:48:59,783 [INFO] LogOutputStream:77 - [STDOUT_REDIRECT] 1 : Invalid condition id : UX_CORESTACK_Condition cause : null
2024-09-25 09:48:59,784 [INFO] LogOutputStream:77 - [STDOUT_REDIRECT] 1 : Invalid condition id : UX_CORESTACK_Condition cause : null
2024-09-25 09:48:59,785 [INFO] LogOutputStream:77 - [STDOUT_REDIRECT] 1 : Invalid condition id : UX_CORESTACK_Condition cause : null
2024-09-25 09:48:59,787 [INFO] LogOutputStream:77 - [STDOUT_REDIRECT] 1 : Invalid condition id : UX_CORESTACK_Condition cause : null
2024-09-25 09:48:59,788 [INFO] LogOutputStream:77 - [STDOUT_REDIRECT] 1 : Invalid condition id : UX_CORESTACK_Condition cause : null
2024-09-25 09:48:59,792 [WARN] PackLoader:240 - Cannot read IP mode file for STMicroelectronics.X-CUBE-AZRTOS-WL.2.0.0
2024-09-25 09:48:59,807 [WARN] PackLoader:240 - Cannot read IP mode file for STMicroelectronics.FP-SNS-MOTENV1.5.0.0
2024-09-25 09:48:59,822 [WARN] PackLoader:240 - Cannot read IP mode file for wolfSSL.I-CUBE-wolfMQTT.1.19.0
2024-09-25 09:48:59,840 [WARN] PackLoader:240 - Cannot read IP mode file for WES.I-CUBE-Cesium.1.3.0
2024-09-25 09:48:59,859 [WARN] PackLoader:240 - Cannot read IP mode file for STMicroelectronics.X-CUBE-BLE2.3.3.0
2024-09-25 09:48:59,877 [WARN] PackLoader:240 - Cannot read IP mode file for STMicroelectronics.X-CUBE-TCPP.4.1.0
2024-09-25 09:48:59,913 [WARN] PackLoader:240 - Cannot read IP mode file for STMicroelectronics.X-CUBE-AZRTOS-G0.1.1.0
2024-09-25 09:48:59,939 [WARN] PackLoader:240 - Cannot read IP mode file for STMicroelectronics.X-CUBE-SAFEA1.1.2.2
2024-09-25 09:48:59,958 [WARN] PackLoader:240 - Cannot read IP mode file for STMicroelectronics.X-CUBE-NFC4.3.0.0
2024-09-25 09:48:59,981 [WARN] PackLoader:240 - Cannot read IP mode file for EmbeddedOffice.I-CUBE-FS-RTOS.1.0.1
2024-09-25 09:48:59,983 [ERROR] ConditionMgr:805 - Attr not supported : Dmpu
2024-09-25 09:48:59,983 [ERROR] ConditionMgr:805 - Attr not supported : Dmpu
2024-09-25 09:48:59,983 [ERROR] ConditionMgr:805 - Attr not supported : Dmpu
2024-09-25 09:48:59,983 [ERROR] ConditionMgr:805 - Attr not supported : Dmpu
2024-09-25 09:48:59,983 [ERROR] ConditionMgr:805 - Attr not supported : Dmpu
2024-09-25 09:48:59,983 [ERROR] ConditionMgr:805 - Attr not supported : Dmpu
2024-09-25 09:48:59,983 [ERROR] ConditionMgr:805 - Attr not supported : Dmpu
2024-09-25 09:48:59,983 [ERROR] ConditionMgr:805 - Attr not supported : Dmpu
2024-09-25 09:48:59,983 [ERROR] ConditionMgr:805 - Attr not supported : Dmpu
2024-09-25 09:48:59,984 [ERROR] ConditionMgr:805 - Attr not supported : Dmpu
2024-09-25 09:48:59,984 [ERROR] ConditionMgr:805 - Attr not supported : Dmpu
2024-09-25 09:48:59,984 [ERROR] ConditionMgr:805 - Attr not supported : Dmpu
2024-09-25 09:48:59,985 [ERROR] ConditionMgr:805 - Attr not supported : Dmpu
2024-09-25 09:48:59,986 [ERROR] ConditionMgr:805 - Attr not supported : Dmpu
2024-09-25 09:48:59,987 [ERROR] ConditionMgr:805 - Attr not supported : Dmpu
2024-09-25 09:48:59,987 [ERROR] ConditionMgr:805 - Attr not supported : Dmpu
2024-09-25 09:48:59,987 [ERROR] ConditionMgr:805 - Attr not supported : Dmpu
2024-09-25 09:48:59,987 [ERROR] ConditionMgr:805 - Attr not supported : Dmpu
2024-09-25 09:48:59,987 [ERROR] ConditionMgr:805 - Attr not supported : Dmpu
2024-09-25 09:48:59,987 [ERROR] ConditionMgr:805 - Attr not supported : Dmpu
2024-09-25 09:48:59,987 [ERROR] ConditionMgr:805 - Attr not supported : Dmpu
2024-09-25 09:48:59,987 [ERROR] ConditionMgr:805 - Attr not supported : Dmpu
2024-09-25 09:48:59,987 [ERROR] ConditionMgr:805 - Attr not supported : Dmpu
2024-09-25 09:48:59,987 [ERROR] ConditionMgr:805 - Attr not supported : Dmpu
2024-09-25 09:48:59,988 [ERROR] ConditionMgr:805 - Attr not supported : Dmpu
2024-09-25 09:48:59,988 [ERROR] ConditionMgr:805 - Attr not supported : Dmpu
2024-09-25 09:48:59,988 [ERROR] ConditionMgr:805 - Attr not supported : Dmpu
2024-09-25 09:48:59,988 [ERROR] ConditionMgr:805 - Attr not supported : Dmpu
2024-09-25 09:48:59,988 [ERROR] ConditionMgr:805 - Attr not supported : Dmpu
2024-09-25 09:48:59,988 [ERROR] ConditionMgr:805 - Attr not supported : Dmpu
2024-09-25 09:48:59,988 [ERROR] ConditionMgr:805 - Attr not supported : Dmpu
2024-09-25 09:48:59,988 [ERROR] ConditionMgr:805 - Attr not supported : Dmpu
2024-09-25 09:48:59,988 [ERROR] ConditionMgr:805 - Attr not supported : Dmpu
2024-09-25 09:48:59,988 [ERROR] ConditionMgr:805 - Attr not supported : Dmpu
2024-09-25 09:48:59,989 [ERROR] ConditionMgr:805 - Attr not supported : Dmpu
2024-09-25 09:48:59,989 [ERROR] ConditionMgr:805 - Attr not supported : Dmpu
2024-09-25 09:48:59,989 [ERROR] ConditionMgr:805 - Attr not supported : Dmpu
2024-09-25 09:48:59,989 [ERROR] ConditionMgr:805 - Attr not supported : Dmpu
2024-09-25 09:48:59,989 [ERROR] ConditionMgr:805 - Attr not supported : Dmpu
2024-09-25 09:48:59,989 [ERROR] ConditionMgr:805 - Attr not supported : Dmpu
2024-09-25 09:48:59,989 [ERROR] ConditionMgr:805 - Attr not supported : Dmpu
2024-09-25 09:48:59,989 [ERROR] ConditionMgr:805 - Attr not supported : Dmpu
2024-09-25 09:48:59,990 [ERROR] ConditionMgr:805 - Attr not supported : Dmpu
2024-09-25 09:48:59,990 [ERROR] ConditionMgr:805 - Attr not supported : Dmpu
2024-09-25 09:48:59,990 [ERROR] ConditionMgr:805 - Attr not supported : Dmpu
2024-09-25 09:48:59,990 [ERROR] ConditionMgr:805 - Attr not supported : Dmpu
2024-09-25 09:48:59,990 [ERROR] ConditionMgr:805 - Attr not supported : Dmpu
2024-09-25 09:48:59,990 [ERROR] ConditionMgr:805 - Attr not supported : Dmpu
2024-09-25 09:48:59,990 [ERROR] ConditionMgr:805 - Attr not supported : Dmpu
2024-09-25 09:48:59,990 [ERROR] ConditionMgr:805 - Attr not supported : Dmpu
2024-09-25 09:48:59,990 [ERROR] ConditionMgr:805 - Attr not supported : Dmpu
2024-09-25 09:48:59,990 [ERROR] ConditionMgr:805 - Attr not supported : Dmpu
2024-09-25 09:48:59,991 [ERROR] ConditionMgr:805 - Attr not supported : Dmpu
2024-09-25 09:48:59,991 [ERROR] ConditionMgr:805 - Attr not supported : Dmpu
2024-09-25 09:48:59,991 [ERROR] ConditionMgr:805 - Attr not supported : Dmpu
2024-09-25 09:48:59,991 [ERROR] ConditionMgr:805 - Attr not supported : Dmpu
2024-09-25 09:48:59,991 [ERROR] ConditionMgr:805 - Attr not supported : Dmpu
2024-09-25 09:48:59,991 [ERROR] ConditionMgr:805 - Attr not supported : Dmpu
2024-09-25 09:48:59,991 [ERROR] ConditionMgr:805 - Attr not supported : Dmpu
2024-09-25 09:48:59,991 [ERROR] ConditionMgr:805 - Attr not supported : Dmpu
2024-09-25 09:48:59,991 [ERROR] ConditionMgr:805 - Attr not supported : Dmpu
2024-09-25 09:48:59,991 [ERROR] ConditionMgr:805 - Attr not supported : Dmpu
2024-09-25 09:48:59,991 [ERROR] ConditionMgr:805 - Attr not supported : Dmpu
2024-09-25 09:48:59,992 [ERROR] ConditionMgr:805 - Attr not supported : Dmpu
2024-09-25 09:49:00,010 [WARN] PackLoader:240 - Cannot read IP mode file for RealThread.X-CUBE-RT-Thread_Nano.4.1.1
2024-09-25 09:49:00,037 [WARN] PackLoader:240 - Cannot read IP mode file for STMicroelectronics.FP-ATR-SIGFOX1.3.2.0
2024-09-25 09:49:00,057 [WARN] PackLoader:240 - Cannot read IP mode file for wolfSSL.I-CUBE-wolfSSL.5.7.2
2024-09-25 09:49:00,081 [WARN] PackLoader:240 - Cannot read IP mode file for STMicroelectronics.X-CUBE-EEPRMA1.5.1.0
2024-09-25 09:49:00,122 [WARN] PackLoader:240 - Cannot read IP mode file for ITTIA_DB.I-CUBE-ITTIADB.8.9.0
2024-09-25 09:49:00,212 [WARN] PackLoader:240 - Cannot read IP mode file for SEGGER.I-CUBE-embOS.1.3.1
2024-09-25 09:49:00,379 [WARN] PackLoader:240 - Cannot read IP mode file for STMicroelectronics.X-CUBE-ALGOBUILD.1.4.0
2024-09-25 09:49:00,407 [WARN] PackLoader:240 - Cannot read IP mode file for STMicroelectronics.X-CUBE-GNSS1.6.0.0
2024-09-25 09:49:00,466 [WARN] PackLoader:240 - Cannot read IP mode file for STMicroelectronics.X-CUBE-AZRTOS-F4.1.1.0
2024-09-25 09:49:00,488 [WARN] PackLoader:240 - Cannot read IP mode file for STMicroelectronics.X-CUBE-ISPU.2.1.0
2024-09-25 09:49:00,507 [WARN] PackLoader:240 - Cannot read IP mode file for STMicroelectronics.X-CUBE-FREERTOS.1.2.0
2024-09-25 09:49:00,557 [WARN] PackLoader:240 - Cannot read IP mode file for STMicroelectronics.X-CUBE-AZRTOS-L5.2.0.0
2024-09-25 09:49:00,583 [WARN] PackLoader:240 - Cannot read IP mode file for STMicroelectronics.X-CUBE-NFC6.3.1.0
2024-09-25 09:49:00,610 [WARN] PackLoader:240 - Cannot read IP mode file for STMicroelectronics.X-CUBE-DPower.1.2.0
2024-09-25 09:49:00,628 [WARN] PackLoader:240 - Cannot read IP mode file for STMicroelectronics.X-CUBE-AI.9.0.0
2024-09-25 09:49:00,646 [WARN] PackLoader:240 - Cannot read IP mode file for STMicroelectronics.X-CUBE-NFC7.1.0.1
2024-09-25 09:49:00,663 [WARN] PackLoader:240 - Cannot read IP mode file for wolfSSL.I-CUBE-wolfTPM.3.2.0
2024-09-25 09:49:00,705 [WARN] ConditionMgr:438 - getConditionDescription Invalid condition id : LAN8742 Phy interface Condition cause : null
2024-09-25 09:49:00,706 [WARN] PackLoader:240 - Cannot read IP mode file for STMicroelectronics.X-CUBE-AZRTOS-L4.2.0.0
2024-09-25 09:49:00,707 [WARN] ConditionMgr:1039 - genDependencies : Invalid condition id : LAN8742 Phy interface Condition cause : null
2024-09-25 09:49:00,708 [WARN] ConditionMgr:1039 - genDependencies : Invalid condition id : LAN8742 Phy interface Condition cause : null
2024-09-25 09:49:00,708 [WARN] ConditionMgr:1039 - genDependencies : Invalid condition id : LAN8742 Phy interface Condition cause : null
2024-09-25 09:49:00,728 [WARN] PackLoader:240 - Cannot read IP mode file for STMicroelectronics.X-CUBE-SFXS2LP1.4.0.0
2024-09-25 09:49:00,783 [WARN] PackLoader:240 - Cannot read IP mode file for STMicroelectronics.X-CUBE-AZRTOS-H7.3.3.0
2024-09-25 09:49:00,825 [WARN] ConditionMgr:438 - getConditionDescription Invalid condition id : UX DEVICE CLASS RTOS Condition cause : null
2024-09-25 09:49:00,826 [WARN] ConditionMgr:438 - getConditionDescription Invalid condition id : UX DEVICE CLASS RTOS Condition cause : null
2024-09-25 09:49:00,829 [WARN] PackLoader:240 - Cannot read IP mode file for STMicroelectronics.X-CUBE-AZRTOS-WB.2.0.0
2024-09-25 09:49:00,830 [WARN] ConditionMgr:1039 - genDependencies : Invalid condition id : UX DEVICE CLASS RTOS Condition cause : null
2024-09-25 09:49:00,830 [WARN] ConditionMgr:1039 - genDependencies : Invalid condition id : UX DEVICE CLASS RTOS Condition cause : null
2024-09-25 09:49:00,831 [WARN] ConditionMgr:1039 - genDependencies : Invalid condition id : UX DEVICE CLASS RTOS Condition cause : null
2024-09-25 09:49:00,831 [WARN] ConditionMgr:1039 - genDependencies : Invalid condition id : UX DEVICE CLASS RTOS Condition cause : null
2024-09-25 09:49:00,831 [WARN] ConditionMgr:1039 - genDependencies : Invalid condition id : UX DEVICE CLASS RTOS Condition cause : null
2024-09-25 09:49:00,850 [WARN] PackLoader:240 - Cannot read IP mode file for STMicroelectronics.X-CUBE-GNSS1.7.0.0
2024-09-25 09:49:00,870 [WARN] PackLoader:240 - Cannot read IP mode file for STMicroelectronics.FP-SNS-STBOX1.2.0.0
2024-09-25 09:49:00,897 [WARN] PackLoader:240 - Cannot read IP mode file for STMicroelectronics.X-CUBE-SUBG2.5.0.0
2024-09-25 09:49:00,916 [WARN] PackLoader:240 - Cannot read IP mode file for Cesanta.I-CUBE-Mongoose.7.13.0
2024-09-25 09:49:00,944 [WARN] PackLoader:240 - Cannot read IP mode file for STMicroelectronics.X-CUBE-AZRTOS-G4.2.0.0
2024-09-25 09:49:00,962 [WARN] PackLoader:240 - Cannot read IP mode file for STMicroelectronics.X-CUBE-ISPU.2.0.0
2024-09-25 09:49:00,975 [WARN] PackLoader:240 - Cannot read IP mode file for STMicroelectronics.X-CUBE-ALS.1.0.2
2024-09-25 09:49:01,028 [WARN] PackLoader:240 - Cannot read IP mode file for STMicroelectronics.X-CUBE-MEMS1.10.0.0
2024-09-25 09:49:01,184 [WARN] PackLoader:240 - Cannot read IP mode file for STMicroelectronics.X-CUBE-TOUCHGFX.4.24.0
2024-09-25 09:49:01,208 [WARN] PackLoader:240 - Cannot read IP mode file for portGmbH.I-Cube-SoM-uGOAL.1.1.0
2024-09-25 09:49:01,279 [WARN] PackLoader:240 - Cannot read IP mode file for STMicroelectronics.X-CUBE-AZRTOS-H7RS.1.0.0
2024-09-25 09:49:01,317 [WARN] PackLoader:240 - Cannot read IP mode file for STMicroelectronics.FP-ATR-ASTRA1.2.0.0
2024-09-25 09:49:01,350 [WARN] PackLoader:240 - Cannot read IP mode file for STMicroelectronics.X-CUBE-TOF1.3.4.2
2024-09-25 09:49:01,416 [WARN] PackLoader:240 - Cannot read IP mode file for STMicroelectronics.X-CUBE-AZRTOS-H7.3.2.0
2024-09-25 09:49:01,441 [WARN] PackLoader:240 - Cannot read IP mode file for Infineon.AIROC-Wi-Fi-Bluetooth-STM32.1.6.0
2024-09-25 09:49:01,459 [WARN] PackLoader:240 - Cannot read IP mode file for wolfSSL.I-CUBE-wolfSSH.1.4.17
2024-09-25 09:49:01,459 [INFO] ThirdParty:978 - Integrity check success = true
2024-09-25 09:49:01,459 [INFO] IntegrityCheckThread:100 - exiting critical section [integrity check]
2024-09-25 09:49:01,459 [INFO] IntegrityCheckThread:103 - End integrity checks thread
2024-09-25 09:49:03,916 [INFO] WebApp:167 - Instantiating new browser for Auth
2024-09-25 09:49:05,243 [INFO] WebApp:448 - Apply proxy settings
2024-09-25 09:49:05,243 [INFO] WebApp:533 - Chromium requires no authentication
2024-09-25 09:49:05,273 [INFO] WebApp:476 - Direct internet connection detected
2024-09-25 09:49:05,354 [INFO] WebApp:869 - Register for checkConnection events
2024-09-25 09:49:05,355 [INFO] WebApp:448 - Apply proxy settings
2024-09-25 09:49:05,355 [INFO] WebApp:533 - Chromium requires no authentication
2024-09-25 09:49:05,356 [INFO] WebApp:476 - Direct internet connection detected
2024-09-25 09:49:05,634 [INFO] WebApp:220 - Starting web application
2024-09-25 09:49:05,634 [INFO] WebApp:578 - Web application path used D:\ST\STM32CubeIDE_1.16.0\STM32CubeIDE\plugins\com.st.stm32cube.common.mx_6.12.0.202406281431\db\plugins\mcufinder\reactClient1\index.html
2024-09-25 09:49:05,865 [INFO] WebApp:186 - Connection restablished
