2024-10-18 08:53:04,305 [INFO] Activator:176 - 


2024-10-18 08:53:04,331 [INFO] Activator:177 - !SESSION log4j initialized
2024-10-18 08:53:21,995 [INFO] LogOutputStream:77 - [STDOUT_REDIRECT] 
2024-10-18 08:53:36,358 [INFO] ApplicationProperties:184 - Using Application install path: D:\ST\STM32CubeIDE_1.16.0\STM32CubeIDE\plugins\com.st.stm32cube.common.mx_6.12.0.202406281431
2024-10-18 08:53:36,430 [INFO] DbMcusXml:78 - Set database path to: D:\ST\STM32CubeIDE_1.16.0\STM32CubeIDE\plugins\com.st.stm32cube.common.mx_6.12.0.202406281431\\db\/mcu/
2024-10-18 08:53:36,430 [INFO] ApiDb:274 - Set plugin database path to: D:\ST\STM32CubeIDE_1.16.0\STM32CubeIDE\plugins\com.st.stm32cube.common.mx_6.12.0.202406281431\\db\/plugins/boardmanager/
2024-10-18 08:53:36,431 [WARN] ApiDb:259 - Overriding images path with different value:  => D:\ST\STM32CubeIDE_1.16.0\STM32CubeIDE\plugins\com.st.stm32cube.common.mx_6.12.0.202406281431\\db\/plugins/mcufinder/images/
2024-10-18 08:53:36,634 [INFO] ApiDb:250 - Set database path to: C:\Users\Asus\.stmcufinder\plugins\mcufinder//mcu/
2024-10-18 08:53:36,637 [INFO] DbMcusAds:125 - Set database path to: C:\Users\Asus\.stmcufinder\plugins\mcufinder//mcu/
2024-10-18 08:53:36,649 [INFO] CrossReferenceDbSqlite:203 - Set database path to: C:\Users\Asus\.stmcufinder\plugins\mcufinder//mcu/cs/
2024-10-18 08:53:36,971 [INFO] RulesReader:64 - Compatibility file has been processed (297 Rules)
2024-10-18 08:53:37,231 [INFO] DbMcusXml:78 - Set database path to: D:\ST\STM32CubeIDE_1.16.0\STM32CubeIDE\plugins\com.st.stm32cube.common.mx_6.12.0.202406281431\\db\/mcu/
2024-10-18 08:53:37,232 [INFO] ApiDb:274 - Set plugin database path to: D:\ST\STM32CubeIDE_1.16.0\STM32CubeIDE\plugins\com.st.stm32cube.common.mx_6.12.0.202406281431\\db\/plugins/boardmanager/
2024-10-18 08:53:37,232 [INFO] ApiDb:261 - Set plugin images path to: D:\ST\STM32CubeIDE_1.16.0\STM32CubeIDE\plugins\com.st.stm32cube.common.mx_6.12.0.202406281431\\db\/plugins/mcufinder/images/
2024-10-18 08:53:37,232 [WARN] DbFile:41 - Overriding database path with different value: C:\Users\Asus\.stmcufinder\plugins\mcufinder/ => C:\Users\Asus\.stmcufinder\plugins\mcufinder
2024-10-18 08:53:37,232 [INFO] ApiDb:250 - Set database path to: C:\Users\Asus\.stmcufinder\plugins\mcufinder//mcu/
2024-10-18 08:53:37,232 [WARN] DbFile:41 - Overriding database path with different value: C:\Users\Asus\.stmcufinder\plugins\mcufinder/ => C:\Users\Asus\.stmcufinder\plugins\mcufinder
2024-10-18 08:53:37,232 [INFO] DbMcusAds:125 - Set database path to: C:\Users\Asus\.stmcufinder\plugins\mcufinder//mcu/
2024-10-18 08:53:37,232 [WARN] DbFile:41 - Overriding database path with different value: C:\Users\Asus\.stmcufinder\plugins\mcufinder/ => C:\Users\Asus\.stmcufinder\plugins\mcufinder
2024-10-18 08:53:37,232 [WARN] DbFile:41 - Overriding database path with different value: C:\Users\Asus\.stmcufinder\plugins\mcufinder/ => C:\Users\Asus\.stmcufinder\plugins\mcufinder
2024-10-18 08:53:37,232 [INFO] CrossReferenceDbSqlite:203 - Set database path to: C:\Users\Asus\.stmcufinder\plugins\mcufinder//mcu/cs/
2024-10-18 08:53:37,434 [INFO] MainPanel:268 - HeapMemory: 268435456
2024-10-18 08:53:37,710 [INFO] DbMcusXml:78 - Set database path to: D:\ST\STM32CubeIDE_1.16.0\STM32CubeIDE\plugins\com.st.stm32cube.common.mx_6.12.0.202406281431\\db\/mcu/
2024-10-18 08:53:37,710 [INFO] ApiDb:274 - Set plugin database path to: D:\ST\STM32CubeIDE_1.16.0\STM32CubeIDE\plugins\com.st.stm32cube.common.mx_6.12.0.202406281431\\db\/plugins/boardmanager/
2024-10-18 08:53:37,710 [INFO] ApiDb:261 - Set plugin images path to: D:\ST\STM32CubeIDE_1.16.0\STM32CubeIDE\plugins\com.st.stm32cube.common.mx_6.12.0.202406281431\\db\/plugins/mcufinder/images/
2024-10-18 08:53:37,711 [WARN] DbFile:41 - Overriding database path with different value: C:\Users\Asus\.stmcufinder\plugins\mcufinder/ => C:\Users\Asus\.stmcufinder\plugins\mcufinder
2024-10-18 08:53:37,712 [INFO] ApiDb:250 - Set database path to: C:\Users\Asus\.stmcufinder\plugins\mcufinder//mcu/
2024-10-18 08:53:37,712 [WARN] DbFile:41 - Overriding database path with different value: C:\Users\Asus\.stmcufinder\plugins\mcufinder/ => C:\Users\Asus\.stmcufinder\plugins\mcufinder
2024-10-18 08:53:37,712 [INFO] DbMcusAds:125 - Set database path to: C:\Users\Asus\.stmcufinder\plugins\mcufinder//mcu/
2024-10-18 08:53:37,713 [WARN] DbFile:41 - Overriding database path with different value: C:\Users\Asus\.stmcufinder\plugins\mcufinder/ => C:\Users\Asus\.stmcufinder\plugins\mcufinder
2024-10-18 08:53:37,713 [WARN] DbFile:41 - Overriding database path with different value: C:\Users\Asus\.stmcufinder\plugins\mcufinder/ => C:\Users\Asus\.stmcufinder\plugins\mcufinder
2024-10-18 08:53:37,713 [INFO] CrossReferenceDbSqlite:203 - Set database path to: C:\Users\Asus\.stmcufinder\plugins\mcufinder//mcu/cs/
2024-10-18 08:53:37,772 [INFO] ApplicationProperties:184 - Using Application install path: D:\ST\STM32CubeIDE_1.16.0\STM32CubeIDE\plugins\com.st.stm32cube.common.mx_6.12.0.202406281431
2024-10-18 08:53:37,776 [INFO] PluginManage:196 - Search for loadable plugins [exclusion list=, ]
2024-10-18 08:53:37,778 [INFO] PluginManage:310 - Check plugin analytics
2024-10-18 08:53:47,701 [INFO] AnalyticsPlugin:253 - Accepted Software Licenses: 
2024-10-18 08:53:47,701 [INFO] AnalyticsPlugin:255 - Accepted CMSIS Pack Licenses: 
2024-10-18 08:53:47,701 [INFO] AnalyticsPlugin:257 - Accepted Firmware Licenses: 
2024-10-18 08:53:47,704 [INFO] PluginManage:359 - Loaded plugin analytics (category:tool,tabindex:-1)
2024-10-18 08:53:47,704 [INFO] PluginManage:310 - Check plugin cadmodel
2024-10-18 08:53:47,782 [INFO] CADModel:105 - Init CAD model plugin
2024-10-18 08:53:47,783 [INFO] PluginManage:359 - Loaded plugin cadmodel (category:power,tabindex:5)
2024-10-18 08:53:47,783 [INFO] PluginManage:310 - Check plugin clock
2024-10-18 08:53:47,838 [INFO] PluginManage:359 - Loaded plugin clock (category:base,tabindex:2)
2024-10-18 08:53:47,838 [INFO] PluginManage:310 - Check plugin ddr
2024-10-18 08:53:47,867 [INFO] PluginManage:359 - Loaded plugin ddr (category:tool,tabindex:6)
2024-10-18 08:53:47,867 [INFO] PluginManage:310 - Check plugin filemanager
2024-10-18 08:53:48,295 [INFO] PluginManage:359 - Loaded plugin filemanager (category:base,tabindex:10)
2024-10-18 08:53:48,295 [INFO] PluginManage:310 - Check plugin ipmanager
2024-10-18 08:53:48,312 [INFO] PluginManage:359 - Loaded plugin ipmanager (category:base,tabindex:5)
2024-10-18 08:53:48,312 [INFO] PluginManage:310 - Check plugin lpbam
2024-10-18 08:53:48,358 [INFO] PluginManage:359 - Loaded plugin lpbam (category:base,tabindex:0)
2024-10-18 08:53:48,358 [INFO] PluginManage:310 - Check plugin memorymap
2024-10-18 08:53:48,437 [INFO] PluginManage:359 - Loaded plugin memorymap (category:base,tabindex:4)
2024-10-18 08:53:48,438 [INFO] PluginManage:310 - Check plugin pinoutandconfiguration
2024-10-18 08:53:48,462 [INFO] PluginManage:359 - Loaded plugin pinoutandconfiguration (category:base,tabindex:1)
2024-10-18 08:53:48,462 [INFO] PluginManage:310 - Check plugin pinoutconfig
2024-10-18 08:53:48,625 [WARN] SupportedApi:132 - Cannot load RTOS API schema: s4s-elt-must-match.1: The content of 'definitions' must match (annotation?, (simpleType | complexType)?, (unique | key | keyref)*)). A problem was found starting at: attribute.
2024-10-18 08:53:49,091 [INFO] PluginManage:359 - Loaded plugin pinoutconfig (category:base,tabindex:0)
2024-10-18 08:53:49,091 [INFO] PluginManage:310 - Check plugin power
2024-10-18 08:53:49,184 [INFO] PluginManage:359 - Loaded plugin power (category:power,tabindex:4)
2024-10-18 08:53:49,184 [INFO] PluginManage:310 - Check plugin projectmanager
2024-10-18 08:53:49,225 [INFO] PluginManage:359 - Loaded plugin projectmanager (category:projectmanager,tabindex:4)
2024-10-18 08:53:49,225 [INFO] PluginManage:310 - Check plugin rif
2024-10-18 08:53:49,253 [INFO] PluginManage:359 - Loaded plugin rif (category:base,tabindex:3)
2024-10-18 08:53:49,254 [INFO] PluginManage:310 - Check plugin thirdparty
2024-10-18 08:53:50,019 [INFO] PluginManage:359 - Loaded plugin thirdparty (category:base,tabindex:-1)
2024-10-18 08:53:50,019 [WARN] IntegrityCheckThread:84 - waiting for thirdparty lock release [integrity check]
2024-10-18 08:53:50,038 [INFO] PluginManage:310 - Check plugin tools
2024-10-18 08:53:50,038 [INFO] IntegrityCheckThread:86 - entering critical section [integrity check]
2024-10-18 08:53:50,038 [INFO] ThirdPartyUpdaterWithRetryManager:70 - Updater plugin not ready yet. [1/15]
2024-10-18 08:53:50,100 [INFO] PluginManage:359 - Loaded plugin tools (category:base,tabindex:7)
2024-10-18 08:53:50,100 [INFO] PluginManage:310 - Check plugin tutovideos
2024-10-18 08:53:50,539 [INFO] PluginManage:359 - Loaded plugin tutovideos (category:base,tabindex:-1)
2024-10-18 08:53:50,540 [INFO] PluginManage:310 - Check plugin updater
2024-10-18 08:53:50,585 [INFO] PluginManage:359 - Loaded plugin updater (category:base,tabindex:12)
2024-10-18 08:53:50,585 [INFO] PluginManage:310 - Check plugin userauth
2024-10-18 08:53:50,615 [INFO] UserAuth:113 - Init User Auth plugin
2024-10-18 08:53:50,615 [INFO] PluginManage:359 - Loaded plugin userauth (category:base,tabindex:14)
2024-10-18 08:53:50,616 [INFO] PluginManage:283 - PluginManage : Loaded plugins [18]
2024-10-18 08:53:51,198 [INFO] PinOutPanel:1561 - setPackage(No Configuration,No Configuration)
2024-10-18 08:53:51,340 [INFO] CADModel:165 - CPN selected for project level
2024-10-18 08:53:51,340 [INFO] CADModel:114 - Register for checkConnection events
2024-10-18 08:53:51,425 [INFO] IPUIPlugin:80 - create IPUIPlugin
2024-10-18 08:53:51,426 [INFO] PluginManager:220 - loadIPPluginJar : add adc
2024-10-18 08:53:51,485 [INFO] IPUIPlugin:80 - create IPUIPlugin
2024-10-18 08:53:51,486 [INFO] PluginManager:220 - loadIPPluginJar : add aes
2024-10-18 08:53:51,564 [INFO] IPUIPlugin:80 - create IPUIPlugin
2024-10-18 08:53:51,564 [INFO] PluginManager:220 - loadIPPluginJar : add can
2024-10-18 08:53:51,620 [INFO] IPUIPlugin:80 - create IPUIPlugin
2024-10-18 08:53:51,620 [INFO] PluginManager:220 - loadIPPluginJar : add comp
2024-10-18 08:53:51,687 [INFO] IPUIPlugin:80 - create IPUIPlugin
2024-10-18 08:53:51,687 [INFO] PluginManager:220 - loadIPPluginJar : add cryp
2024-10-18 08:53:51,740 [INFO] IPUIPlugin:80 - create IPUIPlugin
2024-10-18 08:53:51,741 [INFO] PluginManager:220 - loadIPPluginJar : add ddr_ctrl_phy
2024-10-18 08:53:51,784 [INFO] IPUIPlugin:80 - create IPUIPlugin
2024-10-18 08:53:51,784 [INFO] PluginManager:220 - loadIPPluginJar : add dfsdm
2024-10-18 08:53:51,835 [INFO] IPUIPlugin:80 - create IPUIPlugin
2024-10-18 08:53:51,836 [INFO] PluginManager:220 - loadIPPluginJar : add dma
2024-10-18 08:53:51,887 [INFO] IPUIPlugin:80 - create IPUIPlugin
2024-10-18 08:53:51,887 [INFO] PluginManager:220 - loadIPPluginJar : add dma3
2024-10-18 08:53:51,958 [INFO] IPUIPlugin:80 - create IPUIPlugin
2024-10-18 08:53:51,958 [INFO] PluginManager:220 - loadIPPluginJar : add extmemmanager
2024-10-18 08:53:52,003 [INFO] IPUIPlugin:80 - create IPUIPlugin
2024-10-18 08:53:52,003 [INFO] PluginManager:220 - loadIPPluginJar : add fatfs
2024-10-18 08:53:52,059 [INFO] IPUIPlugin:80 - create IPUIPlugin
2024-10-18 08:53:52,059 [INFO] PluginManager:220 - loadIPPluginJar : add fmc
2024-10-18 08:53:52,098 [INFO] IPUIPlugin:80 - create IPUIPlugin
2024-10-18 08:53:52,098 [INFO] PluginManager:220 - loadIPPluginJar : add freertos
2024-10-18 08:53:52,139 [INFO] IPUIPlugin:80 - create IPUIPlugin
2024-10-18 08:53:52,139 [INFO] PluginManager:220 - loadIPPluginJar : add genericplugin
2024-10-18 08:53:52,246 [INFO] IPUIPlugin:80 - create IPUIPlugin
2024-10-18 08:53:52,246 [INFO] PluginManager:220 - loadIPPluginJar : add gfxmmu
2024-10-18 08:53:52,424 [INFO] IPUIPlugin:80 - create IPUIPlugin
2024-10-18 08:53:52,424 [INFO] PluginManager:220 - loadIPPluginJar : add gic
2024-10-18 08:53:52,478 [INFO] IPUIPlugin:80 - create IPUIPlugin
2024-10-18 08:53:52,478 [INFO] PluginManager:220 - loadIPPluginJar : add gpio
2024-10-18 08:53:52,639 [INFO] IPUIPlugin:80 - create IPUIPlugin
2024-10-18 08:53:52,639 [INFO] PluginManager:220 - loadIPPluginJar : add gtzc
2024-10-18 08:53:52,701 [INFO] IPUIPlugin:80 - create IPUIPlugin
2024-10-18 08:53:52,702 [INFO] PluginManager:220 - loadIPPluginJar : add hash
2024-10-18 08:53:52,791 [INFO] IPUIPlugin:80 - create IPUIPlugin
2024-10-18 08:53:52,791 [INFO] PluginManager:220 - loadIPPluginJar : add i2c
2024-10-18 08:53:52,846 [INFO] IPUIPlugin:80 - create IPUIPlugin
2024-10-18 08:53:52,846 [INFO] PluginManager:220 - loadIPPluginJar : add i2s
2024-10-18 08:53:52,897 [INFO] IPUIPlugin:80 - create IPUIPlugin
2024-10-18 08:53:52,897 [INFO] PluginManager:220 - loadIPPluginJar : add i3c
2024-10-18 08:53:53,040 [INFO] ThirdPartyUpdaterWithRetryManager:70 - Updater plugin not ready yet. [2/15]
2024-10-18 08:53:53,056 [INFO] IPUIPlugin:80 - create IPUIPlugin
2024-10-18 08:53:53,056 [INFO] PluginManager:220 - loadIPPluginJar : add ipddr
2024-10-18 08:53:53,206 [INFO] IPUIPlugin:80 - create IPUIPlugin
2024-10-18 08:53:53,207 [INFO] PluginManager:220 - loadIPPluginJar : add linkedlist
2024-10-18 08:53:53,271 [INFO] IPUIPlugin:80 - create IPUIPlugin
2024-10-18 08:53:53,271 [INFO] PluginManager:220 - loadIPPluginJar : add lorawan
2024-10-18 08:53:53,338 [INFO] IPUIPlugin:80 - create IPUIPlugin
2024-10-18 08:53:53,339 [INFO] PluginManager:220 - loadIPPluginJar : add ltdc
2024-10-18 08:53:53,374 [INFO] IPUIPlugin:80 - create IPUIPlugin
2024-10-18 08:53:53,374 [INFO] PluginManager:220 - loadIPPluginJar : add mdma
2024-10-18 08:53:53,391 [INFO] IPUIPlugin:80 - create IPUIPlugin
2024-10-18 08:53:53,391 [INFO] PluginManager:220 - loadIPPluginJar : add nvic
2024-10-18 08:53:53,434 [INFO] IPUIPlugin:80 - create IPUIPlugin
2024-10-18 08:53:53,434 [INFO] PluginManager:220 - loadIPPluginJar : add opamp
2024-10-18 08:53:53,509 [INFO] IPUIPlugin:80 - create IPUIPlugin
2024-10-18 08:53:53,509 [INFO] PluginManager:220 - loadIPPluginJar : add openamp
2024-10-18 08:53:53,558 [INFO] IPUIPlugin:80 - create IPUIPlugin
2024-10-18 08:53:53,558 [INFO] PluginManager:220 - loadIPPluginJar : add pdm2pcm
2024-10-18 08:53:53,585 [INFO] IPUIPlugin:80 - create IPUIPlugin
2024-10-18 08:53:53,587 [INFO] PluginManager:220 - loadIPPluginJar : add plateformsettings
2024-10-18 08:53:53,635 [INFO] IPUIPlugin:80 - create IPUIPlugin
2024-10-18 08:53:53,635 [INFO] PluginManager:220 - loadIPPluginJar : add quadspi
2024-10-18 08:53:53,667 [INFO] IPUIPlugin:80 - create IPUIPlugin
2024-10-18 08:53:53,668 [INFO] PluginManager:220 - loadIPPluginJar : add radio
2024-10-18 08:53:53,704 [INFO] IPUIPlugin:80 - create IPUIPlugin
2024-10-18 08:53:53,704 [INFO] PluginManager:220 - loadIPPluginJar : add resmgrutility
2024-10-18 08:53:53,788 [INFO] IPUIPlugin:80 - create IPUIPlugin
2024-10-18 08:53:53,788 [INFO] PluginManager:220 - loadIPPluginJar : add sai
2024-10-18 08:53:53,843 [INFO] IPUIPlugin:80 - create IPUIPlugin
2024-10-18 08:53:53,843 [INFO] PluginManager:220 - loadIPPluginJar : add spi
2024-10-18 08:53:53,955 [INFO] IPUIPlugin:80 - create IPUIPlugin
2024-10-18 08:53:53,955 [INFO] PluginManager:220 - loadIPPluginJar : add stm32_wpan
2024-10-18 08:53:54,104 [INFO] IPUIPlugin:80 - create IPUIPlugin
2024-10-18 08:53:54,104 [INFO] PluginManager:220 - loadIPPluginJar : add tim
2024-10-18 08:53:54,197 [INFO] IPUIPlugin:80 - create IPUIPlugin
2024-10-18 08:53:54,197 [INFO] PluginManager:220 - loadIPPluginJar : add touchsensing
2024-10-18 08:53:54,240 [INFO] IPUIPlugin:80 - create IPUIPlugin
2024-10-18 08:53:54,240 [INFO] PluginManager:220 - loadIPPluginJar : add tracer_emb
2024-10-18 08:53:54,266 [INFO] IPUIPlugin:80 - create IPUIPlugin
2024-10-18 08:53:54,266 [INFO] PluginManager:220 - loadIPPluginJar : add ts
2024-10-18 08:53:54,293 [INFO] IPUIPlugin:80 - create IPUIPlugin
2024-10-18 08:53:54,293 [INFO] PluginManager:220 - loadIPPluginJar : add tsc
2024-10-18 08:53:54,330 [INFO] IPUIPlugin:80 - create IPUIPlugin
2024-10-18 08:53:54,331 [INFO] PluginManager:220 - loadIPPluginJar : add ucpd
2024-10-18 08:53:54,385 [INFO] IPUIPlugin:80 - create IPUIPlugin
2024-10-18 08:53:54,385 [INFO] PluginManager:220 - loadIPPluginJar : add usart
2024-10-18 08:53:54,432 [INFO] IPUIPlugin:80 - create IPUIPlugin
2024-10-18 08:53:54,446 [INFO] PluginManager:220 - loadIPPluginJar : add usbx
2024-10-18 08:53:54,605 [INFO] CADModel:165 - CPN selected for project level
2024-10-18 08:53:54,605 [INFO] CADModel:114 - Register for checkConnection events
2024-10-18 08:53:54,606 [FATAL] Updater:334 - Updater called before beeing initialized
2024-10-18 08:53:54,606 [ERROR] CADModel:125 - Updater not yet initialized, retry later 
2024-10-18 08:53:54,928 [INFO] CADModel:165 - CPN selected for project level
2024-10-18 08:53:54,928 [INFO] CADModel:114 - Register for checkConnection events
2024-10-18 08:53:54,928 [FATAL] Updater:334 - Updater called before beeing initialized
2024-10-18 08:53:54,928 [ERROR] CADModel:125 - Updater not yet initialized, retry later 
2024-10-18 08:53:54,932 [FATAL] Updater:334 - Updater called before beeing initialized
2024-10-18 08:53:55,101 [FATAL] Updater:334 - Updater called before beeing initialized
2024-10-18 08:53:55,128 [INFO] DbMcusAds:53 - JSON generation date=Fri Sep 20 20:04:23 ICT 2024 (1726837463113)
2024-10-18 08:53:55,128 [FATAL] Updater:334 - Updater called before beeing initialized
2024-10-18 08:53:55,369 [WARN] DetailPanel:346 - Failed to get advertising image, set to default
2024-10-18 08:53:55,503 [FATAL] Updater:334 - Updater called before beeing initialized
2024-10-18 08:53:55,506 [FATAL] Updater:334 - Updater called before beeing initialized
2024-10-18 08:53:55,506 [FATAL] Updater:334 - Updater called before beeing initialized
2024-10-18 08:53:55,506 [WARN] DetailPanel:346 - Failed to get advertising image, set to default
2024-10-18 08:53:55,506 [FATAL] Updater:334 - Updater called before beeing initialized
2024-10-18 08:53:55,694 [ERROR] Updater:1164 - MainUpdater not yet initialized. External WinMGr cannot be set.
2024-10-18 08:53:55,736 [INFO] Updater:1100 - Updater Version found : 6.12.0
2024-10-18 08:53:55,815 [INFO] ApplicationProperties:184 - Using Application install path: D:\ST\STM32CubeIDE_1.16.0\STM32CubeIDE\plugins\com.st.stm32cube.common.mx_6.12.0.202406281431
2024-10-18 08:53:56,041 [INFO] ThirdPartyUpdaterWithRetryManager:70 - Updater plugin not ready yet. [3/15]
2024-10-18 08:53:57,469 [ERROR] LogOutputStream:75 - [STDERR_REDIRECT] Oct 18, 2024 8:53:57 AM java.util.prefs.WindowsPreferences <init>
2024-10-18 08:53:57,472 [ERROR] LogOutputStream:75 - [STDERR_REDIRECT] WARNING: Could not open/create prefs root node Software\JavaSoft\Prefs at root 0xffffffff80000002. Windows RegCreateKeyEx(...) returned error code 5.
2024-10-18 08:53:57,472 [ERROR] LogOutputStream:75 - [STDERR_REDIRECT] 
2024-10-18 08:53:58,069 [INFO] MainUpdater:2873 - connection check result : 10
2024-10-18 08:53:58,070 [INFO] MainUpdater:290 - Updater Check For Update Now.
2024-10-18 08:53:58,070 [INFO] MicroXplorer:498 - Change Database Version : DB.6.0.120
2024-10-18 08:53:58,110 [INFO] McuFinderGlobals:63 - Set McuFinder mode to 2 (CubeIDE integrated)
2024-10-18 08:53:58,111 [INFO] UserAuth:179 - activating auth plugin
2024-10-18 08:53:58,124 [INFO] UserAuth:417 - Internet connection configuration mode: 1
2024-10-18 08:53:58,254 [INFO] JxBrowserEngine:152 - Initiate JxBrowser Engine with user profile folder
2024-10-18 08:53:58,382 [INFO] CheckServerUpdateThread:120 - End of CheckServer Thread
2024-10-18 08:53:59,385 [WARN] PackLoader:240 - Cannot read IP mode file for STMicroelectronics.FP-SNS-MOTENVWB1.1.4.0
2024-10-18 08:53:59,406 [WARN] PackLoader:240 - Cannot read IP mode file for STMicroelectronics.X-CUBE-SMBUS.2.1.0
2024-10-18 08:53:59,429 [WARN] PackLoader:240 - Cannot read IP mode file for STMicroelectronics.X-CUBE-WB05N.1.1.0
2024-10-18 08:53:59,475 [WARN] PackLoader:240 - Cannot read IP mode file for STMicroelectronics.X-CUBE-AZRTOS-F7.1.1.0
2024-10-18 08:53:59,595 [WARN] PackLoader:240 - Cannot read IP mode file for STMicroelectronics.X-CUBE-MEMS1.11.0.0
2024-10-18 08:53:59,855 [WARN] PackLoader:240 - Cannot read IP mode file for STMicroelectronics.FP-SNS-FLIGHT1.5.0.2
2024-10-18 08:53:59,880 [WARN] PackLoader:240 - Cannot read IP mode file for STMicroelectronics.X-CUBE-DISPLAY.3.0.0
2024-10-18 08:53:59,904 [WARN] PackLoader:240 - Cannot read IP mode file for STMicroelectronics.X-CUBE-BLE1.7.0.0
2024-10-18 08:53:59,929 [WARN] PackLoader:240 - Cannot read IP mode file for STMicroelectronics.X-CUBE-NFC10.1.0.0
2024-10-18 08:53:59,952 [WARN] PackLoader:240 - Cannot read IP mode file for emotas.I-CUBE-CANOPEN.1.3.0
2024-10-18 08:53:59,975 [WARN] PackLoader:240 - Cannot read IP mode file for STMicroelectronics.X-CUBE-BLEMGR.3.1.0
2024-10-18 08:53:59,994 [WARN] PackLoader:240 - Cannot read IP mode file for STMicroelectronics.FP-SNS-SMARTAG2.1.2.0
2024-10-18 08:54:00,019 [INFO] LogOutputStream:77 - [STDOUT_REDIRECT] 1 : Invalid condition id : UX_CORESTACK_Condition cause : null
2024-10-18 08:54:00,020 [INFO] LogOutputStream:77 - [STDOUT_REDIRECT] 1 : Invalid condition id : UX_CORESTACK_Condition cause : null
2024-10-18 08:54:00,023 [INFO] LogOutputStream:77 - [STDOUT_REDIRECT] 1 : Invalid condition id : UX_CORESTACK_Condition cause : null
2024-10-18 08:54:00,025 [INFO] LogOutputStream:77 - [STDOUT_REDIRECT] 1 : Invalid condition id : UX_CORESTACK_Condition cause : null
2024-10-18 08:54:00,028 [INFO] LogOutputStream:77 - [STDOUT_REDIRECT] 1 : Invalid condition id : UX_CORESTACK_Condition cause : null
2024-10-18 08:54:00,033 [WARN] PackLoader:240 - Cannot read IP mode file for STMicroelectronics.X-CUBE-AZRTOS-WL.2.0.0
2024-10-18 08:54:00,054 [WARN] PackLoader:240 - Cannot read IP mode file for STMicroelectronics.FP-SNS-MOTENV1.5.0.0
2024-10-18 08:54:00,072 [WARN] PackLoader:240 - Cannot read IP mode file for wolfSSL.I-CUBE-wolfMQTT.1.19.0
2024-10-18 08:54:00,094 [WARN] PackLoader:240 - Cannot read IP mode file for WES.I-CUBE-Cesium.1.3.0
2024-10-18 08:54:00,114 [WARN] PackLoader:240 - Cannot read IP mode file for STMicroelectronics.X-CUBE-BLE2.3.3.0
2024-10-18 08:54:00,135 [WARN] PackLoader:240 - Cannot read IP mode file for STMicroelectronics.X-CUBE-NFC9.1.0.0
2024-10-18 08:54:00,169 [WARN] PackLoader:240 - Cannot read IP mode file for STMicroelectronics.X-CUBE-TCPP.4.1.0
2024-10-18 08:54:00,228 [WARN] PackLoader:240 - Cannot read IP mode file for STMicroelectronics.X-CUBE-AZRTOS-G0.1.1.0
2024-10-18 08:54:00,261 [WARN] PackLoader:240 - Cannot read IP mode file for STMicroelectronics.X-CUBE-SAFEA1.1.2.2
2024-10-18 08:54:00,338 [WARN] PackLoader:240 - Cannot read IP mode file for STMicroelectronics.X-CUBE-NFC4.3.0.0
2024-10-18 08:54:00,371 [WARN] PackLoader:240 - Cannot read IP mode file for EmbeddedOffice.I-CUBE-FS-RTOS.1.0.1
2024-10-18 08:54:00,371 [ERROR] ConditionMgr:805 - Attr not supported : Dmpu
2024-10-18 08:54:00,371 [ERROR] ConditionMgr:805 - Attr not supported : Dmpu
2024-10-18 08:54:00,372 [ERROR] ConditionMgr:805 - Attr not supported : Dmpu
2024-10-18 08:54:00,372 [ERROR] ConditionMgr:805 - Attr not supported : Dmpu
2024-10-18 08:54:00,372 [ERROR] ConditionMgr:805 - Attr not supported : Dmpu
2024-10-18 08:54:00,372 [ERROR] ConditionMgr:805 - Attr not supported : Dmpu
2024-10-18 08:54:00,372 [ERROR] ConditionMgr:805 - Attr not supported : Dmpu
2024-10-18 08:54:00,372 [ERROR] ConditionMgr:805 - Attr not supported : Dmpu
2024-10-18 08:54:00,372 [ERROR] ConditionMgr:805 - Attr not supported : Dmpu
2024-10-18 08:54:00,372 [ERROR] ConditionMgr:805 - Attr not supported : Dmpu
2024-10-18 08:54:00,372 [ERROR] ConditionMgr:805 - Attr not supported : Dmpu
2024-10-18 08:54:00,372 [ERROR] ConditionMgr:805 - Attr not supported : Dmpu
2024-10-18 08:54:00,373 [ERROR] ConditionMgr:805 - Attr not supported : Dmpu
2024-10-18 08:54:00,373 [ERROR] ConditionMgr:805 - Attr not supported : Dmpu
2024-10-18 08:54:00,373 [ERROR] ConditionMgr:805 - Attr not supported : Dmpu
2024-10-18 08:54:00,373 [ERROR] ConditionMgr:805 - Attr not supported : Dmpu
2024-10-18 08:54:00,373 [ERROR] ConditionMgr:805 - Attr not supported : Dmpu
2024-10-18 08:54:00,373 [ERROR] ConditionMgr:805 - Attr not supported : Dmpu
2024-10-18 08:54:00,373 [ERROR] ConditionMgr:805 - Attr not supported : Dmpu
2024-10-18 08:54:00,373 [ERROR] ConditionMgr:805 - Attr not supported : Dmpu
2024-10-18 08:54:00,373 [ERROR] ConditionMgr:805 - Attr not supported : Dmpu
2024-10-18 08:54:00,374 [ERROR] ConditionMgr:805 - Attr not supported : Dmpu
2024-10-18 08:54:00,374 [ERROR] ConditionMgr:805 - Attr not supported : Dmpu
2024-10-18 08:54:00,374 [ERROR] ConditionMgr:805 - Attr not supported : Dmpu
2024-10-18 08:54:00,374 [ERROR] ConditionMgr:805 - Attr not supported : Dmpu
2024-10-18 08:54:00,374 [ERROR] ConditionMgr:805 - Attr not supported : Dmpu
2024-10-18 08:54:00,374 [ERROR] ConditionMgr:805 - Attr not supported : Dmpu
2024-10-18 08:54:00,374 [ERROR] ConditionMgr:805 - Attr not supported : Dmpu
2024-10-18 08:54:00,374 [ERROR] ConditionMgr:805 - Attr not supported : Dmpu
2024-10-18 08:54:00,374 [ERROR] ConditionMgr:805 - Attr not supported : Dmpu
2024-10-18 08:54:00,375 [ERROR] ConditionMgr:805 - Attr not supported : Dmpu
2024-10-18 08:54:00,375 [ERROR] ConditionMgr:805 - Attr not supported : Dmpu
2024-10-18 08:54:00,375 [ERROR] ConditionMgr:805 - Attr not supported : Dmpu
2024-10-18 08:54:00,375 [ERROR] ConditionMgr:805 - Attr not supported : Dmpu
2024-10-18 08:54:00,375 [ERROR] ConditionMgr:805 - Attr not supported : Dmpu
2024-10-18 08:54:00,375 [ERROR] ConditionMgr:805 - Attr not supported : Dmpu
2024-10-18 08:54:00,375 [ERROR] ConditionMgr:805 - Attr not supported : Dmpu
2024-10-18 08:54:00,375 [ERROR] ConditionMgr:805 - Attr not supported : Dmpu
2024-10-18 08:54:00,376 [ERROR] ConditionMgr:805 - Attr not supported : Dmpu
2024-10-18 08:54:00,376 [ERROR] ConditionMgr:805 - Attr not supported : Dmpu
2024-10-18 08:54:00,376 [ERROR] ConditionMgr:805 - Attr not supported : Dmpu
2024-10-18 08:54:00,376 [ERROR] ConditionMgr:805 - Attr not supported : Dmpu
2024-10-18 08:54:00,376 [ERROR] ConditionMgr:805 - Attr not supported : Dmpu
2024-10-18 08:54:00,376 [ERROR] ConditionMgr:805 - Attr not supported : Dmpu
2024-10-18 08:54:00,376 [ERROR] ConditionMgr:805 - Attr not supported : Dmpu
2024-10-18 08:54:00,376 [ERROR] ConditionMgr:805 - Attr not supported : Dmpu
2024-10-18 08:54:00,377 [ERROR] ConditionMgr:805 - Attr not supported : Dmpu
2024-10-18 08:54:00,377 [ERROR] ConditionMgr:805 - Attr not supported : Dmpu
2024-10-18 08:54:00,377 [ERROR] ConditionMgr:805 - Attr not supported : Dmpu
2024-10-18 08:54:00,377 [ERROR] ConditionMgr:805 - Attr not supported : Dmpu
2024-10-18 08:54:00,377 [ERROR] ConditionMgr:805 - Attr not supported : Dmpu
2024-10-18 08:54:00,377 [ERROR] ConditionMgr:805 - Attr not supported : Dmpu
2024-10-18 08:54:00,377 [ERROR] ConditionMgr:805 - Attr not supported : Dmpu
2024-10-18 08:54:00,377 [ERROR] ConditionMgr:805 - Attr not supported : Dmpu
2024-10-18 08:54:00,377 [ERROR] ConditionMgr:805 - Attr not supported : Dmpu
2024-10-18 08:54:00,377 [ERROR] ConditionMgr:805 - Attr not supported : Dmpu
2024-10-18 08:54:00,377 [ERROR] ConditionMgr:805 - Attr not supported : Dmpu
2024-10-18 08:54:00,377 [ERROR] ConditionMgr:805 - Attr not supported : Dmpu
2024-10-18 08:54:00,378 [ERROR] ConditionMgr:805 - Attr not supported : Dmpu
2024-10-18 08:54:00,378 [ERROR] ConditionMgr:805 - Attr not supported : Dmpu
2024-10-18 08:54:00,378 [ERROR] ConditionMgr:805 - Attr not supported : Dmpu
2024-10-18 08:54:00,378 [ERROR] ConditionMgr:805 - Attr not supported : Dmpu
2024-10-18 08:54:00,378 [ERROR] ConditionMgr:805 - Attr not supported : Dmpu
2024-10-18 08:54:00,378 [ERROR] ConditionMgr:805 - Attr not supported : Dmpu
2024-10-18 08:54:00,406 [WARN] PackLoader:240 - Cannot read IP mode file for RealThread.X-CUBE-RT-Thread_Nano.4.1.1
2024-10-18 08:54:00,427 [WARN] PackLoader:240 - Cannot read IP mode file for STMicroelectronics.FP-ATR-SIGFOX1.3.2.0
2024-10-18 08:54:00,443 [WARN] PackLoader:240 - Cannot read IP mode file for wolfSSL.I-CUBE-wolfSSL.5.7.2
2024-10-18 08:54:00,465 [WARN] PackLoader:240 - Cannot read IP mode file for STMicroelectronics.X-CUBE-EEPRMA1.5.1.0
2024-10-18 08:54:00,487 [WARN] PackLoader:240 - Cannot read IP mode file for ITTIA_DB.I-CUBE-ITTIADB.8.9.0
2024-10-18 08:54:00,543 [WARN] PackLoader:240 - Cannot read IP mode file for SEGGER.I-CUBE-embOS.1.3.1
2024-10-18 08:54:00,637 [WARN] PackLoader:240 - Cannot read IP mode file for STMicroelectronics.X-CUBE-ALGOBUILD.1.4.0
2024-10-18 08:54:00,656 [WARN] PackLoader:240 - Cannot read IP mode file for STMicroelectronics.X-CUBE-AI.9.1.0
2024-10-18 08:54:00,678 [WARN] PackLoader:240 - Cannot read IP mode file for STMicroelectronics.X-CUBE-GNSS1.6.0.0
2024-10-18 08:54:00,726 [WARN] PackLoader:240 - Cannot read IP mode file for STMicroelectronics.X-CUBE-AZRTOS-F4.1.1.0
2024-10-18 08:54:00,748 [WARN] PackLoader:240 - Cannot read IP mode file for STMicroelectronics.X-CUBE-ISPU.2.1.0
2024-10-18 08:54:00,767 [WARN] PackLoader:240 - Cannot read IP mode file for STMicroelectronics.X-CUBE-FREERTOS.1.2.0
2024-10-18 08:54:00,808 [WARN] PackLoader:240 - Cannot read IP mode file for STMicroelectronics.X-CUBE-AZRTOS-L5.2.0.0
2024-10-18 08:54:00,851 [WARN] PackLoader:240 - Cannot read IP mode file for STMicroelectronics.X-CUBE-NFC6.3.1.0
2024-10-18 08:54:00,880 [WARN] PackLoader:240 - Cannot read IP mode file for STMicroelectronics.X-CUBE-DPower.1.2.0
2024-10-18 08:54:00,904 [WARN] PackLoader:240 - Cannot read IP mode file for STMicroelectronics.X-CUBE-AI.9.0.0
2024-10-18 08:54:00,933 [WARN] PackLoader:240 - Cannot read IP mode file for STMicroelectronics.X-CUBE-NFC7.1.0.1
2024-10-18 08:54:00,958 [WARN] PackLoader:240 - Cannot read IP mode file for wolfSSL.I-CUBE-wolfTPM.3.2.0
2024-10-18 08:54:01,008 [WARN] ConditionMgr:438 - getConditionDescription Invalid condition id : LAN8742 Phy interface Condition cause : null
2024-10-18 08:54:01,009 [WARN] PackLoader:240 - Cannot read IP mode file for STMicroelectronics.X-CUBE-AZRTOS-L4.2.0.0
2024-10-18 08:54:01,011 [WARN] ConditionMgr:1039 - genDependencies : Invalid condition id : LAN8742 Phy interface Condition cause : null
2024-10-18 08:54:01,012 [WARN] ConditionMgr:1039 - genDependencies : Invalid condition id : LAN8742 Phy interface Condition cause : null
2024-10-18 08:54:01,012 [WARN] ConditionMgr:1039 - genDependencies : Invalid condition id : LAN8742 Phy interface Condition cause : null
2024-10-18 08:54:01,031 [WARN] PackLoader:240 - Cannot read IP mode file for STMicroelectronics.X-CUBE-SFXS2LP1.4.0.0
2024-10-18 08:54:01,071 [WARN] PackLoader:240 - Cannot read IP mode file for STMicroelectronics.X-CUBE-AZRTOS-H7.3.3.0
2024-10-18 08:54:01,108 [WARN] PackLoader:240 - Cannot read IP mode file for STMicroelectronics.X-CUBE-IPS.3.0.0
2024-10-18 08:54:01,154 [WARN] ConditionMgr:438 - getConditionDescription Invalid condition id : UX DEVICE CLASS RTOS Condition cause : null
2024-10-18 08:54:01,154 [WARN] ConditionMgr:438 - getConditionDescription Invalid condition id : UX DEVICE CLASS RTOS Condition cause : null
2024-10-18 08:54:01,156 [WARN] PackLoader:240 - Cannot read IP mode file for STMicroelectronics.X-CUBE-AZRTOS-WB.2.0.0
2024-10-18 08:54:01,157 [WARN] ConditionMgr:1039 - genDependencies : Invalid condition id : UX DEVICE CLASS RTOS Condition cause : null
2024-10-18 08:54:01,158 [WARN] ConditionMgr:1039 - genDependencies : Invalid condition id : UX DEVICE CLASS RTOS Condition cause : null
2024-10-18 08:54:01,158 [WARN] ConditionMgr:1039 - genDependencies : Invalid condition id : UX DEVICE CLASS RTOS Condition cause : null
2024-10-18 08:54:01,158 [WARN] ConditionMgr:1039 - genDependencies : Invalid condition id : UX DEVICE CLASS RTOS Condition cause : null
2024-10-18 08:54:01,158 [WARN] ConditionMgr:1039 - genDependencies : Invalid condition id : UX DEVICE CLASS RTOS Condition cause : null
2024-10-18 08:54:01,184 [WARN] PackLoader:240 - Cannot read IP mode file for STMicroelectronics.X-CUBE-GNSS1.7.0.0
2024-10-18 08:54:01,203 [WARN] PackLoader:240 - Cannot read IP mode file for STMicroelectronics.FP-SNS-STBOX1.2.0.0
2024-10-18 08:54:01,230 [WARN] PackLoader:240 - Cannot read IP mode file for STMicroelectronics.X-CUBE-SUBG2.5.0.0
2024-10-18 08:54:01,253 [WARN] PackLoader:240 - Cannot read IP mode file for Cesanta.I-CUBE-Mongoose.7.13.0
2024-10-18 08:54:01,285 [WARN] PackLoader:240 - Cannot read IP mode file for STMicroelectronics.X-CUBE-AZRTOS-G4.2.0.0
2024-10-18 08:54:01,318 [WARN] PackLoader:240 - Cannot read IP mode file for STMicroelectronics.X-CUBE-ISPU.2.0.0
2024-10-18 08:54:01,333 [WARN] PackLoader:240 - Cannot read IP mode file for STMicroelectronics.X-CUBE-ALS.1.0.2
2024-10-18 08:54:01,415 [WARN] PackLoader:240 - Cannot read IP mode file for STMicroelectronics.X-CUBE-MEMS1.10.0.0
2024-10-18 08:54:01,624 [WARN] PackLoader:240 - Cannot read IP mode file for STMicroelectronics.X-CUBE-TOUCHGFX.4.24.0
2024-10-18 08:54:01,644 [WARN] PackLoader:240 - Cannot read IP mode file for STMicroelectronics.X-CUBE-TOUCHGFX.4.24.1
2024-10-18 08:54:01,669 [WARN] PackLoader:240 - Cannot read IP mode file for portGmbH.I-Cube-SoM-uGOAL.1.1.0
2024-10-18 08:54:01,715 [WARN] PackLoader:240 - Cannot read IP mode file for STMicroelectronics.X-CUBE-AZRTOS-H7RS.1.0.0
2024-10-18 08:54:01,737 [WARN] PackLoader:240 - Cannot read IP mode file for STMicroelectronics.FP-ATR-ASTRA1.2.0.0
2024-10-18 08:54:01,764 [WARN] PackLoader:240 - Cannot read IP mode file for STMicroelectronics.X-CUBE-TOF1.3.4.2
2024-10-18 08:54:01,817 [WARN] PackLoader:240 - Cannot read IP mode file for STMicroelectronics.X-CUBE-AZRTOS-H7.3.2.0
2024-10-18 08:54:01,865 [WARN] PackLoader:240 - Cannot read IP mode file for Infineon.AIROC-Wi-Fi-Bluetooth-STM32.1.6.0
2024-10-18 08:54:01,889 [WARN] PackLoader:240 - Cannot read IP mode file for wolfSSL.I-CUBE-wolfSSH.1.4.17
2024-10-18 08:54:01,890 [INFO] ThirdParty:978 - Integrity check success = true
2024-10-18 08:54:01,890 [INFO] IntegrityCheckThread:100 - exiting critical section [integrity check]
2024-10-18 08:54:01,890 [INFO] IntegrityCheckThread:103 - End integrity checks thread
2024-10-18 08:54:07,790 [INFO] WebApp:167 - Instantiating new browser for Auth
2024-10-18 08:54:09,048 [INFO] WebApp:448 - Apply proxy settings
2024-10-18 08:54:09,049 [INFO] WebApp:533 - Chromium requires no authentication
2024-10-18 08:54:09,079 [INFO] WebApp:476 - Direct internet connection detected
2024-10-18 08:54:09,138 [INFO] WebApp:869 - Register for checkConnection events
2024-10-18 08:54:09,139 [INFO] WebApp:448 - Apply proxy settings
2024-10-18 08:54:09,139 [INFO] WebApp:533 - Chromium requires no authentication
2024-10-18 08:54:09,139 [INFO] WebApp:476 - Direct internet connection detected
2024-10-18 08:54:09,463 [INFO] WebApp:220 - Starting web application
2024-10-18 08:54:09,463 [INFO] WebApp:578 - Web application path used D:\ST\STM32CubeIDE_1.16.0\STM32CubeIDE\plugins\com.st.stm32cube.common.mx_6.12.0.202406281431\db\plugins\mcufinder\reactClient1\index.html
2024-10-18 08:54:09,472 [INFO] WebApp:186 - Connection restablished
2024-10-18 22:25:29,226 [INFO] WebApp:189 - Connection lost
2024-10-18 22:25:29,496 [INFO] WebApp:186 - Connection restablished
2024-10-18 22:25:31,712 [INFO] WebApp:189 - Connection lost
2024-10-18 22:25:31,902 [INFO] WebApp:186 - Connection restablished
2024-10-18 22:28:24,683 [INFO] WebApp:189 - Connection lost
2024-10-18 22:28:25,039 [INFO] WebApp:186 - Connection restablished
2024-10-18 22:28:28,077 [INFO] WebApp:189 - Connection lost
2024-10-18 22:28:28,266 [INFO] WebApp:186 - Connection restablished
