2024-09-18 00:55:54,355 [INFO] Activator:176 - 


2024-09-18 00:55:54,358 [INFO] Activator:177 - !SESSION log4j initialized
2024-09-18 00:56:01,631 [INFO] LogOutputStream:77 - [STDOUT_REDIRECT] 
2024-09-18 00:56:15,626 [INFO] ApplicationProperties:184 - Using Application install path: D:\ST\STM32CubeIDE_1.16.0\STM32CubeIDE\plugins\com.st.stm32cube.common.mx_6.12.0.202406281431
2024-09-18 00:56:15,701 [INFO] DbMcusXml:78 - Set database path to: D:\ST\STM32CubeIDE_1.16.0\STM32CubeIDE\plugins\com.st.stm32cube.common.mx_6.12.0.202406281431\\db\/mcu/
2024-09-18 00:56:15,702 [INFO] ApiDb:274 - Set plugin database path to: D:\ST\STM32CubeIDE_1.16.0\STM32CubeIDE\plugins\com.st.stm32cube.common.mx_6.12.0.202406281431\\db\/plugins/boardmanager/
2024-09-18 00:56:15,704 [WARN] ApiDb:259 - Overriding images path with different value:  => D:\ST\STM32CubeIDE_1.16.0\STM32CubeIDE\plugins\com.st.stm32cube.common.mx_6.12.0.202406281431\\db\/plugins/mcufinder/images/
2024-09-18 00:56:15,863 [INFO] ApiDb:250 - Set database path to: C:\Users\Asus\.stmcufinder\plugins\mcufinder//mcu/
2024-09-18 00:56:15,865 [INFO] DbMcusAds:125 - Set database path to: C:\Users\Asus\.stmcufinder\plugins\mcufinder//mcu/
2024-09-18 00:56:15,876 [INFO] CrossReferenceDbSqlite:203 - Set database path to: C:\Users\Asus\.stmcufinder\plugins\mcufinder//mcu/cs/
2024-09-18 00:56:16,191 [INFO] RulesReader:64 - Compatibility file has been processed (297 Rules)
2024-09-18 00:56:16,434 [INFO] DbMcusXml:78 - Set database path to: D:\ST\STM32CubeIDE_1.16.0\STM32CubeIDE\plugins\com.st.stm32cube.common.mx_6.12.0.202406281431\\db\/mcu/
2024-09-18 00:56:16,435 [INFO] ApiDb:274 - Set plugin database path to: D:\ST\STM32CubeIDE_1.16.0\STM32CubeIDE\plugins\com.st.stm32cube.common.mx_6.12.0.202406281431\\db\/plugins/boardmanager/
2024-09-18 00:56:16,435 [INFO] ApiDb:261 - Set plugin images path to: D:\ST\STM32CubeIDE_1.16.0\STM32CubeIDE\plugins\com.st.stm32cube.common.mx_6.12.0.202406281431\\db\/plugins/mcufinder/images/
2024-09-18 00:56:16,435 [WARN] DbFile:41 - Overriding database path with different value: C:\Users\Asus\.stmcufinder\plugins\mcufinder/ => C:\Users\Asus\.stmcufinder\plugins\mcufinder
2024-09-18 00:56:16,436 [INFO] ApiDb:250 - Set database path to: C:\Users\Asus\.stmcufinder\plugins\mcufinder//mcu/
2024-09-18 00:56:16,436 [WARN] DbFile:41 - Overriding database path with different value: C:\Users\Asus\.stmcufinder\plugins\mcufinder/ => C:\Users\Asus\.stmcufinder\plugins\mcufinder
2024-09-18 00:56:16,436 [INFO] DbMcusAds:125 - Set database path to: C:\Users\Asus\.stmcufinder\plugins\mcufinder//mcu/
2024-09-18 00:56:16,436 [WARN] DbFile:41 - Overriding database path with different value: C:\Users\Asus\.stmcufinder\plugins\mcufinder/ => C:\Users\Asus\.stmcufinder\plugins\mcufinder
2024-09-18 00:56:16,436 [WARN] DbFile:41 - Overriding database path with different value: C:\Users\Asus\.stmcufinder\plugins\mcufinder/ => C:\Users\Asus\.stmcufinder\plugins\mcufinder
2024-09-18 00:56:16,436 [INFO] CrossReferenceDbSqlite:203 - Set database path to: C:\Users\Asus\.stmcufinder\plugins\mcufinder//mcu/cs/
2024-09-18 00:56:16,641 [INFO] MainPanel:268 - HeapMemory: 268435456
2024-09-18 00:56:16,991 [INFO] DbMcusXml:78 - Set database path to: D:\ST\STM32CubeIDE_1.16.0\STM32CubeIDE\plugins\com.st.stm32cube.common.mx_6.12.0.202406281431\\db\/mcu/
2024-09-18 00:56:16,991 [INFO] ApiDb:274 - Set plugin database path to: D:\ST\STM32CubeIDE_1.16.0\STM32CubeIDE\plugins\com.st.stm32cube.common.mx_6.12.0.202406281431\\db\/plugins/boardmanager/
2024-09-18 00:56:16,991 [INFO] ApiDb:261 - Set plugin images path to: D:\ST\STM32CubeIDE_1.16.0\STM32CubeIDE\plugins\com.st.stm32cube.common.mx_6.12.0.202406281431\\db\/plugins/mcufinder/images/
2024-09-18 00:56:16,991 [WARN] DbFile:41 - Overriding database path with different value: C:\Users\Asus\.stmcufinder\plugins\mcufinder/ => C:\Users\Asus\.stmcufinder\plugins\mcufinder
2024-09-18 00:56:16,992 [INFO] ApiDb:250 - Set database path to: C:\Users\Asus\.stmcufinder\plugins\mcufinder//mcu/
2024-09-18 00:56:16,992 [WARN] DbFile:41 - Overriding database path with different value: C:\Users\Asus\.stmcufinder\plugins\mcufinder/ => C:\Users\Asus\.stmcufinder\plugins\mcufinder
2024-09-18 00:56:16,992 [INFO] DbMcusAds:125 - Set database path to: C:\Users\Asus\.stmcufinder\plugins\mcufinder//mcu/
2024-09-18 00:56:16,992 [WARN] DbFile:41 - Overriding database path with different value: C:\Users\Asus\.stmcufinder\plugins\mcufinder/ => C:\Users\Asus\.stmcufinder\plugins\mcufinder
2024-09-18 00:56:16,992 [WARN] DbFile:41 - Overriding database path with different value: C:\Users\Asus\.stmcufinder\plugins\mcufinder/ => C:\Users\Asus\.stmcufinder\plugins\mcufinder
2024-09-18 00:56:16,992 [INFO] CrossReferenceDbSqlite:203 - Set database path to: C:\Users\Asus\.stmcufinder\plugins\mcufinder//mcu/cs/
2024-09-18 00:56:17,024 [INFO] ApplicationProperties:184 - Using Application install path: D:\ST\STM32CubeIDE_1.16.0\STM32CubeIDE\plugins\com.st.stm32cube.common.mx_6.12.0.202406281431
2024-09-18 00:56:17,026 [INFO] PluginManage:196 - Search for loadable plugins [exclusion list=, ]
2024-09-18 00:56:17,029 [INFO] PluginManage:310 - Check plugin analytics
2024-09-18 00:56:27,026 [INFO] AnalyticsPlugin:253 - Accepted Software Licenses: 
2024-09-18 00:56:27,026 [INFO] AnalyticsPlugin:255 - Accepted CMSIS Pack Licenses: 
2024-09-18 00:56:27,026 [INFO] AnalyticsPlugin:257 - Accepted Firmware Licenses: 
2024-09-18 00:56:27,030 [INFO] PluginManage:359 - Loaded plugin analytics (category:tool,tabindex:-1)
2024-09-18 00:56:27,031 [INFO] PluginManage:310 - Check plugin cadmodel
2024-09-18 00:56:27,094 [INFO] CADModel:105 - Init CAD model plugin
2024-09-18 00:56:27,094 [INFO] PluginManage:359 - Loaded plugin cadmodel (category:power,tabindex:5)
2024-09-18 00:56:27,094 [INFO] PluginManage:310 - Check plugin clock
2024-09-18 00:56:27,131 [INFO] PluginManage:359 - Loaded plugin clock (category:base,tabindex:2)
2024-09-18 00:56:27,131 [INFO] PluginManage:310 - Check plugin ddr
2024-09-18 00:56:27,155 [INFO] PluginManage:359 - Loaded plugin ddr (category:tool,tabindex:6)
2024-09-18 00:56:27,156 [INFO] PluginManage:310 - Check plugin filemanager
2024-09-18 00:56:27,548 [INFO] PluginManage:359 - Loaded plugin filemanager (category:base,tabindex:10)
2024-09-18 00:56:27,549 [INFO] PluginManage:310 - Check plugin ipmanager
2024-09-18 00:56:27,561 [INFO] PluginManage:359 - Loaded plugin ipmanager (category:base,tabindex:5)
2024-09-18 00:56:27,562 [INFO] PluginManage:310 - Check plugin lpbam
2024-09-18 00:56:27,655 [INFO] PluginManage:359 - Loaded plugin lpbam (category:base,tabindex:0)
2024-09-18 00:56:27,656 [INFO] PluginManage:310 - Check plugin memorymap
2024-09-18 00:56:27,767 [INFO] PluginManage:359 - Loaded plugin memorymap (category:base,tabindex:4)
2024-09-18 00:56:27,767 [INFO] PluginManage:310 - Check plugin pinoutandconfiguration
2024-09-18 00:56:27,809 [INFO] PluginManage:359 - Loaded plugin pinoutandconfiguration (category:base,tabindex:1)
2024-09-18 00:56:27,809 [INFO] PluginManage:310 - Check plugin pinoutconfig
2024-09-18 00:56:28,069 [WARN] SupportedApi:132 - Cannot load RTOS API schema: s4s-elt-must-match.1: The content of 'definitions' must match (annotation?, (simpleType | complexType)?, (unique | key | keyref)*)). A problem was found starting at: attribute.
2024-09-18 00:56:28,372 [INFO] PluginManage:359 - Loaded plugin pinoutconfig (category:base,tabindex:0)
2024-09-18 00:56:28,372 [INFO] PluginManage:310 - Check plugin power
2024-09-18 00:56:28,452 [INFO] PluginManage:359 - Loaded plugin power (category:power,tabindex:4)
2024-09-18 00:56:28,453 [INFO] PluginManage:310 - Check plugin projectmanager
2024-09-18 00:56:28,507 [INFO] PluginManage:359 - Loaded plugin projectmanager (category:projectmanager,tabindex:4)
2024-09-18 00:56:28,508 [INFO] PluginManage:310 - Check plugin rif
2024-09-18 00:56:28,562 [INFO] PluginManage:359 - Loaded plugin rif (category:base,tabindex:3)
2024-09-18 00:56:28,563 [INFO] PluginManage:310 - Check plugin thirdparty
2024-09-18 00:56:29,159 [INFO] PluginManage:359 - Loaded plugin thirdparty (category:base,tabindex:-1)
2024-09-18 00:56:29,159 [WARN] IntegrityCheckThread:84 - waiting for thirdparty lock release [integrity check]
2024-09-18 00:56:29,159 [INFO] IntegrityCheckThread:86 - entering critical section [integrity check]
2024-09-18 00:56:29,159 [INFO] PluginManage:310 - Check plugin tools
2024-09-18 00:56:29,160 [INFO] ThirdPartyUpdaterWithRetryManager:70 - Updater plugin not ready yet. [1/15]
2024-09-18 00:56:29,216 [INFO] PluginManage:359 - Loaded plugin tools (category:base,tabindex:7)
2024-09-18 00:56:29,217 [INFO] PluginManage:310 - Check plugin tutovideos
2024-09-18 00:56:29,748 [INFO] PluginManage:359 - Loaded plugin tutovideos (category:base,tabindex:-1)
2024-09-18 00:56:29,749 [INFO] PluginManage:310 - Check plugin updater
2024-09-18 00:56:29,806 [INFO] PluginManage:359 - Loaded plugin updater (category:base,tabindex:12)
2024-09-18 00:56:29,807 [INFO] PluginManage:310 - Check plugin userauth
2024-09-18 00:56:29,832 [INFO] UserAuth:113 - Init User Auth plugin
2024-09-18 00:56:29,832 [INFO] PluginManage:359 - Loaded plugin userauth (category:base,tabindex:14)
2024-09-18 00:56:29,833 [INFO] PluginManage:283 - PluginManage : Loaded plugins [18]
2024-09-18 00:56:30,334 [INFO] PinOutPanel:1561 - setPackage(No Configuration,No Configuration)
2024-09-18 00:56:30,547 [INFO] CADModel:165 - CPN selected for project level
2024-09-18 00:56:30,547 [INFO] CADModel:114 - Register for checkConnection events
2024-09-18 00:56:30,641 [INFO] IPUIPlugin:80 - create IPUIPlugin
2024-09-18 00:56:30,641 [INFO] PluginManager:220 - loadIPPluginJar : add adc
2024-09-18 00:56:30,697 [INFO] IPUIPlugin:80 - create IPUIPlugin
2024-09-18 00:56:30,697 [INFO] PluginManager:220 - loadIPPluginJar : add aes
2024-09-18 00:56:30,788 [INFO] IPUIPlugin:80 - create IPUIPlugin
2024-09-18 00:56:30,789 [INFO] PluginManager:220 - loadIPPluginJar : add can
2024-09-18 00:56:30,855 [INFO] IPUIPlugin:80 - create IPUIPlugin
2024-09-18 00:56:30,856 [INFO] PluginManager:220 - loadIPPluginJar : add comp
2024-09-18 00:56:30,935 [INFO] IPUIPlugin:80 - create IPUIPlugin
2024-09-18 00:56:30,935 [INFO] PluginManager:220 - loadIPPluginJar : add cryp
2024-09-18 00:56:30,993 [INFO] IPUIPlugin:80 - create IPUIPlugin
2024-09-18 00:56:30,993 [INFO] PluginManager:220 - loadIPPluginJar : add ddr_ctrl_phy
2024-09-18 00:56:31,038 [INFO] IPUIPlugin:80 - create IPUIPlugin
2024-09-18 00:56:31,038 [INFO] PluginManager:220 - loadIPPluginJar : add dfsdm
2024-09-18 00:56:31,077 [INFO] IPUIPlugin:80 - create IPUIPlugin
2024-09-18 00:56:31,079 [INFO] PluginManager:220 - loadIPPluginJar : add dma
2024-09-18 00:56:31,171 [INFO] IPUIPlugin:80 - create IPUIPlugin
2024-09-18 00:56:31,171 [INFO] PluginManager:220 - loadIPPluginJar : add dma3
2024-09-18 00:56:31,357 [INFO] IPUIPlugin:80 - create IPUIPlugin
2024-09-18 00:56:31,357 [INFO] PluginManager:220 - loadIPPluginJar : add extmemmanager
2024-09-18 00:56:31,507 [INFO] IPUIPlugin:80 - create IPUIPlugin
2024-09-18 00:56:31,507 [INFO] PluginManager:220 - loadIPPluginJar : add fatfs
2024-09-18 00:56:31,630 [INFO] IPUIPlugin:80 - create IPUIPlugin
2024-09-18 00:56:31,630 [INFO] PluginManager:220 - loadIPPluginJar : add fmc
2024-09-18 00:56:31,734 [INFO] IPUIPlugin:80 - create IPUIPlugin
2024-09-18 00:56:31,734 [INFO] PluginManager:220 - loadIPPluginJar : add freertos
2024-09-18 00:56:31,777 [INFO] IPUIPlugin:80 - create IPUIPlugin
2024-09-18 00:56:31,779 [INFO] PluginManager:220 - loadIPPluginJar : add genericplugin
2024-09-18 00:56:31,965 [INFO] IPUIPlugin:80 - create IPUIPlugin
2024-09-18 00:56:31,965 [INFO] PluginManager:220 - loadIPPluginJar : add gfxmmu
2024-09-18 00:56:32,176 [INFO] ThirdPartyUpdaterWithRetryManager:70 - Updater plugin not ready yet. [2/15]
2024-09-18 00:56:32,342 [INFO] IPUIPlugin:80 - create IPUIPlugin
2024-09-18 00:56:32,342 [INFO] PluginManager:220 - loadIPPluginJar : add gic
2024-09-18 00:56:32,414 [INFO] IPUIPlugin:80 - create IPUIPlugin
2024-09-18 00:56:32,414 [INFO] PluginManager:220 - loadIPPluginJar : add gpio
2024-09-18 00:56:32,580 [INFO] IPUIPlugin:80 - create IPUIPlugin
2024-09-18 00:56:32,580 [INFO] PluginManager:220 - loadIPPluginJar : add gtzc
2024-09-18 00:56:32,654 [INFO] IPUIPlugin:80 - create IPUIPlugin
2024-09-18 00:56:32,654 [INFO] PluginManager:220 - loadIPPluginJar : add hash
2024-09-18 00:56:32,763 [INFO] IPUIPlugin:80 - create IPUIPlugin
2024-09-18 00:56:32,764 [INFO] PluginManager:220 - loadIPPluginJar : add i2c
2024-09-18 00:56:32,917 [INFO] IPUIPlugin:80 - create IPUIPlugin
2024-09-18 00:56:32,918 [INFO] PluginManager:220 - loadIPPluginJar : add i2s
2024-09-18 00:56:32,999 [INFO] IPUIPlugin:80 - create IPUIPlugin
2024-09-18 00:56:32,999 [INFO] PluginManager:220 - loadIPPluginJar : add i3c
2024-09-18 00:56:33,210 [INFO] IPUIPlugin:80 - create IPUIPlugin
2024-09-18 00:56:33,211 [INFO] PluginManager:220 - loadIPPluginJar : add ipddr
2024-09-18 00:56:33,425 [INFO] IPUIPlugin:80 - create IPUIPlugin
2024-09-18 00:56:33,426 [INFO] PluginManager:220 - loadIPPluginJar : add linkedlist
2024-09-18 00:56:33,560 [INFO] IPUIPlugin:80 - create IPUIPlugin
2024-09-18 00:56:33,560 [INFO] PluginManager:220 - loadIPPluginJar : add lorawan
2024-09-18 00:56:33,641 [INFO] IPUIPlugin:80 - create IPUIPlugin
2024-09-18 00:56:33,641 [INFO] PluginManager:220 - loadIPPluginJar : add ltdc
2024-09-18 00:56:33,687 [INFO] IPUIPlugin:80 - create IPUIPlugin
2024-09-18 00:56:33,689 [INFO] PluginManager:220 - loadIPPluginJar : add mdma
2024-09-18 00:56:33,711 [INFO] IPUIPlugin:80 - create IPUIPlugin
2024-09-18 00:56:33,711 [INFO] PluginManager:220 - loadIPPluginJar : add nvic
2024-09-18 00:56:33,788 [INFO] IPUIPlugin:80 - create IPUIPlugin
2024-09-18 00:56:33,788 [INFO] PluginManager:220 - loadIPPluginJar : add opamp
2024-09-18 00:56:33,922 [INFO] IPUIPlugin:80 - create IPUIPlugin
2024-09-18 00:56:33,923 [INFO] PluginManager:220 - loadIPPluginJar : add openamp
2024-09-18 00:56:34,011 [INFO] IPUIPlugin:80 - create IPUIPlugin
2024-09-18 00:56:34,012 [INFO] PluginManager:220 - loadIPPluginJar : add pdm2pcm
2024-09-18 00:56:34,049 [INFO] IPUIPlugin:80 - create IPUIPlugin
2024-09-18 00:56:34,053 [INFO] PluginManager:220 - loadIPPluginJar : add plateformsettings
2024-09-18 00:56:34,111 [INFO] IPUIPlugin:80 - create IPUIPlugin
2024-09-18 00:56:34,111 [INFO] PluginManager:220 - loadIPPluginJar : add quadspi
2024-09-18 00:56:34,177 [INFO] IPUIPlugin:80 - create IPUIPlugin
2024-09-18 00:56:34,179 [INFO] PluginManager:220 - loadIPPluginJar : add radio
2024-09-18 00:56:34,222 [INFO] IPUIPlugin:80 - create IPUIPlugin
2024-09-18 00:56:34,222 [INFO] PluginManager:220 - loadIPPluginJar : add resmgrutility
2024-09-18 00:56:34,327 [INFO] IPUIPlugin:80 - create IPUIPlugin
2024-09-18 00:56:34,327 [INFO] PluginManager:220 - loadIPPluginJar : add sai
2024-09-18 00:56:34,397 [INFO] IPUIPlugin:80 - create IPUIPlugin
2024-09-18 00:56:34,397 [INFO] PluginManager:220 - loadIPPluginJar : add spi
2024-09-18 00:56:34,559 [INFO] IPUIPlugin:80 - create IPUIPlugin
2024-09-18 00:56:34,559 [INFO] PluginManager:220 - loadIPPluginJar : add stm32_wpan
2024-09-18 00:56:34,601 [INFO] IPUIPlugin:80 - create IPUIPlugin
2024-09-18 00:56:34,601 [INFO] PluginManager:220 - loadIPPluginJar : add tim
2024-09-18 00:56:34,718 [INFO] IPUIPlugin:80 - create IPUIPlugin
2024-09-18 00:56:34,719 [INFO] PluginManager:220 - loadIPPluginJar : add touchsensing
2024-09-18 00:56:34,824 [INFO] IPUIPlugin:80 - create IPUIPlugin
2024-09-18 00:56:34,825 [INFO] PluginManager:220 - loadIPPluginJar : add tracer_emb
2024-09-18 00:56:34,872 [INFO] IPUIPlugin:80 - create IPUIPlugin
2024-09-18 00:56:34,872 [INFO] PluginManager:220 - loadIPPluginJar : add ts
2024-09-18 00:56:34,915 [INFO] IPUIPlugin:80 - create IPUIPlugin
2024-09-18 00:56:34,916 [INFO] PluginManager:220 - loadIPPluginJar : add tsc
2024-09-18 00:56:34,958 [INFO] IPUIPlugin:80 - create IPUIPlugin
2024-09-18 00:56:34,958 [INFO] PluginManager:220 - loadIPPluginJar : add ucpd
2024-09-18 00:56:35,051 [INFO] IPUIPlugin:80 - create IPUIPlugin
2024-09-18 00:56:35,051 [INFO] PluginManager:220 - loadIPPluginJar : add usart
2024-09-18 00:56:35,137 [INFO] IPUIPlugin:80 - create IPUIPlugin
2024-09-18 00:56:35,137 [INFO] PluginManager:220 - loadIPPluginJar : add usbx
2024-09-18 00:56:35,186 [INFO] ThirdPartyUpdaterWithRetryManager:70 - Updater plugin not ready yet. [3/15]
2024-09-18 00:56:35,300 [INFO] CADModel:165 - CPN selected for project level
2024-09-18 00:56:35,301 [INFO] CADModel:114 - Register for checkConnection events
2024-09-18 00:56:35,301 [FATAL] Updater:334 - Updater called before beeing initialized
2024-09-18 00:56:35,302 [ERROR] CADModel:125 - Updater not yet initialized, retry later 
2024-09-18 00:56:35,768 [INFO] CADModel:165 - CPN selected for project level
2024-09-18 00:56:35,768 [INFO] CADModel:114 - Register for checkConnection events
2024-09-18 00:56:35,769 [FATAL] Updater:334 - Updater called before beeing initialized
2024-09-18 00:56:35,769 [ERROR] CADModel:125 - Updater not yet initialized, retry later 
2024-09-18 00:56:35,774 [FATAL] Updater:334 - Updater called before beeing initialized
2024-09-18 00:56:35,969 [FATAL] Updater:334 - Updater called before beeing initialized
2024-09-18 00:56:35,995 [INFO] DbMcusAds:53 - JSON generation date=Thu May 16 16:22:00 ICT 2024 (1715851320667)
2024-09-18 00:56:35,996 [FATAL] Updater:334 - Updater called before beeing initialized
2024-09-18 00:56:36,206 [WARN] DetailPanel:346 - Failed to get advertising image, set to default
2024-09-18 00:56:36,341 [FATAL] Updater:334 - Updater called before beeing initialized
2024-09-18 00:56:36,344 [FATAL] Updater:334 - Updater called before beeing initialized
2024-09-18 00:56:36,344 [FATAL] Updater:334 - Updater called before beeing initialized
2024-09-18 00:56:36,344 [WARN] DetailPanel:346 - Failed to get advertising image, set to default
2024-09-18 00:56:36,346 [FATAL] Updater:334 - Updater called before beeing initialized
2024-09-18 00:56:36,489 [ERROR] Updater:1164 - MainUpdater not yet initialized. External WinMGr cannot be set.
2024-09-18 00:56:36,518 [INFO] Updater:1100 - Updater Version found : 6.12.0
2024-09-18 00:56:36,548 [INFO] ApplicationProperties:184 - Using Application install path: D:\ST\STM32CubeIDE_1.16.0\STM32CubeIDE\plugins\com.st.stm32cube.common.mx_6.12.0.202406281431
2024-09-18 00:56:38,192 [FATAL] Updater:334 - Updater called before beeing initialized
2024-09-18 00:56:38,192 [ERROR] IntegrityCheckThread:130 - Cannot retrieve database content from updater: error 21
2024-09-18 00:56:38,193 [INFO] ThirdParty:978 - Integrity check success = false
2024-09-18 00:56:38,193 [INFO] IntegrityCheckThread:100 - exiting critical section [integrity check]
2024-09-18 00:56:38,193 [INFO] IntegrityCheckThread:103 - End integrity checks thread
2024-09-18 00:56:38,261 [ERROR] LogOutputStream:75 - [STDERR_REDIRECT] Sep 18, 2024 12:56:38 AM java.util.prefs.WindowsPreferences <init>
2024-09-18 00:56:38,264 [ERROR] LogOutputStream:75 - [STDERR_REDIRECT] WARNING: Could not open/create prefs root node Software\JavaSoft\Prefs at root 0xffffffff80000002. Windows RegCreateKeyEx(...) returned error code 5.
2024-09-18 00:56:38,265 [ERROR] LogOutputStream:75 - [STDERR_REDIRECT] 
2024-09-18 00:56:39,048 [INFO] MainUpdater:2873 - connection check result : 10
2024-09-18 00:56:39,049 [INFO] MainUpdater:290 - Updater Check For Update Now.
2024-09-18 00:56:39,049 [INFO] MicroXplorer:498 - Change Database Version : DB.6.0.120
2024-09-18 00:56:39,094 [INFO] McuFinderGlobals:63 - Set McuFinder mode to 2 (CubeIDE integrated)
2024-09-18 00:56:39,095 [INFO] UserAuth:179 - activating auth plugin
2024-09-18 00:56:39,117 [INFO] UserAuth:417 - Internet connection configuration mode: 1
2024-09-18 00:56:39,266 [INFO] JxBrowserEngine:152 - Initiate JxBrowser Engine with user profile folder
2024-09-18 00:56:39,413 [INFO] CheckServerUpdateThread:120 - End of CheckServer Thread
2024-09-18 00:56:45,284 [INFO] WebApp:167 - Instantiating new browser for Auth
2024-09-18 00:56:46,793 [INFO] WebApp:448 - Apply proxy settings
2024-09-18 00:56:46,793 [INFO] WebApp:533 - Chromium requires no authentication
2024-09-18 00:56:46,821 [INFO] WebApp:476 - Direct internet connection detected
2024-09-18 00:56:46,864 [INFO] WebApp:869 - Register for checkConnection events
2024-09-18 00:56:46,865 [INFO] WebApp:448 - Apply proxy settings
2024-09-18 00:56:46,865 [INFO] WebApp:533 - Chromium requires no authentication
2024-09-18 00:56:46,866 [INFO] WebApp:476 - Direct internet connection detected
2024-09-18 00:56:47,235 [INFO] WebApp:186 - Connection restablished
2024-09-18 00:56:47,257 [INFO] WebApp:220 - Starting web application
2024-09-18 00:56:47,258 [INFO] WebApp:578 - Web application path used D:\ST\STM32CubeIDE_1.16.0\STM32CubeIDE\plugins\com.st.stm32cube.common.mx_6.12.0.202406281431\db\plugins\mcufinder\reactClient1\index.html
2024-09-18 15:39:14,033 [INFO] Activator:176 - 


2024-09-18 15:39:14,048 [INFO] Activator:177 - !SESSION log4j initialized
2024-09-18 15:39:24,722 [INFO] LogOutputStream:77 - [STDOUT_REDIRECT] 
2024-09-18 15:39:39,718 [INFO] ApplicationProperties:184 - Using Application install path: D:\ST\STM32CubeIDE_1.16.0\STM32CubeIDE\plugins\com.st.stm32cube.common.mx_6.12.0.202406281431
2024-09-18 15:39:39,789 [INFO] DbMcusXml:78 - Set database path to: D:\ST\STM32CubeIDE_1.16.0\STM32CubeIDE\plugins\com.st.stm32cube.common.mx_6.12.0.202406281431\\db\/mcu/
2024-09-18 15:39:39,789 [INFO] ApiDb:274 - Set plugin database path to: D:\ST\STM32CubeIDE_1.16.0\STM32CubeIDE\plugins\com.st.stm32cube.common.mx_6.12.0.202406281431\\db\/plugins/boardmanager/
2024-09-18 15:39:39,789 [WARN] ApiDb:259 - Overriding images path with different value:  => D:\ST\STM32CubeIDE_1.16.0\STM32CubeIDE\plugins\com.st.stm32cube.common.mx_6.12.0.202406281431\\db\/plugins/mcufinder/images/
2024-09-18 15:39:39,962 [INFO] ApiDb:250 - Set database path to: C:\Users\Asus\.stmcufinder\plugins\mcufinder//mcu/
2024-09-18 15:39:39,963 [INFO] DbMcusAds:125 - Set database path to: C:\Users\Asus\.stmcufinder\plugins\mcufinder//mcu/
2024-09-18 15:39:39,975 [INFO] CrossReferenceDbSqlite:203 - Set database path to: C:\Users\Asus\.stmcufinder\plugins\mcufinder//mcu/cs/
2024-09-18 15:39:40,303 [INFO] RulesReader:64 - Compatibility file has been processed (297 Rules)
2024-09-18 15:39:40,605 [INFO] DbMcusXml:78 - Set database path to: D:\ST\STM32CubeIDE_1.16.0\STM32CubeIDE\plugins\com.st.stm32cube.common.mx_6.12.0.202406281431\\db\/mcu/
2024-09-18 15:39:40,607 [INFO] ApiDb:274 - Set plugin database path to: D:\ST\STM32CubeIDE_1.16.0\STM32CubeIDE\plugins\com.st.stm32cube.common.mx_6.12.0.202406281431\\db\/plugins/boardmanager/
2024-09-18 15:39:40,607 [INFO] ApiDb:261 - Set plugin images path to: D:\ST\STM32CubeIDE_1.16.0\STM32CubeIDE\plugins\com.st.stm32cube.common.mx_6.12.0.202406281431\\db\/plugins/mcufinder/images/
2024-09-18 15:39:40,608 [WARN] DbFile:41 - Overriding database path with different value: C:\Users\Asus\.stmcufinder\plugins\mcufinder/ => C:\Users\Asus\.stmcufinder\plugins\mcufinder
2024-09-18 15:39:40,609 [INFO] ApiDb:250 - Set database path to: C:\Users\Asus\.stmcufinder\plugins\mcufinder//mcu/
2024-09-18 15:39:40,610 [WARN] DbFile:41 - Overriding database path with different value: C:\Users\Asus\.stmcufinder\plugins\mcufinder/ => C:\Users\Asus\.stmcufinder\plugins\mcufinder
2024-09-18 15:39:40,610 [INFO] DbMcusAds:125 - Set database path to: C:\Users\Asus\.stmcufinder\plugins\mcufinder//mcu/
2024-09-18 15:39:40,611 [WARN] DbFile:41 - Overriding database path with different value: C:\Users\Asus\.stmcufinder\plugins\mcufinder/ => C:\Users\Asus\.stmcufinder\plugins\mcufinder
2024-09-18 15:39:40,611 [WARN] DbFile:41 - Overriding database path with different value: C:\Users\Asus\.stmcufinder\plugins\mcufinder/ => C:\Users\Asus\.stmcufinder\plugins\mcufinder
2024-09-18 15:39:40,612 [INFO] CrossReferenceDbSqlite:203 - Set database path to: C:\Users\Asus\.stmcufinder\plugins\mcufinder//mcu/cs/
2024-09-18 15:39:40,907 [INFO] MainPanel:268 - HeapMemory: 268435456
2024-09-18 15:39:41,253 [INFO] DbMcusXml:78 - Set database path to: D:\ST\STM32CubeIDE_1.16.0\STM32CubeIDE\plugins\com.st.stm32cube.common.mx_6.12.0.202406281431\\db\/mcu/
2024-09-18 15:39:41,253 [INFO] ApiDb:274 - Set plugin database path to: D:\ST\STM32CubeIDE_1.16.0\STM32CubeIDE\plugins\com.st.stm32cube.common.mx_6.12.0.202406281431\\db\/plugins/boardmanager/
2024-09-18 15:39:41,254 [INFO] ApiDb:261 - Set plugin images path to: D:\ST\STM32CubeIDE_1.16.0\STM32CubeIDE\plugins\com.st.stm32cube.common.mx_6.12.0.202406281431\\db\/plugins/mcufinder/images/
2024-09-18 15:39:41,254 [WARN] DbFile:41 - Overriding database path with different value: C:\Users\Asus\.stmcufinder\plugins\mcufinder/ => C:\Users\Asus\.stmcufinder\plugins\mcufinder
2024-09-18 15:39:41,255 [INFO] ApiDb:250 - Set database path to: C:\Users\Asus\.stmcufinder\plugins\mcufinder//mcu/
2024-09-18 15:39:41,255 [WARN] DbFile:41 - Overriding database path with different value: C:\Users\Asus\.stmcufinder\plugins\mcufinder/ => C:\Users\Asus\.stmcufinder\plugins\mcufinder
2024-09-18 15:39:41,255 [INFO] DbMcusAds:125 - Set database path to: C:\Users\Asus\.stmcufinder\plugins\mcufinder//mcu/
2024-09-18 15:39:41,255 [WARN] DbFile:41 - Overriding database path with different value: C:\Users\Asus\.stmcufinder\plugins\mcufinder/ => C:\Users\Asus\.stmcufinder\plugins\mcufinder
2024-09-18 15:39:41,256 [WARN] DbFile:41 - Overriding database path with different value: C:\Users\Asus\.stmcufinder\plugins\mcufinder/ => C:\Users\Asus\.stmcufinder\plugins\mcufinder
2024-09-18 15:39:41,256 [INFO] CrossReferenceDbSqlite:203 - Set database path to: C:\Users\Asus\.stmcufinder\plugins\mcufinder//mcu/cs/
2024-09-18 15:39:41,306 [INFO] ApplicationProperties:184 - Using Application install path: D:\ST\STM32CubeIDE_1.16.0\STM32CubeIDE\plugins\com.st.stm32cube.common.mx_6.12.0.202406281431
2024-09-18 15:39:41,309 [INFO] PluginManage:196 - Search for loadable plugins [exclusion list=, ]
2024-09-18 15:39:41,312 [INFO] PluginManage:310 - Check plugin analytics
2024-09-18 15:39:51,658 [INFO] AnalyticsPlugin:253 - Accepted Software Licenses: 
2024-09-18 15:39:51,658 [INFO] AnalyticsPlugin:255 - Accepted CMSIS Pack Licenses: 
2024-09-18 15:39:51,659 [INFO] AnalyticsPlugin:257 - Accepted Firmware Licenses: 
2024-09-18 15:39:51,663 [INFO] PluginManage:359 - Loaded plugin analytics (category:tool,tabindex:-1)
2024-09-18 15:39:51,663 [INFO] PluginManage:310 - Check plugin cadmodel
2024-09-18 15:39:51,839 [INFO] CADModel:105 - Init CAD model plugin
2024-09-18 15:39:51,839 [INFO] PluginManage:359 - Loaded plugin cadmodel (category:power,tabindex:5)
2024-09-18 15:39:51,840 [INFO] PluginManage:310 - Check plugin clock
2024-09-18 15:39:51,882 [INFO] PluginManage:359 - Loaded plugin clock (category:base,tabindex:2)
2024-09-18 15:39:51,883 [INFO] PluginManage:310 - Check plugin ddr
2024-09-18 15:39:51,900 [INFO] PluginManage:359 - Loaded plugin ddr (category:tool,tabindex:6)
2024-09-18 15:39:51,900 [INFO] PluginManage:310 - Check plugin filemanager
2024-09-18 15:39:52,337 [INFO] PluginManage:359 - Loaded plugin filemanager (category:base,tabindex:10)
2024-09-18 15:39:52,338 [INFO] PluginManage:310 - Check plugin ipmanager
2024-09-18 15:39:52,356 [INFO] PluginManage:359 - Loaded plugin ipmanager (category:base,tabindex:5)
2024-09-18 15:39:52,357 [INFO] PluginManage:310 - Check plugin lpbam
2024-09-18 15:39:52,426 [INFO] PluginManage:359 - Loaded plugin lpbam (category:base,tabindex:0)
2024-09-18 15:39:52,427 [INFO] PluginManage:310 - Check plugin memorymap
2024-09-18 15:39:52,489 [INFO] PluginManage:359 - Loaded plugin memorymap (category:base,tabindex:4)
2024-09-18 15:39:52,489 [INFO] PluginManage:310 - Check plugin pinoutandconfiguration
2024-09-18 15:39:52,530 [INFO] PluginManage:359 - Loaded plugin pinoutandconfiguration (category:base,tabindex:1)
2024-09-18 15:39:52,531 [INFO] PluginManage:310 - Check plugin pinoutconfig
2024-09-18 15:39:52,782 [WARN] SupportedApi:132 - Cannot load RTOS API schema: s4s-elt-must-match.1: The content of 'definitions' must match (annotation?, (simpleType | complexType)?, (unique | key | keyref)*)). A problem was found starting at: attribute.
2024-09-18 15:39:53,214 [INFO] PluginManage:359 - Loaded plugin pinoutconfig (category:base,tabindex:0)
2024-09-18 15:39:53,215 [INFO] PluginManage:310 - Check plugin power
2024-09-18 15:39:53,294 [INFO] PluginManage:359 - Loaded plugin power (category:power,tabindex:4)
2024-09-18 15:39:53,294 [INFO] PluginManage:310 - Check plugin projectmanager
2024-09-18 15:39:53,379 [INFO] PluginManage:359 - Loaded plugin projectmanager (category:projectmanager,tabindex:4)
2024-09-18 15:39:53,379 [INFO] PluginManage:310 - Check plugin rif
2024-09-18 15:39:53,429 [INFO] PluginManage:359 - Loaded plugin rif (category:base,tabindex:3)
2024-09-18 15:39:53,430 [INFO] PluginManage:310 - Check plugin thirdparty
2024-09-18 15:39:54,228 [INFO] PluginManage:359 - Loaded plugin thirdparty (category:base,tabindex:-1)
2024-09-18 15:39:54,228 [WARN] IntegrityCheckThread:84 - waiting for thirdparty lock release [integrity check]
2024-09-18 15:39:54,229 [INFO] PluginManage:310 - Check plugin tools
2024-09-18 15:39:54,229 [INFO] IntegrityCheckThread:86 - entering critical section [integrity check]
2024-09-18 15:39:54,230 [INFO] ThirdPartyUpdaterWithRetryManager:70 - Updater plugin not ready yet. [1/15]
2024-09-18 15:39:54,288 [INFO] PluginManage:359 - Loaded plugin tools (category:base,tabindex:7)
2024-09-18 15:39:54,288 [INFO] PluginManage:310 - Check plugin tutovideos
2024-09-18 15:39:54,788 [INFO] PluginManage:359 - Loaded plugin tutovideos (category:base,tabindex:-1)
2024-09-18 15:39:54,788 [INFO] PluginManage:310 - Check plugin updater
2024-09-18 15:39:54,856 [INFO] PluginManage:359 - Loaded plugin updater (category:base,tabindex:12)
2024-09-18 15:39:54,857 [INFO] PluginManage:310 - Check plugin userauth
2024-09-18 15:39:54,888 [INFO] UserAuth:113 - Init User Auth plugin
2024-09-18 15:39:54,889 [INFO] PluginManage:359 - Loaded plugin userauth (category:base,tabindex:14)
2024-09-18 15:39:54,890 [INFO] PluginManage:283 - PluginManage : Loaded plugins [18]
2024-09-18 15:39:55,482 [INFO] PinOutPanel:1561 - setPackage(No Configuration,No Configuration)
2024-09-18 15:39:55,689 [INFO] CADModel:165 - CPN selected for project level
2024-09-18 15:39:55,690 [INFO] CADModel:114 - Register for checkConnection events
2024-09-18 15:39:55,805 [INFO] IPUIPlugin:80 - create IPUIPlugin
2024-09-18 15:39:55,805 [INFO] PluginManager:220 - loadIPPluginJar : add adc
2024-09-18 15:39:55,862 [INFO] IPUIPlugin:80 - create IPUIPlugin
2024-09-18 15:39:55,862 [INFO] PluginManager:220 - loadIPPluginJar : add aes
2024-09-18 15:39:55,983 [INFO] IPUIPlugin:80 - create IPUIPlugin
2024-09-18 15:39:55,984 [INFO] PluginManager:220 - loadIPPluginJar : add can
2024-09-18 15:39:56,069 [INFO] IPUIPlugin:80 - create IPUIPlugin
2024-09-18 15:39:56,070 [INFO] PluginManager:220 - loadIPPluginJar : add comp
2024-09-18 15:39:56,122 [INFO] IPUIPlugin:80 - create IPUIPlugin
2024-09-18 15:39:56,123 [INFO] PluginManager:220 - loadIPPluginJar : add cryp
2024-09-18 15:39:56,188 [INFO] IPUIPlugin:80 - create IPUIPlugin
2024-09-18 15:39:56,188 [INFO] PluginManager:220 - loadIPPluginJar : add ddr_ctrl_phy
2024-09-18 15:39:56,264 [INFO] IPUIPlugin:80 - create IPUIPlugin
2024-09-18 15:39:56,264 [INFO] PluginManager:220 - loadIPPluginJar : add dfsdm
2024-09-18 15:39:56,320 [INFO] IPUIPlugin:80 - create IPUIPlugin
2024-09-18 15:39:56,320 [INFO] PluginManager:220 - loadIPPluginJar : add dma
2024-09-18 15:39:56,387 [INFO] IPUIPlugin:80 - create IPUIPlugin
2024-09-18 15:39:56,387 [INFO] PluginManager:220 - loadIPPluginJar : add dma3
2024-09-18 15:39:56,471 [INFO] IPUIPlugin:80 - create IPUIPlugin
2024-09-18 15:39:56,471 [INFO] PluginManager:220 - loadIPPluginJar : add extmemmanager
2024-09-18 15:39:56,542 [INFO] IPUIPlugin:80 - create IPUIPlugin
2024-09-18 15:39:56,542 [INFO] PluginManager:220 - loadIPPluginJar : add fatfs
2024-09-18 15:39:56,655 [INFO] IPUIPlugin:80 - create IPUIPlugin
2024-09-18 15:39:56,655 [INFO] PluginManager:220 - loadIPPluginJar : add fmc
2024-09-18 15:39:56,743 [INFO] IPUIPlugin:80 - create IPUIPlugin
2024-09-18 15:39:56,743 [INFO] PluginManager:220 - loadIPPluginJar : add freertos
2024-09-18 15:39:56,786 [INFO] IPUIPlugin:80 - create IPUIPlugin
2024-09-18 15:39:56,787 [INFO] PluginManager:220 - loadIPPluginJar : add genericplugin
2024-09-18 15:39:57,008 [INFO] IPUIPlugin:80 - create IPUIPlugin
2024-09-18 15:39:57,009 [INFO] PluginManager:220 - loadIPPluginJar : add gfxmmu
2024-09-18 15:39:57,232 [INFO] ThirdPartyUpdaterWithRetryManager:70 - Updater plugin not ready yet. [2/15]
2024-09-18 15:39:57,372 [INFO] IPUIPlugin:80 - create IPUIPlugin
2024-09-18 15:39:57,372 [INFO] PluginManager:220 - loadIPPluginJar : add gic
2024-09-18 15:39:57,430 [INFO] IPUIPlugin:80 - create IPUIPlugin
2024-09-18 15:39:57,430 [INFO] PluginManager:220 - loadIPPluginJar : add gpio
2024-09-18 15:39:57,605 [INFO] IPUIPlugin:80 - create IPUIPlugin
2024-09-18 15:39:57,605 [INFO] PluginManager:220 - loadIPPluginJar : add gtzc
2024-09-18 15:39:57,678 [INFO] IPUIPlugin:80 - create IPUIPlugin
2024-09-18 15:39:57,678 [INFO] PluginManager:220 - loadIPPluginJar : add hash
2024-09-18 15:39:57,785 [INFO] IPUIPlugin:80 - create IPUIPlugin
2024-09-18 15:39:57,785 [INFO] PluginManager:220 - loadIPPluginJar : add i2c
2024-09-18 15:39:57,883 [INFO] IPUIPlugin:80 - create IPUIPlugin
2024-09-18 15:39:57,883 [INFO] PluginManager:220 - loadIPPluginJar : add i2s
2024-09-18 15:39:57,974 [INFO] IPUIPlugin:80 - create IPUIPlugin
2024-09-18 15:39:57,974 [INFO] PluginManager:220 - loadIPPluginJar : add i3c
2024-09-18 15:39:58,200 [INFO] IPUIPlugin:80 - create IPUIPlugin
2024-09-18 15:39:58,200 [INFO] PluginManager:220 - loadIPPluginJar : add ipddr
2024-09-18 15:39:58,372 [INFO] IPUIPlugin:80 - create IPUIPlugin
2024-09-18 15:39:58,373 [INFO] PluginManager:220 - loadIPPluginJar : add linkedlist
2024-09-18 15:39:58,468 [INFO] IPUIPlugin:80 - create IPUIPlugin
2024-09-18 15:39:58,468 [INFO] PluginManager:220 - loadIPPluginJar : add lorawan
2024-09-18 15:39:58,582 [INFO] IPUIPlugin:80 - create IPUIPlugin
2024-09-18 15:39:58,582 [INFO] PluginManager:220 - loadIPPluginJar : add ltdc
2024-09-18 15:39:58,648 [INFO] IPUIPlugin:80 - create IPUIPlugin
2024-09-18 15:39:58,649 [INFO] PluginManager:220 - loadIPPluginJar : add mdma
2024-09-18 15:39:58,679 [INFO] IPUIPlugin:80 - create IPUIPlugin
2024-09-18 15:39:58,679 [INFO] PluginManager:220 - loadIPPluginJar : add nvic
2024-09-18 15:39:58,723 [INFO] IPUIPlugin:80 - create IPUIPlugin
2024-09-18 15:39:58,723 [INFO] PluginManager:220 - loadIPPluginJar : add opamp
2024-09-18 15:39:58,864 [INFO] IPUIPlugin:80 - create IPUIPlugin
2024-09-18 15:39:58,864 [INFO] PluginManager:220 - loadIPPluginJar : add openamp
2024-09-18 15:39:58,993 [INFO] IPUIPlugin:80 - create IPUIPlugin
2024-09-18 15:39:58,994 [INFO] PluginManager:220 - loadIPPluginJar : add pdm2pcm
2024-09-18 15:39:59,064 [INFO] IPUIPlugin:80 - create IPUIPlugin
2024-09-18 15:39:59,070 [INFO] PluginManager:220 - loadIPPluginJar : add plateformsettings
2024-09-18 15:39:59,129 [INFO] IPUIPlugin:80 - create IPUIPlugin
2024-09-18 15:39:59,130 [INFO] PluginManager:220 - loadIPPluginJar : add quadspi
2024-09-18 15:39:59,177 [INFO] IPUIPlugin:80 - create IPUIPlugin
2024-09-18 15:39:59,179 [INFO] PluginManager:220 - loadIPPluginJar : add radio
2024-09-18 15:39:59,220 [INFO] IPUIPlugin:80 - create IPUIPlugin
2024-09-18 15:39:59,220 [INFO] PluginManager:220 - loadIPPluginJar : add resmgrutility
2024-09-18 15:39:59,356 [INFO] IPUIPlugin:80 - create IPUIPlugin
2024-09-18 15:39:59,356 [INFO] PluginManager:220 - loadIPPluginJar : add sai
2024-09-18 15:39:59,421 [INFO] IPUIPlugin:80 - create IPUIPlugin
2024-09-18 15:39:59,421 [INFO] PluginManager:220 - loadIPPluginJar : add spi
2024-09-18 15:39:59,591 [INFO] IPUIPlugin:80 - create IPUIPlugin
2024-09-18 15:39:59,591 [INFO] PluginManager:220 - loadIPPluginJar : add stm32_wpan
2024-09-18 15:39:59,637 [INFO] IPUIPlugin:80 - create IPUIPlugin
2024-09-18 15:39:59,638 [INFO] PluginManager:220 - loadIPPluginJar : add tim
2024-09-18 15:39:59,813 [INFO] IPUIPlugin:80 - create IPUIPlugin
2024-09-18 15:39:59,813 [INFO] PluginManager:220 - loadIPPluginJar : add touchsensing
2024-09-18 15:39:59,893 [INFO] IPUIPlugin:80 - create IPUIPlugin
2024-09-18 15:39:59,893 [INFO] PluginManager:220 - loadIPPluginJar : add tracer_emb
2024-09-18 15:39:59,925 [INFO] IPUIPlugin:80 - create IPUIPlugin
2024-09-18 15:39:59,925 [INFO] PluginManager:220 - loadIPPluginJar : add ts
2024-09-18 15:39:59,969 [INFO] IPUIPlugin:80 - create IPUIPlugin
2024-09-18 15:39:59,969 [INFO] PluginManager:220 - loadIPPluginJar : add tsc
2024-09-18 15:40:00,016 [INFO] IPUIPlugin:80 - create IPUIPlugin
2024-09-18 15:40:00,016 [INFO] PluginManager:220 - loadIPPluginJar : add ucpd
2024-09-18 15:40:00,098 [INFO] IPUIPlugin:80 - create IPUIPlugin
2024-09-18 15:40:00,098 [INFO] PluginManager:220 - loadIPPluginJar : add usart
2024-09-18 15:40:00,181 [INFO] IPUIPlugin:80 - create IPUIPlugin
2024-09-18 15:40:00,181 [INFO] PluginManager:220 - loadIPPluginJar : add usbx
2024-09-18 15:40:00,239 [INFO] ThirdPartyUpdaterWithRetryManager:70 - Updater plugin not ready yet. [3/15]
2024-09-18 15:40:00,364 [INFO] CADModel:165 - CPN selected for project level
2024-09-18 15:40:00,364 [INFO] CADModel:114 - Register for checkConnection events
2024-09-18 15:40:00,367 [FATAL] Updater:334 - Updater called before beeing initialized
2024-09-18 15:40:00,367 [ERROR] CADModel:125 - Updater not yet initialized, retry later 
2024-09-18 15:40:00,812 [INFO] CADModel:165 - CPN selected for project level
2024-09-18 15:40:00,812 [INFO] CADModel:114 - Register for checkConnection events
2024-09-18 15:40:00,813 [FATAL] Updater:334 - Updater called before beeing initialized
2024-09-18 15:40:00,813 [ERROR] CADModel:125 - Updater not yet initialized, retry later 
2024-09-18 15:40:00,820 [FATAL] Updater:334 - Updater called before beeing initialized
2024-09-18 15:40:01,138 [FATAL] Updater:334 - Updater called before beeing initialized
2024-09-18 15:40:01,182 [INFO] DbMcusAds:53 - JSON generation date=Thu May 16 16:22:00 ICT 2024 (1715851320667)
2024-09-18 15:40:01,182 [FATAL] Updater:334 - Updater called before beeing initialized
2024-09-18 15:40:01,437 [WARN] DetailPanel:346 - Failed to get advertising image, set to default
2024-09-18 15:40:01,594 [FATAL] Updater:334 - Updater called before beeing initialized
2024-09-18 15:40:01,597 [FATAL] Updater:334 - Updater called before beeing initialized
2024-09-18 15:40:01,597 [FATAL] Updater:334 - Updater called before beeing initialized
2024-09-18 15:40:01,597 [WARN] DetailPanel:346 - Failed to get advertising image, set to default
2024-09-18 15:40:01,599 [FATAL] Updater:334 - Updater called before beeing initialized
2024-09-18 15:40:01,795 [ERROR] Updater:1164 - MainUpdater not yet initialized. External WinMGr cannot be set.
2024-09-18 15:40:01,833 [INFO] Updater:1100 - Updater Version found : 6.12.0
2024-09-18 15:40:01,890 [INFO] ApplicationProperties:184 - Using Application install path: D:\ST\STM32CubeIDE_1.16.0\STM32CubeIDE\plugins\com.st.stm32cube.common.mx_6.12.0.202406281431
2024-09-18 15:40:03,249 [FATAL] Updater:334 - Updater called before beeing initialized
2024-09-18 15:40:03,250 [ERROR] IntegrityCheckThread:130 - Cannot retrieve database content from updater: error 21
2024-09-18 15:40:03,251 [INFO] ThirdParty:978 - Integrity check success = false
2024-09-18 15:40:03,252 [INFO] IntegrityCheckThread:100 - exiting critical section [integrity check]
2024-09-18 15:40:03,252 [INFO] IntegrityCheckThread:103 - End integrity checks thread
2024-09-18 15:40:03,591 [ERROR] LogOutputStream:75 - [STDERR_REDIRECT] Sep 18, 2024 3:40:03 PM java.util.prefs.WindowsPreferences <init>
2024-09-18 15:40:03,599 [ERROR] LogOutputStream:75 - [STDERR_REDIRECT] WARNING: Could not open/create prefs root node Software\JavaSoft\Prefs at root 0xffffffff80000002. Windows RegCreateKeyEx(...) returned error code 5.
2024-09-18 15:40:03,599 [ERROR] LogOutputStream:75 - [STDERR_REDIRECT] 
2024-09-18 15:40:04,375 [INFO] MainUpdater:2873 - connection check result : 10
2024-09-18 15:40:04,377 [INFO] MainUpdater:290 - Updater Check For Update Now.
2024-09-18 15:40:04,378 [INFO] MicroXplorer:498 - Change Database Version : DB.6.0.120
2024-09-18 15:40:04,451 [INFO] McuFinderGlobals:63 - Set McuFinder mode to 2 (CubeIDE integrated)
2024-09-18 15:40:04,451 [INFO] UserAuth:179 - activating auth plugin
2024-09-18 15:40:04,473 [INFO] UserAuth:417 - Internet connection configuration mode: 1
2024-09-18 15:40:04,623 [INFO] JxBrowserEngine:152 - Initiate JxBrowser Engine with user profile folder
2024-09-18 15:40:04,770 [INFO] CheckServerUpdateThread:120 - End of CheckServer Thread
2024-09-18 15:40:11,184 [INFO] WebApp:167 - Instantiating new browser for Auth
2024-09-18 15:40:12,403 [INFO] WebApp:448 - Apply proxy settings
2024-09-18 15:40:12,403 [INFO] WebApp:533 - Chromium requires no authentication
2024-09-18 15:40:12,426 [INFO] WebApp:476 - Direct internet connection detected
2024-09-18 15:40:12,494 [INFO] WebApp:869 - Register for checkConnection events
2024-09-18 15:40:12,494 [INFO] WebApp:448 - Apply proxy settings
2024-09-18 15:40:12,495 [INFO] WebApp:533 - Chromium requires no authentication
2024-09-18 15:40:12,496 [INFO] WebApp:476 - Direct internet connection detected
2024-09-18 15:40:12,826 [INFO] WebApp:186 - Connection restablished
2024-09-18 15:40:12,878 [INFO] WebApp:220 - Starting web application
2024-09-18 15:40:12,878 [INFO] WebApp:578 - Web application path used D:\ST\STM32CubeIDE_1.16.0\STM32CubeIDE\plugins\com.st.stm32cube.common.mx_6.12.0.202406281431\db\plugins\mcufinder\reactClient1\index.html
2024-09-18 17:09:53,828 [ERROR] LogOutputStream:75 - [STDERR_REDIRECT] 
