2024-10-21 09:56:42,186 [INFO] Activator:176 - 


2024-10-21 09:56:42,212 [INFO] Activator:177 - !SESSION log4j initialized
2024-10-21 09:57:00,937 [INFO] LogOutputStream:77 - [STDOUT_REDIRECT] 
2024-10-21 09:57:15,447 [INFO] ApplicationProperties:184 - Using Application install path: D:\ST\STM32CubeIDE_1.16.0\STM32CubeIDE\plugins\com.st.stm32cube.common.mx_6.12.0.202406281431
2024-10-21 09:57:15,568 [INFO] DbMcusXml:78 - Set database path to: D:\ST\STM32CubeIDE_1.16.0\STM32CubeIDE\plugins\com.st.stm32cube.common.mx_6.12.0.202406281431\\db\/mcu/
2024-10-21 09:57:15,569 [INFO] ApiDb:274 - Set plugin database path to: D:\ST\STM32CubeIDE_1.16.0\STM32CubeIDE\plugins\com.st.stm32cube.common.mx_6.12.0.202406281431\\db\/plugins/boardmanager/
2024-10-21 09:57:15,570 [WARN] ApiDb:259 - Overriding images path with different value:  => D:\ST\STM32CubeIDE_1.16.0\STM32CubeIDE\plugins\com.st.stm32cube.common.mx_6.12.0.202406281431\\db\/plugins/mcufinder/images/
2024-10-21 09:57:15,717 [INFO] ApiDb:250 - Set database path to: C:\Users\Asus\.stmcufinder\plugins\mcufinder//mcu/
2024-10-21 09:57:15,720 [INFO] DbMcusAds:125 - Set database path to: C:\Users\Asus\.stmcufinder\plugins\mcufinder//mcu/
2024-10-21 09:57:15,733 [INFO] CrossReferenceDbSqlite:203 - Set database path to: C:\Users\Asus\.stmcufinder\plugins\mcufinder//mcu/cs/
2024-10-21 09:57:16,137 [INFO] RulesReader:64 - Compatibility file has been processed (297 Rules)
2024-10-21 09:57:16,419 [INFO] DbMcusXml:78 - Set database path to: D:\ST\STM32CubeIDE_1.16.0\STM32CubeIDE\plugins\com.st.stm32cube.common.mx_6.12.0.202406281431\\db\/mcu/
2024-10-21 09:57:16,420 [INFO] ApiDb:274 - Set plugin database path to: D:\ST\STM32CubeIDE_1.16.0\STM32CubeIDE\plugins\com.st.stm32cube.common.mx_6.12.0.202406281431\\db\/plugins/boardmanager/
2024-10-21 09:57:16,420 [INFO] ApiDb:261 - Set plugin images path to: D:\ST\STM32CubeIDE_1.16.0\STM32CubeIDE\plugins\com.st.stm32cube.common.mx_6.12.0.202406281431\\db\/plugins/mcufinder/images/
2024-10-21 09:57:16,420 [WARN] DbFile:41 - Overriding database path with different value: C:\Users\Asus\.stmcufinder\plugins\mcufinder/ => C:\Users\Asus\.stmcufinder\plugins\mcufinder
2024-10-21 09:57:16,421 [INFO] ApiDb:250 - Set database path to: C:\Users\Asus\.stmcufinder\plugins\mcufinder//mcu/
2024-10-21 09:57:16,421 [WARN] DbFile:41 - Overriding database path with different value: C:\Users\Asus\.stmcufinder\plugins\mcufinder/ => C:\Users\Asus\.stmcufinder\plugins\mcufinder
2024-10-21 09:57:16,421 [INFO] DbMcusAds:125 - Set database path to: C:\Users\Asus\.stmcufinder\plugins\mcufinder//mcu/
2024-10-21 09:57:16,421 [WARN] DbFile:41 - Overriding database path with different value: C:\Users\Asus\.stmcufinder\plugins\mcufinder/ => C:\Users\Asus\.stmcufinder\plugins\mcufinder
2024-10-21 09:57:16,421 [WARN] DbFile:41 - Overriding database path with different value: C:\Users\Asus\.stmcufinder\plugins\mcufinder/ => C:\Users\Asus\.stmcufinder\plugins\mcufinder
2024-10-21 09:57:16,421 [INFO] CrossReferenceDbSqlite:203 - Set database path to: C:\Users\Asus\.stmcufinder\plugins\mcufinder//mcu/cs/
2024-10-21 09:57:16,632 [INFO] MainPanel:268 - HeapMemory: 268435456
2024-10-21 09:57:16,997 [INFO] DbMcusXml:78 - Set database path to: D:\ST\STM32CubeIDE_1.16.0\STM32CubeIDE\plugins\com.st.stm32cube.common.mx_6.12.0.202406281431\\db\/mcu/
2024-10-21 09:57:16,997 [INFO] ApiDb:274 - Set plugin database path to: D:\ST\STM32CubeIDE_1.16.0\STM32CubeIDE\plugins\com.st.stm32cube.common.mx_6.12.0.202406281431\\db\/plugins/boardmanager/
2024-10-21 09:57:16,998 [INFO] ApiDb:261 - Set plugin images path to: D:\ST\STM32CubeIDE_1.16.0\STM32CubeIDE\plugins\com.st.stm32cube.common.mx_6.12.0.202406281431\\db\/plugins/mcufinder/images/
2024-10-21 09:57:17,014 [WARN] DbFile:41 - Overriding database path with different value: C:\Users\Asus\.stmcufinder\plugins\mcufinder/ => C:\Users\Asus\.stmcufinder\plugins\mcufinder
2024-10-21 09:57:17,014 [INFO] ApiDb:250 - Set database path to: C:\Users\Asus\.stmcufinder\plugins\mcufinder//mcu/
2024-10-21 09:57:17,014 [WARN] DbFile:41 - Overriding database path with different value: C:\Users\Asus\.stmcufinder\plugins\mcufinder/ => C:\Users\Asus\.stmcufinder\plugins\mcufinder
2024-10-21 09:57:17,014 [INFO] DbMcusAds:125 - Set database path to: C:\Users\Asus\.stmcufinder\plugins\mcufinder//mcu/
2024-10-21 09:57:17,015 [WARN] DbFile:41 - Overriding database path with different value: C:\Users\Asus\.stmcufinder\plugins\mcufinder/ => C:\Users\Asus\.stmcufinder\plugins\mcufinder
2024-10-21 09:57:17,015 [WARN] DbFile:41 - Overriding database path with different value: C:\Users\Asus\.stmcufinder\plugins\mcufinder/ => C:\Users\Asus\.stmcufinder\plugins\mcufinder
2024-10-21 09:57:17,015 [INFO] CrossReferenceDbSqlite:203 - Set database path to: C:\Users\Asus\.stmcufinder\plugins\mcufinder//mcu/cs/
2024-10-21 09:57:17,042 [INFO] ApplicationProperties:184 - Using Application install path: D:\ST\STM32CubeIDE_1.16.0\STM32CubeIDE\plugins\com.st.stm32cube.common.mx_6.12.0.202406281431
2024-10-21 09:57:17,044 [INFO] PluginManage:196 - Search for loadable plugins [exclusion list=, ]
2024-10-21 09:57:17,047 [INFO] PluginManage:310 - Check plugin analytics
2024-10-21 09:57:27,028 [INFO] AnalyticsPlugin:253 - Accepted Software Licenses: 
2024-10-21 09:57:27,028 [INFO] AnalyticsPlugin:255 - Accepted CMSIS Pack Licenses: 
2024-10-21 09:57:27,028 [INFO] AnalyticsPlugin:257 - Accepted Firmware Licenses: 
2024-10-21 09:57:27,032 [INFO] PluginManage:359 - Loaded plugin analytics (category:tool,tabindex:-1)
2024-10-21 09:57:27,032 [INFO] PluginManage:310 - Check plugin cadmodel
2024-10-21 09:57:27,097 [INFO] CADModel:105 - Init CAD model plugin
2024-10-21 09:57:27,098 [INFO] PluginManage:359 - Loaded plugin cadmodel (category:power,tabindex:5)
2024-10-21 09:57:27,098 [INFO] PluginManage:310 - Check plugin clock
2024-10-21 09:57:27,132 [INFO] PluginManage:359 - Loaded plugin clock (category:base,tabindex:2)
2024-10-21 09:57:27,132 [INFO] PluginManage:310 - Check plugin ddr
2024-10-21 09:57:27,147 [INFO] PluginManage:359 - Loaded plugin ddr (category:tool,tabindex:6)
2024-10-21 09:57:27,147 [INFO] PluginManage:310 - Check plugin filemanager
2024-10-21 09:57:27,537 [INFO] PluginManage:359 - Loaded plugin filemanager (category:base,tabindex:10)
2024-10-21 09:57:27,537 [INFO] PluginManage:310 - Check plugin ipmanager
2024-10-21 09:57:27,550 [INFO] PluginManage:359 - Loaded plugin ipmanager (category:base,tabindex:5)
2024-10-21 09:57:27,551 [INFO] PluginManage:310 - Check plugin lpbam
2024-10-21 09:57:27,600 [INFO] PluginManage:359 - Loaded plugin lpbam (category:base,tabindex:0)
2024-10-21 09:57:27,600 [INFO] PluginManage:310 - Check plugin memorymap
2024-10-21 09:57:27,661 [INFO] PluginManage:359 - Loaded plugin memorymap (category:base,tabindex:4)
2024-10-21 09:57:27,662 [INFO] PluginManage:310 - Check plugin pinoutandconfiguration
2024-10-21 09:57:27,693 [INFO] PluginManage:359 - Loaded plugin pinoutandconfiguration (category:base,tabindex:1)
2024-10-21 09:57:27,693 [INFO] PluginManage:310 - Check plugin pinoutconfig
2024-10-21 09:57:27,995 [WARN] SupportedApi:132 - Cannot load RTOS API schema: s4s-elt-must-match.1: The content of 'definitions' must match (annotation?, (simpleType | complexType)?, (unique | key | keyref)*)). A problem was found starting at: attribute.
2024-10-21 09:57:28,311 [INFO] PluginManage:359 - Loaded plugin pinoutconfig (category:base,tabindex:0)
2024-10-21 09:57:28,312 [INFO] PluginManage:310 - Check plugin power
2024-10-21 09:57:28,403 [INFO] PluginManage:359 - Loaded plugin power (category:power,tabindex:4)
2024-10-21 09:57:28,403 [INFO] PluginManage:310 - Check plugin projectmanager
2024-10-21 09:57:28,449 [INFO] PluginManage:359 - Loaded plugin projectmanager (category:projectmanager,tabindex:4)
2024-10-21 09:57:28,449 [INFO] PluginManage:310 - Check plugin rif
2024-10-21 09:57:28,496 [INFO] PluginManage:359 - Loaded plugin rif (category:base,tabindex:3)
2024-10-21 09:57:28,496 [INFO] PluginManage:310 - Check plugin thirdparty
2024-10-21 09:57:29,278 [INFO] PluginManage:359 - Loaded plugin thirdparty (category:base,tabindex:-1)
2024-10-21 09:57:29,278 [WARN] IntegrityCheckThread:84 - waiting for thirdparty lock release [integrity check]
2024-10-21 09:57:29,291 [INFO] PluginManage:310 - Check plugin tools
2024-10-21 09:57:29,291 [INFO] IntegrityCheckThread:86 - entering critical section [integrity check]
2024-10-21 09:57:29,291 [INFO] ThirdPartyUpdaterWithRetryManager:70 - Updater plugin not ready yet. [1/15]
2024-10-21 09:57:29,375 [INFO] PluginManage:359 - Loaded plugin tools (category:base,tabindex:7)
2024-10-21 09:57:29,376 [INFO] PluginManage:310 - Check plugin tutovideos
2024-10-21 09:57:30,006 [INFO] PluginManage:359 - Loaded plugin tutovideos (category:base,tabindex:-1)
2024-10-21 09:57:30,007 [INFO] PluginManage:310 - Check plugin updater
2024-10-21 09:57:30,066 [INFO] PluginManage:359 - Loaded plugin updater (category:base,tabindex:12)
2024-10-21 09:57:30,066 [INFO] PluginManage:310 - Check plugin userauth
2024-10-21 09:57:30,115 [INFO] UserAuth:113 - Init User Auth plugin
2024-10-21 09:57:30,116 [INFO] PluginManage:359 - Loaded plugin userauth (category:base,tabindex:14)
2024-10-21 09:57:30,118 [INFO] PluginManage:283 - PluginManage : Loaded plugins [18]
2024-10-21 09:57:30,754 [INFO] PinOutPanel:1561 - setPackage(No Configuration,No Configuration)
2024-10-21 09:57:31,019 [INFO] CADModel:165 - CPN selected for project level
2024-10-21 09:57:31,019 [INFO] CADModel:114 - Register for checkConnection events
2024-10-21 09:57:31,126 [INFO] IPUIPlugin:80 - create IPUIPlugin
2024-10-21 09:57:31,127 [INFO] PluginManager:220 - loadIPPluginJar : add adc
2024-10-21 09:57:31,212 [INFO] IPUIPlugin:80 - create IPUIPlugin
2024-10-21 09:57:31,213 [INFO] PluginManager:220 - loadIPPluginJar : add aes
2024-10-21 09:57:31,357 [INFO] IPUIPlugin:80 - create IPUIPlugin
2024-10-21 09:57:31,358 [INFO] PluginManager:220 - loadIPPluginJar : add can
2024-10-21 09:57:31,425 [INFO] IPUIPlugin:80 - create IPUIPlugin
2024-10-21 09:57:31,426 [INFO] PluginManager:220 - loadIPPluginJar : add comp
2024-10-21 09:57:31,478 [INFO] IPUIPlugin:80 - create IPUIPlugin
2024-10-21 09:57:31,478 [INFO] PluginManager:220 - loadIPPluginJar : add cryp
2024-10-21 09:57:31,540 [INFO] IPUIPlugin:80 - create IPUIPlugin
2024-10-21 09:57:31,541 [INFO] PluginManager:220 - loadIPPluginJar : add ddr_ctrl_phy
2024-10-21 09:57:31,584 [INFO] IPUIPlugin:80 - create IPUIPlugin
2024-10-21 09:57:31,584 [INFO] PluginManager:220 - loadIPPluginJar : add dfsdm
2024-10-21 09:57:31,633 [INFO] IPUIPlugin:80 - create IPUIPlugin
2024-10-21 09:57:31,634 [INFO] PluginManager:220 - loadIPPluginJar : add dma
2024-10-21 09:57:31,709 [INFO] IPUIPlugin:80 - create IPUIPlugin
2024-10-21 09:57:31,709 [INFO] PluginManager:220 - loadIPPluginJar : add dma3
2024-10-21 09:57:31,806 [INFO] IPUIPlugin:80 - create IPUIPlugin
2024-10-21 09:57:31,806 [INFO] PluginManager:220 - loadIPPluginJar : add extmemmanager
2024-10-21 09:57:31,855 [INFO] IPUIPlugin:80 - create IPUIPlugin
2024-10-21 09:57:31,855 [INFO] PluginManager:220 - loadIPPluginJar : add fatfs
2024-10-21 09:57:31,946 [INFO] IPUIPlugin:80 - create IPUIPlugin
2024-10-21 09:57:31,946 [INFO] PluginManager:220 - loadIPPluginJar : add fmc
2024-10-21 09:57:31,993 [INFO] IPUIPlugin:80 - create IPUIPlugin
2024-10-21 09:57:31,994 [INFO] PluginManager:220 - loadIPPluginJar : add freertos
2024-10-21 09:57:32,042 [INFO] IPUIPlugin:80 - create IPUIPlugin
2024-10-21 09:57:32,042 [INFO] PluginManager:220 - loadIPPluginJar : add genericplugin
2024-10-21 09:57:32,214 [INFO] IPUIPlugin:80 - create IPUIPlugin
2024-10-21 09:57:32,215 [INFO] PluginManager:220 - loadIPPluginJar : add gfxmmu
2024-10-21 09:57:32,300 [INFO] ThirdPartyUpdaterWithRetryManager:70 - Updater plugin not ready yet. [2/15]
2024-10-21 09:57:32,587 [INFO] IPUIPlugin:80 - create IPUIPlugin
2024-10-21 09:57:32,587 [INFO] PluginManager:220 - loadIPPluginJar : add gic
2024-10-21 09:57:32,645 [INFO] IPUIPlugin:80 - create IPUIPlugin
2024-10-21 09:57:32,645 [INFO] PluginManager:220 - loadIPPluginJar : add gpio
2024-10-21 09:57:32,795 [INFO] IPUIPlugin:80 - create IPUIPlugin
2024-10-21 09:57:32,796 [INFO] PluginManager:220 - loadIPPluginJar : add gtzc
2024-10-21 09:57:32,858 [INFO] IPUIPlugin:80 - create IPUIPlugin
2024-10-21 09:57:32,858 [INFO] PluginManager:220 - loadIPPluginJar : add hash
2024-10-21 09:57:32,965 [INFO] IPUIPlugin:80 - create IPUIPlugin
2024-10-21 09:57:32,965 [INFO] PluginManager:220 - loadIPPluginJar : add i2c
2024-10-21 09:57:33,086 [INFO] IPUIPlugin:80 - create IPUIPlugin
2024-10-21 09:57:33,087 [INFO] PluginManager:220 - loadIPPluginJar : add i2s
2024-10-21 09:57:33,204 [INFO] IPUIPlugin:80 - create IPUIPlugin
2024-10-21 09:57:33,222 [INFO] PluginManager:220 - loadIPPluginJar : add i3c
2024-10-21 09:57:33,438 [INFO] IPUIPlugin:80 - create IPUIPlugin
2024-10-21 09:57:33,439 [INFO] PluginManager:220 - loadIPPluginJar : add ipddr
2024-10-21 09:57:33,645 [INFO] IPUIPlugin:80 - create IPUIPlugin
2024-10-21 09:57:33,645 [INFO] PluginManager:220 - loadIPPluginJar : add linkedlist
2024-10-21 09:57:33,746 [INFO] IPUIPlugin:80 - create IPUIPlugin
2024-10-21 09:57:33,746 [INFO] PluginManager:220 - loadIPPluginJar : add lorawan
2024-10-21 09:57:33,819 [INFO] IPUIPlugin:80 - create IPUIPlugin
2024-10-21 09:57:33,819 [INFO] PluginManager:220 - loadIPPluginJar : add ltdc
2024-10-21 09:57:33,858 [INFO] IPUIPlugin:80 - create IPUIPlugin
2024-10-21 09:57:33,858 [INFO] PluginManager:220 - loadIPPluginJar : add mdma
2024-10-21 09:57:33,882 [INFO] IPUIPlugin:80 - create IPUIPlugin
2024-10-21 09:57:33,882 [INFO] PluginManager:220 - loadIPPluginJar : add nvic
2024-10-21 09:57:33,946 [INFO] IPUIPlugin:80 - create IPUIPlugin
2024-10-21 09:57:33,946 [INFO] PluginManager:220 - loadIPPluginJar : add opamp
2024-10-21 09:57:34,076 [INFO] IPUIPlugin:80 - create IPUIPlugin
2024-10-21 09:57:34,076 [INFO] PluginManager:220 - loadIPPluginJar : add openamp
2024-10-21 09:57:34,169 [INFO] IPUIPlugin:80 - create IPUIPlugin
2024-10-21 09:57:34,169 [INFO] PluginManager:220 - loadIPPluginJar : add pdm2pcm
2024-10-21 09:57:34,219 [INFO] IPUIPlugin:80 - create IPUIPlugin
2024-10-21 09:57:34,223 [INFO] PluginManager:220 - loadIPPluginJar : add plateformsettings
2024-10-21 09:57:34,268 [INFO] IPUIPlugin:80 - create IPUIPlugin
2024-10-21 09:57:34,268 [INFO] PluginManager:220 - loadIPPluginJar : add quadspi
2024-10-21 09:57:34,313 [INFO] IPUIPlugin:80 - create IPUIPlugin
2024-10-21 09:57:34,314 [INFO] PluginManager:220 - loadIPPluginJar : add radio
2024-10-21 09:57:34,348 [INFO] IPUIPlugin:80 - create IPUIPlugin
2024-10-21 09:57:34,348 [INFO] PluginManager:220 - loadIPPluginJar : add resmgrutility
2024-10-21 09:57:34,449 [INFO] IPUIPlugin:80 - create IPUIPlugin
2024-10-21 09:57:34,450 [INFO] PluginManager:220 - loadIPPluginJar : add sai
2024-10-21 09:57:34,549 [INFO] IPUIPlugin:80 - create IPUIPlugin
2024-10-21 09:57:34,549 [INFO] PluginManager:220 - loadIPPluginJar : add spi
2024-10-21 09:57:34,664 [INFO] IPUIPlugin:80 - create IPUIPlugin
2024-10-21 09:57:34,664 [INFO] PluginManager:220 - loadIPPluginJar : add stm32_wpan
2024-10-21 09:57:34,732 [INFO] IPUIPlugin:80 - create IPUIPlugin
2024-10-21 09:57:34,733 [INFO] PluginManager:220 - loadIPPluginJar : add tim
2024-10-21 09:57:34,934 [INFO] IPUIPlugin:80 - create IPUIPlugin
2024-10-21 09:57:34,934 [INFO] PluginManager:220 - loadIPPluginJar : add touchsensing
2024-10-21 09:57:34,970 [INFO] IPUIPlugin:80 - create IPUIPlugin
2024-10-21 09:57:34,970 [INFO] PluginManager:220 - loadIPPluginJar : add tracer_emb
2024-10-21 09:57:35,004 [INFO] IPUIPlugin:80 - create IPUIPlugin
2024-10-21 09:57:35,004 [INFO] PluginManager:220 - loadIPPluginJar : add ts
2024-10-21 09:57:35,088 [INFO] IPUIPlugin:80 - create IPUIPlugin
2024-10-21 09:57:35,088 [INFO] PluginManager:220 - loadIPPluginJar : add tsc
2024-10-21 09:57:35,127 [INFO] IPUIPlugin:80 - create IPUIPlugin
2024-10-21 09:57:35,127 [INFO] PluginManager:220 - loadIPPluginJar : add ucpd
2024-10-21 09:57:35,207 [INFO] IPUIPlugin:80 - create IPUIPlugin
2024-10-21 09:57:35,207 [INFO] PluginManager:220 - loadIPPluginJar : add usart
2024-10-21 09:57:35,263 [INFO] IPUIPlugin:80 - create IPUIPlugin
2024-10-21 09:57:35,263 [INFO] PluginManager:220 - loadIPPluginJar : add usbx
2024-10-21 09:57:35,308 [INFO] ThirdPartyUpdaterWithRetryManager:70 - Updater plugin not ready yet. [3/15]
2024-10-21 09:57:35,450 [INFO] CADModel:165 - CPN selected for project level
2024-10-21 09:57:35,450 [INFO] CADModel:114 - Register for checkConnection events
2024-10-21 09:57:35,451 [FATAL] Updater:334 - Updater called before beeing initialized
2024-10-21 09:57:35,451 [ERROR] CADModel:125 - Updater not yet initialized, retry later 
2024-10-21 09:57:35,880 [INFO] CADModel:165 - CPN selected for project level
2024-10-21 09:57:35,880 [INFO] CADModel:114 - Register for checkConnection events
2024-10-21 09:57:35,880 [FATAL] Updater:334 - Updater called before beeing initialized
2024-10-21 09:57:35,880 [ERROR] CADModel:125 - Updater not yet initialized, retry later 
2024-10-21 09:57:35,889 [FATAL] Updater:334 - Updater called before beeing initialized
2024-10-21 09:57:36,143 [FATAL] Updater:334 - Updater called before beeing initialized
2024-10-21 09:57:36,185 [INFO] DbMcusAds:53 - JSON generation date=Fri Sep 20 20:04:23 ICT 2024 (1726837463113)
2024-10-21 09:57:36,185 [FATAL] Updater:334 - Updater called before beeing initialized
2024-10-21 09:57:36,497 [WARN] DetailPanel:346 - Failed to get advertising image, set to default
2024-10-21 09:57:36,659 [FATAL] Updater:334 - Updater called before beeing initialized
2024-10-21 09:57:36,663 [FATAL] Updater:334 - Updater called before beeing initialized
2024-10-21 09:57:36,663 [FATAL] Updater:334 - Updater called before beeing initialized
2024-10-21 09:57:36,663 [WARN] DetailPanel:346 - Failed to get advertising image, set to default
2024-10-21 09:57:36,665 [FATAL] Updater:334 - Updater called before beeing initialized
2024-10-21 09:57:36,850 [ERROR] Updater:1164 - MainUpdater not yet initialized. External WinMGr cannot be set.
2024-10-21 09:57:36,878 [INFO] Updater:1100 - Updater Version found : 6.12.0
2024-10-21 09:57:36,917 [INFO] ApplicationProperties:184 - Using Application install path: D:\ST\STM32CubeIDE_1.16.0\STM32CubeIDE\plugins\com.st.stm32cube.common.mx_6.12.0.202406281431
2024-10-21 09:57:38,318 [FATAL] Updater:334 - Updater called before beeing initialized
2024-10-21 09:57:38,319 [ERROR] IntegrityCheckThread:130 - Cannot retrieve database content from updater: error 21
2024-10-21 09:57:38,319 [INFO] ThirdParty:978 - Integrity check success = false
2024-10-21 09:57:38,319 [INFO] IntegrityCheckThread:100 - exiting critical section [integrity check]
2024-10-21 09:57:38,319 [INFO] IntegrityCheckThread:103 - End integrity checks thread
2024-10-21 09:57:38,609 [ERROR] LogOutputStream:75 - [STDERR_REDIRECT] Oct 21, 2024 9:57:38 AM java.util.prefs.WindowsPreferences <init>
2024-10-21 09:57:38,611 [ERROR] LogOutputStream:75 - [STDERR_REDIRECT] WARNING: Could not open/create prefs root node Software\JavaSoft\Prefs at root 0xffffffff80000002. Windows RegCreateKeyEx(...) returned error code 5.
2024-10-21 09:57:38,612 [ERROR] LogOutputStream:75 - [STDERR_REDIRECT] 
2024-10-21 09:57:39,339 [INFO] MainUpdater:2873 - connection check result : 10
2024-10-21 09:57:39,341 [INFO] MainUpdater:290 - Updater Check For Update Now.
2024-10-21 09:57:39,341 [INFO] MicroXplorer:498 - Change Database Version : DB.6.0.120
2024-10-21 09:57:39,390 [INFO] McuFinderGlobals:63 - Set McuFinder mode to 2 (CubeIDE integrated)
2024-10-21 09:57:39,391 [INFO] UserAuth:179 - activating auth plugin
2024-10-21 09:57:39,409 [INFO] UserAuth:417 - Internet connection configuration mode: 1
2024-10-21 09:57:39,536 [INFO] JxBrowserEngine:152 - Initiate JxBrowser Engine with user profile folder
2024-10-21 09:57:39,766 [INFO] CheckServerUpdateThread:120 - End of CheckServer Thread
2024-10-21 09:57:52,036 [INFO] WebApp:167 - Instantiating new browser for Auth
2024-10-21 09:57:53,677 [INFO] WebApp:448 - Apply proxy settings
2024-10-21 09:57:53,678 [INFO] WebApp:533 - Chromium requires no authentication
2024-10-21 09:57:53,711 [INFO] WebApp:476 - Direct internet connection detected
2024-10-21 09:57:53,781 [INFO] WebApp:869 - Register for checkConnection events
2024-10-21 09:57:53,782 [INFO] WebApp:448 - Apply proxy settings
2024-10-21 09:57:53,782 [INFO] WebApp:533 - Chromium requires no authentication
2024-10-21 09:57:53,783 [INFO] WebApp:476 - Direct internet connection detected
2024-10-21 09:57:54,123 [INFO] WebApp:186 - Connection restablished
2024-10-21 09:57:54,158 [INFO] WebApp:220 - Starting web application
2024-10-21 09:57:54,159 [INFO] WebApp:578 - Web application path used D:\ST\STM32CubeIDE_1.16.0\STM32CubeIDE\plugins\com.st.stm32cube.common.mx_6.12.0.202406281431\db\plugins\mcufinder\reactClient1\index.html
2024-10-21 14:39:14,323 [INFO] WebApp:189 - Connection lost
2024-10-21 14:39:15,173 [INFO] WebApp:186 - Connection restablished
2024-10-21 14:39:19,177 [INFO] WebApp:189 - Connection lost
2024-10-21 14:39:19,384 [INFO] WebApp:186 - Connection restablished
2024-10-21 14:39:22,741 [INFO] WebApp:189 - Connection lost
2024-10-21 14:39:22,983 [INFO] WebApp:186 - Connection restablished
2024-10-21 14:39:54,104 [INFO] WebApp:189 - Connection lost
2024-10-21 14:40:05,719 [INFO] WebApp:186 - Connection restablished
2024-10-21 14:40:09,215 [INFO] WebApp:189 - Connection lost
2024-10-21 14:40:09,400 [INFO] WebApp:186 - Connection restablished
2024-10-21 14:41:51,198 [INFO] WebApp:189 - Connection lost
2024-10-21 14:41:51,601 [INFO] WebApp:186 - Connection restablished
2024-10-21 14:41:54,708 [INFO] WebApp:189 - Connection lost
2024-10-21 14:41:54,887 [INFO] WebApp:186 - Connection restablished
