2024-11-03 16:16:58,954 [INFO] Activator:176 - 


2024-11-03 16:16:58,968 [INFO] Activator:177 - !SESSION log4j initialized
2024-11-03 16:17:16,631 [INFO] LogOutputStream:77 - [STDOUT_REDIRECT] 
2024-11-03 16:17:31,141 [INFO] ApplicationProperties:184 - Using Application install path: D:\ST\STM32CubeIDE_1.16.0\STM32CubeIDE\plugins\com.st.stm32cube.common.mx_6.12.0.202406281431
2024-11-03 16:17:31,226 [INFO] DbMcusXml:78 - Set database path to: D:\ST\STM32CubeIDE_1.16.0\STM32CubeIDE\plugins\com.st.stm32cube.common.mx_6.12.0.202406281431\\db\/mcu/
2024-11-03 16:17:31,227 [INFO] ApiDb:274 - Set plugin database path to: D:\ST\STM32CubeIDE_1.16.0\STM32CubeIDE\plugins\com.st.stm32cube.common.mx_6.12.0.202406281431\\db\/plugins/boardmanager/
2024-11-03 16:17:31,228 [WARN] ApiDb:259 - Overriding images path with different value:  => D:\ST\STM32CubeIDE_1.16.0\STM32CubeIDE\plugins\com.st.stm32cube.common.mx_6.12.0.202406281431\\db\/plugins/mcufinder/images/
2024-11-03 16:17:31,411 [INFO] ApiDb:250 - Set database path to: C:\Users\Asus\.stmcufinder\plugins\mcufinder//mcu/
2024-11-03 16:17:31,416 [INFO] DbMcusAds:125 - Set database path to: C:\Users\Asus\.stmcufinder\plugins\mcufinder//mcu/
2024-11-03 16:17:31,444 [INFO] CrossReferenceDbSqlite:203 - Set database path to: C:\Users\Asus\.stmcufinder\plugins\mcufinder//mcu/cs/
2024-11-03 16:17:31,897 [INFO] RulesReader:64 - Compatibility file has been processed (297 Rules)
2024-11-03 16:17:32,214 [INFO] DbMcusXml:78 - Set database path to: D:\ST\STM32CubeIDE_1.16.0\STM32CubeIDE\plugins\com.st.stm32cube.common.mx_6.12.0.202406281431\\db\/mcu/
2024-11-03 16:17:32,215 [INFO] ApiDb:274 - Set plugin database path to: D:\ST\STM32CubeIDE_1.16.0\STM32CubeIDE\plugins\com.st.stm32cube.common.mx_6.12.0.202406281431\\db\/plugins/boardmanager/
2024-11-03 16:17:32,215 [INFO] ApiDb:261 - Set plugin images path to: D:\ST\STM32CubeIDE_1.16.0\STM32CubeIDE\plugins\com.st.stm32cube.common.mx_6.12.0.202406281431\\db\/plugins/mcufinder/images/
2024-11-03 16:17:32,215 [WARN] DbFile:41 - Overriding database path with different value: C:\Users\Asus\.stmcufinder\plugins\mcufinder/ => C:\Users\Asus\.stmcufinder\plugins\mcufinder
2024-11-03 16:17:32,215 [INFO] ApiDb:250 - Set database path to: C:\Users\Asus\.stmcufinder\plugins\mcufinder//mcu/
2024-11-03 16:17:32,216 [WARN] DbFile:41 - Overriding database path with different value: C:\Users\Asus\.stmcufinder\plugins\mcufinder/ => C:\Users\Asus\.stmcufinder\plugins\mcufinder
2024-11-03 16:17:32,216 [INFO] DbMcusAds:125 - Set database path to: C:\Users\Asus\.stmcufinder\plugins\mcufinder//mcu/
2024-11-03 16:17:32,216 [WARN] DbFile:41 - Overriding database path with different value: C:\Users\Asus\.stmcufinder\plugins\mcufinder/ => C:\Users\Asus\.stmcufinder\plugins\mcufinder
2024-11-03 16:17:32,216 [WARN] DbFile:41 - Overriding database path with different value: C:\Users\Asus\.stmcufinder\plugins\mcufinder/ => C:\Users\Asus\.stmcufinder\plugins\mcufinder
2024-11-03 16:17:32,216 [INFO] CrossReferenceDbSqlite:203 - Set database path to: C:\Users\Asus\.stmcufinder\plugins\mcufinder//mcu/cs/
2024-11-03 16:17:32,433 [INFO] MainPanel:268 - HeapMemory: 268435456
2024-11-03 16:17:32,897 [INFO] DbMcusXml:78 - Set database path to: D:\ST\STM32CubeIDE_1.16.0\STM32CubeIDE\plugins\com.st.stm32cube.common.mx_6.12.0.202406281431\\db\/mcu/
2024-11-03 16:17:32,897 [INFO] ApiDb:274 - Set plugin database path to: D:\ST\STM32CubeIDE_1.16.0\STM32CubeIDE\plugins\com.st.stm32cube.common.mx_6.12.0.202406281431\\db\/plugins/boardmanager/
2024-11-03 16:17:32,898 [INFO] ApiDb:261 - Set plugin images path to: D:\ST\STM32CubeIDE_1.16.0\STM32CubeIDE\plugins\com.st.stm32cube.common.mx_6.12.0.202406281431\\db\/plugins/mcufinder/images/
2024-11-03 16:17:32,899 [WARN] DbFile:41 - Overriding database path with different value: C:\Users\Asus\.stmcufinder\plugins\mcufinder/ => C:\Users\Asus\.stmcufinder\plugins\mcufinder
2024-11-03 16:17:32,899 [INFO] ApiDb:250 - Set database path to: C:\Users\Asus\.stmcufinder\plugins\mcufinder//mcu/
2024-11-03 16:17:32,900 [WARN] DbFile:41 - Overriding database path with different value: C:\Users\Asus\.stmcufinder\plugins\mcufinder/ => C:\Users\Asus\.stmcufinder\plugins\mcufinder
2024-11-03 16:17:32,900 [INFO] DbMcusAds:125 - Set database path to: C:\Users\Asus\.stmcufinder\plugins\mcufinder//mcu/
2024-11-03 16:17:32,900 [WARN] DbFile:41 - Overriding database path with different value: C:\Users\Asus\.stmcufinder\plugins\mcufinder/ => C:\Users\Asus\.stmcufinder\plugins\mcufinder
2024-11-03 16:17:32,900 [WARN] DbFile:41 - Overriding database path with different value: C:\Users\Asus\.stmcufinder\plugins\mcufinder/ => C:\Users\Asus\.stmcufinder\plugins\mcufinder
2024-11-03 16:17:32,901 [INFO] CrossReferenceDbSqlite:203 - Set database path to: C:\Users\Asus\.stmcufinder\plugins\mcufinder//mcu/cs/
2024-11-03 16:17:32,954 [INFO] ApplicationProperties:184 - Using Application install path: D:\ST\STM32CubeIDE_1.16.0\STM32CubeIDE\plugins\com.st.stm32cube.common.mx_6.12.0.202406281431
2024-11-03 16:17:32,957 [INFO] PluginManage:196 - Search for loadable plugins [exclusion list=, ]
2024-11-03 16:17:32,961 [INFO] PluginManage:310 - Check plugin analytics
2024-11-03 16:17:42,913 [INFO] AnalyticsPlugin:253 - Accepted Software Licenses: 
2024-11-03 16:17:42,913 [INFO] AnalyticsPlugin:255 - Accepted CMSIS Pack Licenses: 
2024-11-03 16:17:42,914 [INFO] AnalyticsPlugin:257 - Accepted Firmware Licenses: 
2024-11-03 16:17:42,918 [INFO] PluginManage:359 - Loaded plugin analytics (category:tool,tabindex:-1)
2024-11-03 16:17:42,919 [INFO] PluginManage:310 - Check plugin cadmodel
2024-11-03 16:17:42,983 [INFO] CADModel:105 - Init CAD model plugin
2024-11-03 16:17:42,984 [INFO] PluginManage:359 - Loaded plugin cadmodel (category:power,tabindex:5)
2024-11-03 16:17:42,984 [INFO] PluginManage:310 - Check plugin clock
2024-11-03 16:17:43,028 [INFO] PluginManage:359 - Loaded plugin clock (category:base,tabindex:2)
2024-11-03 16:17:43,028 [INFO] PluginManage:310 - Check plugin ddr
2024-11-03 16:17:43,045 [INFO] PluginManage:359 - Loaded plugin ddr (category:tool,tabindex:6)
2024-11-03 16:17:43,045 [INFO] PluginManage:310 - Check plugin filemanager
2024-11-03 16:17:43,457 [INFO] PluginManage:359 - Loaded plugin filemanager (category:base,tabindex:10)
2024-11-03 16:17:43,457 [INFO] PluginManage:310 - Check plugin ipmanager
2024-11-03 16:17:43,469 [INFO] PluginManage:359 - Loaded plugin ipmanager (category:base,tabindex:5)
2024-11-03 16:17:43,470 [INFO] PluginManage:310 - Check plugin lpbam
2024-11-03 16:17:43,529 [INFO] PluginManage:359 - Loaded plugin lpbam (category:base,tabindex:0)
2024-11-03 16:17:43,530 [INFO] PluginManage:310 - Check plugin memorymap
2024-11-03 16:17:43,609 [INFO] PluginManage:359 - Loaded plugin memorymap (category:base,tabindex:4)
2024-11-03 16:17:43,609 [INFO] PluginManage:310 - Check plugin pinoutandconfiguration
2024-11-03 16:17:43,631 [INFO] PluginManage:359 - Loaded plugin pinoutandconfiguration (category:base,tabindex:1)
2024-11-03 16:17:43,632 [INFO] PluginManage:310 - Check plugin pinoutconfig
2024-11-03 16:17:43,843 [WARN] SupportedApi:132 - Cannot load RTOS API schema: s4s-elt-must-match.1: The content of 'definitions' must match (annotation?, (simpleType | complexType)?, (unique | key | keyref)*)). A problem was found starting at: attribute.
2024-11-03 16:17:44,139 [INFO] PluginManage:359 - Loaded plugin pinoutconfig (category:base,tabindex:0)
2024-11-03 16:17:44,140 [INFO] PluginManage:310 - Check plugin power
2024-11-03 16:17:44,226 [INFO] PluginManage:359 - Loaded plugin power (category:power,tabindex:4)
2024-11-03 16:17:44,227 [INFO] PluginManage:310 - Check plugin projectmanager
2024-11-03 16:17:44,299 [INFO] PluginManage:359 - Loaded plugin projectmanager (category:projectmanager,tabindex:4)
2024-11-03 16:17:44,299 [INFO] PluginManage:310 - Check plugin rif
2024-11-03 16:17:44,333 [INFO] PluginManage:359 - Loaded plugin rif (category:base,tabindex:3)
2024-11-03 16:17:44,333 [INFO] PluginManage:310 - Check plugin thirdparty
2024-11-03 16:17:44,959 [INFO] PluginManage:359 - Loaded plugin thirdparty (category:base,tabindex:-1)
2024-11-03 16:17:44,959 [WARN] IntegrityCheckThread:84 - waiting for thirdparty lock release [integrity check]
2024-11-03 16:17:44,959 [INFO] PluginManage:310 - Check plugin tools
2024-11-03 16:17:44,959 [INFO] IntegrityCheckThread:86 - entering critical section [integrity check]
2024-11-03 16:17:44,960 [INFO] ThirdPartyUpdaterWithRetryManager:70 - Updater plugin not ready yet. [1/15]
2024-11-03 16:17:45,020 [INFO] PluginManage:359 - Loaded plugin tools (category:base,tabindex:7)
2024-11-03 16:17:45,020 [INFO] PluginManage:310 - Check plugin tutovideos
2024-11-03 16:17:45,659 [INFO] PluginManage:359 - Loaded plugin tutovideos (category:base,tabindex:-1)
2024-11-03 16:17:45,660 [INFO] PluginManage:310 - Check plugin updater
2024-11-03 16:17:45,730 [INFO] PluginManage:359 - Loaded plugin updater (category:base,tabindex:12)
2024-11-03 16:17:45,730 [INFO] PluginManage:310 - Check plugin userauth
2024-11-03 16:17:45,776 [INFO] UserAuth:113 - Init User Auth plugin
2024-11-03 16:17:45,776 [INFO] PluginManage:359 - Loaded plugin userauth (category:base,tabindex:14)
2024-11-03 16:17:45,777 [INFO] PluginManage:283 - PluginManage : Loaded plugins [18]
2024-11-03 16:17:46,434 [INFO] PinOutPanel:1561 - setPackage(No Configuration,No Configuration)
2024-11-03 16:17:46,637 [INFO] CADModel:165 - CPN selected for project level
2024-11-03 16:17:46,638 [INFO] CADModel:114 - Register for checkConnection events
2024-11-03 16:17:46,762 [INFO] IPUIPlugin:80 - create IPUIPlugin
2024-11-03 16:17:46,763 [INFO] PluginManager:220 - loadIPPluginJar : add adc
2024-11-03 16:17:46,835 [INFO] IPUIPlugin:80 - create IPUIPlugin
2024-11-03 16:17:46,835 [INFO] PluginManager:220 - loadIPPluginJar : add aes
2024-11-03 16:17:46,970 [INFO] IPUIPlugin:80 - create IPUIPlugin
2024-11-03 16:17:46,971 [INFO] PluginManager:220 - loadIPPluginJar : add can
2024-11-03 16:17:47,043 [INFO] IPUIPlugin:80 - create IPUIPlugin
2024-11-03 16:17:47,043 [INFO] PluginManager:220 - loadIPPluginJar : add comp
2024-11-03 16:17:47,101 [INFO] IPUIPlugin:80 - create IPUIPlugin
2024-11-03 16:17:47,101 [INFO] PluginManager:220 - loadIPPluginJar : add cryp
2024-11-03 16:17:47,172 [INFO] IPUIPlugin:80 - create IPUIPlugin
2024-11-03 16:17:47,172 [INFO] PluginManager:220 - loadIPPluginJar : add ddr_ctrl_phy
2024-11-03 16:17:47,213 [INFO] IPUIPlugin:80 - create IPUIPlugin
2024-11-03 16:17:47,213 [INFO] PluginManager:220 - loadIPPluginJar : add dfsdm
2024-11-03 16:17:47,249 [INFO] IPUIPlugin:80 - create IPUIPlugin
2024-11-03 16:17:47,250 [INFO] PluginManager:220 - loadIPPluginJar : add dma
2024-11-03 16:17:47,306 [INFO] IPUIPlugin:80 - create IPUIPlugin
2024-11-03 16:17:47,306 [INFO] PluginManager:220 - loadIPPluginJar : add dma3
2024-11-03 16:17:47,412 [INFO] IPUIPlugin:80 - create IPUIPlugin
2024-11-03 16:17:47,412 [INFO] PluginManager:220 - loadIPPluginJar : add extmemmanager
2024-11-03 16:17:47,460 [INFO] IPUIPlugin:80 - create IPUIPlugin
2024-11-03 16:17:47,460 [INFO] PluginManager:220 - loadIPPluginJar : add fatfs
2024-11-03 16:17:47,520 [INFO] IPUIPlugin:80 - create IPUIPlugin
2024-11-03 16:17:47,520 [INFO] PluginManager:220 - loadIPPluginJar : add fmc
2024-11-03 16:17:47,555 [INFO] IPUIPlugin:80 - create IPUIPlugin
2024-11-03 16:17:47,555 [INFO] PluginManager:220 - loadIPPluginJar : add freertos
2024-11-03 16:17:47,595 [INFO] IPUIPlugin:80 - create IPUIPlugin
2024-11-03 16:17:47,595 [INFO] PluginManager:220 - loadIPPluginJar : add genericplugin
2024-11-03 16:17:47,772 [INFO] IPUIPlugin:80 - create IPUIPlugin
2024-11-03 16:17:47,772 [INFO] PluginManager:220 - loadIPPluginJar : add gfxmmu
2024-11-03 16:17:47,974 [INFO] ThirdPartyUpdaterWithRetryManager:70 - Updater plugin not ready yet. [2/15]
2024-11-03 16:17:48,052 [INFO] IPUIPlugin:80 - create IPUIPlugin
2024-11-03 16:17:48,052 [INFO] PluginManager:220 - loadIPPluginJar : add gic
2024-11-03 16:17:48,101 [INFO] IPUIPlugin:80 - create IPUIPlugin
2024-11-03 16:17:48,101 [INFO] PluginManager:220 - loadIPPluginJar : add gpio
2024-11-03 16:17:48,248 [INFO] IPUIPlugin:80 - create IPUIPlugin
2024-11-03 16:17:48,248 [INFO] PluginManager:220 - loadIPPluginJar : add gtzc
2024-11-03 16:17:48,308 [INFO] IPUIPlugin:80 - create IPUIPlugin
2024-11-03 16:17:48,308 [INFO] PluginManager:220 - loadIPPluginJar : add hash
2024-11-03 16:17:48,407 [INFO] IPUIPlugin:80 - create IPUIPlugin
2024-11-03 16:17:48,407 [INFO] PluginManager:220 - loadIPPluginJar : add i2c
2024-11-03 16:17:48,509 [INFO] IPUIPlugin:80 - create IPUIPlugin
2024-11-03 16:17:48,509 [INFO] PluginManager:220 - loadIPPluginJar : add i2s
2024-11-03 16:17:48,586 [INFO] IPUIPlugin:80 - create IPUIPlugin
2024-11-03 16:17:48,587 [INFO] PluginManager:220 - loadIPPluginJar : add i3c
2024-11-03 16:17:48,803 [INFO] IPUIPlugin:80 - create IPUIPlugin
2024-11-03 16:17:48,804 [INFO] PluginManager:220 - loadIPPluginJar : add ipddr
2024-11-03 16:17:49,052 [INFO] IPUIPlugin:80 - create IPUIPlugin
2024-11-03 16:17:49,053 [INFO] PluginManager:220 - loadIPPluginJar : add linkedlist
2024-11-03 16:17:49,134 [INFO] IPUIPlugin:80 - create IPUIPlugin
2024-11-03 16:17:49,134 [INFO] PluginManager:220 - loadIPPluginJar : add lorawan
2024-11-03 16:17:49,195 [INFO] IPUIPlugin:80 - create IPUIPlugin
2024-11-03 16:17:49,195 [INFO] PluginManager:220 - loadIPPluginJar : add ltdc
2024-11-03 16:17:49,237 [INFO] IPUIPlugin:80 - create IPUIPlugin
2024-11-03 16:17:49,237 [INFO] PluginManager:220 - loadIPPluginJar : add mdma
2024-11-03 16:17:49,263 [INFO] IPUIPlugin:80 - create IPUIPlugin
2024-11-03 16:17:49,264 [INFO] PluginManager:220 - loadIPPluginJar : add nvic
2024-11-03 16:17:49,310 [INFO] IPUIPlugin:80 - create IPUIPlugin
2024-11-03 16:17:49,311 [INFO] PluginManager:220 - loadIPPluginJar : add opamp
2024-11-03 16:17:49,408 [INFO] IPUIPlugin:80 - create IPUIPlugin
2024-11-03 16:17:49,408 [INFO] PluginManager:220 - loadIPPluginJar : add openamp
2024-11-03 16:17:49,488 [INFO] IPUIPlugin:80 - create IPUIPlugin
2024-11-03 16:17:49,488 [INFO] PluginManager:220 - loadIPPluginJar : add pdm2pcm
2024-11-03 16:17:49,524 [INFO] IPUIPlugin:80 - create IPUIPlugin
2024-11-03 16:17:49,528 [INFO] PluginManager:220 - loadIPPluginJar : add plateformsettings
2024-11-03 16:17:49,579 [INFO] IPUIPlugin:80 - create IPUIPlugin
2024-11-03 16:17:49,579 [INFO] PluginManager:220 - loadIPPluginJar : add quadspi
2024-11-03 16:17:49,625 [INFO] IPUIPlugin:80 - create IPUIPlugin
2024-11-03 16:17:49,627 [INFO] PluginManager:220 - loadIPPluginJar : add radio
2024-11-03 16:17:49,664 [INFO] IPUIPlugin:80 - create IPUIPlugin
2024-11-03 16:17:49,664 [INFO] PluginManager:220 - loadIPPluginJar : add resmgrutility
2024-11-03 16:17:49,785 [INFO] IPUIPlugin:80 - create IPUIPlugin
2024-11-03 16:17:49,785 [INFO] PluginManager:220 - loadIPPluginJar : add sai
2024-11-03 16:17:49,871 [INFO] IPUIPlugin:80 - create IPUIPlugin
2024-11-03 16:17:49,872 [INFO] PluginManager:220 - loadIPPluginJar : add spi
2024-11-03 16:17:50,005 [INFO] IPUIPlugin:80 - create IPUIPlugin
2024-11-03 16:17:50,005 [INFO] PluginManager:220 - loadIPPluginJar : add stm32_wpan
2024-11-03 16:17:50,051 [INFO] IPUIPlugin:80 - create IPUIPlugin
2024-11-03 16:17:50,051 [INFO] PluginManager:220 - loadIPPluginJar : add tim
2024-11-03 16:17:50,192 [INFO] IPUIPlugin:80 - create IPUIPlugin
2024-11-03 16:17:50,192 [INFO] PluginManager:220 - loadIPPluginJar : add touchsensing
2024-11-03 16:17:50,253 [INFO] IPUIPlugin:80 - create IPUIPlugin
2024-11-03 16:17:50,253 [INFO] PluginManager:220 - loadIPPluginJar : add tracer_emb
2024-11-03 16:17:50,289 [INFO] IPUIPlugin:80 - create IPUIPlugin
2024-11-03 16:17:50,289 [INFO] PluginManager:220 - loadIPPluginJar : add ts
2024-11-03 16:17:50,322 [INFO] IPUIPlugin:80 - create IPUIPlugin
2024-11-03 16:17:50,322 [INFO] PluginManager:220 - loadIPPluginJar : add tsc
2024-11-03 16:17:50,370 [INFO] IPUIPlugin:80 - create IPUIPlugin
2024-11-03 16:17:50,370 [INFO] PluginManager:220 - loadIPPluginJar : add ucpd
2024-11-03 16:17:50,432 [INFO] IPUIPlugin:80 - create IPUIPlugin
2024-11-03 16:17:50,433 [INFO] PluginManager:220 - loadIPPluginJar : add usart
2024-11-03 16:17:50,519 [INFO] IPUIPlugin:80 - create IPUIPlugin
2024-11-03 16:17:50,520 [INFO] PluginManager:220 - loadIPPluginJar : add usbx
2024-11-03 16:17:50,712 [INFO] CADModel:165 - CPN selected for project level
2024-11-03 16:17:50,713 [INFO] CADModel:114 - Register for checkConnection events
2024-11-03 16:17:50,713 [FATAL] Updater:334 - Updater called before beeing initialized
2024-11-03 16:17:50,714 [ERROR] CADModel:125 - Updater not yet initialized, retry later 
2024-11-03 16:17:50,987 [INFO] ThirdPartyUpdaterWithRetryManager:70 - Updater plugin not ready yet. [3/15]
2024-11-03 16:17:51,130 [INFO] CADModel:165 - CPN selected for project level
2024-11-03 16:17:51,130 [INFO] CADModel:114 - Register for checkConnection events
2024-11-03 16:17:51,131 [FATAL] Updater:334 - Updater called before beeing initialized
2024-11-03 16:17:51,131 [ERROR] CADModel:125 - Updater not yet initialized, retry later 
2024-11-03 16:17:51,139 [FATAL] Updater:334 - Updater called before beeing initialized
2024-11-03 16:17:51,380 [FATAL] Updater:334 - Updater called before beeing initialized
2024-11-03 16:17:51,410 [INFO] DbMcusAds:53 - JSON generation date=Fri Sep 20 20:04:23 ICT 2024 (1726837463113)
2024-11-03 16:17:51,410 [FATAL] Updater:334 - Updater called before beeing initialized
2024-11-03 16:17:51,722 [WARN] DetailPanel:346 - Failed to get advertising image, set to default
2024-11-03 16:17:51,923 [FATAL] Updater:334 - Updater called before beeing initialized
2024-11-03 16:17:51,926 [FATAL] Updater:334 - Updater called before beeing initialized
2024-11-03 16:17:51,927 [FATAL] Updater:334 - Updater called before beeing initialized
2024-11-03 16:17:51,927 [WARN] DetailPanel:346 - Failed to get advertising image, set to default
2024-11-03 16:17:51,929 [FATAL] Updater:334 - Updater called before beeing initialized
2024-11-03 16:17:52,109 [ERROR] Updater:1164 - MainUpdater not yet initialized. External WinMGr cannot be set.
2024-11-03 16:17:52,141 [INFO] Updater:1100 - Updater Version found : 6.12.0
2024-11-03 16:17:52,180 [INFO] ApplicationProperties:184 - Using Application install path: D:\ST\STM32CubeIDE_1.16.0\STM32CubeIDE\plugins\com.st.stm32cube.common.mx_6.12.0.202406281431
2024-11-03 16:17:53,835 [ERROR] LogOutputStream:75 - [STDERR_REDIRECT] Nov 03, 2024 4:17:53 PM java.util.prefs.WindowsPreferences <init>
2024-11-03 16:17:53,838 [ERROR] LogOutputStream:75 - [STDERR_REDIRECT] WARNING: Could not open/create prefs root node Software\JavaSoft\Prefs at root 0xffffffff80000002. Windows RegCreateKeyEx(...) returned error code 5.
2024-11-03 16:17:53,839 [ERROR] LogOutputStream:75 - [STDERR_REDIRECT] 
2024-11-03 16:17:54,002 [FATAL] Updater:334 - Updater called before beeing initialized
2024-11-03 16:17:54,003 [ERROR] IntegrityCheckThread:130 - Cannot retrieve database content from updater: error 21
2024-11-03 16:17:54,004 [INFO] ThirdParty:978 - Integrity check success = false
2024-11-03 16:17:54,004 [INFO] IntegrityCheckThread:100 - exiting critical section [integrity check]
2024-11-03 16:17:54,004 [INFO] IntegrityCheckThread:103 - End integrity checks thread
2024-11-03 16:17:54,539 [INFO] MainUpdater:2873 - connection check result : 10
2024-11-03 16:17:54,540 [INFO] MainUpdater:3567 - Updater definition file requires update
2024-11-03 16:17:54,542 [INFO] MainUpdater:290 - Updater Check For Update Now.
2024-11-03 16:17:54,543 [INFO] MicroXplorer:498 - Change Database Version : DB.6.0.120
2024-11-03 16:17:54,580 [INFO] ServerAccessManage:473 - Download File updaters.zip
2024-11-03 16:17:54,587 [INFO] McuFinderGlobals:63 - Set McuFinder mode to 2 (CubeIDE integrated)
2024-11-03 16:17:54,588 [INFO] UserAuth:179 - activating auth plugin
2024-11-03 16:17:54,604 [INFO] UserAuth:417 - Internet connection configuration mode: 1
2024-11-03 16:17:54,749 [INFO] FileExtend:240 - Unzip File : updaters.zip
2024-11-03 16:17:54,749 [INFO] FileExtend:255 - Standard Zip Deflate
2024-11-03 16:17:54,791 [INFO] JxBrowserEngine:152 - Initiate JxBrowser Engine with user profile folder
2024-11-03 16:17:56,041 [INFO] ServerAccessManage:473 - Download File PacksControlFlags.xml
2024-11-03 16:17:56,247 [INFO] ServerAccessManage:473 - Download File cubemx.pidx
2024-11-03 16:17:56,542 [INFO] LoadServerUpdatesThread:375 - End of LoadServerUpdate Thread
2024-11-03 16:17:56,850 [INFO] CheckServerUpdateThread:120 - End of CheckServer Thread
2024-11-03 16:18:07,077 [INFO] WebApp:167 - Instantiating new browser for Auth
2024-11-03 16:18:08,553 [INFO] WebApp:448 - Apply proxy settings
2024-11-03 16:18:08,555 [INFO] WebApp:533 - Chromium requires no authentication
2024-11-03 16:18:08,582 [INFO] WebApp:476 - Direct internet connection detected
2024-11-03 16:18:08,651 [INFO] WebApp:869 - Register for checkConnection events
2024-11-03 16:18:08,651 [INFO] WebApp:448 - Apply proxy settings
2024-11-03 16:18:08,651 [INFO] WebApp:533 - Chromium requires no authentication
2024-11-03 16:18:08,652 [INFO] WebApp:476 - Direct internet connection detected
2024-11-03 16:18:08,935 [INFO] WebApp:186 - Connection restablished
2024-11-03 16:18:09,127 [INFO] WebApp:220 - Starting web application
2024-11-03 16:18:09,128 [INFO] WebApp:578 - Web application path used D:\ST\STM32CubeIDE_1.16.0\STM32CubeIDE\plugins\com.st.stm32cube.common.mx_6.12.0.202406281431\db\plugins\mcufinder\reactClient1\index.html
2024-11-03 16:34:52,508 [INFO] LogOutputStream:77 - [STDOUT_REDIRECT] StartTraceHandler.execute(), success : Collect=false
2024-11-03 16:34:55,795 [INFO] LogOutputStream:77 - [STDOUT_REDIRECT] StartTraceHandler.execute(), success : Collect=true
2024-11-03 16:34:55,840 [INFO] LogOutputStream:77 - [STDOUT_REDIRECT] StartTraceHandler.execute(), success : Collect=true
2024-11-03 16:34:58,587 [INFO] LogOutputStream:77 - [STDOUT_REDIRECT] StartTraceHandler.execute(), success : Collect=false
2024-11-03 16:35:01,029 [INFO] LogOutputStream:77 - [STDOUT_REDIRECT] StartTraceHandler.execute(), success : Collect=true
2024-11-03 16:55:21,765 [ERROR] LogOutputStream:75 - [STDERR_REDIRECT] 
2024-11-03 16:55:21,766 [ERROR] LogOutputStream:75 - [STDERR_REDIRECT] 
2024-11-03 22:24:08,079 [INFO] Activator:176 - 


2024-11-03 22:24:08,087 [INFO] Activator:177 - !SESSION log4j initialized
2024-11-03 22:24:25,577 [INFO] LogOutputStream:77 - [STDOUT_REDIRECT] 
2024-11-03 22:24:41,687 [INFO] ApplicationProperties:184 - Using Application install path: D:\ST\STM32CubeIDE_1.16.0\STM32CubeIDE\plugins\com.st.stm32cube.common.mx_6.12.0.202406281431
2024-11-03 22:24:41,770 [INFO] DbMcusXml:78 - Set database path to: D:\ST\STM32CubeIDE_1.16.0\STM32CubeIDE\plugins\com.st.stm32cube.common.mx_6.12.0.202406281431\\db\/mcu/
2024-11-03 22:24:41,771 [INFO] ApiDb:274 - Set plugin database path to: D:\ST\STM32CubeIDE_1.16.0\STM32CubeIDE\plugins\com.st.stm32cube.common.mx_6.12.0.202406281431\\db\/plugins/boardmanager/
2024-11-03 22:24:41,771 [WARN] ApiDb:259 - Overriding images path with different value:  => D:\ST\STM32CubeIDE_1.16.0\STM32CubeIDE\plugins\com.st.stm32cube.common.mx_6.12.0.202406281431\\db\/plugins/mcufinder/images/
2024-11-03 22:24:41,959 [INFO] ApiDb:250 - Set database path to: C:\Users\Asus\.stmcufinder\plugins\mcufinder//mcu/
2024-11-03 22:24:41,963 [INFO] DbMcusAds:125 - Set database path to: C:\Users\Asus\.stmcufinder\plugins\mcufinder//mcu/
2024-11-03 22:24:41,989 [INFO] CrossReferenceDbSqlite:203 - Set database path to: C:\Users\Asus\.stmcufinder\plugins\mcufinder//mcu/cs/
2024-11-03 22:24:42,447 [INFO] RulesReader:64 - Compatibility file has been processed (297 Rules)
2024-11-03 22:24:42,695 [INFO] DbMcusXml:78 - Set database path to: D:\ST\STM32CubeIDE_1.16.0\STM32CubeIDE\plugins\com.st.stm32cube.common.mx_6.12.0.202406281431\\db\/mcu/
2024-11-03 22:24:42,696 [INFO] ApiDb:274 - Set plugin database path to: D:\ST\STM32CubeIDE_1.16.0\STM32CubeIDE\plugins\com.st.stm32cube.common.mx_6.12.0.202406281431\\db\/plugins/boardmanager/
2024-11-03 22:24:42,696 [INFO] ApiDb:261 - Set plugin images path to: D:\ST\STM32CubeIDE_1.16.0\STM32CubeIDE\plugins\com.st.stm32cube.common.mx_6.12.0.202406281431\\db\/plugins/mcufinder/images/
2024-11-03 22:24:42,697 [WARN] DbFile:41 - Overriding database path with different value: C:\Users\Asus\.stmcufinder\plugins\mcufinder/ => C:\Users\Asus\.stmcufinder\plugins\mcufinder
2024-11-03 22:24:42,707 [INFO] ApiDb:250 - Set database path to: C:\Users\Asus\.stmcufinder\plugins\mcufinder//mcu/
2024-11-03 22:24:42,707 [WARN] DbFile:41 - Overriding database path with different value: C:\Users\Asus\.stmcufinder\plugins\mcufinder/ => C:\Users\Asus\.stmcufinder\plugins\mcufinder
2024-11-03 22:24:42,707 [INFO] DbMcusAds:125 - Set database path to: C:\Users\Asus\.stmcufinder\plugins\mcufinder//mcu/
2024-11-03 22:24:42,707 [WARN] DbFile:41 - Overriding database path with different value: C:\Users\Asus\.stmcufinder\plugins\mcufinder/ => C:\Users\Asus\.stmcufinder\plugins\mcufinder
2024-11-03 22:24:42,707 [WARN] DbFile:41 - Overriding database path with different value: C:\Users\Asus\.stmcufinder\plugins\mcufinder/ => C:\Users\Asus\.stmcufinder\plugins\mcufinder
2024-11-03 22:24:42,707 [INFO] CrossReferenceDbSqlite:203 - Set database path to: C:\Users\Asus\.stmcufinder\plugins\mcufinder//mcu/cs/
2024-11-03 22:24:42,949 [INFO] MainPanel:268 - HeapMemory: 268435456
2024-11-03 22:24:43,402 [INFO] DbMcusXml:78 - Set database path to: D:\ST\STM32CubeIDE_1.16.0\STM32CubeIDE\plugins\com.st.stm32cube.common.mx_6.12.0.202406281431\\db\/mcu/
2024-11-03 22:24:43,403 [INFO] ApiDb:274 - Set plugin database path to: D:\ST\STM32CubeIDE_1.16.0\STM32CubeIDE\plugins\com.st.stm32cube.common.mx_6.12.0.202406281431\\db\/plugins/boardmanager/
2024-11-03 22:24:43,403 [INFO] ApiDb:261 - Set plugin images path to: D:\ST\STM32CubeIDE_1.16.0\STM32CubeIDE\plugins\com.st.stm32cube.common.mx_6.12.0.202406281431\\db\/plugins/mcufinder/images/
2024-11-03 22:24:43,404 [WARN] DbFile:41 - Overriding database path with different value: C:\Users\Asus\.stmcufinder\plugins\mcufinder/ => C:\Users\Asus\.stmcufinder\plugins\mcufinder
2024-11-03 22:24:43,404 [INFO] ApiDb:250 - Set database path to: C:\Users\Asus\.stmcufinder\plugins\mcufinder//mcu/
2024-11-03 22:24:43,404 [WARN] DbFile:41 - Overriding database path with different value: C:\Users\Asus\.stmcufinder\plugins\mcufinder/ => C:\Users\Asus\.stmcufinder\plugins\mcufinder
2024-11-03 22:24:43,404 [INFO] DbMcusAds:125 - Set database path to: C:\Users\Asus\.stmcufinder\plugins\mcufinder//mcu/
2024-11-03 22:24:43,405 [WARN] DbFile:41 - Overriding database path with different value: C:\Users\Asus\.stmcufinder\plugins\mcufinder/ => C:\Users\Asus\.stmcufinder\plugins\mcufinder
2024-11-03 22:24:43,405 [WARN] DbFile:41 - Overriding database path with different value: C:\Users\Asus\.stmcufinder\plugins\mcufinder/ => C:\Users\Asus\.stmcufinder\plugins\mcufinder
2024-11-03 22:24:43,405 [INFO] CrossReferenceDbSqlite:203 - Set database path to: C:\Users\Asus\.stmcufinder\plugins\mcufinder//mcu/cs/
2024-11-03 22:24:43,447 [INFO] ApplicationProperties:184 - Using Application install path: D:\ST\STM32CubeIDE_1.16.0\STM32CubeIDE\plugins\com.st.stm32cube.common.mx_6.12.0.202406281431
2024-11-03 22:24:43,450 [INFO] PluginManage:196 - Search for loadable plugins [exclusion list=, ]
2024-11-03 22:24:43,453 [INFO] PluginManage:310 - Check plugin analytics
2024-11-03 22:24:53,379 [INFO] AnalyticsPlugin:253 - Accepted Software Licenses: 
2024-11-03 22:24:53,380 [INFO] AnalyticsPlugin:255 - Accepted CMSIS Pack Licenses: 
2024-11-03 22:24:53,380 [INFO] AnalyticsPlugin:257 - Accepted Firmware Licenses: 
2024-11-03 22:24:53,385 [INFO] PluginManage:359 - Loaded plugin analytics (category:tool,tabindex:-1)
2024-11-03 22:24:53,385 [INFO] PluginManage:310 - Check plugin cadmodel
2024-11-03 22:24:53,437 [INFO] CADModel:105 - Init CAD model plugin
2024-11-03 22:24:53,437 [INFO] PluginManage:359 - Loaded plugin cadmodel (category:power,tabindex:5)
2024-11-03 22:24:53,437 [INFO] PluginManage:310 - Check plugin clock
2024-11-03 22:24:53,503 [INFO] PluginManage:359 - Loaded plugin clock (category:base,tabindex:2)
2024-11-03 22:24:53,504 [INFO] PluginManage:310 - Check plugin ddr
2024-11-03 22:24:53,521 [INFO] PluginManage:359 - Loaded plugin ddr (category:tool,tabindex:6)
2024-11-03 22:24:53,522 [INFO] PluginManage:310 - Check plugin filemanager
2024-11-03 22:24:53,912 [INFO] PluginManage:359 - Loaded plugin filemanager (category:base,tabindex:10)
2024-11-03 22:24:53,912 [INFO] PluginManage:310 - Check plugin ipmanager
2024-11-03 22:24:53,922 [INFO] PluginManage:359 - Loaded plugin ipmanager (category:base,tabindex:5)
2024-11-03 22:24:53,922 [INFO] PluginManage:310 - Check plugin lpbam
2024-11-03 22:24:53,979 [INFO] PluginManage:359 - Loaded plugin lpbam (category:base,tabindex:0)
2024-11-03 22:24:53,980 [INFO] PluginManage:310 - Check plugin memorymap
2024-11-03 22:24:54,089 [INFO] PluginManage:359 - Loaded plugin memorymap (category:base,tabindex:4)
2024-11-03 22:24:54,090 [INFO] PluginManage:310 - Check plugin pinoutandconfiguration
2024-11-03 22:24:54,155 [INFO] PluginManage:359 - Loaded plugin pinoutandconfiguration (category:base,tabindex:1)
2024-11-03 22:24:54,155 [INFO] PluginManage:310 - Check plugin pinoutconfig
2024-11-03 22:24:54,448 [WARN] SupportedApi:132 - Cannot load RTOS API schema: s4s-elt-must-match.1: The content of 'definitions' must match (annotation?, (simpleType | complexType)?, (unique | key | keyref)*)). A problem was found starting at: attribute.
2024-11-03 22:24:54,819 [INFO] PluginManage:359 - Loaded plugin pinoutconfig (category:base,tabindex:0)
2024-11-03 22:24:54,819 [INFO] PluginManage:310 - Check plugin power
2024-11-03 22:24:54,913 [INFO] PluginManage:359 - Loaded plugin power (category:power,tabindex:4)
2024-11-03 22:24:54,915 [INFO] PluginManage:310 - Check plugin projectmanager
2024-11-03 22:24:54,965 [INFO] PluginManage:359 - Loaded plugin projectmanager (category:projectmanager,tabindex:4)
2024-11-03 22:24:54,965 [INFO] PluginManage:310 - Check plugin rif
2024-11-03 22:24:55,004 [INFO] PluginManage:359 - Loaded plugin rif (category:base,tabindex:3)
2024-11-03 22:24:55,005 [INFO] PluginManage:310 - Check plugin thirdparty
2024-11-03 22:24:55,936 [INFO] PluginManage:359 - Loaded plugin thirdparty (category:base,tabindex:-1)
2024-11-03 22:24:55,936 [WARN] IntegrityCheckThread:84 - waiting for thirdparty lock release [integrity check]
2024-11-03 22:24:55,937 [INFO] PluginManage:310 - Check plugin tools
2024-11-03 22:24:55,937 [INFO] IntegrityCheckThread:86 - entering critical section [integrity check]
2024-11-03 22:24:55,937 [INFO] ThirdPartyUpdaterWithRetryManager:70 - Updater plugin not ready yet. [1/15]
2024-11-03 22:24:55,985 [INFO] PluginManage:359 - Loaded plugin tools (category:base,tabindex:7)
2024-11-03 22:24:55,985 [INFO] PluginManage:310 - Check plugin tutovideos
2024-11-03 22:24:56,576 [INFO] PluginManage:359 - Loaded plugin tutovideos (category:base,tabindex:-1)
2024-11-03 22:24:56,576 [INFO] PluginManage:310 - Check plugin updater
2024-11-03 22:24:56,638 [INFO] PluginManage:359 - Loaded plugin updater (category:base,tabindex:12)
2024-11-03 22:24:56,638 [INFO] PluginManage:310 - Check plugin userauth
2024-11-03 22:24:56,676 [INFO] UserAuth:113 - Init User Auth plugin
2024-11-03 22:24:56,676 [INFO] PluginManage:359 - Loaded plugin userauth (category:base,tabindex:14)
2024-11-03 22:24:56,676 [INFO] PluginManage:283 - PluginManage : Loaded plugins [18]
2024-11-03 22:24:57,323 [INFO] PinOutPanel:1561 - setPackage(No Configuration,No Configuration)
2024-11-03 22:24:57,591 [INFO] CADModel:165 - CPN selected for project level
2024-11-03 22:24:57,591 [INFO] CADModel:114 - Register for checkConnection events
2024-11-03 22:24:57,694 [INFO] IPUIPlugin:80 - create IPUIPlugin
2024-11-03 22:24:57,694 [INFO] PluginManager:220 - loadIPPluginJar : add adc
2024-11-03 22:24:57,742 [INFO] IPUIPlugin:80 - create IPUIPlugin
2024-11-03 22:24:57,743 [INFO] PluginManager:220 - loadIPPluginJar : add aes
2024-11-03 22:24:57,864 [INFO] IPUIPlugin:80 - create IPUIPlugin
2024-11-03 22:24:57,864 [INFO] PluginManager:220 - loadIPPluginJar : add can
2024-11-03 22:24:57,962 [INFO] IPUIPlugin:80 - create IPUIPlugin
2024-11-03 22:24:57,962 [INFO] PluginManager:220 - loadIPPluginJar : add comp
2024-11-03 22:24:58,063 [INFO] IPUIPlugin:80 - create IPUIPlugin
2024-11-03 22:24:58,063 [INFO] PluginManager:220 - loadIPPluginJar : add cryp
2024-11-03 22:24:58,137 [INFO] IPUIPlugin:80 - create IPUIPlugin
2024-11-03 22:24:58,137 [INFO] PluginManager:220 - loadIPPluginJar : add ddr_ctrl_phy
2024-11-03 22:24:58,191 [INFO] IPUIPlugin:80 - create IPUIPlugin
2024-11-03 22:24:58,191 [INFO] PluginManager:220 - loadIPPluginJar : add dfsdm
2024-11-03 22:24:58,241 [INFO] IPUIPlugin:80 - create IPUIPlugin
2024-11-03 22:24:58,243 [INFO] PluginManager:220 - loadIPPluginJar : add dma
2024-11-03 22:24:58,360 [INFO] IPUIPlugin:80 - create IPUIPlugin
2024-11-03 22:24:58,361 [INFO] PluginManager:220 - loadIPPluginJar : add dma3
2024-11-03 22:24:58,530 [INFO] IPUIPlugin:80 - create IPUIPlugin
2024-11-03 22:24:58,530 [INFO] PluginManager:220 - loadIPPluginJar : add extmemmanager
2024-11-03 22:24:58,587 [INFO] IPUIPlugin:80 - create IPUIPlugin
2024-11-03 22:24:58,587 [INFO] PluginManager:220 - loadIPPluginJar : add fatfs
2024-11-03 22:24:58,666 [INFO] IPUIPlugin:80 - create IPUIPlugin
2024-11-03 22:24:58,666 [INFO] PluginManager:220 - loadIPPluginJar : add fmc
2024-11-03 22:24:58,721 [INFO] IPUIPlugin:80 - create IPUIPlugin
2024-11-03 22:24:58,722 [INFO] PluginManager:220 - loadIPPluginJar : add freertos
2024-11-03 22:24:58,775 [INFO] IPUIPlugin:80 - create IPUIPlugin
2024-11-03 22:24:58,776 [INFO] PluginManager:220 - loadIPPluginJar : add genericplugin
2024-11-03 22:24:58,952 [INFO] ThirdPartyUpdaterWithRetryManager:70 - Updater plugin not ready yet. [2/15]
2024-11-03 22:24:58,986 [INFO] IPUIPlugin:80 - create IPUIPlugin
2024-11-03 22:24:58,986 [INFO] PluginManager:220 - loadIPPluginJar : add gfxmmu
2024-11-03 22:24:59,396 [INFO] IPUIPlugin:80 - create IPUIPlugin
2024-11-03 22:24:59,396 [INFO] PluginManager:220 - loadIPPluginJar : add gic
2024-11-03 22:24:59,474 [INFO] IPUIPlugin:80 - create IPUIPlugin
2024-11-03 22:24:59,475 [INFO] PluginManager:220 - loadIPPluginJar : add gpio
2024-11-03 22:24:59,601 [INFO] IPUIPlugin:80 - create IPUIPlugin
2024-11-03 22:24:59,601 [INFO] PluginManager:220 - loadIPPluginJar : add gtzc
2024-11-03 22:24:59,659 [INFO] IPUIPlugin:80 - create IPUIPlugin
2024-11-03 22:24:59,659 [INFO] PluginManager:220 - loadIPPluginJar : add hash
2024-11-03 22:24:59,762 [INFO] IPUIPlugin:80 - create IPUIPlugin
2024-11-03 22:24:59,762 [INFO] PluginManager:220 - loadIPPluginJar : add i2c
2024-11-03 22:24:59,930 [INFO] IPUIPlugin:80 - create IPUIPlugin
2024-11-03 22:24:59,930 [INFO] PluginManager:220 - loadIPPluginJar : add i2s
2024-11-03 22:25:00,034 [INFO] IPUIPlugin:80 - create IPUIPlugin
2024-11-03 22:25:00,034 [INFO] PluginManager:220 - loadIPPluginJar : add i3c
2024-11-03 22:25:00,279 [INFO] IPUIPlugin:80 - create IPUIPlugin
2024-11-03 22:25:00,279 [INFO] PluginManager:220 - loadIPPluginJar : add ipddr
2024-11-03 22:25:00,445 [INFO] IPUIPlugin:80 - create IPUIPlugin
2024-11-03 22:25:00,445 [INFO] PluginManager:220 - loadIPPluginJar : add linkedlist
2024-11-03 22:25:00,537 [INFO] IPUIPlugin:80 - create IPUIPlugin
2024-11-03 22:25:00,537 [INFO] PluginManager:220 - loadIPPluginJar : add lorawan
2024-11-03 22:25:00,613 [INFO] IPUIPlugin:80 - create IPUIPlugin
2024-11-03 22:25:00,614 [INFO] PluginManager:220 - loadIPPluginJar : add ltdc
2024-11-03 22:25:00,662 [INFO] IPUIPlugin:80 - create IPUIPlugin
2024-11-03 22:25:00,662 [INFO] PluginManager:220 - loadIPPluginJar : add mdma
2024-11-03 22:25:00,684 [INFO] IPUIPlugin:80 - create IPUIPlugin
2024-11-03 22:25:00,684 [INFO] PluginManager:220 - loadIPPluginJar : add nvic
2024-11-03 22:25:00,743 [INFO] IPUIPlugin:80 - create IPUIPlugin
2024-11-03 22:25:00,744 [INFO] PluginManager:220 - loadIPPluginJar : add opamp
2024-11-03 22:25:00,858 [INFO] IPUIPlugin:80 - create IPUIPlugin
2024-11-03 22:25:00,858 [INFO] PluginManager:220 - loadIPPluginJar : add openamp
2024-11-03 22:25:00,938 [INFO] IPUIPlugin:80 - create IPUIPlugin
2024-11-03 22:25:00,940 [INFO] PluginManager:220 - loadIPPluginJar : add pdm2pcm
2024-11-03 22:25:00,975 [INFO] IPUIPlugin:80 - create IPUIPlugin
2024-11-03 22:25:00,977 [INFO] PluginManager:220 - loadIPPluginJar : add plateformsettings
2024-11-03 22:25:01,043 [INFO] IPUIPlugin:80 - create IPUIPlugin
2024-11-03 22:25:01,044 [INFO] PluginManager:220 - loadIPPluginJar : add quadspi
2024-11-03 22:25:01,138 [INFO] IPUIPlugin:80 - create IPUIPlugin
2024-11-03 22:25:01,140 [INFO] PluginManager:220 - loadIPPluginJar : add radio
2024-11-03 22:25:01,193 [INFO] IPUIPlugin:80 - create IPUIPlugin
2024-11-03 22:25:01,194 [INFO] PluginManager:220 - loadIPPluginJar : add resmgrutility
2024-11-03 22:25:01,313 [INFO] IPUIPlugin:80 - create IPUIPlugin
2024-11-03 22:25:01,313 [INFO] PluginManager:220 - loadIPPluginJar : add sai
2024-11-03 22:25:01,365 [INFO] IPUIPlugin:80 - create IPUIPlugin
2024-11-03 22:25:01,365 [INFO] PluginManager:220 - loadIPPluginJar : add spi
2024-11-03 22:25:01,489 [INFO] IPUIPlugin:80 - create IPUIPlugin
2024-11-03 22:25:01,490 [INFO] PluginManager:220 - loadIPPluginJar : add stm32_wpan
2024-11-03 22:25:01,528 [INFO] IPUIPlugin:80 - create IPUIPlugin
2024-11-03 22:25:01,528 [INFO] PluginManager:220 - loadIPPluginJar : add tim
2024-11-03 22:25:01,722 [INFO] IPUIPlugin:80 - create IPUIPlugin
2024-11-03 22:25:01,722 [INFO] PluginManager:220 - loadIPPluginJar : add touchsensing
2024-11-03 22:25:01,824 [INFO] IPUIPlugin:80 - create IPUIPlugin
2024-11-03 22:25:01,824 [INFO] PluginManager:220 - loadIPPluginJar : add tracer_emb
2024-11-03 22:25:01,876 [INFO] IPUIPlugin:80 - create IPUIPlugin
2024-11-03 22:25:01,876 [INFO] PluginManager:220 - loadIPPluginJar : add ts
2024-11-03 22:25:01,915 [INFO] IPUIPlugin:80 - create IPUIPlugin
2024-11-03 22:25:01,915 [INFO] PluginManager:220 - loadIPPluginJar : add tsc
2024-11-03 22:25:01,955 [INFO] IPUIPlugin:80 - create IPUIPlugin
2024-11-03 22:25:01,955 [INFO] PluginManager:220 - loadIPPluginJar : add ucpd
2024-11-03 22:25:01,956 [INFO] ThirdPartyUpdaterWithRetryManager:70 - Updater plugin not ready yet. [3/15]
2024-11-03 22:25:02,050 [INFO] IPUIPlugin:80 - create IPUIPlugin
2024-11-03 22:25:02,050 [INFO] PluginManager:220 - loadIPPluginJar : add usart
2024-11-03 22:25:02,126 [INFO] IPUIPlugin:80 - create IPUIPlugin
2024-11-03 22:25:02,126 [INFO] PluginManager:220 - loadIPPluginJar : add usbx
2024-11-03 22:25:02,320 [INFO] CADModel:165 - CPN selected for project level
2024-11-03 22:25:02,320 [INFO] CADModel:114 - Register for checkConnection events
2024-11-03 22:25:02,321 [FATAL] Updater:334 - Updater called before beeing initialized
2024-11-03 22:25:02,322 [ERROR] CADModel:125 - Updater not yet initialized, retry later 
2024-11-03 22:25:02,750 [INFO] CADModel:165 - CPN selected for project level
2024-11-03 22:25:02,750 [INFO] CADModel:114 - Register for checkConnection events
2024-11-03 22:25:02,750 [FATAL] Updater:334 - Updater called before beeing initialized
2024-11-03 22:25:02,751 [ERROR] CADModel:125 - Updater not yet initialized, retry later 
2024-11-03 22:25:02,757 [FATAL] Updater:334 - Updater called before beeing initialized
2024-11-03 22:25:02,979 [FATAL] Updater:334 - Updater called before beeing initialized
2024-11-03 22:25:02,994 [INFO] DbMcusAds:53 - JSON generation date=Fri Sep 20 20:04:23 ICT 2024 (1726837463113)
2024-11-03 22:25:02,994 [FATAL] Updater:334 - Updater called before beeing initialized
2024-11-03 22:25:03,242 [WARN] DetailPanel:346 - Failed to get advertising image, set to default
2024-11-03 22:25:03,421 [FATAL] Updater:334 - Updater called before beeing initialized
2024-11-03 22:25:03,425 [FATAL] Updater:334 - Updater called before beeing initialized
2024-11-03 22:25:03,426 [FATAL] Updater:334 - Updater called before beeing initialized
2024-11-03 22:25:03,426 [WARN] DetailPanel:346 - Failed to get advertising image, set to default
2024-11-03 22:25:03,427 [FATAL] Updater:334 - Updater called before beeing initialized
2024-11-03 22:25:03,622 [ERROR] Updater:1164 - MainUpdater not yet initialized. External WinMGr cannot be set.
2024-11-03 22:25:03,656 [INFO] Updater:1100 - Updater Version found : 6.12.0
2024-11-03 22:25:03,728 [INFO] ApplicationProperties:184 - Using Application install path: D:\ST\STM32CubeIDE_1.16.0\STM32CubeIDE\plugins\com.st.stm32cube.common.mx_6.12.0.202406281431
2024-11-03 22:25:04,971 [INFO] ThirdPartyUpdaterWithRetryManager:70 - Updater plugin not ready yet. [4/15]
2024-11-03 22:25:05,414 [ERROR] LogOutputStream:75 - [STDERR_REDIRECT] Nov 03, 2024 10:25:05 PM java.util.prefs.WindowsPreferences <init>
2024-11-03 22:25:05,421 [ERROR] LogOutputStream:75 - [STDERR_REDIRECT] WARNING: Could not open/create prefs root node Software\JavaSoft\Prefs at root 0xffffffff80000002. Windows RegCreateKeyEx(...) returned error code 5.
2024-11-03 22:25:05,421 [ERROR] LogOutputStream:75 - [STDERR_REDIRECT] 
2024-11-03 22:25:06,451 [INFO] MainUpdater:2873 - connection check result : 10
2024-11-03 22:25:06,454 [INFO] MainUpdater:290 - Updater Check For Update Now.
2024-11-03 22:25:06,454 [INFO] MicroXplorer:498 - Change Database Version : DB.6.0.120
2024-11-03 22:25:06,507 [INFO] McuFinderGlobals:63 - Set McuFinder mode to 2 (CubeIDE integrated)
2024-11-03 22:25:06,507 [INFO] UserAuth:179 - activating auth plugin
2024-11-03 22:25:06,525 [INFO] UserAuth:417 - Internet connection configuration mode: 1
2024-11-03 22:25:06,642 [INFO] JxBrowserEngine:152 - Initiate JxBrowser Engine with user profile folder
2024-11-03 22:25:06,927 [INFO] CheckServerUpdateThread:120 - End of CheckServer Thread
2024-11-03 22:25:08,400 [WARN] PackLoader:240 - Cannot read IP mode file for STMicroelectronics.FP-SNS-MOTENVWB1.1.4.0
2024-11-03 22:25:08,428 [WARN] PackLoader:240 - Cannot read IP mode file for STMicroelectronics.X-CUBE-SMBUS.2.1.0
2024-11-03 22:25:08,452 [WARN] PackLoader:240 - Cannot read IP mode file for STMicroelectronics.X-CUBE-WB05N.1.1.0
2024-11-03 22:25:08,521 [WARN] PackLoader:240 - Cannot read IP mode file for STMicroelectronics.X-CUBE-AZRTOS-F7.1.1.0
2024-11-03 22:25:08,680 [WARN] PackLoader:240 - Cannot read IP mode file for STMicroelectronics.X-CUBE-MEMS1.11.0.0
2024-11-03 22:25:08,991 [WARN] PackLoader:240 - Cannot read IP mode file for STMicroelectronics.FP-SNS-FLIGHT1.5.0.2
2024-11-03 22:25:09,015 [WARN] PackLoader:240 - Cannot read IP mode file for STMicroelectronics.X-CUBE-DISPLAY.3.0.0
2024-11-03 22:25:09,046 [WARN] PackLoader:240 - Cannot read IP mode file for STMicroelectronics.X-CUBE-BLE1.7.0.0
2024-11-03 22:25:09,072 [WARN] PackLoader:240 - Cannot read IP mode file for STMicroelectronics.X-CUBE-NFC10.1.0.0
2024-11-03 22:25:09,116 [WARN] PackLoader:240 - Cannot read IP mode file for emotas.I-CUBE-CANOPEN.1.3.0
2024-11-03 22:25:09,155 [WARN] PackLoader:240 - Cannot read IP mode file for STMicroelectronics.X-CUBE-BLEMGR.3.1.0
2024-11-03 22:25:09,185 [WARN] PackLoader:240 - Cannot read IP mode file for STMicroelectronics.FP-SNS-SMARTAG2.1.2.0
2024-11-03 22:25:09,223 [INFO] LogOutputStream:77 - [STDOUT_REDIRECT] 1 : Invalid condition id : UX_CORESTACK_Condition cause : null
2024-11-03 22:25:09,224 [INFO] LogOutputStream:77 - [STDOUT_REDIRECT] 1 : Invalid condition id : UX_CORESTACK_Condition cause : null
2024-11-03 22:25:09,226 [INFO] LogOutputStream:77 - [STDOUT_REDIRECT] 1 : Invalid condition id : UX_CORESTACK_Condition cause : null
2024-11-03 22:25:09,229 [INFO] LogOutputStream:77 - [STDOUT_REDIRECT] 1 : Invalid condition id : UX_CORESTACK_Condition cause : null
2024-11-03 22:25:09,231 [INFO] LogOutputStream:77 - [STDOUT_REDIRECT] 1 : Invalid condition id : UX_CORESTACK_Condition cause : null
2024-11-03 22:25:09,245 [WARN] PackLoader:240 - Cannot read IP mode file for STMicroelectronics.X-CUBE-AZRTOS-WL.2.0.0
2024-11-03 22:25:09,271 [WARN] PackLoader:240 - Cannot read IP mode file for STMicroelectronics.FP-SNS-MOTENV1.5.0.0
2024-11-03 22:25:09,296 [WARN] PackLoader:240 - Cannot read IP mode file for wolfSSL.I-CUBE-wolfMQTT.1.19.0
2024-11-03 22:25:09,325 [WARN] PackLoader:240 - Cannot read IP mode file for WES.I-CUBE-Cesium.1.3.0
2024-11-03 22:25:09,349 [WARN] PackLoader:240 - Cannot read IP mode file for STMicroelectronics.X-CUBE-BLE2.3.3.0
2024-11-03 22:25:09,372 [WARN] PackLoader:240 - Cannot read IP mode file for STMicroelectronics.X-CUBE-NFC9.1.0.0
2024-11-03 22:25:09,400 [WARN] PackLoader:240 - Cannot read IP mode file for STMicroelectronics.X-CUBE-TCPP.4.1.0
2024-11-03 22:25:09,480 [WARN] PackLoader:240 - Cannot read IP mode file for STMicroelectronics.X-CUBE-AZRTOS-G0.1.1.0
2024-11-03 22:25:09,516 [WARN] PackLoader:240 - Cannot read IP mode file for STMicroelectronics.X-CUBE-SAFEA1.1.2.2
2024-11-03 22:25:09,542 [WARN] PackLoader:240 - Cannot read IP mode file for STMicroelectronics.X-CUBE-NFC4.3.0.0
2024-11-03 22:25:09,575 [WARN] PackLoader:240 - Cannot read IP mode file for EmbeddedOffice.I-CUBE-FS-RTOS.1.0.1
2024-11-03 22:25:09,576 [ERROR] ConditionMgr:805 - Attr not supported : Dmpu
2024-11-03 22:25:09,576 [ERROR] ConditionMgr:805 - Attr not supported : Dmpu
2024-11-03 22:25:09,577 [ERROR] ConditionMgr:805 - Attr not supported : Dmpu
2024-11-03 22:25:09,577 [ERROR] ConditionMgr:805 - Attr not supported : Dmpu
2024-11-03 22:25:09,578 [ERROR] ConditionMgr:805 - Attr not supported : Dmpu
2024-11-03 22:25:09,580 [ERROR] ConditionMgr:805 - Attr not supported : Dmpu
2024-11-03 22:25:09,581 [ERROR] ConditionMgr:805 - Attr not supported : Dmpu
2024-11-03 22:25:09,586 [ERROR] ConditionMgr:805 - Attr not supported : Dmpu
2024-11-03 22:25:09,590 [ERROR] ConditionMgr:805 - Attr not supported : Dmpu
2024-11-03 22:25:09,601 [ERROR] ConditionMgr:805 - Attr not supported : Dmpu
2024-11-03 22:25:09,602 [ERROR] ConditionMgr:805 - Attr not supported : Dmpu
2024-11-03 22:25:09,602 [ERROR] ConditionMgr:805 - Attr not supported : Dmpu
2024-11-03 22:25:09,602 [ERROR] ConditionMgr:805 - Attr not supported : Dmpu
2024-11-03 22:25:09,602 [ERROR] ConditionMgr:805 - Attr not supported : Dmpu
2024-11-03 22:25:09,602 [ERROR] ConditionMgr:805 - Attr not supported : Dmpu
2024-11-03 22:25:09,603 [ERROR] ConditionMgr:805 - Attr not supported : Dmpu
2024-11-03 22:25:09,603 [ERROR] ConditionMgr:805 - Attr not supported : Dmpu
2024-11-03 22:25:09,603 [ERROR] ConditionMgr:805 - Attr not supported : Dmpu
2024-11-03 22:25:09,603 [ERROR] ConditionMgr:805 - Attr not supported : Dmpu
2024-11-03 22:25:09,603 [ERROR] ConditionMgr:805 - Attr not supported : Dmpu
2024-11-03 22:25:09,603 [ERROR] ConditionMgr:805 - Attr not supported : Dmpu
2024-11-03 22:25:09,604 [ERROR] ConditionMgr:805 - Attr not supported : Dmpu
2024-11-03 22:25:09,604 [ERROR] ConditionMgr:805 - Attr not supported : Dmpu
2024-11-03 22:25:09,604 [ERROR] ConditionMgr:805 - Attr not supported : Dmpu
2024-11-03 22:25:09,604 [ERROR] ConditionMgr:805 - Attr not supported : Dmpu
2024-11-03 22:25:09,604 [ERROR] ConditionMgr:805 - Attr not supported : Dmpu
2024-11-03 22:25:09,604 [ERROR] ConditionMgr:805 - Attr not supported : Dmpu
2024-11-03 22:25:09,605 [ERROR] ConditionMgr:805 - Attr not supported : Dmpu
2024-11-03 22:25:09,605 [ERROR] ConditionMgr:805 - Attr not supported : Dmpu
2024-11-03 22:25:09,605 [ERROR] ConditionMgr:805 - Attr not supported : Dmpu
2024-11-03 22:25:09,605 [ERROR] ConditionMgr:805 - Attr not supported : Dmpu
2024-11-03 22:25:09,605 [ERROR] ConditionMgr:805 - Attr not supported : Dmpu
2024-11-03 22:25:09,606 [ERROR] ConditionMgr:805 - Attr not supported : Dmpu
2024-11-03 22:25:09,606 [ERROR] ConditionMgr:805 - Attr not supported : Dmpu
2024-11-03 22:25:09,606 [ERROR] ConditionMgr:805 - Attr not supported : Dmpu
2024-11-03 22:25:09,606 [ERROR] ConditionMgr:805 - Attr not supported : Dmpu
2024-11-03 22:25:09,606 [ERROR] ConditionMgr:805 - Attr not supported : Dmpu
2024-11-03 22:25:09,606 [ERROR] ConditionMgr:805 - Attr not supported : Dmpu
2024-11-03 22:25:09,606 [ERROR] ConditionMgr:805 - Attr not supported : Dmpu
2024-11-03 22:25:09,606 [ERROR] ConditionMgr:805 - Attr not supported : Dmpu
2024-11-03 22:25:09,607 [ERROR] ConditionMgr:805 - Attr not supported : Dmpu
2024-11-03 22:25:09,607 [ERROR] ConditionMgr:805 - Attr not supported : Dmpu
2024-11-03 22:25:09,607 [ERROR] ConditionMgr:805 - Attr not supported : Dmpu
2024-11-03 22:25:09,607 [ERROR] ConditionMgr:805 - Attr not supported : Dmpu
2024-11-03 22:25:09,607 [ERROR] ConditionMgr:805 - Attr not supported : Dmpu
2024-11-03 22:25:09,607 [ERROR] ConditionMgr:805 - Attr not supported : Dmpu
2024-11-03 22:25:09,607 [ERROR] ConditionMgr:805 - Attr not supported : Dmpu
2024-11-03 22:25:09,607 [ERROR] ConditionMgr:805 - Attr not supported : Dmpu
2024-11-03 22:25:09,608 [ERROR] ConditionMgr:805 - Attr not supported : Dmpu
2024-11-03 22:25:09,608 [ERROR] ConditionMgr:805 - Attr not supported : Dmpu
2024-11-03 22:25:09,608 [ERROR] ConditionMgr:805 - Attr not supported : Dmpu
2024-11-03 22:25:09,608 [ERROR] ConditionMgr:805 - Attr not supported : Dmpu
2024-11-03 22:25:09,609 [ERROR] ConditionMgr:805 - Attr not supported : Dmpu
2024-11-03 22:25:09,609 [ERROR] ConditionMgr:805 - Attr not supported : Dmpu
2024-11-03 22:25:09,609 [ERROR] ConditionMgr:805 - Attr not supported : Dmpu
2024-11-03 22:25:09,609 [ERROR] ConditionMgr:805 - Attr not supported : Dmpu
2024-11-03 22:25:09,609 [ERROR] ConditionMgr:805 - Attr not supported : Dmpu
2024-11-03 22:25:09,609 [ERROR] ConditionMgr:805 - Attr not supported : Dmpu
2024-11-03 22:25:09,611 [ERROR] ConditionMgr:805 - Attr not supported : Dmpu
2024-11-03 22:25:09,611 [ERROR] ConditionMgr:805 - Attr not supported : Dmpu
2024-11-03 22:25:09,611 [ERROR] ConditionMgr:805 - Attr not supported : Dmpu
2024-11-03 22:25:09,611 [ERROR] ConditionMgr:805 - Attr not supported : Dmpu
2024-11-03 22:25:09,611 [ERROR] ConditionMgr:805 - Attr not supported : Dmpu
2024-11-03 22:25:09,611 [ERROR] ConditionMgr:805 - Attr not supported : Dmpu
2024-11-03 22:25:09,647 [WARN] PackLoader:240 - Cannot read IP mode file for RealThread.X-CUBE-RT-Thread_Nano.4.1.1
2024-11-03 22:25:09,669 [WARN] PackLoader:240 - Cannot read IP mode file for STMicroelectronics.FP-ATR-SIGFOX1.3.2.0
2024-11-03 22:25:09,692 [WARN] PackLoader:240 - Cannot read IP mode file for wolfSSL.I-CUBE-wolfSSL.5.7.2
2024-11-03 22:25:09,720 [WARN] PackLoader:240 - Cannot read IP mode file for STMicroelectronics.X-CUBE-EEPRMA1.5.1.0
2024-11-03 22:25:09,751 [WARN] PackLoader:240 - Cannot read IP mode file for ITTIA_DB.I-CUBE-ITTIADB.8.9.0
2024-11-03 22:25:09,865 [WARN] PackLoader:240 - Cannot read IP mode file for SEGGER.I-CUBE-embOS.1.3.1
2024-11-03 22:25:09,977 [WARN] PackLoader:240 - Cannot read IP mode file for STMicroelectronics.X-CUBE-ALGOBUILD.1.4.0
2024-11-03 22:25:10,002 [WARN] PackLoader:240 - Cannot read IP mode file for STMicroelectronics.X-CUBE-AI.9.1.0
2024-11-03 22:25:10,031 [WARN] PackLoader:240 - Cannot read IP mode file for STMicroelectronics.X-CUBE-GNSS1.6.0.0
2024-11-03 22:25:10,180 [WARN] PackLoader:240 - Cannot read IP mode file for STMicroelectronics.X-CUBE-AZRTOS-F4.1.1.0
2024-11-03 22:25:10,231 [WARN] PackLoader:240 - Cannot read IP mode file for STMicroelectronics.X-CUBE-ISPU.2.1.0
2024-11-03 22:25:10,277 [WARN] PackLoader:240 - Cannot read IP mode file for STMicroelectronics.X-CUBE-FREERTOS.1.2.0
2024-11-03 22:25:10,484 [WARN] PackLoader:240 - Cannot read IP mode file for STMicroelectronics.X-CUBE-AZRTOS-L5.2.0.0
2024-11-03 22:25:10,632 [WARN] PackLoader:240 - Cannot read IP mode file for STMicroelectronics.X-CUBE-NFC6.3.1.0
2024-11-03 22:25:10,738 [WARN] PackLoader:240 - Cannot read IP mode file for STMicroelectronics.X-CUBE-DPower.1.2.0
2024-11-03 22:25:10,781 [WARN] PackLoader:240 - Cannot read IP mode file for STMicroelectronics.X-CUBE-AI.9.0.0
2024-11-03 22:25:10,819 [WARN] PackLoader:240 - Cannot read IP mode file for STMicroelectronics.X-CUBE-NFC7.1.0.1
2024-11-03 22:25:10,853 [WARN] PackLoader:240 - Cannot read IP mode file for wolfSSL.I-CUBE-wolfTPM.3.2.0
2024-11-03 22:25:10,931 [WARN] ConditionMgr:438 - getConditionDescription Invalid condition id : LAN8742 Phy interface Condition cause : null
2024-11-03 22:25:10,933 [WARN] PackLoader:240 - Cannot read IP mode file for STMicroelectronics.X-CUBE-AZRTOS-L4.2.0.0
2024-11-03 22:25:10,936 [WARN] ConditionMgr:1039 - genDependencies : Invalid condition id : LAN8742 Phy interface Condition cause : null
2024-11-03 22:25:10,937 [WARN] ConditionMgr:1039 - genDependencies : Invalid condition id : LAN8742 Phy interface Condition cause : null
2024-11-03 22:25:10,938 [WARN] ConditionMgr:1039 - genDependencies : Invalid condition id : LAN8742 Phy interface Condition cause : null
2024-11-03 22:25:10,987 [WARN] PackLoader:240 - Cannot read IP mode file for STMicroelectronics.X-CUBE-SFXS2LP1.4.0.0
2024-11-03 22:25:11,072 [WARN] PackLoader:240 - Cannot read IP mode file for STMicroelectronics.X-CUBE-AZRTOS-H7.3.3.0
2024-11-03 22:25:11,133 [WARN] PackLoader:240 - Cannot read IP mode file for STMicroelectronics.X-CUBE-IPS.3.0.0
2024-11-03 22:25:11,209 [WARN] ConditionMgr:438 - getConditionDescription Invalid condition id : UX DEVICE CLASS RTOS Condition cause : null
2024-11-03 22:25:11,209 [WARN] ConditionMgr:438 - getConditionDescription Invalid condition id : UX DEVICE CLASS RTOS Condition cause : null
2024-11-03 22:25:11,217 [WARN] PackLoader:240 - Cannot read IP mode file for STMicroelectronics.X-CUBE-AZRTOS-WB.2.0.0
2024-11-03 22:25:11,218 [WARN] ConditionMgr:1039 - genDependencies : Invalid condition id : UX DEVICE CLASS RTOS Condition cause : null
2024-11-03 22:25:11,219 [WARN] ConditionMgr:1039 - genDependencies : Invalid condition id : UX DEVICE CLASS RTOS Condition cause : null
2024-11-03 22:25:11,219 [WARN] ConditionMgr:1039 - genDependencies : Invalid condition id : UX DEVICE CLASS RTOS Condition cause : null
2024-11-03 22:25:11,221 [WARN] ConditionMgr:1039 - genDependencies : Invalid condition id : UX DEVICE CLASS RTOS Condition cause : null
2024-11-03 22:25:11,222 [WARN] ConditionMgr:1039 - genDependencies : Invalid condition id : UX DEVICE CLASS RTOS Condition cause : null
2024-11-03 22:25:11,253 [WARN] PackLoader:240 - Cannot read IP mode file for STMicroelectronics.X-CUBE-GNSS1.7.0.0
2024-11-03 22:25:11,288 [WARN] PackLoader:240 - Cannot read IP mode file for STMicroelectronics.FP-SNS-STBOX1.2.0.0
2024-11-03 22:25:11,327 [WARN] PackLoader:240 - Cannot read IP mode file for STMicroelectronics.X-CUBE-SUBG2.5.0.0
2024-11-03 22:25:11,353 [WARN] PackLoader:240 - Cannot read IP mode file for Cesanta.I-CUBE-Mongoose.7.13.0
2024-11-03 22:25:11,392 [WARN] PackLoader:240 - Cannot read IP mode file for STMicroelectronics.X-CUBE-AZRTOS-G4.2.0.0
2024-11-03 22:25:11,414 [WARN] PackLoader:240 - Cannot read IP mode file for STMicroelectronics.X-CUBE-ISPU.2.0.0
2024-11-03 22:25:11,432 [WARN] PackLoader:240 - Cannot read IP mode file for STMicroelectronics.X-CUBE-ALS.1.0.2
2024-11-03 22:25:11,526 [WARN] PackLoader:240 - Cannot read IP mode file for STMicroelectronics.X-CUBE-MEMS1.10.0.0
2024-11-03 22:25:11,695 [WARN] PackLoader:240 - Cannot read IP mode file for STMicroelectronics.X-CUBE-TOUCHGFX.4.24.0
2024-11-03 22:25:11,708 [WARN] PackLoader:240 - Cannot read IP mode file for STMicroelectronics.X-CUBE-TOUCHGFX.4.24.1
2024-11-03 22:25:11,723 [WARN] PackLoader:240 - Cannot read IP mode file for portGmbH.I-Cube-SoM-uGOAL.1.1.0
2024-11-03 22:25:11,755 [WARN] PackLoader:240 - Cannot read IP mode file for STMicroelectronics.X-CUBE-AZRTOS-H7RS.1.0.0
2024-11-03 22:25:11,774 [WARN] PackLoader:240 - Cannot read IP mode file for STMicroelectronics.FP-ATR-ASTRA1.2.0.0
2024-11-03 22:25:11,798 [WARN] PackLoader:240 - Cannot read IP mode file for STMicroelectronics.X-CUBE-TOF1.3.4.2
2024-11-03 22:25:11,850 [WARN] PackLoader:240 - Cannot read IP mode file for STMicroelectronics.X-CUBE-AZRTOS-H7.3.2.0
2024-11-03 22:25:11,901 [WARN] PackLoader:240 - Cannot read IP mode file for Infineon.AIROC-Wi-Fi-Bluetooth-STM32.1.6.0
2024-11-03 22:25:11,920 [WARN] PackLoader:240 - Cannot read IP mode file for wolfSSL.I-CUBE-wolfSSH.1.4.17
2024-11-03 22:25:11,921 [INFO] ThirdParty:978 - Integrity check success = true
2024-11-03 22:25:11,921 [INFO] IntegrityCheckThread:100 - exiting critical section [integrity check]
2024-11-03 22:25:11,922 [INFO] IntegrityCheckThread:103 - End integrity checks thread
2024-11-03 22:25:18,100 [INFO] WebApp:167 - Instantiating new browser for Auth
2024-11-03 22:25:19,844 [INFO] WebApp:448 - Apply proxy settings
2024-11-03 22:25:19,845 [INFO] WebApp:533 - Chromium requires no authentication
2024-11-03 22:25:19,909 [INFO] WebApp:476 - Direct internet connection detected
2024-11-03 22:25:19,976 [INFO] WebApp:869 - Register for checkConnection events
2024-11-03 22:25:19,976 [INFO] WebApp:448 - Apply proxy settings
2024-11-03 22:25:19,976 [INFO] WebApp:533 - Chromium requires no authentication
2024-11-03 22:25:19,977 [INFO] WebApp:476 - Direct internet connection detected
2024-11-03 22:25:20,363 [INFO] WebApp:220 - Starting web application
2024-11-03 22:25:20,364 [INFO] WebApp:578 - Web application path used D:\ST\STM32CubeIDE_1.16.0\STM32CubeIDE\plugins\com.st.stm32cube.common.mx_6.12.0.202406281431\db\plugins\mcufinder\reactClient1\index.html
2024-11-03 22:25:20,386 [INFO] WebApp:186 - Connection restablished
